c ======================================================
c countAntom, Jan Burchard, University of Freiburg, 2015
c   based on the antom SAT-solver, by Tobias Schubert   
c ======================================================
c cnf file...............: ../../501_Git_Repos/busybox-data/data//busybox//2007/2007-12-23_02-36-51/clean.dimacs
c #variables.............: 630
c #clauses...............: 517
c ======================= Settings ============================
c number of threads......: 4
c memory size............: 4000
c vsads factor...........: 0.5000
c enable IBCP............: no
c split into components..: yes
c only preprocessing.....: no
c Tseitin detection......: yes
c UPLA...................: yes
c self-subsumption.......: yes
c variable elimination...: yes
c simplfication rounds...: 4
c add dependencies.......: yes
c ==================Start Preprocessing========================
c deduce added 				6 new implications
c UPLA removed 7 equivalent variables
c Tseitin detection found 3 AND gates, 2 OR gates, 0 XOR gates, 0 EQUIV gates, 
c subsumption removed 			27 clauses 
c selfSubsumption removed 		2 literals
c
c simplify: round 0
c deduce added 				0 new implications
c variableElimination eliminated 	71 variables!
c selfSubsumption removed 		2 literals
c deduce added				0 new implications
c subsumption removed 			5 clauses 
c
c simplify: round 1
c deduce added 				0 new implications
c variableElimination eliminated 	0 variables!
c selfSubsumption removed 		0 literals
c deduce added				0 new implications
c subsumption removed 			0 clauses 
c
c simplify: round 2
c deduce added 				0 new implications
c variableElimination eliminated 	0 variables!
c selfSubsumption removed 		0 literals
c deduce added				0 new implications
c subsumption removed 			0 clauses 
c
c simplify: round 3
c deduce added 				0 new implications
c variableElimination eliminated 	0 variables!
c selfSubsumption removed 		0 literals
c deduce added				0 new implications
c subsumption removed 			0 clauses 
c subsumption removed 			2 clauses 
c ================Preprocessing Finished=======================
c clauses: 512, variables: 464


c =================Computation Finished========================
c =======================Thread 0==============================
c decisions         : 58
c bcps              : 417
c conflicts         : 0
c aborted components: 0
c blocks            : 7
c backtracks        : 116
c backtrack dist    : 2.1724
c recomputations    : 0
c splits            : 33
c split ratio       : 3.8182
c =======================Thread 1==============================
c decisions         : 52
c bcps              : 382
c conflicts         : 0
c aborted components: 0
c blocks            : 1
c backtracks        : 104
c backtrack dist    : 1.9615
c recomputations    : 0
c splits            : 48
c split ratio       : 5.4167
c =======================Thread 2==============================
c decisions         : 56
c bcps              : 393
c conflicts         : 0
c aborted components: 0
c blocks            : 3
c backtracks        : 112
c backtrack dist    : 2.0357
c recomputations    : 0
c splits            : 63
c split ratio       : 2.5079
c =======================Thread 3==============================
c decisions         : 76
c bcps              : 494
c conflicts         : 0
c aborted components: 0
c blocks            : 2
c backtracks        : 152
c backtrack dist    : 1.9803
c recomputations    : 0
c splits            : 39
c split ratio       : 5.5641
c ===================Cache Statistics==========================
c tries..................: 461
c hits...................: 219
c hit rate...............: 47.5054 % 
c removed items..........: 0
c ===================Overall Statistics========================
c TOTAL backtracks.......: 484
c TOTAL backtrack dist...: 2.0351
c TOTAL recomputations...: 0
c #decisions.............: 242
c #bcp operations........: 1686
c split ratio............: 0.0000
c cpu time...............: 0.0130 s
c wall clock time........: 0.0100 s
c =========================================================
c model count............: 126597954899469087284141874541191582817137502152595731240781976854179547279716045890812674804227763873204208516761524642041968726943098470400000000000000000
s SATISFIABLE
