c ======================================================
c countAntom, Jan Burchard, University of Freiburg, 2015
c   based on the antom SAT-solver, by Tobias Schubert   
c ======================================================
c cnf file...............: ../../501_Git_Repos/busybox-data/data//busybox//2007/2007-06-14_21-41-15/clean.dimacs
c #variables.............: 585
c #clauses...............: 475
c ======================= Settings ============================
c number of threads......: 4
c memory size............: 4000
c vsads factor...........: 0.5000
c enable IBCP............: no
c split into components..: yes
c only preprocessing.....: no
c Tseitin detection......: yes
c UPLA...................: yes
c self-subsumption.......: yes
c variable elimination...: yes
c simplfication rounds...: 4
c add dependencies.......: yes
c ==================Start Preprocessing========================
c deduce added 				5 new implications
c UPLA removed 6 equivalent variables
c Tseitin detection found 3 AND gates, 1 OR gates, 0 XOR gates, 0 EQUIV gates, 
c subsumption removed 			26 clauses 
c selfSubsumption removed 		3 literals
c
c simplify: round 0
c deduce added 				0 new implications
c variableElimination eliminated 	64 variables!
c selfSubsumption removed 		0 literals
c deduce added				0 new implications
c subsumption removed 			6 clauses 
c
c simplify: round 1
c deduce added 				0 new implications
c variableElimination eliminated 	1 variables!
c selfSubsumption removed 		2 literals
c deduce added				0 new implications
c subsumption removed 			0 clauses 
c
c simplify: round 2
c deduce added 				0 new implications
c variableElimination eliminated 	0 variables!
c selfSubsumption removed 		0 literals
c deduce added				0 new implications
c subsumption removed 			0 clauses 
c
c simplify: round 3
c deduce added 				0 new implications
c variableElimination eliminated 	0 variables!
c selfSubsumption removed 		0 literals
c deduce added				0 new implications
c subsumption removed 			0 clauses 
c subsumption removed 			1 clauses 
c ================Preprocessing Finished=======================
c clauses: 479, variables: 433


c =================Computation Finished========================
c =======================Thread 0==============================
c decisions         : 60
c bcps              : 396
c conflicts         : 0
c aborted components: 0
c blocks            : 1
c backtracks        : 120
c backtrack dist    : 1.9750
c recomputations    : 0
c splits            : 32
c split ratio       : 7.6562
c =======================Thread 1==============================
c decisions         : 50
c bcps              : 318
c conflicts         : 0
c aborted components: 0
c blocks            : 3
c backtracks        : 100
c backtrack dist    : 1.9600
c recomputations    : 0
c splits            : 23
c split ratio       : 5.7391
c =======================Thread 2==============================
c decisions         : 54
c bcps              : 350
c conflicts         : 0
c aborted components: 0
c blocks            : 3
c backtracks        : 108
c backtrack dist    : 1.9907
c recomputations    : 0
c splits            : 49
c split ratio       : 2.4082
c =======================Thread 3==============================
c decisions         : 56
c bcps              : 369
c conflicts         : 0
c aborted components: 0
c blocks            : 3
c backtracks        : 112
c backtrack dist    : 1.9821
c recomputations    : 0
c splits            : 43
c split ratio       : 3.0000
c ===================Cache Statistics==========================
c tries..................: 332
c hits...................: 112
c hit rate...............: 33.7349 % 
c removed items..........: 0
c ===================Overall Statistics========================
c TOTAL backtracks.......: 440
c TOTAL backtrack dist...: 1.9773
c TOTAL recomputations...: 0
c #decisions.............: 220
c #bcp operations........: 1433
c split ratio............: 0.0000
c cpu time...............: 0.0113 s
c wall clock time........: 0.0090 s
c =========================================================
c model count............: 3434776259666105809184850584852150754267824158782031974828728521295370042530235723797106745594774074583275745439798660296284580085760000000000000
s SATISFIABLE
