c ======================================================
c countAntom, Jan Burchard, University of Freiburg, 2015
c   based on the antom SAT-solver, by Tobias Schubert   
c ======================================================
c cnf file...............: ../../501_Git_Repos/busybox-data/data//busybox//2007/2007-06-08_16-18-15/clean.dimacs
c #variables.............: 579
c #clauses...............: 468
c ======================= Settings ============================
c number of threads......: 4
c memory size............: 4000
c vsads factor...........: 0.5000
c enable IBCP............: no
c split into components..: yes
c only preprocessing.....: no
c Tseitin detection......: yes
c UPLA...................: yes
c self-subsumption.......: yes
c variable elimination...: yes
c simplfication rounds...: 4
c add dependencies.......: yes
c ==================Start Preprocessing========================
c deduce added 				5 new implications
c UPLA removed 4 equivalent variables
c Tseitin detection found 3 AND gates, 1 OR gates, 0 XOR gates, 0 EQUIV gates, 
c subsumption removed 			25 clauses 
c selfSubsumption removed 		3 literals
c
c simplify: round 0
c deduce added 				0 new implications
c variableElimination eliminated 	63 variables!
c selfSubsumption removed 		0 literals
c deduce added				0 new implications
c subsumption removed 			6 clauses 
c
c simplify: round 1
c deduce added 				0 new implications
c variableElimination eliminated 	1 variables!
c selfSubsumption removed 		2 literals
c deduce added				0 new implications
c subsumption removed 			0 clauses 
c
c simplify: round 2
c deduce added 				0 new implications
c variableElimination eliminated 	0 variables!
c selfSubsumption removed 		0 literals
c deduce added				0 new implications
c subsumption removed 			0 clauses 
c
c simplify: round 3
c deduce added 				0 new implications
c variableElimination eliminated 	0 variables!
c selfSubsumption removed 		0 literals
c deduce added				0 new implications
c subsumption removed 			0 clauses 
c subsumption removed 			2 clauses 
c ================Preprocessing Finished=======================
c clauses: 472, variables: 430


c =================Computation Finished========================
c =======================Thread 0==============================
c decisions         : 84
c bcps              : 552
c conflicts         : 0
c aborted components: 0
c blocks            : 1
c backtracks        : 168
c backtrack dist    : 1.9583
c recomputations    : 0
c splits            : 46
c split ratio       : 7.0217
c =======================Thread 1==============================
c decisions         : 42
c bcps              : 297
c conflicts         : 0
c aborted components: 0
c blocks            : 5
c backtracks        : 84
c backtrack dist    : 2.1310
c recomputations    : 0
c splits            : 22
c split ratio       : 4.1364
c =======================Thread 2==============================
c decisions         : 50
c bcps              : 314
c conflicts         : 0
c aborted components: 0
c blocks            : 4
c backtracks        : 100
c backtrack dist    : 2.0200
c recomputations    : 0
c splits            : 45
c split ratio       : 2.4444
c =======================Thread 3==============================
c decisions         : 54
c bcps              : 346
c conflicts         : 0
c aborted components: 0
c blocks            : 3
c backtracks        : 108
c backtrack dist    : 2.0370
c recomputations    : 0
c splits            : 46
c split ratio       : 2.6522
c ===================Cache Statistics==========================
c tries..................: 346
c hits...................: 116
c hit rate...............: 33.5260 % 
c removed items..........: 0
c ===================Overall Statistics========================
c TOTAL backtracks.......: 460
c TOTAL backtrack dist...: 2.0217
c TOTAL recomputations...: 0
c #decisions.............: 230
c #bcp operations........: 1509
c split ratio............: 0.0000
c cpu time...............: 0.0112 s
c wall clock time........: 0.0089 s
c =========================================================
c model count............: 452605299499995549504912498673094984584058892766635752709671647082767090345972733948183605396392785611660237575162764252511259852800000000000000
s SATISFIABLE
