c ======================================================
c countAntom, Jan Burchard, University of Freiburg, 2015
c   based on the antom SAT-solver, by Tobias Schubert   
c ======================================================
c cnf file...............: ../../501_Git_Repos/busybox-data/data//busybox//2007/2007-12-11_13-15-11/clean.dimacs
c #variables.............: 629
c #clauses...............: 516
c ======================= Settings ============================
c number of threads......: 4
c memory size............: 4000
c vsads factor...........: 0.5000
c enable IBCP............: no
c split into components..: yes
c only preprocessing.....: no
c Tseitin detection......: yes
c UPLA...................: yes
c self-subsumption.......: yes
c variable elimination...: yes
c simplfication rounds...: 4
c add dependencies.......: yes
c ==================Start Preprocessing========================
c deduce added 				6 new implications
c UPLA removed 7 equivalent variables
c Tseitin detection found 3 AND gates, 2 OR gates, 0 XOR gates, 0 EQUIV gates, 
c subsumption removed 			27 clauses 
c selfSubsumption removed 		2 literals
c
c simplify: round 0
c deduce added 				0 new implications
c variableElimination eliminated 	71 variables!
c selfSubsumption removed 		2 literals
c deduce added				0 new implications
c subsumption removed 			5 clauses 
c
c simplify: round 1
c deduce added 				0 new implications
c variableElimination eliminated 	0 variables!
c selfSubsumption removed 		0 literals
c deduce added				0 new implications
c subsumption removed 			0 clauses 
c
c simplify: round 2
c deduce added 				0 new implications
c variableElimination eliminated 	0 variables!
c selfSubsumption removed 		0 literals
c deduce added				0 new implications
c subsumption removed 			0 clauses 
c
c simplify: round 3
c deduce added 				0 new implications
c variableElimination eliminated 	0 variables!
c selfSubsumption removed 		0 literals
c deduce added				0 new implications
c subsumption removed 			0 clauses 
c subsumption removed 			2 clauses 
c ================Preprocessing Finished=======================
c clauses: 511, variables: 463


c =================Computation Finished========================
c =======================Thread 0==============================
c decisions         : 50
c bcps              : 378
c conflicts         : 0
c aborted components: 0
c blocks            : 1
c backtracks        : 100
c backtrack dist    : 1.9600
c recomputations    : 0
c splits            : 28
c split ratio       : 9.7857
c =======================Thread 1==============================
c decisions         : 65
c bcps              : 444
c conflicts         : 0
c aborted components: 0
c blocks            : 2
c backtracks        : 130
c backtrack dist    : 1.9923
c recomputations    : 0
c splits            : 68
c split ratio       : 2.5588
c =======================Thread 2==============================
c decisions         : 63
c bcps              : 400
c conflicts         : 0
c aborted components: 0
c blocks            : 2
c backtracks        : 126
c backtrack dist    : 2.0873
c recomputations    : 0
c splits            : 32
c split ratio       : 4.2812
c =======================Thread 3==============================
c decisions         : 51
c bcps              : 334
c conflicts         : 0
c aborted components: 0
c blocks            : 3
c backtracks        : 102
c backtrack dist    : 2.0588
c recomputations    : 0
c splits            : 31
c split ratio       : 3.6129
c ===================Cache Statistics==========================
c tries..................: 399
c hits...................: 170
c hit rate...............: 42.6065 % 
c removed items..........: 0
c ===================Overall Statistics========================
c TOTAL backtracks.......: 458
c TOTAL backtrack dist...: 2.0262
c TOTAL recomputations...: 0
c #decisions.............: 229
c #bcp operations........: 1556
c split ratio............: 0.0000
c cpu time...............: 0.0122 s
c wall clock time........: 0.0096 s
c =========================================================
c model count............: 63324723393543920744341363910663551837840925789987078125727517748015133508742696346099986770617141467203504284516929555349879256647938867200000000000000000
s SATISFIABLE
