c ======================================================
c countAntom, Jan Burchard, University of Freiburg, 2015
c   based on the antom SAT-solver, by Tobias Schubert   
c ======================================================
c cnf file...............: ../../501_Git_Repos/busybox-data/data//busybox//2007/2007-08-03_14-17-21/clean.dimacs
c #variables.............: 602
c #clauses...............: 486
c ======================= Settings ============================
c number of threads......: 4
c memory size............: 4000
c vsads factor...........: 0.5000
c enable IBCP............: no
c split into components..: yes
c only preprocessing.....: no
c Tseitin detection......: yes
c UPLA...................: yes
c self-subsumption.......: yes
c variable elimination...: yes
c simplfication rounds...: 4
c add dependencies.......: yes
c ==================Start Preprocessing========================
c deduce added 				6 new implications
c UPLA removed 6 equivalent variables
c Tseitin detection found 3 AND gates, 1 OR gates, 0 XOR gates, 0 EQUIV gates, 
c subsumption removed 			24 clauses 
c selfSubsumption removed 		3 literals
c
c simplify: round 0
c deduce added 				0 new implications
c variableElimination eliminated 	65 variables!
c selfSubsumption removed 		0 literals
c deduce added				0 new implications
c subsumption removed 			7 clauses 
c
c simplify: round 1
c deduce added 				0 new implications
c variableElimination eliminated 	1 variables!
c selfSubsumption removed 		2 literals
c deduce added				0 new implications
c subsumption removed 			0 clauses 
c
c simplify: round 2
c deduce added 				0 new implications
c variableElimination eliminated 	0 variables!
c selfSubsumption removed 		0 literals
c deduce added				0 new implications
c subsumption removed 			0 clauses 
c
c simplify: round 3
c deduce added 				0 new implications
c variableElimination eliminated 	0 variables!
c selfSubsumption removed 		0 literals
c deduce added				0 new implications
c subsumption removed 			0 clauses 
c subsumption removed 			3 clauses 
c ================Preprocessing Finished=======================
c clauses: 489, variables: 441


c =================Computation Finished========================
c =======================Thread 0==============================
c decisions         : 52
c bcps              : 368
c conflicts         : 0
c aborted components: 0
c blocks            : 1
c backtracks        : 104
c backtrack dist    : 1.9615
c recomputations    : 0
c splits            : 37
c split ratio       : 6.3784
c =======================Thread 1==============================
c decisions         : 73
c bcps              : 470
c conflicts         : 0
c aborted components: 0
c blocks            : 2
c backtracks        : 146
c backtrack dist    : 1.9521
c recomputations    : 0
c splits            : 59
c split ratio       : 2.7797
c =======================Thread 2==============================
c decisions         : 48
c bcps              : 312
c conflicts         : 0
c aborted components: 0
c blocks            : 3
c backtracks        : 96
c backtrack dist    : 1.9792
c recomputations    : 0
c splits            : 37
c split ratio       : 2.7838
c =======================Thread 3==============================
c decisions         : 59
c bcps              : 390
c conflicts         : 0
c aborted components: 0
c blocks            : 4
c backtracks        : 118
c backtrack dist    : 1.9915
c recomputations    : 0
c splits            : 31
c split ratio       : 5.6774
c ===================Cache Statistics==========================
c tries..................: 380
c hits...................: 148
c hit rate...............: 38.9474 % 
c removed items..........: 0
c ===================Overall Statistics========================
c TOTAL backtracks.......: 464
c TOTAL backtrack dist...: 1.9698
c TOTAL recomputations...: 0
c #decisions.............: 232
c #bcp operations........: 1540
c split ratio............: 0.0000
c cpu time...............: 0.0123 s
c wall clock time........: 0.0098 s
c =========================================================
c model count............: 158050810999215496280978187278000266632765209703642177796994097784700715413446192314894922435920189075448753865767268812076125290863001600000000000000
s SATISFIABLE
