c ======================================================
c countAntom, Jan Burchard, University of Freiburg, 2015
c   based on the antom SAT-solver, by Tobias Schubert   
c ======================================================
c cnf file...............: ../../501_Git_Repos/busybox-data/data//busybox//2007/2007-06-17_23-40-26/clean.dimacs
c #variables.............: 589
c #clauses...............: 477
c ======================= Settings ============================
c number of threads......: 4
c memory size............: 4000
c vsads factor...........: 0.5000
c enable IBCP............: no
c split into components..: yes
c only preprocessing.....: no
c Tseitin detection......: yes
c UPLA...................: yes
c self-subsumption.......: yes
c variable elimination...: yes
c simplfication rounds...: 4
c add dependencies.......: yes
c ==================Start Preprocessing========================
c deduce added 				5 new implications
c UPLA removed 6 equivalent variables
c Tseitin detection found 3 AND gates, 1 OR gates, 0 XOR gates, 0 EQUIV gates, 
c subsumption removed 			25 clauses 
c selfSubsumption removed 		3 literals
c
c simplify: round 0
c deduce added 				0 new implications
c variableElimination eliminated 	64 variables!
c selfSubsumption removed 		0 literals
c deduce added				0 new implications
c subsumption removed 			6 clauses 
c
c simplify: round 1
c deduce added 				0 new implications
c variableElimination eliminated 	1 variables!
c selfSubsumption removed 		2 literals
c deduce added				0 new implications
c subsumption removed 			0 clauses 
c
c simplify: round 2
c deduce added 				0 new implications
c variableElimination eliminated 	0 variables!
c selfSubsumption removed 		0 literals
c deduce added				0 new implications
c subsumption removed 			0 clauses 
c
c simplify: round 3
c deduce added 				0 new implications
c variableElimination eliminated 	0 variables!
c selfSubsumption removed 		0 literals
c deduce added				0 new implications
c subsumption removed 			0 clauses 
c subsumption removed 			2 clauses 
c ================Preprocessing Finished=======================
c clauses: 481, variables: 435


c =================Computation Finished========================
c =======================Thread 0==============================
c decisions         : 81
c bcps              : 538
c conflicts         : 0
c aborted components: 0
c blocks            : 1
c backtracks        : 162
c backtrack dist    : 1.9753
c recomputations    : 0
c splits            : 42
c split ratio       : 7.6667
c =======================Thread 1==============================
c decisions         : 46
c bcps              : 307
c conflicts         : 0
c aborted components: 0
c blocks            : 6
c backtracks        : 92
c backtrack dist    : 2.0326
c recomputations    : 0
c splits            : 45
c split ratio       : 2.2444
c =======================Thread 2==============================
c decisions         : 56
c bcps              : 347
c conflicts         : 0
c aborted components: 0
c blocks            : 3
c backtracks        : 112
c backtrack dist    : 1.9732
c recomputations    : 0
c splits            : 42
c split ratio       : 3.0238
c =======================Thread 3==============================
c decisions         : 45
c bcps              : 314
c conflicts         : 0
c aborted components: 0
c blocks            : 5
c backtracks        : 90
c backtrack dist    : 2.1000
c recomputations    : 0
c splits            : 31
c split ratio       : 3.1935
c ===================Cache Statistics==========================
c tries..................: 354
c hits...................: 126
c hit rate...............: 35.5932 % 
c removed items..........: 0
c ===================Overall Statistics========================
c TOTAL backtracks.......: 456
c TOTAL backtrack dist...: 2.0110
c TOTAL recomputations...: 0
c #decisions.............: 228
c #bcp operations........: 1506
c split ratio............: 0.0000
c cpu time...............: 0.0115 s
c wall clock time........: 0.0089 s
c =========================================================
c model count............: 54956210513618289901981488131205213884025812789107919821788045454437624903380432655126266839429221648993673622539297383391156481556480000000000000
s SATISFIABLE
