c ======================================================
c countAntom, Jan Burchard, University of Freiburg, 2015
c   based on the antom SAT-solver, by Tobias Schubert   
c ======================================================
c cnf file...............: ../../501_Git_Repos/busybox-data/data//busybox//2007/2007-06-18_10-35-06/clean.dimacs
c #variables.............: 589
c #clauses...............: 477
c ======================= Settings ============================
c number of threads......: 4
c memory size............: 4000
c vsads factor...........: 0.5000
c enable IBCP............: no
c split into components..: yes
c only preprocessing.....: no
c Tseitin detection......: yes
c UPLA...................: yes
c self-subsumption.......: yes
c variable elimination...: yes
c simplfication rounds...: 4
c add dependencies.......: yes
c ==================Start Preprocessing========================
c deduce added 				5 new implications
c UPLA removed 6 equivalent variables
c Tseitin detection found 3 AND gates, 1 OR gates, 0 XOR gates, 0 EQUIV gates, 
c subsumption removed 			25 clauses 
c selfSubsumption removed 		3 literals
c
c simplify: round 0
c deduce added 				0 new implications
c variableElimination eliminated 	64 variables!
c selfSubsumption removed 		0 literals
c deduce added				0 new implications
c subsumption removed 			6 clauses 
c
c simplify: round 1
c deduce added 				0 new implications
c variableElimination eliminated 	1 variables!
c selfSubsumption removed 		2 literals
c deduce added				0 new implications
c subsumption removed 			0 clauses 
c
c simplify: round 2
c deduce added 				0 new implications
c variableElimination eliminated 	0 variables!
c selfSubsumption removed 		0 literals
c deduce added				0 new implications
c subsumption removed 			0 clauses 
c
c simplify: round 3
c deduce added 				0 new implications
c variableElimination eliminated 	0 variables!
c selfSubsumption removed 		0 literals
c deduce added				0 new implications
c subsumption removed 			0 clauses 
c subsumption removed 			2 clauses 
c ================Preprocessing Finished=======================
c clauses: 481, variables: 435


c =================Computation Finished========================
c =======================Thread 0==============================
c decisions         : 61
c bcps              : 406
c conflicts         : 0
c aborted components: 0
c blocks            : 7
c backtracks        : 122
c backtrack dist    : 2.2377
c recomputations    : 0
c splits            : 32
c split ratio       : 4.1250
c =======================Thread 1==============================
c decisions         : 58
c bcps              : 362
c conflicts         : 0
c aborted components: 0
c blocks            : 4
c backtracks        : 116
c backtrack dist    : 2.0431
c recomputations    : 0
c splits            : 50
c split ratio       : 2.6600
c =======================Thread 2==============================
c decisions         : 51
c bcps              : 362
c conflicts         : 0
c aborted components: 0
c blocks            : 1
c backtracks        : 102
c backtrack dist    : 1.9608
c recomputations    : 0
c splits            : 23
c split ratio       : 10.8261
c =======================Thread 3==============================
c decisions         : 52
c bcps              : 333
c conflicts         : 0
c aborted components: 0
c blocks            : 7
c backtracks        : 104
c backtrack dist    : 2.0000
c recomputations    : 0
c splits            : 43
c split ratio       : 2.6047
c ===================Cache Statistics==========================
c tries..................: 331
c hits...................: 109
c hit rate...............: 32.9305 % 
c removed items..........: 0
c ===================Overall Statistics========================
c TOTAL backtracks.......: 444
c TOTAL backtrack dist...: 2.0676
c TOTAL recomputations...: 0
c #decisions.............: 222
c #bcp operations........: 1463
c split ratio............: 0.0000
c cpu time...............: 0.0121 s
c wall clock time........: 0.0095 s
c =========================================================
c model count............: 54956210513618289901981488131205213884025812789107919821788045454437624903380432655126266839429221648993673622539297383391156481556480000000000000
s SATISFIABLE
