c ======================================================
c countAntom, Jan Burchard, University of Freiburg, 2015
c   based on the antom SAT-solver, by Tobias Schubert   
c ======================================================
c cnf file...............: ../../501_Git_Repos/busybox-data/data//busybox//2007/2007-12-04_21-44-52/clean.dimacs
c #variables.............: 629
c #clauses...............: 516
c ======================= Settings ============================
c number of threads......: 4
c memory size............: 4000
c vsads factor...........: 0.5000
c enable IBCP............: no
c split into components..: yes
c only preprocessing.....: no
c Tseitin detection......: yes
c UPLA...................: yes
c self-subsumption.......: yes
c variable elimination...: yes
c simplfication rounds...: 4
c add dependencies.......: yes
c ==================Start Preprocessing========================
c deduce added 				6 new implications
c UPLA removed 7 equivalent variables
c Tseitin detection found 3 AND gates, 2 OR gates, 0 XOR gates, 0 EQUIV gates, 
c subsumption removed 			27 clauses 
c selfSubsumption removed 		2 literals
c
c simplify: round 0
c deduce added 				0 new implications
c variableElimination eliminated 	71 variables!
c selfSubsumption removed 		2 literals
c deduce added				0 new implications
c subsumption removed 			5 clauses 
c
c simplify: round 1
c deduce added 				0 new implications
c variableElimination eliminated 	0 variables!
c selfSubsumption removed 		0 literals
c deduce added				0 new implications
c subsumption removed 			0 clauses 
c
c simplify: round 2
c deduce added 				0 new implications
c variableElimination eliminated 	0 variables!
c selfSubsumption removed 		0 literals
c deduce added				0 new implications
c subsumption removed 			0 clauses 
c
c simplify: round 3
c deduce added 				0 new implications
c variableElimination eliminated 	0 variables!
c selfSubsumption removed 		0 literals
c deduce added				0 new implications
c subsumption removed 			0 clauses 
c subsumption removed 			2 clauses 
c ================Preprocessing Finished=======================
c clauses: 511, variables: 463


c =================Computation Finished========================
c =======================Thread 0==============================
c decisions         : 51
c bcps              : 397
c conflicts         : 0
c aborted components: 0
c blocks            : 1
c backtracks        : 102
c backtrack dist    : 1.9608
c recomputations    : 0
c splits            : 29
c split ratio       : 9.5862
c =======================Thread 1==============================
c decisions         : 55
c bcps              : 372
c conflicts         : 0
c aborted components: 0
c blocks            : 7
c backtracks        : 110
c backtrack dist    : 2.0636
c recomputations    : 0
c splits            : 46
c split ratio       : 2.6087
c =======================Thread 2==============================
c decisions         : 54
c bcps              : 345
c conflicts         : 0
c aborted components: 0
c blocks            : 4
c backtracks        : 108
c backtrack dist    : 1.9907
c recomputations    : 0
c splits            : 48
c split ratio       : 2.6458
c =======================Thread 3==============================
c decisions         : 68
c bcps              : 432
c conflicts         : 0
c aborted components: 0
c blocks            : 2
c backtracks        : 136
c backtrack dist    : 2.0221
c recomputations    : 0
c splits            : 35
c split ratio       : 4.8571
c ===================Cache Statistics==========================
c tries..................: 398
c hits...................: 170
c hit rate...............: 42.7136 % 
c removed items..........: 0
c ===================Overall Statistics========================
c TOTAL backtracks.......: 456
c TOTAL backtrack dist...: 2.0110
c TOTAL recomputations...: 0
c #decisions.............: 228
c #bcp operations........: 1546
c split ratio............: 0.0000
c cpu time...............: 0.0128 s
c wall clock time........: 0.0100 s
c =========================================================
c model count............: 63324723393543920744341363910663551837840925789987078125727517748015133508742696346099986770617141467203504284516929555349879256647938867200000000000000000
s SATISFIABLE
