c ======================================================
c countAntom, Jan Burchard, University of Freiburg, 2015
c   based on the antom SAT-solver, by Tobias Schubert   
c ======================================================
c cnf file...............: ../../501_Git_Repos/busybox-data/data//busybox//2007/2007-12-21_22-18-16/clean.dimacs
c #variables.............: 629
c #clauses...............: 516
c ======================= Settings ============================
c number of threads......: 4
c memory size............: 4000
c vsads factor...........: 0.5000
c enable IBCP............: no
c split into components..: yes
c only preprocessing.....: no
c Tseitin detection......: yes
c UPLA...................: yes
c self-subsumption.......: yes
c variable elimination...: yes
c simplfication rounds...: 4
c add dependencies.......: yes
c ==================Start Preprocessing========================
c deduce added 				6 new implications
c UPLA removed 7 equivalent variables
c Tseitin detection found 3 AND gates, 2 OR gates, 0 XOR gates, 0 EQUIV gates, 
c subsumption removed 			27 clauses 
c selfSubsumption removed 		2 literals
c
c simplify: round 0
c deduce added 				0 new implications
c variableElimination eliminated 	71 variables!
c selfSubsumption removed 		2 literals
c deduce added				0 new implications
c subsumption removed 			5 clauses 
c
c simplify: round 1
c deduce added 				0 new implications
c variableElimination eliminated 	0 variables!
c selfSubsumption removed 		0 literals
c deduce added				0 new implications
c subsumption removed 			0 clauses 
c
c simplify: round 2
c deduce added 				0 new implications
c variableElimination eliminated 	0 variables!
c selfSubsumption removed 		0 literals
c deduce added				0 new implications
c subsumption removed 			0 clauses 
c
c simplify: round 3
c deduce added 				0 new implications
c variableElimination eliminated 	0 variables!
c selfSubsumption removed 		0 literals
c deduce added				0 new implications
c subsumption removed 			0 clauses 
c subsumption removed 			2 clauses 
c ================Preprocessing Finished=======================
c clauses: 511, variables: 463


c =================Computation Finished========================
c =======================Thread 0==============================
c decisions         : 55
c bcps              : 426
c conflicts         : 0
c aborted components: 0
c blocks            : 1
c backtracks        : 110
c backtrack dist    : 1.9636
c recomputations    : 0
c splits            : 34
c split ratio       : 8.5882
c =======================Thread 1==============================
c decisions         : 68
c bcps              : 429
c conflicts         : 0
c aborted components: 0
c blocks            : 2
c backtracks        : 136
c backtrack dist    : 2.0221
c recomputations    : 0
c splits            : 60
c split ratio       : 2.6333
c =======================Thread 2==============================
c decisions         : 53
c bcps              : 348
c conflicts         : 0
c aborted components: 0
c blocks            : 3
c backtracks        : 106
c backtrack dist    : 2.0377
c recomputations    : 0
c splits            : 49
c split ratio       : 2.3878
c =======================Thread 3==============================
c decisions         : 58
c bcps              : 374
c conflicts         : 0
c aborted components: 0
c blocks            : 3
c backtracks        : 116
c backtrack dist    : 2.1293
c recomputations    : 0
c splits            : 23
c split ratio       : 5.3478
c ===================Cache Statistics==========================
c tries..................: 389
c hits...................: 155
c hit rate...............: 39.8458 % 
c removed items..........: 0
c ===================Overall Statistics========================
c TOTAL backtracks.......: 468
c TOTAL backtrack dist...: 2.0385
c TOTAL recomputations...: 0
c #decisions.............: 234
c #bcp operations........: 1577
c split ratio............: 0.0000
c cpu time...............: 0.0124 s
c wall clock time........: 0.0097 s
c =========================================================
c model count............: 63324723393543920744341363910663551837840925789987078125727517748015133508742696346099986770617141467203504284516929555349879256647938867200000000000000000
s SATISFIABLE
