c ======================================================
c countAntom, Jan Burchard, University of Freiburg, 2015
c   based on the antom SAT-solver, by Tobias Schubert   
c ======================================================
c cnf file...............: ../../501_Git_Repos/busybox-data/data//busybox//2007/2007-08-15_20-42-52/clean.dimacs
c #variables.............: 606
c #clauses...............: 489
c ======================= Settings ============================
c number of threads......: 4
c memory size............: 4000
c vsads factor...........: 0.5000
c enable IBCP............: no
c split into components..: yes
c only preprocessing.....: no
c Tseitin detection......: yes
c UPLA...................: yes
c self-subsumption.......: yes
c variable elimination...: yes
c simplfication rounds...: 4
c add dependencies.......: yes
c ==================Start Preprocessing========================
c deduce added 				6 new implications
c UPLA removed 6 equivalent variables
c Tseitin detection found 3 AND gates, 1 OR gates, 0 XOR gates, 0 EQUIV gates, 
c subsumption removed 			26 clauses 
c selfSubsumption removed 		3 literals
c
c simplify: round 0
c deduce added 				0 new implications
c variableElimination eliminated 	65 variables!
c selfSubsumption removed 		0 literals
c deduce added				0 new implications
c subsumption removed 			7 clauses 
c
c simplify: round 1
c deduce added 				0 new implications
c variableElimination eliminated 	1 variables!
c selfSubsumption removed 		2 literals
c deduce added				0 new implications
c subsumption removed 			0 clauses 
c
c simplify: round 2
c deduce added 				0 new implications
c variableElimination eliminated 	0 variables!
c selfSubsumption removed 		0 literals
c deduce added				0 new implications
c subsumption removed 			0 clauses 
c
c simplify: round 3
c deduce added 				0 new implications
c variableElimination eliminated 	0 variables!
c selfSubsumption removed 		0 literals
c deduce added				0 new implications
c subsumption removed 			0 clauses 
c subsumption removed 			1 clauses 
c ================Preprocessing Finished=======================
c clauses: 492, variables: 445


c =================Computation Finished========================
c =======================Thread 0==============================
c decisions         : 70
c bcps              : 477
c conflicts         : 0
c aborted components: 0
c blocks            : 2
c backtracks        : 140
c backtrack dist    : 1.9643
c recomputations    : 0
c splits            : 55
c split ratio       : 4.9636
c =======================Thread 1==============================
c decisions         : 65
c bcps              : 439
c conflicts         : 0
c aborted components: 0
c blocks            : 3
c backtracks        : 130
c backtrack dist    : 1.9769
c recomputations    : 0
c splits            : 35
c split ratio       : 4.8000
c =======================Thread 2==============================
c decisions         : 59
c bcps              : 391
c conflicts         : 0
c aborted components: 0
c blocks            : 2
c backtracks        : 118
c backtrack dist    : 1.9746
c recomputations    : 0
c splits            : 36
c split ratio       : 5.0000
c =======================Thread 3==============================
c decisions         : 42
c bcps              : 308
c conflicts         : 0
c aborted components: 0
c blocks            : 3
c backtracks        : 84
c backtrack dist    : 2.0714
c recomputations    : 0
c splits            : 40
c split ratio       : 2.8500
c ===================Cache Statistics==========================
c tries..................: 430
c hits...................: 194
c hit rate...............: 45.1163 % 
c removed items..........: 0
c ===================Overall Statistics========================
c TOTAL backtracks.......: 472
c TOTAL backtrack dist...: 1.9894
c TOTAL recomputations...: 0
c #decisions.............: 236
c #bcp operations........: 1615
c split ratio............: 0.0000
c cpu time...............: 0.0121 s
c wall clock time........: 0.0094 s
c =========================================================
c model count............: 1429560228394212176895892712964989330888922832947681684463155556821150145216354535469699596506651574764075773616956756423212042862848901120000000000000
s SATISFIABLE
