c ======================================================
c countAntom, Jan Burchard, University of Freiburg, 2015
c   based on the antom SAT-solver, by Tobias Schubert   
c ======================================================
c cnf file...............: ../../501_Git_Repos/busybox-data/data//busybox//2007/2007-09-09_14-11-11/clean.dimacs
c #variables.............: 613
c #clauses...............: 503
c ======================= Settings ============================
c number of threads......: 4
c memory size............: 4000
c vsads factor...........: 0.5000
c enable IBCP............: no
c split into components..: yes
c only preprocessing.....: no
c Tseitin detection......: yes
c UPLA...................: yes
c self-subsumption.......: yes
c variable elimination...: yes
c simplfication rounds...: 4
c add dependencies.......: yes
c ==================Start Preprocessing========================
c deduce added 				5 new implications
c UPLA removed 7 equivalent variables
c Tseitin detection found 3 AND gates, 1 OR gates, 0 XOR gates, 0 EQUIV gates, 
c subsumption removed 			24 clauses 
c selfSubsumption removed 		3 literals
c
c simplify: round 0
c deduce added 				0 new implications
c variableElimination eliminated 	69 variables!
c selfSubsumption removed 		0 literals
c deduce added				0 new implications
c subsumption removed 			7 clauses 
c
c simplify: round 1
c deduce added 				0 new implications
c variableElimination eliminated 	1 variables!
c selfSubsumption removed 		2 literals
c deduce added				0 new implications
c subsumption removed 			0 clauses 
c
c simplify: round 2
c deduce added 				0 new implications
c variableElimination eliminated 	0 variables!
c selfSubsumption removed 		0 literals
c deduce added				0 new implications
c subsumption removed 			0 clauses 
c
c simplify: round 3
c deduce added 				0 new implications
c variableElimination eliminated 	0 variables!
c selfSubsumption removed 		0 literals
c deduce added				0 new implications
c subsumption removed 			0 clauses 
c subsumption removed 			3 clauses 
c ================Preprocessing Finished=======================
c clauses: 507, variables: 452


c =================Computation Finished========================
c =======================Thread 0==============================
c decisions         : 75
c bcps              : 524
c conflicts         : 0
c aborted components: 0
c blocks            : 1
c backtracks        : 150
c backtrack dist    : 1.9733
c recomputations    : 0
c splits            : 34
c split ratio       : 9.7647
c =======================Thread 1==============================
c decisions         : 56
c bcps              : 395
c conflicts         : 0
c aborted components: 0
c blocks            : 3
c backtracks        : 112
c backtrack dist    : 2.0625
c recomputations    : 0
c splits            : 38
c split ratio       : 3.2632
c =======================Thread 2==============================
c decisions         : 44
c bcps              : 287
c conflicts         : 0
c aborted components: 0
c blocks            : 2
c backtracks        : 88
c backtrack dist    : 1.9432
c recomputations    : 0
c splits            : 49
c split ratio       : 2.1429
c =======================Thread 3==============================
c decisions         : 63
c bcps              : 419
c conflicts         : 0
c aborted components: 0
c blocks            : 2
c backtracks        : 126
c backtrack dist    : 2.1190
c recomputations    : 0
c splits            : 52
c split ratio       : 3.0769
c ===================Cache Statistics==========================
c tries..................: 419
c hits...................: 181
c hit rate...............: 43.1981 % 
c removed items..........: 0
c ===================Overall Statistics========================
c TOTAL backtracks.......: 476
c TOTAL backtrack dist...: 2.0273
c TOTAL recomputations...: 0
c #decisions.............: 238
c #bcp operations........: 1625
c split ratio............: 0.0000
c cpu time...............: 0.0128 s
c wall clock time........: 0.0099 s
c =========================================================
c model count............: 20408896011292125693802286410045933714039541399858193515642836454187356729272115174474519169760103861697817026129164096581428362450514739200000000000000
s SATISFIABLE
