c ======================================================
c countAntom, Jan Burchard, University of Freiburg, 2015
c   based on the antom SAT-solver, by Tobias Schubert   
c ======================================================
c cnf file...............: ../../501_Git_Repos/busybox-data/data//busybox//2007/2007-10-18_23-27-46/clean.dimacs
c #variables.............: 620
c #clauses...............: 510
c ======================= Settings ============================
c number of threads......: 4
c memory size............: 4000
c vsads factor...........: 0.5000
c enable IBCP............: no
c split into components..: yes
c only preprocessing.....: no
c Tseitin detection......: yes
c UPLA...................: yes
c self-subsumption.......: yes
c variable elimination...: yes
c simplfication rounds...: 4
c add dependencies.......: yes
c ==================Start Preprocessing========================
c deduce added 				5 new implications
c UPLA removed 7 equivalent variables
c Tseitin detection found 3 AND gates, 1 OR gates, 0 XOR gates, 0 EQUIV gates, 
c subsumption removed 			24 clauses 
c selfSubsumption removed 		3 literals
c
c simplify: round 0
c deduce added 				0 new implications
c variableElimination eliminated 	71 variables!
c selfSubsumption removed 		0 literals
c deduce added				0 new implications
c subsumption removed 			7 clauses 
c
c simplify: round 1
c deduce added 				0 new implications
c variableElimination eliminated 	1 variables!
c selfSubsumption removed 		2 literals
c deduce added				0 new implications
c subsumption removed 			0 clauses 
c
c simplify: round 2
c deduce added 				0 new implications
c variableElimination eliminated 	0 variables!
c selfSubsumption removed 		0 literals
c deduce added				0 new implications
c subsumption removed 			0 clauses 
c
c simplify: round 3
c deduce added 				0 new implications
c variableElimination eliminated 	0 variables!
c selfSubsumption removed 		0 literals
c deduce added				0 new implications
c subsumption removed 			0 clauses 
c subsumption removed 			3 clauses 
c ================Preprocessing Finished=======================
c clauses: 514, variables: 456


c =================Computation Finished========================
c =======================Thread 0==============================
c decisions         : 65
c bcps              : 477
c conflicts         : 0
c aborted components: 0
c blocks            : 1
c backtracks        : 130
c backtrack dist    : 1.9692
c recomputations    : 0
c splits            : 74
c split ratio       : 3.8919
c =======================Thread 1==============================
c decisions         : 71
c bcps              : 468
c conflicts         : 0
c aborted components: 0
c blocks            : 2
c backtracks        : 142
c backtrack dist    : 1.9789
c recomputations    : 0
c splits            : 54
c split ratio       : 3.7963
c =======================Thread 2==============================
c decisions         : 47
c bcps              : 312
c conflicts         : 0
c aborted components: 0
c blocks            : 5
c backtracks        : 94
c backtrack dist    : 2.0745
c recomputations    : 0
c splits            : 19
c split ratio       : 5.1053
c =======================Thread 3==============================
c decisions         : 59
c bcps              : 391
c conflicts         : 0
c aborted components: 0
c blocks            : 3
c backtracks        : 118
c backtrack dist    : 2.0508
c recomputations    : 0
c splits            : 37
c split ratio       : 3.7297
c ===================Cache Statistics==========================
c tries..................: 429
c hits...................: 187
c hit rate...............: 43.5897 % 
c removed items..........: 0
c ===================Overall Statistics========================
c TOTAL backtracks.......: 484
c TOTAL backtrack dist...: 2.0124
c TOTAL recomputations...: 0
c #decisions.............: 242
c #bcp operations........: 1648
c split ratio............: 0.0000
c cpu time...............: 0.0123 s
c wall clock time........: 0.0095 s
c =========================================================
c model count............: 1134141346736521207708482053940449000658376616481469790251546579399539150423736670231112484056482566199460012331483214680925172747698228428800000000000000
s SATISFIABLE
