c ======================================================
c countAntom, Jan Burchard, University of Freiburg, 2015
c   based on the antom SAT-solver, by Tobias Schubert   
c ======================================================
c cnf file...............: ../../501_Git_Repos/busybox-data/data//busybox//2007/2007-10-11_19-53-10/clean.dimacs
c #variables.............: 617
c #clauses...............: 508
c ======================= Settings ============================
c number of threads......: 4
c memory size............: 4000
c vsads factor...........: 0.5000
c enable IBCP............: no
c split into components..: yes
c only preprocessing.....: no
c Tseitin detection......: yes
c UPLA...................: yes
c self-subsumption.......: yes
c variable elimination...: yes
c simplfication rounds...: 4
c add dependencies.......: yes
c ==================Start Preprocessing========================
c deduce added 				5 new implications
c UPLA removed 7 equivalent variables
c Tseitin detection found 3 AND gates, 1 OR gates, 0 XOR gates, 0 EQUIV gates, 
c subsumption removed 			25 clauses 
c selfSubsumption removed 		3 literals
c
c simplify: round 0
c deduce added 				0 new implications
c variableElimination eliminated 	71 variables!
c selfSubsumption removed 		0 literals
c deduce added				0 new implications
c subsumption removed 			7 clauses 
c
c simplify: round 1
c deduce added 				0 new implications
c variableElimination eliminated 	1 variables!
c selfSubsumption removed 		2 literals
c deduce added				0 new implications
c subsumption removed 			0 clauses 
c
c simplify: round 2
c deduce added 				0 new implications
c variableElimination eliminated 	0 variables!
c selfSubsumption removed 		0 literals
c deduce added				0 new implications
c subsumption removed 			0 clauses 
c
c simplify: round 3
c deduce added 				0 new implications
c variableElimination eliminated 	0 variables!
c selfSubsumption removed 		0 literals
c deduce added				0 new implications
c subsumption removed 			0 clauses 
c subsumption removed 			3 clauses 
c ================Preprocessing Finished=======================
c clauses: 511, variables: 454


c =================Computation Finished========================
c =======================Thread 0==============================
c decisions         : 58
c bcps              : 438
c conflicts         : 0
c aborted components: 0
c blocks            : 1
c backtracks        : 116
c backtrack dist    : 1.9655
c recomputations    : 0
c splits            : 34
c split ratio       : 8.7647
c =======================Thread 1==============================
c decisions         : 37
c bcps              : 285
c conflicts         : 0
c aborted components: 0
c blocks            : 2
c backtracks        : 74
c backtrack dist    : 2.2162
c recomputations    : 0
c splits            : 28
c split ratio       : 4.5357
c =======================Thread 2==============================
c decisions         : 87
c bcps              : 548
c conflicts         : 0
c aborted components: 0
c blocks            : 4
c backtracks        : 174
c backtrack dist    : 1.9713
c recomputations    : 0
c splits            : 68
c split ratio       : 2.8824
c =======================Thread 3==============================
c decisions         : 67
c bcps              : 470
c conflicts         : 0
c aborted components: 0
c blocks            : 6
c backtracks        : 134
c backtrack dist    : 2.3060
c recomputations    : 0
c splits            : 64
c split ratio       : 2.2812
c ===================Cache Statistics==========================
c tries..................: 464
c hits...................: 215
c hit rate...............: 46.3362 % 
c removed items..........: 0
c ===================Overall Statistics========================
c TOTAL backtracks.......: 498
c TOTAL backtrack dist...: 2.0964
c TOTAL recomputations...: 0
c #decisions.............: 249
c #bcp operations........: 1741
c split ratio............: 0.0000
c cpu time...............: 0.0137 s
c wall clock time........: 0.0105 s
c =========================================================
c model count............: 141814836716905179661105992693166497977381018922490255519148867631981706982283082724568521583383160349602339419430498435056653277189269094400000000000000
s SATISFIABLE
