c ======================================================
c countAntom, Jan Burchard, University of Freiburg, 2015
c   based on the antom SAT-solver, by Tobias Schubert   
c ======================================================
c cnf file...............: ../../501_Git_Repos/busybox-data/data//busybox//2007/2007-07-24_15-54-42/clean.dimacs
c #variables.............: 601
c #clauses...............: 486
c ======================= Settings ============================
c number of threads......: 4
c memory size............: 4000
c vsads factor...........: 0.5000
c enable IBCP............: no
c split into components..: yes
c only preprocessing.....: no
c Tseitin detection......: yes
c UPLA...................: yes
c self-subsumption.......: yes
c variable elimination...: yes
c simplfication rounds...: 4
c add dependencies.......: yes
c ==================Start Preprocessing========================
c deduce added 				6 new implications
c UPLA removed 6 equivalent variables
c Tseitin detection found 3 AND gates, 1 OR gates, 0 XOR gates, 0 EQUIV gates, 
c subsumption removed 			24 clauses 
c selfSubsumption removed 		3 literals
c
c simplify: round 0
c deduce added 				0 new implications
c variableElimination eliminated 	65 variables!
c selfSubsumption removed 		0 literals
c deduce added				0 new implications
c subsumption removed 			7 clauses 
c
c simplify: round 1
c deduce added 				0 new implications
c variableElimination eliminated 	1 variables!
c selfSubsumption removed 		2 literals
c deduce added				0 new implications
c subsumption removed 			0 clauses 
c
c simplify: round 2
c deduce added 				0 new implications
c variableElimination eliminated 	0 variables!
c selfSubsumption removed 		0 literals
c deduce added				0 new implications
c subsumption removed 			0 clauses 
c
c simplify: round 3
c deduce added 				0 new implications
c variableElimination eliminated 	0 variables!
c selfSubsumption removed 		0 literals
c deduce added				0 new implications
c subsumption removed 			0 clauses 
c subsumption removed 			3 clauses 
c ================Preprocessing Finished=======================
c clauses: 489, variables: 441


c =================Computation Finished========================
c =======================Thread 0==============================
c decisions         : 58
c bcps              : 407
c conflicts         : 0
c aborted components: 0
c blocks            : 1
c backtracks        : 116
c backtrack dist    : 1.9655
c recomputations    : 0
c splits            : 53
c split ratio       : 4.7170
c =======================Thread 1==============================
c decisions         : 54
c bcps              : 357
c conflicts         : 0
c aborted components: 0
c blocks            : 3
c backtracks        : 108
c backtrack dist    : 1.9630
c recomputations    : 0
c splits            : 25
c split ratio       : 6.5200
c =======================Thread 2==============================
c decisions         : 72
c bcps              : 488
c conflicts         : 0
c aborted components: 0
c blocks            : 5
c backtracks        : 144
c backtrack dist    : 2.1597
c recomputations    : 0
c splits            : 52
c split ratio       : 3.0000
c =======================Thread 3==============================
c decisions         : 59
c bcps              : 378
c conflicts         : 0
c aborted components: 0
c blocks            : 5
c backtracks        : 118
c backtrack dist    : 1.9915
c recomputations    : 0
c splits            : 53
c split ratio       : 2.5472
c ===================Cache Statistics==========================
c tries..................: 402
c hits...................: 159
c hit rate...............: 39.5522 % 
c removed items..........: 0
c ===================Overall Statistics========================
c TOTAL backtracks.......: 486
c TOTAL backtrack dist...: 2.0288
c TOTAL recomputations...: 0
c #decisions.............: 243
c #bcp operations........: 1630
c split ratio............: 0.0000
c cpu time...............: 0.0125 s
c wall clock time........: 0.0100 s
c =========================================================
c model count............: 79025405499607748140489093639000133316382604851821088898497048892350357706723096157447461217960094537724376932883634406038062645431500800000000000000
s SATISFIABLE
