c ======================================================
c countAntom, Jan Burchard, University of Freiburg, 2015
c   based on the antom SAT-solver, by Tobias Schubert   
c ======================================================
c cnf file...............: ../../501_Git_Repos/busybox-data/data//busybox//2007/2007-09-13_20-20-44/clean.dimacs
c #variables.............: 613
c #clauses...............: 503
c ======================= Settings ============================
c number of threads......: 4
c memory size............: 4000
c vsads factor...........: 0.5000
c enable IBCP............: no
c split into components..: yes
c only preprocessing.....: no
c Tseitin detection......: yes
c UPLA...................: yes
c self-subsumption.......: yes
c variable elimination...: yes
c simplfication rounds...: 4
c add dependencies.......: yes
c ==================Start Preprocessing========================
c deduce added 				5 new implications
c UPLA removed 7 equivalent variables
c Tseitin detection found 3 AND gates, 1 OR gates, 0 XOR gates, 0 EQUIV gates, 
c subsumption removed 			24 clauses 
c selfSubsumption removed 		3 literals
c
c simplify: round 0
c deduce added 				0 new implications
c variableElimination eliminated 	69 variables!
c selfSubsumption removed 		0 literals
c deduce added				0 new implications
c subsumption removed 			7 clauses 
c
c simplify: round 1
c deduce added 				0 new implications
c variableElimination eliminated 	1 variables!
c selfSubsumption removed 		2 literals
c deduce added				0 new implications
c subsumption removed 			0 clauses 
c
c simplify: round 2
c deduce added 				0 new implications
c variableElimination eliminated 	0 variables!
c selfSubsumption removed 		0 literals
c deduce added				0 new implications
c subsumption removed 			0 clauses 
c
c simplify: round 3
c deduce added 				0 new implications
c variableElimination eliminated 	0 variables!
c selfSubsumption removed 		0 literals
c deduce added				0 new implications
c subsumption removed 			0 clauses 
c subsumption removed 			3 clauses 
c ================Preprocessing Finished=======================
c clauses: 507, variables: 452


c =================Computation Finished========================
c =======================Thread 0==============================
c decisions         : 81
c bcps              : 553
c conflicts         : 0
c aborted components: 0
c blocks            : 1
c backtracks        : 162
c backtrack dist    : 1.9815
c recomputations    : 0
c splits            : 32
c split ratio       : 10.5000
c =======================Thread 1==============================
c decisions         : 57
c bcps              : 373
c conflicts         : 0
c aborted components: 0
c blocks            : 2
c backtracks        : 114
c backtrack dist    : 1.9825
c recomputations    : 0
c splits            : 55
c split ratio       : 2.3818
c =======================Thread 2==============================
c decisions         : 47
c bcps              : 306
c conflicts         : 0
c aborted components: 0
c blocks            : 2
c backtracks        : 94
c backtrack dist    : 1.9468
c recomputations    : 0
c splits            : 42
c split ratio       : 2.4762
c =======================Thread 3==============================
c decisions         : 49
c bcps              : 314
c conflicts         : 0
c aborted components: 0
c blocks            : 2
c backtracks        : 98
c backtrack dist    : 1.9694
c recomputations    : 0
c splits            : 35
c split ratio       : 3.0857
c ===================Cache Statistics==========================
c tries..................: 376
c hits...................: 142
c hit rate...............: 37.7660 % 
c removed items..........: 0
c ===================Overall Statistics========================
c TOTAL backtracks.......: 468
c TOTAL backtrack dist...: 1.9722
c TOTAL recomputations...: 0
c #decisions.............: 234
c #bcp operations........: 1546
c split ratio............: 0.0000
c cpu time...............: 0.0123 s
c wall clock time........: 0.0097 s
c =========================================================
c model count............: 20408896011292125693802286410045933714039541399858193515642836454187356729272115174474519169760103861697817026129164096581428362450514739200000000000000
s SATISFIABLE
