c ======================================================
c countAntom, Jan Burchard, University of Freiburg, 2015
c   based on the antom SAT-solver, by Tobias Schubert   
c ======================================================
c cnf file...............: ../../501_Git_Repos/busybox-data/data//busybox//2007/2007-11-24_04-49-07/clean.dimacs
c #variables.............: 627
c #clauses...............: 511
c ======================= Settings ============================
c number of threads......: 4
c memory size............: 4000
c vsads factor...........: 0.5000
c enable IBCP............: no
c split into components..: yes
c only preprocessing.....: no
c Tseitin detection......: yes
c UPLA...................: yes
c self-subsumption.......: yes
c variable elimination...: yes
c simplfication rounds...: 4
c add dependencies.......: yes
c ==================Start Preprocessing========================
c deduce added 				5 new implications
c UPLA removed 7 equivalent variables
c Tseitin detection found 3 AND gates, 1 OR gates, 0 XOR gates, 0 EQUIV gates, 
c subsumption removed 			27 clauses 
c selfSubsumption removed 		2 literals
c
c simplify: round 0
c deduce added 				0 new implications
c variableElimination eliminated 	71 variables!
c selfSubsumption removed 		2 literals
c deduce added				0 new implications
c subsumption removed 			5 clauses 
c
c simplify: round 1
c deduce added 				0 new implications
c variableElimination eliminated 	0 variables!
c selfSubsumption removed 		0 literals
c deduce added				0 new implications
c subsumption removed 			0 clauses 
c
c simplify: round 2
c deduce added 				0 new implications
c variableElimination eliminated 	0 variables!
c selfSubsumption removed 		0 literals
c deduce added				0 new implications
c subsumption removed 			0 clauses 
c
c simplify: round 3
c deduce added 				0 new implications
c variableElimination eliminated 	0 variables!
c selfSubsumption removed 		0 literals
c deduce added				0 new implications
c subsumption removed 			0 clauses 
c subsumption removed 			2 clauses 
c ================Preprocessing Finished=======================
c clauses: 511, variables: 463


c =================Computation Finished========================
c =======================Thread 0==============================
c decisions         : 77
c bcps              : 529
c conflicts         : 0
c aborted components: 0
c blocks            : 1
c backtracks        : 154
c backtrack dist    : 1.9610
c recomputations    : 0
c splits            : 47
c split ratio       : 7.2340
c =======================Thread 1==============================
c decisions         : 47
c bcps              : 302
c conflicts         : 0
c aborted components: 0
c blocks            : 4
c backtracks        : 94
c backtrack dist    : 1.9894
c recomputations    : 0
c splits            : 42
c split ratio       : 2.5476
c =======================Thread 2==============================
c decisions         : 67
c bcps              : 482
c conflicts         : 0
c aborted components: 0
c blocks            : 7
c backtracks        : 134
c backtrack dist    : 2.1269
c recomputations    : 0
c splits            : 32
c split ratio       : 5.2812
c =======================Thread 3==============================
c decisions         : 46
c bcps              : 335
c conflicts         : 0
c aborted components: 0
c blocks            : 3
c backtracks        : 92
c backtrack dist    : 2.1413
c recomputations    : 0
c splits            : 47
c split ratio       : 2.7447
c ===================Cache Statistics==========================
c tries..................: 440
c hits...................: 203
c hit rate...............: 46.1364 % 
c removed items..........: 0
c ===================Overall Statistics========================
c TOTAL backtracks.......: 474
c TOTAL backtrack dist...: 2.0485
c TOTAL recomputations...: 0
c #decisions.............: 237
c #bcp operations........: 1648
c split ratio............: 0.0000
c cpu time...............: 0.0122 s
c wall clock time........: 0.0096 s
c =========================================================
c model count............: 63324723393543920744341363910663551837840925789987078125727517748015133508742696346099986770617141467203504284516929555349879256647938867200000000000000000
s SATISFIABLE
