c ======================================================
c countAntom, Jan Burchard, University of Freiburg, 2015
c   based on the antom SAT-solver, by Tobias Schubert   
c ======================================================
c cnf file...............: ../../501_Git_Repos/busybox-data/data//busybox//2007/2007-11-10_03-24-21/clean.dimacs
c #variables.............: 622
c #clauses...............: 511
c ======================= Settings ============================
c number of threads......: 4
c memory size............: 4000
c vsads factor...........: 0.5000
c enable IBCP............: no
c split into components..: yes
c only preprocessing.....: no
c Tseitin detection......: yes
c UPLA...................: yes
c self-subsumption.......: yes
c variable elimination...: yes
c simplfication rounds...: 4
c add dependencies.......: yes
c ==================Start Preprocessing========================
c deduce added 				5 new implications
c UPLA removed 7 equivalent variables
c Tseitin detection found 3 AND gates, 1 OR gates, 0 XOR gates, 0 EQUIV gates, 
c subsumption removed 			27 clauses 
c selfSubsumption removed 		2 literals
c
c simplify: round 0
c deduce added 				0 new implications
c variableElimination eliminated 	71 variables!
c selfSubsumption removed 		0 literals
c deduce added				0 new implications
c subsumption removed 			7 clauses 
c
c simplify: round 1
c deduce added 				0 new implications
c variableElimination eliminated 	1 variables!
c selfSubsumption removed 		2 literals
c deduce added				0 new implications
c subsumption removed 			0 clauses 
c
c simplify: round 2
c deduce added 				0 new implications
c variableElimination eliminated 	0 variables!
c selfSubsumption removed 		0 literals
c deduce added				0 new implications
c subsumption removed 			0 clauses 
c
c simplify: round 3
c deduce added 				0 new implications
c variableElimination eliminated 	0 variables!
c selfSubsumption removed 		0 literals
c deduce added				0 new implications
c subsumption removed 			0 clauses 
c subsumption removed 			2 clauses 
c ================Preprocessing Finished=======================
c clauses: 511, variables: 457


c =================Computation Finished========================
c =======================Thread 0==============================
c decisions         : 54
c bcps              : 411
c conflicts         : 0
c aborted components: 0
c blocks            : 1
c backtracks        : 108
c backtrack dist    : 1.9630
c recomputations    : 0
c splits            : 28
c split ratio       : 10.0000
c =======================Thread 1==============================
c decisions         : 56
c bcps              : 380
c conflicts         : 0
c aborted components: 0
c blocks            : 2
c backtracks        : 112
c backtrack dist    : 1.9821
c recomputations    : 0
c splits            : 67
c split ratio       : 1.9701
c =======================Thread 2==============================
c decisions         : 63
c bcps              : 409
c conflicts         : 0
c aborted components: 0
c blocks            : 2
c backtracks        : 126
c backtrack dist    : 1.9762
c recomputations    : 0
c splits            : 53
c split ratio       : 3.0755
c =======================Thread 3==============================
c decisions         : 69
c bcps              : 430
c conflicts         : 0
c aborted components: 0
c blocks            : 3
c backtracks        : 138
c backtrack dist    : 2.0072
c recomputations    : 0
c splits            : 33
c split ratio       : 4.4242
c ===================Cache Statistics==========================
c tries..................: 419
c hits...................: 177
c hit rate...............: 42.2434 % 
c removed items..........: 0
c ===================Overall Statistics========================
c TOTAL backtracks.......: 484
c TOTAL backtrack dist...: 1.9835
c TOTAL recomputations...: 0
c #decisions.............: 242
c #bcp operations........: 1630
c split ratio............: 0.0000
c cpu time...............: 0.0123 s
c wall clock time........: 0.0096 s
c =========================================================
c model count............: 4503268437954848723943799807323350400386226465351176413480936215663790498436750503687910670061182796881315905082079089962181282844354019328000000000000000
s SATISFIABLE
