c ======================================================
c countAntom, Jan Burchard, University of Freiburg, 2015
c   based on the antom SAT-solver, by Tobias Schubert   
c ======================================================
c cnf file...............: ../../501_Git_Repos/busybox-data/data//busybox//2007/2007-08-02_22-31-05/clean.dimacs
c #variables.............: 602
c #clauses...............: 486
c ======================= Settings ============================
c number of threads......: 4
c memory size............: 4000
c vsads factor...........: 0.5000
c enable IBCP............: no
c split into components..: yes
c only preprocessing.....: no
c Tseitin detection......: yes
c UPLA...................: yes
c self-subsumption.......: yes
c variable elimination...: yes
c simplfication rounds...: 4
c add dependencies.......: yes
c ==================Start Preprocessing========================
c deduce added 				6 new implications
c UPLA removed 6 equivalent variables
c Tseitin detection found 3 AND gates, 1 OR gates, 0 XOR gates, 0 EQUIV gates, 
c subsumption removed 			24 clauses 
c selfSubsumption removed 		3 literals
c
c simplify: round 0
c deduce added 				0 new implications
c variableElimination eliminated 	65 variables!
c selfSubsumption removed 		0 literals
c deduce added				0 new implications
c subsumption removed 			7 clauses 
c
c simplify: round 1
c deduce added 				0 new implications
c variableElimination eliminated 	1 variables!
c selfSubsumption removed 		2 literals
c deduce added				0 new implications
c subsumption removed 			0 clauses 
c
c simplify: round 2
c deduce added 				0 new implications
c variableElimination eliminated 	0 variables!
c selfSubsumption removed 		0 literals
c deduce added				0 new implications
c subsumption removed 			0 clauses 
c
c simplify: round 3
c deduce added 				0 new implications
c variableElimination eliminated 	0 variables!
c selfSubsumption removed 		0 literals
c deduce added				0 new implications
c subsumption removed 			0 clauses 
c subsumption removed 			3 clauses 
c ================Preprocessing Finished=======================
c clauses: 489, variables: 441


c =================Computation Finished========================
c =======================Thread 0==============================
c decisions         : 77
c bcps              : 522
c conflicts         : 0
c aborted components: 0
c blocks            : 1
c backtracks        : 154
c backtrack dist    : 1.9740
c recomputations    : 0
c splits            : 63
c split ratio       : 4.6032
c =======================Thread 1==============================
c decisions         : 44
c bcps              : 308
c conflicts         : 0
c aborted components: 0
c blocks            : 3
c backtracks        : 88
c backtrack dist    : 1.9886
c recomputations    : 0
c splits            : 36
c split ratio       : 2.8889
c =======================Thread 2==============================
c decisions         : 56
c bcps              : 352
c conflicts         : 0
c aborted components: 0
c blocks            : 3
c backtracks        : 112
c backtrack dist    : 1.9554
c recomputations    : 0
c splits            : 51
c split ratio       : 2.4118
c =======================Thread 3==============================
c decisions         : 61
c bcps              : 404
c conflicts         : 0
c aborted components: 0
c blocks            : 3
c backtracks        : 122
c backtrack dist    : 1.9918
c recomputations    : 0
c splits            : 26
c split ratio       : 6.8077
c ===================Cache Statistics==========================
c tries..................: 395
c hits...................: 157
c hit rate...............: 39.7468 % 
c removed items..........: 0
c ===================Overall Statistics========================
c TOTAL backtracks.......: 476
c TOTAL backtrack dist...: 1.9769
c TOTAL recomputations...: 0
c #decisions.............: 238
c #bcp operations........: 1586
c split ratio............: 0.0000
c cpu time...............: 0.0120 s
c wall clock time........: 0.0094 s
c =========================================================
c model count............: 158050810999215496280978187278000266632765209703642177796994097784700715413446192314894922435920189075448753865767268812076125290863001600000000000000
s SATISFIABLE
