c ======================================================
c countAntom, Jan Burchard, University of Freiburg, 2015
c   based on the antom SAT-solver, by Tobias Schubert   
c ======================================================
c cnf file...............: ../../501_Git_Repos/busybox-data/data//busybox//2007/2007-08-24_21-46-24/clean.dimacs
c #variables.............: 608
c #clauses...............: 491
c ======================= Settings ============================
c number of threads......: 4
c memory size............: 4000
c vsads factor...........: 0.5000
c enable IBCP............: no
c split into components..: yes
c only preprocessing.....: no
c Tseitin detection......: yes
c UPLA...................: yes
c self-subsumption.......: yes
c variable elimination...: yes
c simplfication rounds...: 4
c add dependencies.......: yes
c ==================Start Preprocessing========================
c deduce added 				6 new implications
c UPLA removed 6 equivalent variables
c Tseitin detection found 3 AND gates, 1 OR gates, 0 XOR gates, 0 EQUIV gates, 
c subsumption removed 			26 clauses 
c selfSubsumption removed 		3 literals
c
c simplify: round 0
c deduce added 				0 new implications
c variableElimination eliminated 	65 variables!
c selfSubsumption removed 		0 literals
c deduce added				0 new implications
c subsumption removed 			7 clauses 
c
c simplify: round 1
c deduce added 				0 new implications
c variableElimination eliminated 	1 variables!
c selfSubsumption removed 		2 literals
c deduce added				0 new implications
c subsumption removed 			0 clauses 
c
c simplify: round 2
c deduce added 				0 new implications
c variableElimination eliminated 	0 variables!
c selfSubsumption removed 		0 literals
c deduce added				0 new implications
c subsumption removed 			0 clauses 
c
c simplify: round 3
c deduce added 				0 new implications
c variableElimination eliminated 	0 variables!
c selfSubsumption removed 		0 literals
c deduce added				0 new implications
c subsumption removed 			0 clauses 
c subsumption removed 			1 clauses 
c ================Preprocessing Finished=======================
c clauses: 496, variables: 447


c =================Computation Finished========================
c =======================Thread 0==============================
c decisions         : 73
c bcps              : 501
c conflicts         : 0
c aborted components: 0
c blocks            : 1
c backtracks        : 146
c backtrack dist    : 1.9795
c recomputations    : 0
c splits            : 61
c split ratio       : 4.6066
c =======================Thread 1==============================
c decisions         : 49
c bcps              : 319
c conflicts         : 0
c aborted components: 0
c blocks            : 3
c backtracks        : 98
c backtrack dist    : 1.9490
c recomputations    : 0
c splits            : 50
c split ratio       : 2.2000
c =======================Thread 2==============================
c decisions         : 38
c bcps              : 250
c conflicts         : 0
c aborted components: 0
c blocks            : 3
c backtracks        : 76
c backtrack dist    : 1.9474
c recomputations    : 0
c splits            : 25
c split ratio       : 3.3200
c =======================Thread 3==============================
c decisions         : 74
c bcps              : 478
c conflicts         : 0
c aborted components: 0
c blocks            : 2
c backtracks        : 148
c backtrack dist    : 1.9730
c recomputations    : 0
c splits            : 28
c split ratio       : 7.3929
c ===================Cache Statistics==========================
c tries..................: 378
c hits...................: 144
c hit rate...............: 38.0952 % 
c removed items..........: 0
c ===================Overall Statistics========================
c TOTAL backtracks.......: 468
c TOTAL backtrack dist...: 1.9658
c TOTAL recomputations...: 0
c #decisions.............: 234
c #bcp operations........: 1548
c split ratio............: 0.0000
c cpu time...............: 0.0119 s
c wall clock time........: 0.0094 s
c =========================================================
c model count............: 5407032179636074327085049475980828184646217790041464490841708328530325828444779871537042999259516380765747483154245700946101259589092638720000000000000
s SATISFIABLE
