c ======================================================
c countAntom, Jan Burchard, University of Freiburg, 2015
c   based on the antom SAT-solver, by Tobias Schubert   
c ======================================================
c cnf file...............: ../../501_Git_Repos/busybox-data/data//busybox//2007/2007-10-13_03-36-03/clean.dimacs
c #variables.............: 618
c #clauses...............: 508
c ======================= Settings ============================
c number of threads......: 4
c memory size............: 4000
c vsads factor...........: 0.5000
c enable IBCP............: no
c split into components..: yes
c only preprocessing.....: no
c Tseitin detection......: yes
c UPLA...................: yes
c self-subsumption.......: yes
c variable elimination...: yes
c simplfication rounds...: 4
c add dependencies.......: yes
c ==================Start Preprocessing========================
c deduce added 				5 new implications
c UPLA removed 7 equivalent variables
c Tseitin detection found 3 AND gates, 1 OR gates, 0 XOR gates, 0 EQUIV gates, 
c subsumption removed 			26 clauses 
c selfSubsumption removed 		3 literals
c
c simplify: round 0
c deduce added 				0 new implications
c variableElimination eliminated 	71 variables!
c selfSubsumption removed 		0 literals
c deduce added				0 new implications
c subsumption removed 			7 clauses 
c
c simplify: round 1
c deduce added 				0 new implications
c variableElimination eliminated 	1 variables!
c selfSubsumption removed 		2 literals
c deduce added				0 new implications
c subsumption removed 			0 clauses 
c
c simplify: round 2
c deduce added 				0 new implications
c variableElimination eliminated 	0 variables!
c selfSubsumption removed 		0 literals
c deduce added				0 new implications
c subsumption removed 			0 clauses 
c
c simplify: round 3
c deduce added 				0 new implications
c variableElimination eliminated 	0 variables!
c selfSubsumption removed 		0 literals
c deduce added				0 new implications
c subsumption removed 			0 clauses 
c subsumption removed 			2 clauses 
c ================Preprocessing Finished=======================
c clauses: 511, variables: 454


c =================Computation Finished========================
c =======================Thread 0==============================
c decisions         : 59
c bcps              : 440
c conflicts         : 0
c aborted components: 0
c blocks            : 1
c backtracks        : 118
c backtrack dist    : 1.9661
c recomputations    : 0
c splits            : 34
c split ratio       : 8.8235
c =======================Thread 1==============================
c decisions         : 68
c bcps              : 435
c conflicts         : 0
c aborted components: 0
c blocks            : 4
c backtracks        : 136
c backtrack dist    : 2.0000
c recomputations    : 0
c splits            : 36
c split ratio       : 4.0278
c =======================Thread 2==============================
c decisions         : 34
c bcps              : 259
c conflicts         : 0
c aborted components: 0
c blocks            : 4
c backtracks        : 68
c backtrack dist    : 2.0147
c recomputations    : 0
c splits            : 42
c split ratio       : 2.4048
c =======================Thread 3==============================
c decisions         : 87
c bcps              : 555
c conflicts         : 0
c aborted components: 0
c blocks            : 3
c backtracks        : 174
c backtrack dist    : 1.9943
c recomputations    : 0
c splits            : 81
c split ratio       : 2.4321
c ===================Cache Statistics==========================
c tries..................: 441
c hits...................: 193
c hit rate...............: 43.7642 % 
c removed items..........: 0
c ===================Overall Statistics========================
c TOTAL backtracks.......: 496
c TOTAL backtrack dist...: 1.9919
c TOTAL recomputations...: 0
c #decisions.............: 248
c #bcp operations........: 1689
c split ratio............: 0.0000
c cpu time...............: 0.0128 s
c wall clock time........: 0.0097 s
c =========================================================
c model count............: 283629673433810359322211985386332995954762037844980511038297735263963413964566165449137043166766320699204678838860996870113306554378538188800000000000000
s SATISFIABLE
