c ======================================================
c countAntom, Jan Burchard, University of Freiburg, 2015
c   based on the antom SAT-solver, by Tobias Schubert   
c ======================================================
c cnf file...............: ../../501_Git_Repos/busybox-data/data//busybox//2007/2007-10-20_19-20-22/clean.dimacs
c #variables.............: 621
c #clauses...............: 510
c ======================= Settings ============================
c number of threads......: 4
c memory size............: 4000
c vsads factor...........: 0.5000
c enable IBCP............: no
c split into components..: yes
c only preprocessing.....: no
c Tseitin detection......: yes
c UPLA...................: yes
c self-subsumption.......: yes
c variable elimination...: yes
c simplfication rounds...: 4
c add dependencies.......: yes
c ==================Start Preprocessing========================
c deduce added 				5 new implications
c UPLA removed 7 equivalent variables
c Tseitin detection found 3 AND gates, 1 OR gates, 0 XOR gates, 0 EQUIV gates, 
c subsumption removed 			27 clauses 
c selfSubsumption removed 		3 literals
c
c simplify: round 0
c deduce added 				0 new implications
c variableElimination eliminated 	71 variables!
c selfSubsumption removed 		0 literals
c deduce added				0 new implications
c subsumption removed 			7 clauses 
c
c simplify: round 1
c deduce added 				0 new implications
c variableElimination eliminated 	1 variables!
c selfSubsumption removed 		2 literals
c deduce added				0 new implications
c subsumption removed 			0 clauses 
c
c simplify: round 2
c deduce added 				0 new implications
c variableElimination eliminated 	0 variables!
c selfSubsumption removed 		0 literals
c deduce added				0 new implications
c subsumption removed 			0 clauses 
c
c simplify: round 3
c deduce added 				0 new implications
c variableElimination eliminated 	0 variables!
c selfSubsumption removed 		0 literals
c deduce added				0 new implications
c subsumption removed 			0 clauses 
c subsumption removed 			1 clauses 
c ================Preprocessing Finished=======================
c clauses: 513, variables: 456


c =================Computation Finished========================
c =======================Thread 0==============================
c decisions         : 76
c bcps              : 515
c conflicts         : 0
c aborted components: 0
c blocks            : 2
c backtracks        : 152
c backtrack dist    : 1.9474
c recomputations    : 0
c splits            : 72
c split ratio       : 4.0278
c =======================Thread 1==============================
c decisions         : 71
c bcps              : 450
c conflicts         : 0
c aborted components: 0
c blocks            : 3
c backtracks        : 142
c backtrack dist    : 1.9930
c recomputations    : 0
c splits            : 71
c split ratio       : 2.3239
c =======================Thread 2==============================
c decisions         : 51
c bcps              : 373
c conflicts         : 0
c aborted components: 0
c blocks            : 6
c backtracks        : 102
c backtrack dist    : 2.2647
c recomputations    : 0
c splits            : 32
c split ratio       : 3.3750
c =======================Thread 3==============================
c decisions         : 57
c bcps              : 394
c conflicts         : 0
c aborted components: 0
c blocks            : 7
c backtracks        : 114
c backtrack dist    : 2.1316
c recomputations    : 0
c splits            : 28
c split ratio       : 6.1786
c ===================Cache Statistics==========================
c tries..................: 430
c hits...................: 175
c hit rate...............: 40.6977 % 
c removed items..........: 0
c ===================Overall Statistics========================
c TOTAL backtracks.......: 510
c TOTAL backtrack dist...: 2.0647
c TOTAL recomputations...: 0
c #decisions.............: 255
c #bcp operations........: 1732
c split ratio............: 0.0000
c cpu time...............: 0.0127 s
c wall clock time........: 0.0097 s
c =========================================================
c model count............: 2268282693473042415416964107880898001316753232962939580503093158799078300847473340462224968112965132398920024662966429361850345495396456857600000000000000
s SATISFIABLE
