c ======================================================
c countAntom, Jan Burchard, University of Freiburg, 2015
c   based on the antom SAT-solver, by Tobias Schubert   
c ======================================================
c cnf file...............: ../../501_Git_Repos/busybox-data/data//busybox//2007/2007-11-17_19-11-05/clean.dimacs
c #variables.............: 624
c #clauses...............: 513
c ======================= Settings ============================
c number of threads......: 4
c memory size............: 4000
c vsads factor...........: 0.5000
c enable IBCP............: no
c split into components..: yes
c only preprocessing.....: no
c Tseitin detection......: yes
c UPLA...................: yes
c self-subsumption.......: yes
c variable elimination...: yes
c simplfication rounds...: 4
c add dependencies.......: yes
c ==================Start Preprocessing========================
c deduce added 				5 new implications
c UPLA removed 7 equivalent variables
c Tseitin detection found 3 AND gates, 1 OR gates, 0 XOR gates, 0 EQUIV gates, 
c subsumption removed 			27 clauses 
c selfSubsumption removed 		2 literals
c
c simplify: round 0
c deduce added 				0 new implications
c variableElimination eliminated 	71 variables!
c selfSubsumption removed 		0 literals
c deduce added				0 new implications
c subsumption removed 			7 clauses 
c
c simplify: round 1
c deduce added 				0 new implications
c variableElimination eliminated 	1 variables!
c selfSubsumption removed 		2 literals
c deduce added				0 new implications
c subsumption removed 			0 clauses 
c
c simplify: round 2
c deduce added 				0 new implications
c variableElimination eliminated 	0 variables!
c selfSubsumption removed 		0 literals
c deduce added				0 new implications
c subsumption removed 			0 clauses 
c
c simplify: round 3
c deduce added 				0 new implications
c variableElimination eliminated 	0 variables!
c selfSubsumption removed 		0 literals
c deduce added				0 new implications
c subsumption removed 			0 clauses 
c subsumption removed 			2 clauses 
c ================Preprocessing Finished=======================
c clauses: 513, variables: 459


c =================Computation Finished========================
c =======================Thread 0==============================
c decisions         : 72
c bcps              : 495
c conflicts         : 0
c aborted components: 0
c blocks            : 1
c backtracks        : 144
c backtrack dist    : 1.9722
c recomputations    : 0
c splits            : 60
c split ratio       : 4.6500
c =======================Thread 1==============================
c decisions         : 60
c bcps              : 409
c conflicts         : 0
c aborted components: 0
c blocks            : 4
c backtracks        : 120
c backtrack dist    : 2.0917
c recomputations    : 0
c splits            : 53
c split ratio       : 2.4717
c =======================Thread 2==============================
c decisions         : 68
c bcps              : 459
c conflicts         : 0
c aborted components: 0
c blocks            : 2
c backtracks        : 136
c backtrack dist    : 2.0735
c recomputations    : 0
c splits            : 36
c split ratio       : 5.5000
c =======================Thread 3==============================
c decisions         : 58
c bcps              : 392
c conflicts         : 0
c aborted components: 0
c blocks            : 2
c backtracks        : 116
c backtrack dist    : 2.1466
c recomputations    : 0
c splits            : 59
c split ratio       : 2.3390
c ===================Cache Statistics==========================
c tries..................: 439
c hits...................: 181
c hit rate...............: 41.2301 % 
c removed items..........: 0
c ===================Overall Statistics========================
c TOTAL backtracks.......: 516
c TOTAL backtrack dist...: 2.0659
c TOTAL recomputations...: 0
c #decisions.............: 258
c #bcp operations........: 1755
c split ratio............: 0.0000
c cpu time...............: 0.0128 s
c wall clock time........: 0.0097 s
c =========================================================
c model count............: 11924738451803467338671797238154945868739931200039969063000537725165115621411994102403108043317219486777090929570588694897189144073374531584000000000000000
s SATISFIABLE
