c ======================================================
c countAntom, Jan Burchard, University of Freiburg, 2015
c   based on the antom SAT-solver, by Tobias Schubert   
c ======================================================
c cnf file...............: ../../501_Git_Repos/busybox-data/data//busybox//2007/2007-08-25_22-16-04/clean.dimacs
c #variables.............: 612
c #clauses...............: 501
c ======================= Settings ============================
c number of threads......: 4
c memory size............: 4000
c vsads factor...........: 0.5000
c enable IBCP............: no
c split into components..: yes
c only preprocessing.....: no
c Tseitin detection......: yes
c UPLA...................: yes
c self-subsumption.......: yes
c variable elimination...: yes
c simplfication rounds...: 4
c add dependencies.......: yes
c ==================Start Preprocessing========================
c deduce added 				6 new implications
c UPLA removed 6 equivalent variables
c Tseitin detection found 3 AND gates, 1 OR gates, 0 XOR gates, 0 EQUIV gates, 
c subsumption removed 			26 clauses 
c selfSubsumption removed 		3 literals
c
c simplify: round 0
c deduce added 				0 new implications
c variableElimination eliminated 	69 variables!
c selfSubsumption removed 		0 literals
c deduce added				0 new implications
c subsumption removed 			7 clauses 
c
c simplify: round 1
c deduce added 				0 new implications
c variableElimination eliminated 	1 variables!
c selfSubsumption removed 		2 literals
c deduce added				0 new implications
c subsumption removed 			0 clauses 
c
c simplify: round 2
c deduce added 				0 new implications
c variableElimination eliminated 	0 variables!
c selfSubsumption removed 		0 literals
c deduce added				0 new implications
c subsumption removed 			0 clauses 
c
c simplify: round 3
c deduce added 				0 new implications
c variableElimination eliminated 	0 variables!
c selfSubsumption removed 		0 literals
c deduce added				0 new implications
c subsumption removed 			0 clauses 
c subsumption removed 			1 clauses 
c ================Preprocessing Finished=======================
c clauses: 506, variables: 451


c =================Computation Finished========================
c =======================Thread 0==============================
c decisions         : 66
c bcps              : 434
c conflicts         : 0
c aborted components: 0
c blocks            : 3
c backtracks        : 132
c backtrack dist    : 2.0303
c recomputations    : 0
c splits            : 38
c split ratio       : 5.0263
c =======================Thread 1==============================
c decisions         : 70
c bcps              : 464
c conflicts         : 0
c aborted components: 0
c blocks            : 1
c backtracks        : 140
c backtrack dist    : 1.9786
c recomputations    : 0
c splits            : 50
c split ratio       : 5.4400
c =======================Thread 2==============================
c decisions         : 64
c bcps              : 488
c conflicts         : 0
c aborted components: 0
c blocks            : 5
c backtracks        : 128
c backtrack dist    : 2.5703
c recomputations    : 0
c splits            : 59
c split ratio       : 2.4068
c =======================Thread 3==============================
c decisions         : 53
c bcps              : 347
c conflicts         : 0
c aborted components: 0
c blocks            : 3
c backtracks        : 106
c backtrack dist    : 1.9906
c recomputations    : 0
c splits            : 49
c split ratio       : 2.5918
c ===================Cache Statistics==========================
c tries..................: 423
c hits...................: 170
c hit rate...............: 40.1891 % 
c removed items..........: 0
c ===================Overall Statistics========================
c TOTAL backtracks.......: 506
c TOTAL backtrack dist...: 2.1443
c TOTAL recomputations...: 0
c #decisions.............: 253
c #bcp operations........: 1733
c split ratio............: 0.0000
c cpu time...............: 0.0123 s
c wall clock time........: 0.0097 s
c =========================================================
c model count............: 11132125097068432196619428950934145662203386218104469190350638065920376397784790095167919547141874833653354741524998598135324561336644403200000000000000
s SATISFIABLE
