c ======================================================
c countAntom, Jan Burchard, University of Freiburg, 2015
c   based on the antom SAT-solver, by Tobias Schubert   
c ======================================================
c cnf file...............: ../../501_Git_Repos/busybox-data/data//busybox//2007/2007-07-13_15-26-53/clean.dimacs
c #variables.............: 595
c #clauses...............: 481
c ======================= Settings ============================
c number of threads......: 4
c memory size............: 4000
c vsads factor...........: 0.5000
c enable IBCP............: no
c split into components..: yes
c only preprocessing.....: no
c Tseitin detection......: yes
c UPLA...................: yes
c self-subsumption.......: yes
c variable elimination...: yes
c simplfication rounds...: 4
c add dependencies.......: yes
c ==================Start Preprocessing========================
c deduce added 				5 new implications
c UPLA removed 6 equivalent variables
c Tseitin detection found 3 AND gates, 1 OR gates, 0 XOR gates, 0 EQUIV gates, 
c subsumption removed 			26 clauses 
c selfSubsumption removed 		3 literals
c
c simplify: round 0
c deduce added 				0 new implications
c variableElimination eliminated 	64 variables!
c selfSubsumption removed 		0 literals
c deduce added				0 new implications
c subsumption removed 			6 clauses 
c
c simplify: round 1
c deduce added 				0 new implications
c variableElimination eliminated 	1 variables!
c selfSubsumption removed 		2 literals
c deduce added				0 new implications
c subsumption removed 			0 clauses 
c
c simplify: round 2
c deduce added 				0 new implications
c variableElimination eliminated 	0 variables!
c selfSubsumption removed 		0 literals
c deduce added				0 new implications
c subsumption removed 			0 clauses 
c
c simplify: round 3
c deduce added 				0 new implications
c variableElimination eliminated 	0 variables!
c selfSubsumption removed 		0 literals
c deduce added				0 new implications
c subsumption removed 			0 clauses 
c subsumption removed 			1 clauses 
c ================Preprocessing Finished=======================
c clauses: 485, variables: 438


c =================Computation Finished========================
c =======================Thread 0==============================
c decisions         : 54
c bcps              : 403
c conflicts         : 0
c aborted components: 0
c blocks            : 1
c backtracks        : 108
c backtrack dist    : 1.9537
c recomputations    : 0
c splits            : 28
c split ratio       : 9.8929
c =======================Thread 1==============================
c decisions         : 50
c bcps              : 325
c conflicts         : 0
c aborted components: 0
c blocks            : 6
c backtracks        : 100
c backtrack dist    : 2.0900
c recomputations    : 0
c splits            : 19
c split ratio       : 6.5789
c =======================Thread 2==============================
c decisions         : 73
c bcps              : 464
c conflicts         : 0
c aborted components: 0
c blocks            : 2
c backtracks        : 146
c backtrack dist    : 2.0342
c recomputations    : 0
c splits            : 59
c split ratio       : 2.8305
c =======================Thread 3==============================
c decisions         : 48
c bcps              : 330
c conflicts         : 0
c aborted components: 0
c blocks            : 4
c backtracks        : 96
c backtrack dist    : 2.1146
c recomputations    : 0
c splits            : 49
c split ratio       : 2.1633
c ===================Cache Statistics==========================
c tries..................: 381
c hits...................: 156
c hit rate...............: 40.9449 % 
c removed items..........: 0
c ===================Overall Statistics========================
c TOTAL backtracks.......: 450
c TOTAL backtrack dist...: 2.0444
c TOTAL recomputations...: 0
c #decisions.............: 225
c #bcp operations........: 1522
c split ratio............: 0.0000
c cpu time...............: 0.0122 s
c wall clock time........: 0.0095 s
c =========================================================
c model count............: 3295107927611319228320747017046593561753322543106890034864164144830305835173720519717935005134752312579152204063609864398226330956595200000000000000
s SATISFIABLE
