c ======================================================
c countAntom, Jan Burchard, University of Freiburg, 2015
c   based on the antom SAT-solver, by Tobias Schubert   
c ======================================================
c cnf file...............: ../../501_Git_Repos/busybox-data/data//busybox//2007/2007-07-18_22-03-40/clean.dimacs
c #variables.............: 596
c #clauses...............: 481
c ======================= Settings ============================
c number of threads......: 4
c memory size............: 4000
c vsads factor...........: 0.5000
c enable IBCP............: no
c split into components..: yes
c only preprocessing.....: no
c Tseitin detection......: yes
c UPLA...................: yes
c self-subsumption.......: yes
c variable elimination...: yes
c simplfication rounds...: 4
c add dependencies.......: yes
c ==================Start Preprocessing========================
c deduce added 				5 new implications
c UPLA removed 6 equivalent variables
c Tseitin detection found 3 AND gates, 1 OR gates, 0 XOR gates, 0 EQUIV gates, 
c subsumption removed 			26 clauses 
c selfSubsumption removed 		3 literals
c
c simplify: round 0
c deduce added 				0 new implications
c variableElimination eliminated 	64 variables!
c selfSubsumption removed 		0 literals
c deduce added				0 new implications
c subsumption removed 			6 clauses 
c
c simplify: round 1
c deduce added 				0 new implications
c variableElimination eliminated 	1 variables!
c selfSubsumption removed 		2 literals
c deduce added				0 new implications
c subsumption removed 			0 clauses 
c
c simplify: round 2
c deduce added 				0 new implications
c variableElimination eliminated 	0 variables!
c selfSubsumption removed 		0 literals
c deduce added				0 new implications
c subsumption removed 			0 clauses 
c
c simplify: round 3
c deduce added 				0 new implications
c variableElimination eliminated 	0 variables!
c selfSubsumption removed 		0 literals
c deduce added				0 new implications
c subsumption removed 			0 clauses 
c subsumption removed 			1 clauses 
c ================Preprocessing Finished=======================
c clauses: 485, variables: 438


c =================Computation Finished========================
c =======================Thread 0==============================
c decisions         : 65
c bcps              : 471
c conflicts         : 0
c aborted components: 0
c blocks            : 1
c backtracks        : 130
c backtrack dist    : 1.9769
c recomputations    : 0
c splits            : 37
c split ratio       : 8.3514
c =======================Thread 1==============================
c decisions         : 58
c bcps              : 376
c conflicts         : 0
c aborted components: 0
c blocks            : 5
c backtracks        : 116
c backtrack dist    : 2.0862
c recomputations    : 0
c splits            : 42
c split ratio       : 3.0714
c =======================Thread 2==============================
c decisions         : 55
c bcps              : 373
c conflicts         : 0
c aborted components: 0
c blocks            : 5
c backtracks        : 110
c backtrack dist    : 2.0182
c recomputations    : 0
c splits            : 37
c split ratio       : 3.2432
c =======================Thread 3==============================
c decisions         : 51
c bcps              : 333
c conflicts         : 0
c aborted components: 0
c blocks            : 5
c backtracks        : 102
c backtrack dist    : 2.0000
c recomputations    : 0
c splits            : 44
c split ratio       : 3.0000
c ===================Cache Statistics==========================
c tries..................: 393
c hits...................: 164
c hit rate...............: 41.7303 % 
c removed items..........: 0
c ===================Overall Statistics========================
c TOTAL backtracks.......: 458
c TOTAL backtrack dist...: 2.0197
c TOTAL recomputations...: 0
c #decisions.............: 229
c #bcp operations........: 1553
c split ratio............: 0.0000
c cpu time...............: 0.0118 s
c wall clock time........: 0.0092 s
c =========================================================
c model count............: 6590215855222638456641494034093187123506645086213780069728328289660611670347441039435870010269504625158304408127219728796452661913190400000000000000
s SATISFIABLE
