c ======================================================
c countAntom, Jan Burchard, University of Freiburg, 2015
c   based on the antom SAT-solver, by Tobias Schubert   
c ======================================================
c cnf file...............: ../../501_Git_Repos/busybox-data/data//busybox//2007/2007-12-30_20-13-39/clean.dimacs
c #variables.............: 633
c #clauses...............: 521
c ======================= Settings ============================
c number of threads......: 4
c memory size............: 4000
c vsads factor...........: 0.5000
c enable IBCP............: no
c split into components..: yes
c only preprocessing.....: no
c Tseitin detection......: yes
c UPLA...................: yes
c self-subsumption.......: yes
c variable elimination...: yes
c simplfication rounds...: 4
c add dependencies.......: yes
c ==================Start Preprocessing========================
c deduce added 				6 new implications
c UPLA removed 8 equivalent variables
c Tseitin detection found 3 AND gates, 2 OR gates, 0 XOR gates, 0 EQUIV gates, 
c subsumption removed 			26 clauses 
c selfSubsumption removed 		3 literals
c
c simplify: round 0
c deduce added 				0 new implications
c variableElimination eliminated 	73 variables!
c selfSubsumption removed 		2 literals
c deduce added				0 new implications
c subsumption removed 			5 clauses 
c
c simplify: round 1
c deduce added 				0 new implications
c variableElimination eliminated 	0 variables!
c selfSubsumption removed 		0 literals
c deduce added				0 new implications
c subsumption removed 			0 clauses 
c
c simplify: round 2
c deduce added 				0 new implications
c variableElimination eliminated 	0 variables!
c selfSubsumption removed 		0 literals
c deduce added				0 new implications
c subsumption removed 			0 clauses 
c
c simplify: round 3
c deduce added 				0 new implications
c variableElimination eliminated 	0 variables!
c selfSubsumption removed 		0 literals
c deduce added				0 new implications
c subsumption removed 			0 clauses 
c subsumption removed 			2 clauses 
c ================Preprocessing Finished=======================
c clauses: 518, variables: 466


c =================Computation Finished========================
c =======================Thread 0==============================
c decisions         : 86
c bcps              : 565
c conflicts         : 0
c aborted components: 0
c blocks            : 1
c backtracks        : 172
c backtrack dist    : 1.9709
c recomputations    : 0
c splits            : 69
c split ratio       : 4.4928
c =======================Thread 1==============================
c decisions         : 52
c bcps              : 339
c conflicts         : 0
c aborted components: 0
c blocks            : 3
c backtracks        : 104
c backtrack dist    : 1.9904
c recomputations    : 0
c splits            : 47
c split ratio       : 2.6170
c =======================Thread 2==============================
c decisions         : 51
c bcps              : 361
c conflicts         : 0
c aborted components: 0
c blocks            : 4
c backtracks        : 102
c backtrack dist    : 2.0196
c recomputations    : 0
c splits            : 32
c split ratio       : 3.5000
c =======================Thread 3==============================
c decisions         : 52
c bcps              : 356
c conflicts         : 0
c aborted components: 0
c blocks            : 4
c backtracks        : 104
c backtrack dist    : 2.1442
c recomputations    : 0
c splits            : 26
c split ratio       : 6.2308
c ===================Cache Statistics==========================
c tries..................: 400
c hits...................: 159
c hit rate...............: 39.7500 % 
c removed items..........: 0
c ===================Overall Statistics========================
c TOTAL backtracks.......: 482
c TOTAL backtrack dist...: 2.0228
c TOTAL recomputations...: 0
c #decisions.............: 241
c #bcp operations........: 1621
c split ratio............: 0.0000
c cpu time...............: 0.0124 s
c wall clock time........: 0.0097 s
c =========================================================
c model count............: 284109363898247951250825049296431182339730224323023198624163335217584311670840624199070490745821543098362743266153163353914935270960466493440000000000000000
s SATISFIABLE
