c ======================================================
c countAntom, Jan Burchard, University of Freiburg, 2015
c   based on the antom SAT-solver, by Tobias Schubert   
c ======================================================
c cnf file...............: ../../501_Git_Repos/busybox-data/data//busybox//2007/2007-12-25_16-08-53/clean.dimacs
c #variables.............: 633
c #clauses...............: 521
c ======================= Settings ============================
c number of threads......: 4
c memory size............: 4000
c vsads factor...........: 0.5000
c enable IBCP............: no
c split into components..: yes
c only preprocessing.....: no
c Tseitin detection......: yes
c UPLA...................: yes
c self-subsumption.......: yes
c variable elimination...: yes
c simplfication rounds...: 4
c add dependencies.......: yes
c ==================Start Preprocessing========================
c deduce added 				6 new implications
c UPLA removed 8 equivalent variables
c Tseitin detection found 3 AND gates, 2 OR gates, 0 XOR gates, 0 EQUIV gates, 
c subsumption removed 			26 clauses 
c selfSubsumption removed 		3 literals
c
c simplify: round 0
c deduce added 				0 new implications
c variableElimination eliminated 	73 variables!
c selfSubsumption removed 		2 literals
c deduce added				0 new implications
c subsumption removed 			5 clauses 
c
c simplify: round 1
c deduce added 				0 new implications
c variableElimination eliminated 	0 variables!
c selfSubsumption removed 		0 literals
c deduce added				0 new implications
c subsumption removed 			0 clauses 
c
c simplify: round 2
c deduce added 				0 new implications
c variableElimination eliminated 	0 variables!
c selfSubsumption removed 		0 literals
c deduce added				0 new implications
c subsumption removed 			0 clauses 
c
c simplify: round 3
c deduce added 				0 new implications
c variableElimination eliminated 	0 variables!
c selfSubsumption removed 		0 literals
c deduce added				0 new implications
c subsumption removed 			0 clauses 
c subsumption removed 			2 clauses 
c ================Preprocessing Finished=======================
c clauses: 518, variables: 466


c =================Computation Finished========================
c =======================Thread 0==============================
c decisions         : 71
c bcps              : 487
c conflicts         : 0
c aborted components: 0
c blocks            : 1
c backtracks        : 142
c backtrack dist    : 1.9437
c recomputations    : 0
c splits            : 58
c split ratio       : 5.1552
c =======================Thread 1==============================
c decisions         : 50
c bcps              : 347
c conflicts         : 0
c aborted components: 0
c blocks            : 2
c backtracks        : 100
c backtrack dist    : 2.0100
c recomputations    : 0
c splits            : 28
c split ratio       : 5.7500
c =======================Thread 2==============================
c decisions         : 51
c bcps              : 344
c conflicts         : 0
c aborted components: 0
c blocks            : 3
c backtracks        : 102
c backtrack dist    : 2.0098
c recomputations    : 0
c splits            : 51
c split ratio       : 2.4118
c =======================Thread 3==============================
c decisions         : 61
c bcps              : 409
c conflicts         : 0
c aborted components: 0
c blocks            : 4
c backtracks        : 122
c backtrack dist    : 2.0164
c recomputations    : 0
c splits            : 30
c split ratio       : 4.2667
c ===================Cache Statistics==========================
c tries..................: 413
c hits...................: 180
c hit rate...............: 43.5835 % 
c removed items..........: 0
c ===================Overall Statistics========================
c TOTAL backtracks.......: 466
c TOTAL backtrack dist...: 1.9914
c TOTAL recomputations...: 0
c #decisions.............: 233
c #bcp operations........: 1587
c split ratio............: 0.0000
c cpu time...............: 0.0125 s
c wall clock time........: 0.0097 s
c =========================================================
c model count............: 284109363898247951250825049296431182339730224323023198624163335217584311670840624199070490745821543098362743266153163353914935270960466493440000000000000000
s SATISFIABLE
