c ======================================================
c countAntom, Jan Burchard, University of Freiburg, 2015
c   based on the antom SAT-solver, by Tobias Schubert   
c ======================================================
c cnf file...............: ../../501_Git_Repos/busybox-data/data//busybox//2007/2007-05-20_22-22-18/clean.dimacs
c #variables.............: 575
c #clauses...............: 463
c ======================= Settings ============================
c number of threads......: 4
c memory size............: 4000
c vsads factor...........: 0.5000
c enable IBCP............: no
c split into components..: yes
c only preprocessing.....: no
c Tseitin detection......: yes
c UPLA...................: yes
c self-subsumption.......: yes
c variable elimination...: yes
c simplfication rounds...: 4
c add dependencies.......: yes
c ==================Start Preprocessing========================
c deduce added 				5 new implications
c UPLA removed 4 equivalent variables
c Tseitin detection found 3 AND gates, 1 OR gates, 0 XOR gates, 0 EQUIV gates, 
c subsumption removed 			25 clauses 
c selfSubsumption removed 		3 literals
c
c simplify: round 0
c deduce added 				0 new implications
c variableElimination eliminated 	64 variables!
c selfSubsumption removed 		0 literals
c deduce added				0 new implications
c subsumption removed 			10 clauses 
c
c simplify: round 1
c deduce added 				0 new implications
c variableElimination eliminated 	1 variables!
c selfSubsumption removed 		0 literals
c deduce added				0 new implications
c subsumption removed 			0 clauses 
c
c simplify: round 2
c deduce added 				0 new implications
c variableElimination eliminated 	0 variables!
c selfSubsumption removed 		0 literals
c deduce added				0 new implications
c subsumption removed 			0 clauses 
c
c simplify: round 3
c deduce added 				0 new implications
c variableElimination eliminated 	0 variables!
c selfSubsumption removed 		0 literals
c deduce added				0 new implications
c subsumption removed 			0 clauses 
c subsumption removed 			4 clauses 
c ================Preprocessing Finished=======================
c clauses: 467, variables: 424


c =================Computation Finished========================
c =======================Thread 0==============================
c decisions         : 61
c bcps              : 414
c conflicts         : 0
c aborted components: 0
c blocks            : 1
c backtracks        : 122
c backtrack dist    : 1.9426
c recomputations    : 0
c splits            : 46
c split ratio       : 5.5217
c =======================Thread 1==============================
c decisions         : 58
c bcps              : 371
c conflicts         : 0
c aborted components: 0
c blocks            : 3
c backtracks        : 116
c backtrack dist    : 2.0172
c recomputations    : 0
c splits            : 51
c split ratio       : 2.6471
c =======================Thread 2==============================
c decisions         : 50
c bcps              : 310
c conflicts         : 0
c aborted components: 0
c blocks            : 4
c backtracks        : 100
c backtrack dist    : 1.9900
c recomputations    : 0
c splits            : 21
c split ratio       : 6.2381
c =======================Thread 3==============================
c decisions         : 56
c bcps              : 393
c conflicts         : 0
c aborted components: 0
c blocks            : 4
c backtracks        : 112
c backtrack dist    : 2.1339
c recomputations    : 0
c splits            : 39
c split ratio       : 3.1538
c ===================Cache Statistics==========================
c tries..................: 351
c hits...................: 126
c hit rate...............: 35.8974 % 
c removed items..........: 0
c ===================Overall Statistics========================
c TOTAL backtracks.......: 450
c TOTAL backtrack dist...: 2.0200
c TOTAL recomputations...: 0
c #decisions.............: 225
c #bcp operations........: 1488
c split ratio............: 0.0000
c cpu time...............: 0.0115 s
c wall clock time........: 0.0091 s
c =========================================================
c model count............: 50673207120451348527013567575972050836266043738544157208144456296144110533597050845465697607002598064818414703096376402203010662400000000000000
s SATISFIABLE
