c ======================================================
c countAntom, Jan Burchard, University of Freiburg, 2015
c   based on the antom SAT-solver, by Tobias Schubert   
c ======================================================
c cnf file...............: ../../501_Git_Repos/busybox-data/data//busybox//2007/2007-10-17_14-33-31/clean.dimacs
c #variables.............: 619
c #clauses...............: 509
c ======================= Settings ============================
c number of threads......: 4
c memory size............: 4000
c vsads factor...........: 0.5000
c enable IBCP............: no
c split into components..: yes
c only preprocessing.....: no
c Tseitin detection......: yes
c UPLA...................: yes
c self-subsumption.......: yes
c variable elimination...: yes
c simplfication rounds...: 4
c add dependencies.......: yes
c ==================Start Preprocessing========================
c deduce added 				5 new implications
c UPLA removed 7 equivalent variables
c Tseitin detection found 3 AND gates, 1 OR gates, 0 XOR gates, 0 EQUIV gates, 
c subsumption removed 			25 clauses 
c selfSubsumption removed 		3 literals
c
c simplify: round 0
c deduce added 				0 new implications
c variableElimination eliminated 	71 variables!
c selfSubsumption removed 		0 literals
c deduce added				0 new implications
c subsumption removed 			7 clauses 
c
c simplify: round 1
c deduce added 				0 new implications
c variableElimination eliminated 	1 variables!
c selfSubsumption removed 		2 literals
c deduce added				0 new implications
c subsumption removed 			0 clauses 
c
c simplify: round 2
c deduce added 				0 new implications
c variableElimination eliminated 	0 variables!
c selfSubsumption removed 		0 literals
c deduce added				0 new implications
c subsumption removed 			0 clauses 
c
c simplify: round 3
c deduce added 				0 new implications
c variableElimination eliminated 	0 variables!
c selfSubsumption removed 		0 literals
c deduce added				0 new implications
c subsumption removed 			0 clauses 
c subsumption removed 			3 clauses 
c ================Preprocessing Finished=======================
c clauses: 512, variables: 455


c =================Computation Finished========================
c =======================Thread 0==============================
c decisions         : 57
c bcps              : 409
c conflicts         : 0
c aborted components: 0
c blocks            : 1
c backtracks        : 114
c backtrack dist    : 1.9649
c recomputations    : 0
c splits            : 59
c split ratio       : 4.1864
c =======================Thread 1==============================
c decisions         : 58
c bcps              : 401
c conflicts         : 0
c aborted components: 0
c blocks            : 3
c backtracks        : 116
c backtrack dist    : 2.1638
c recomputations    : 0
c splits            : 50
c split ratio       : 2.5000
c =======================Thread 2==============================
c decisions         : 66
c bcps              : 431
c conflicts         : 0
c aborted components: 0
c blocks            : 3
c backtracks        : 132
c backtrack dist    : 2.1212
c recomputations    : 0
c splits            : 51
c split ratio       : 3.0196
c =======================Thread 3==============================
c decisions         : 66
c bcps              : 436
c conflicts         : 0
c aborted components: 0
c blocks            : 3
c backtracks        : 132
c backtrack dist    : 1.9924
c recomputations    : 0
c splits            : 32
c split ratio       : 6.0000
c ===================Cache Statistics==========================
c tries..................: 417
c hits...................: 170
c hit rate...............: 40.7674 % 
c removed items..........: 0
c ===================Overall Statistics========================
c TOTAL backtracks.......: 494
c TOTAL backtrack dist...: 2.0607
c TOTAL recomputations...: 0
c #decisions.............: 247
c #bcp operations........: 1677
c split ratio............: 0.0000
c cpu time...............: 0.0132 s
c wall clock time........: 0.0105 s
c =========================================================
c model count............: 567218309575854527468886754912679648597954043285837924257542561579410233783909956655549878123536321184369352691689470294729824745724628172800000000000000
s SATISFIABLE
