c ======================================================
c countAntom, Jan Burchard, University of Freiburg, 2015
c   based on the antom SAT-solver, by Tobias Schubert   
c ======================================================
c cnf file...............: ../../501_Git_Repos/busybox-data/data//busybox//2007/2007-08-12_21-33-06/clean.dimacs
c #variables.............: 603
c #clauses...............: 487
c ======================= Settings ============================
c number of threads......: 4
c memory size............: 4000
c vsads factor...........: 0.5000
c enable IBCP............: no
c split into components..: yes
c only preprocessing.....: no
c Tseitin detection......: yes
c UPLA...................: yes
c self-subsumption.......: yes
c variable elimination...: yes
c simplfication rounds...: 4
c add dependencies.......: yes
c ==================Start Preprocessing========================
c deduce added 				6 new implications
c UPLA removed 6 equivalent variables
c Tseitin detection found 3 AND gates, 1 OR gates, 0 XOR gates, 0 EQUIV gates, 
c subsumption removed 			25 clauses 
c selfSubsumption removed 		3 literals
c
c simplify: round 0
c deduce added 				0 new implications
c variableElimination eliminated 	65 variables!
c selfSubsumption removed 		0 literals
c deduce added				0 new implications
c subsumption removed 			7 clauses 
c
c simplify: round 1
c deduce added 				0 new implications
c variableElimination eliminated 	1 variables!
c selfSubsumption removed 		2 literals
c deduce added				0 new implications
c subsumption removed 			0 clauses 
c
c simplify: round 2
c deduce added 				0 new implications
c variableElimination eliminated 	0 variables!
c selfSubsumption removed 		0 literals
c deduce added				0 new implications
c subsumption removed 			0 clauses 
c
c simplify: round 3
c deduce added 				0 new implications
c variableElimination eliminated 	0 variables!
c selfSubsumption removed 		0 literals
c deduce added				0 new implications
c subsumption removed 			0 clauses 
c subsumption removed 			2 clauses 
c ================Preprocessing Finished=======================
c clauses: 490, variables: 442


c =================Computation Finished========================
c =======================Thread 0==============================
c decisions         : 73
c bcps              : 490
c conflicts         : 0
c aborted components: 0
c blocks            : 1
c backtracks        : 146
c backtrack dist    : 1.9658
c recomputations    : 0
c splits            : 56
c split ratio       : 5.0179
c =======================Thread 1==============================
c decisions         : 60
c bcps              : 407
c conflicts         : 0
c aborted components: 0
c blocks            : 4
c backtracks        : 120
c backtrack dist    : 2.1583
c recomputations    : 0
c splits            : 39
c split ratio       : 3.2821
c =======================Thread 2==============================
c decisions         : 46
c bcps              : 322
c conflicts         : 0
c aborted components: 0
c blocks            : 4
c backtracks        : 92
c backtrack dist    : 2.0326
c recomputations    : 0
c splits            : 22
c split ratio       : 6.6364
c =======================Thread 3==============================
c decisions         : 53
c bcps              : 341
c conflicts         : 0
c aborted components: 0
c blocks            : 2
c backtracks        : 106
c backtrack dist    : 2.0094
c recomputations    : 0
c splits            : 49
c split ratio       : 2.5306
c ===================Cache Statistics==========================
c tries..................: 382
c hits...................: 150
c hit rate...............: 39.2670 % 
c removed items..........: 0
c ===================Overall Statistics========================
c TOTAL backtracks.......: 464
c TOTAL backtrack dist...: 2.0388
c TOTAL recomputations...: 0
c #decisions.............: 232
c #bcp operations........: 1560
c split ratio............: 0.0000
c cpu time...............: 0.0123 s
c wall clock time........: 0.0097 s
c =========================================================
c model count............: 315445809504658314154151485812108415976597783682372977262880336242493958978703811217694845193683032968011828254913096674724548817033625600000000000000
s SATISFIABLE
