c ======================================================
c countAntom, Jan Burchard, University of Freiburg, 2015
c   based on the antom SAT-solver, by Tobias Schubert   
c ======================================================
c cnf file...............: ../../501_Git_Repos/busybox-data/data//busybox//2007/2007-11-22_21-41-14/clean.dimacs
c #variables.............: 628
c #clauses...............: 516
c ======================= Settings ============================
c number of threads......: 4
c memory size............: 4000
c vsads factor...........: 0.5000
c enable IBCP............: no
c split into components..: yes
c only preprocessing.....: no
c Tseitin detection......: yes
c UPLA...................: yes
c self-subsumption.......: yes
c variable elimination...: yes
c simplfication rounds...: 4
c add dependencies.......: yes
c ==================Start Preprocessing========================
c deduce added 				5 new implications
c UPLA removed 7 equivalent variables
c Tseitin detection found 3 AND gates, 1 OR gates, 0 XOR gates, 0 EQUIV gates, 
c subsumption removed 			27 clauses 
c selfSubsumption removed 		2 literals
c
c simplify: round 0
c deduce added 				0 new implications
c variableElimination eliminated 	71 variables!
c selfSubsumption removed 		0 literals
c deduce added				0 new implications
c subsumption removed 			7 clauses 
c
c simplify: round 1
c deduce added 				0 new implications
c variableElimination eliminated 	1 variables!
c selfSubsumption removed 		2 literals
c deduce added				0 new implications
c subsumption removed 			0 clauses 
c
c simplify: round 2
c deduce added 				0 new implications
c variableElimination eliminated 	0 variables!
c selfSubsumption removed 		0 literals
c deduce added				0 new implications
c subsumption removed 			0 clauses 
c
c simplify: round 3
c deduce added 				0 new implications
c variableElimination eliminated 	0 variables!
c selfSubsumption removed 		0 literals
c deduce added				0 new implications
c subsumption removed 			0 clauses 
c subsumption removed 			2 clauses 
c ================Preprocessing Finished=======================
c clauses: 516, variables: 463


c =================Computation Finished========================
c =======================Thread 0==============================
c decisions         : 85
c bcps              : 578
c conflicts         : 0
c aborted components: 0
c blocks            : 1
c backtracks        : 170
c backtrack dist    : 1.9765
c recomputations    : 0
c splits            : 71
c split ratio       : 4.6620
c =======================Thread 1==============================
c decisions         : 72
c bcps              : 512
c conflicts         : 0
c aborted components: 0
c blocks            : 6
c backtracks        : 144
c backtrack dist    : 2.2431
c recomputations    : 0
c splits            : 70
c split ratio       : 2.2143
c =======================Thread 2==============================
c decisions         : 57
c bcps              : 392
c conflicts         : 0
c aborted components: 0
c blocks            : 5
c backtracks        : 114
c backtrack dist    : 2.0000
c recomputations    : 0
c splits            : 48
c split ratio       : 2.9167
c =======================Thread 3==============================
c decisions         : 58
c bcps              : 385
c conflicts         : 0
c aborted components: 0
c blocks            : 4
c backtracks        : 116
c backtrack dist    : 1.9655
c recomputations    : 0
c splits            : 38
c split ratio       : 4.6579
c ===================Cache Statistics==========================
c tries..................: 487
c hits...................: 215
c hit rate...............: 44.1478 % 
c removed items..........: 0
c ===================Overall Statistics========================
c TOTAL backtracks.......: 544
c TOTAL backtrack dist...: 2.0496
c TOTAL recomputations...: 0
c #decisions.............: 272
c #bcp operations........: 1867
c split ratio............: 0.0000
c cpu time...............: 0.0135 s
c wall clock time........: 0.0107 s
c =========================================================
c model count............: 108874108161742871271863307972188060420693351020776938387915573716589524923950411379661413587062573114472797747764449301539749946512889610240000000000000000
s SATISFIABLE
