c ======================================================
c countAntom, Jan Burchard, University of Freiburg, 2015
c   based on the antom SAT-solver, by Tobias Schubert   
c ======================================================
c cnf file...............: ../../501_Git_Repos/busybox-data/data//busybox//2007/2007-12-22_19-57-28/clean.dimacs
c #variables.............: 630
c #clauses...............: 517
c ======================= Settings ============================
c number of threads......: 4
c memory size............: 4000
c vsads factor...........: 0.5000
c enable IBCP............: no
c split into components..: yes
c only preprocessing.....: no
c Tseitin detection......: yes
c UPLA...................: yes
c self-subsumption.......: yes
c variable elimination...: yes
c simplfication rounds...: 4
c add dependencies.......: yes
c ==================Start Preprocessing========================
c deduce added 				6 new implications
c UPLA removed 7 equivalent variables
c Tseitin detection found 3 AND gates, 2 OR gates, 0 XOR gates, 0 EQUIV gates, 
c subsumption removed 			27 clauses 
c selfSubsumption removed 		2 literals
c
c simplify: round 0
c deduce added 				0 new implications
c variableElimination eliminated 	71 variables!
c selfSubsumption removed 		2 literals
c deduce added				0 new implications
c subsumption removed 			5 clauses 
c
c simplify: round 1
c deduce added 				0 new implications
c variableElimination eliminated 	0 variables!
c selfSubsumption removed 		0 literals
c deduce added				0 new implications
c subsumption removed 			0 clauses 
c
c simplify: round 2
c deduce added 				0 new implications
c variableElimination eliminated 	0 variables!
c selfSubsumption removed 		0 literals
c deduce added				0 new implications
c subsumption removed 			0 clauses 
c
c simplify: round 3
c deduce added 				0 new implications
c variableElimination eliminated 	0 variables!
c selfSubsumption removed 		0 literals
c deduce added				0 new implications
c subsumption removed 			0 clauses 
c subsumption removed 			2 clauses 
c ================Preprocessing Finished=======================
c clauses: 512, variables: 464


c =================Computation Finished========================
c =======================Thread 0==============================
c decisions         : 62
c bcps              : 477
c conflicts         : 0
c aborted components: 0
c blocks            : 1
c backtracks        : 124
c backtrack dist    : 1.9677
c recomputations    : 0
c splits            : 58
c split ratio       : 5.3276
c =======================Thread 1==============================
c decisions         : 53
c bcps              : 352
c conflicts         : 0
c aborted components: 0
c blocks            : 4
c backtracks        : 106
c backtrack dist    : 1.9906
c recomputations    : 0
c splits            : 48
c split ratio       : 2.9167
c =======================Thread 2==============================
c decisions         : 43
c bcps              : 292
c conflicts         : 0
c aborted components: 0
c blocks            : 4
c backtracks        : 86
c backtrack dist    : 2.0581
c recomputations    : 0
c splits            : 20
c split ratio       : 4.8500
c =======================Thread 3==============================
c decisions         : 87
c bcps              : 553
c conflicts         : 0
c aborted components: 0
c blocks            : 3
c backtracks        : 174
c backtrack dist    : 1.9828
c recomputations    : 0
c splits            : 45
c split ratio       : 4.7778
c ===================Cache Statistics==========================
c tries..................: 443
c hits...................: 198
c hit rate...............: 44.6953 % 
c removed items..........: 0
c ===================Overall Statistics========================
c TOTAL backtracks.......: 490
c TOTAL backtrack dist...: 1.9939
c TOTAL recomputations...: 0
c #decisions.............: 245
c #bcp operations........: 1674
c split ratio............: 0.0000
c cpu time...............: 0.0128 s
c wall clock time........: 0.0099 s
c =========================================================
c model count............: 126597954899469087284141874541191582817137502152595731240781976854179547279716045890812674804227763873204208516761524642041968726943098470400000000000000000
s SATISFIABLE
