c ======================================================
c countAntom, Jan Burchard, University of Freiburg, 2015
c   based on the antom SAT-solver, by Tobias Schubert   
c ======================================================
c cnf file...............: ../../501_Git_Repos/busybox-data/data//busybox//2007/2007-07-21_22-29-26/clean.dimacs
c #variables.............: 598
c #clauses...............: 482
c ======================= Settings ============================
c number of threads......: 4
c memory size............: 4000
c vsads factor...........: 0.5000
c enable IBCP............: no
c split into components..: yes
c only preprocessing.....: no
c Tseitin detection......: yes
c UPLA...................: yes
c self-subsumption.......: yes
c variable elimination...: yes
c simplfication rounds...: 4
c add dependencies.......: yes
c ==================Start Preprocessing========================
c deduce added 				6 new implications
c UPLA removed 6 equivalent variables
c Tseitin detection found 3 AND gates, 1 OR gates, 0 XOR gates, 0 EQUIV gates, 
c subsumption removed 			24 clauses 
c selfSubsumption removed 		3 literals
c
c simplify: round 0
c deduce added 				0 new implications
c variableElimination eliminated 	64 variables!
c selfSubsumption removed 		0 literals
c deduce added				0 new implications
c subsumption removed 			6 clauses 
c
c simplify: round 1
c deduce added 				0 new implications
c variableElimination eliminated 	1 variables!
c selfSubsumption removed 		2 literals
c deduce added				0 new implications
c subsumption removed 			0 clauses 
c
c simplify: round 2
c deduce added 				0 new implications
c variableElimination eliminated 	0 variables!
c selfSubsumption removed 		0 literals
c deduce added				0 new implications
c subsumption removed 			0 clauses 
c
c simplify: round 3
c deduce added 				0 new implications
c variableElimination eliminated 	0 variables!
c selfSubsumption removed 		0 literals
c deduce added				0 new implications
c subsumption removed 			0 clauses 
c subsumption removed 			3 clauses 
c ================Preprocessing Finished=======================
c clauses: 485, variables: 438


c =================Computation Finished========================
c =======================Thread 0==============================
c decisions         : 62
c bcps              : 451
c conflicts         : 0
c aborted components: 0
c blocks            : 1
c backtracks        : 124
c backtrack dist    : 1.9516
c recomputations    : 0
c splits            : 38
c split ratio       : 7.8158
c =======================Thread 1==============================
c decisions         : 49
c bcps              : 321
c conflicts         : 0
c aborted components: 0
c blocks            : 5
c backtracks        : 98
c backtrack dist    : 2.1531
c recomputations    : 0
c splits            : 40
c split ratio       : 2.7750
c =======================Thread 2==============================
c decisions         : 61
c bcps              : 411
c conflicts         : 0
c aborted components: 0
c blocks            : 3
c backtracks        : 122
c backtrack dist    : 2.0492
c recomputations    : 0
c splits            : 31
c split ratio       : 5.5484
c =======================Thread 3==============================
c decisions         : 58
c bcps              : 404
c conflicts         : 0
c aborted components: 0
c blocks            : 7
c backtracks        : 116
c backtrack dist    : 2.1810
c recomputations    : 0
c splits            : 51
c split ratio       : 2.4902
c ===================Cache Statistics==========================
c tries..................: 408
c hits...................: 178
c hit rate...............: 43.6275 % 
c removed items..........: 0
c ===================Overall Statistics========================
c TOTAL backtracks.......: 460
c TOTAL backtrack dist...: 2.0783
c TOTAL recomputations...: 0
c #decisions.............: 230
c #bcp operations........: 1587
c split ratio............: 0.0000
c cpu time...............: 0.0123 s
c wall clock time........: 0.0095 s
c =========================================================
c model count............: 13180431710445276913282988068186374247013290172427560139456656579321223340694882078871740020539009250316608816254439457592905323826380800000000000000
s SATISFIABLE
