c ======================================================
c countAntom, Jan Burchard, University of Freiburg, 2015
c   based on the antom SAT-solver, by Tobias Schubert   
c ======================================================
c cnf file...............: ../../501_Git_Repos/busybox-data/data//busybox//2007/2007-05-24_13-52-46/clean.dimacs
c #variables.............: 578
c #clauses...............: 463
c ======================= Settings ============================
c number of threads......: 4
c memory size............: 4000
c vsads factor...........: 0.5000
c enable IBCP............: no
c split into components..: yes
c only preprocessing.....: no
c Tseitin detection......: yes
c UPLA...................: yes
c self-subsumption.......: yes
c variable elimination...: yes
c simplfication rounds...: 4
c add dependencies.......: yes
c ==================Start Preprocessing========================
c deduce added 				5 new implications
c UPLA removed 4 equivalent variables
c Tseitin detection found 3 AND gates, 1 OR gates, 0 XOR gates, 0 EQUIV gates, 
c subsumption removed 			26 clauses 
c selfSubsumption removed 		3 literals
c
c simplify: round 0
c deduce added 				0 new implications
c variableElimination eliminated 	64 variables!
c selfSubsumption removed 		0 literals
c deduce added				0 new implications
c subsumption removed 			10 clauses 
c
c simplify: round 1
c deduce added 				0 new implications
c variableElimination eliminated 	1 variables!
c selfSubsumption removed 		0 literals
c deduce added				0 new implications
c subsumption removed 			0 clauses 
c
c simplify: round 2
c deduce added 				0 new implications
c variableElimination eliminated 	0 variables!
c selfSubsumption removed 		0 literals
c deduce added				0 new implications
c subsumption removed 			0 clauses 
c
c simplify: round 3
c deduce added 				0 new implications
c variableElimination eliminated 	0 variables!
c selfSubsumption removed 		0 literals
c deduce added				0 new implications
c subsumption removed 			0 clauses 
c subsumption removed 			3 clauses 
c ================Preprocessing Finished=======================
c clauses: 467, variables: 424


c =================Computation Finished========================
c =======================Thread 0==============================
c decisions         : 63
c bcps              : 446
c conflicts         : 0
c aborted components: 0
c blocks            : 1
c backtracks        : 126
c backtrack dist    : 1.9603
c recomputations    : 0
c splits            : 60
c split ratio       : 4.4000
c =======================Thread 1==============================
c decisions         : 68
c bcps              : 427
c conflicts         : 0
c aborted components: 0
c blocks            : 3
c backtracks        : 136
c backtrack dist    : 2.0809
c recomputations    : 0
c splits            : 26
c split ratio       : 6.4615
c =======================Thread 2==============================
c decisions         : 45
c bcps              : 316
c conflicts         : 0
c aborted components: 0
c blocks            : 5
c backtracks        : 90
c backtrack dist    : 2.0556
c recomputations    : 0
c splits            : 44
c split ratio       : 2.2500
c =======================Thread 3==============================
c decisions         : 57
c bcps              : 359
c conflicts         : 0
c aborted components: 0
c blocks            : 4
c backtracks        : 114
c backtrack dist    : 1.9386
c recomputations    : 0
c splits            : 43
c split ratio       : 3.0698
c ===================Cache Statistics==========================
c tries..................: 371
c hits...................: 138
c hit rate...............: 37.1968 % 
c removed items..........: 0
c ===================Overall Statistics========================
c TOTAL backtracks.......: 466
c TOTAL backtrack dist...: 2.0086
c TOTAL recomputations...: 0
c #decisions.............: 233
c #bcp operations........: 1548
c split ratio............: 0.0000
c cpu time...............: 0.0114 s
c wall clock time........: 0.0088 s
c =========================================================
c model count............: 405385656963610788216108540607776406690128349908353257665155650369152884268776406763725580856020784518547317624771011217624085299200000000000000
s SATISFIABLE
