c ======================================================
c countAntom, Jan Burchard, University of Freiburg, 2015
c   based on the antom SAT-solver, by Tobias Schubert   
c ======================================================
c cnf file...............: ../../501_Git_Repos/busybox-data/data//busybox//2007/2007-11-23_23-39-01/clean.dimacs
c #variables.............: 627
c #clauses...............: 511
c ======================= Settings ============================
c number of threads......: 4
c memory size............: 4000
c vsads factor...........: 0.5000
c enable IBCP............: no
c split into components..: yes
c only preprocessing.....: no
c Tseitin detection......: yes
c UPLA...................: yes
c self-subsumption.......: yes
c variable elimination...: yes
c simplfication rounds...: 4
c add dependencies.......: yes
c ==================Start Preprocessing========================
c deduce added 				5 new implications
c UPLA removed 7 equivalent variables
c Tseitin detection found 3 AND gates, 1 OR gates, 0 XOR gates, 0 EQUIV gates, 
c subsumption removed 			27 clauses 
c selfSubsumption removed 		2 literals
c
c simplify: round 0
c deduce added 				0 new implications
c variableElimination eliminated 	71 variables!
c selfSubsumption removed 		2 literals
c deduce added				0 new implications
c subsumption removed 			5 clauses 
c
c simplify: round 1
c deduce added 				0 new implications
c variableElimination eliminated 	0 variables!
c selfSubsumption removed 		0 literals
c deduce added				0 new implications
c subsumption removed 			0 clauses 
c
c simplify: round 2
c deduce added 				0 new implications
c variableElimination eliminated 	0 variables!
c selfSubsumption removed 		0 literals
c deduce added				0 new implications
c subsumption removed 			0 clauses 
c
c simplify: round 3
c deduce added 				0 new implications
c variableElimination eliminated 	0 variables!
c selfSubsumption removed 		0 literals
c deduce added				0 new implications
c subsumption removed 			0 clauses 
c subsumption removed 			2 clauses 
c ================Preprocessing Finished=======================
c clauses: 511, variables: 463


c =================Computation Finished========================
c =======================Thread 0==============================
c decisions         : 77
c bcps              : 527
c conflicts         : 0
c aborted components: 0
c blocks            : 1
c backtracks        : 154
c backtrack dist    : 1.9610
c recomputations    : 0
c splits            : 46
c split ratio       : 7.4130
c =======================Thread 1==============================
c decisions         : 61
c bcps              : 424
c conflicts         : 0
c aborted components: 0
c blocks            : 5
c backtracks        : 122
c backtrack dist    : 2.0902
c recomputations    : 0
c splits            : 48
c split ratio       : 2.8333
c =======================Thread 2==============================
c decisions         : 50
c bcps              : 350
c conflicts         : 0
c aborted components: 0
c blocks            : 4
c backtracks        : 100
c backtrack dist    : 1.9800
c recomputations    : 0
c splits            : 26
c split ratio       : 5.8462
c =======================Thread 3==============================
c decisions         : 44
c bcps              : 299
c conflicts         : 0
c aborted components: 0
c blocks            : 4
c backtracks        : 88
c backtrack dist    : 2.1136
c recomputations    : 0
c splits            : 41
c split ratio       : 2.3415
c ===================Cache Statistics==========================
c tries..................: 423
c hits...................: 191
c hit rate...............: 45.1537 % 
c removed items..........: 0
c ===================Overall Statistics========================
c TOTAL backtracks.......: 464
c TOTAL backtrack dist...: 2.0280
c TOTAL recomputations...: 0
c #decisions.............: 232
c #bcp operations........: 1600
c split ratio............: 0.0000
c cpu time...............: 0.0130 s
c wall clock time........: 0.0103 s
c =========================================================
c model count............: 63324723393543920744341363910663551837840925789987078125727517748015133508742696346099986770617141467203504284516929555349879256647938867200000000000000000
s SATISFIABLE
