c ======================================================
c countAntom, Jan Burchard, University of Freiburg, 2015
c   based on the antom SAT-solver, by Tobias Schubert   
c ======================================================
c cnf file...............: ../../501_Git_Repos/busybox-data/data//busybox//2007/2007-09-21_22-48-02/clean.dimacs
c #variables.............: 616
c #clauses...............: 505
c ======================= Settings ============================
c number of threads......: 4
c memory size............: 4000
c vsads factor...........: 0.5000
c enable IBCP............: no
c split into components..: yes
c only preprocessing.....: no
c Tseitin detection......: yes
c UPLA...................: yes
c self-subsumption.......: yes
c variable elimination...: yes
c simplfication rounds...: 4
c add dependencies.......: yes
c ==================Start Preprocessing========================
c deduce added 				5 new implications
c UPLA removed 7 equivalent variables
c Tseitin detection found 3 AND gates, 1 OR gates, 0 XOR gates, 0 EQUIV gates, 
c subsumption removed 			26 clauses 
c selfSubsumption removed 		3 literals
c
c simplify: round 0
c deduce added 				0 new implications
c variableElimination eliminated 	69 variables!
c selfSubsumption removed 		0 literals
c deduce added				0 new implications
c subsumption removed 			7 clauses 
c
c simplify: round 1
c deduce added 				0 new implications
c variableElimination eliminated 	1 variables!
c selfSubsumption removed 		2 literals
c deduce added				0 new implications
c subsumption removed 			0 clauses 
c
c simplify: round 2
c deduce added 				0 new implications
c variableElimination eliminated 	0 variables!
c selfSubsumption removed 		0 literals
c deduce added				0 new implications
c subsumption removed 			0 clauses 
c
c simplify: round 3
c deduce added 				0 new implications
c variableElimination eliminated 	0 variables!
c selfSubsumption removed 		0 literals
c deduce added				0 new implications
c subsumption removed 			0 clauses 
c subsumption removed 			1 clauses 
c ================Preprocessing Finished=======================
c clauses: 509, variables: 454


c =================Computation Finished========================
c =======================Thread 0==============================
c decisions         : 72
c bcps              : 494
c conflicts         : 0
c aborted components: 0
c blocks            : 1
c backtracks        : 144
c backtrack dist    : 1.9514
c recomputations    : 0
c splits            : 64
c split ratio       : 4.3594
c =======================Thread 1==============================
c decisions         : 57
c bcps              : 374
c conflicts         : 0
c aborted components: 0
c blocks            : 4
c backtracks        : 114
c backtrack dist    : 2.0175
c recomputations    : 0
c splits            : 38
c split ratio       : 3.1842
c =======================Thread 2==============================
c decisions         : 59
c bcps              : 372
c conflicts         : 0
c aborted components: 0
c blocks            : 3
c backtracks        : 118
c backtrack dist    : 1.9746
c recomputations    : 0
c splits            : 42
c split ratio       : 3.2381
c =======================Thread 3==============================
c decisions         : 47
c bcps              : 324
c conflicts         : 0
c aborted components: 0
c blocks            : 3
c backtracks        : 94
c backtrack dist    : 2.0000
c recomputations    : 0
c splits            : 22
c split ratio       : 6.9091
c ===================Cache Statistics==========================
c tries..................: 385
c hits...................: 150
c hit rate...............: 38.9610 % 
c removed items..........: 0
c ===================Overall Statistics========================
c TOTAL backtracks.......: 470
c TOTAL backtrack dist...: 1.9830
c TOTAL recomputations...: 0
c #decisions.............: 235
c #bcp operations........: 1564
c split ratio............: 0.0000
c cpu time...............: 0.0120 s
c wall clock time........: 0.0096 s
c =========================================================
c model count............: 158832612566425829767090796613262369038943282578907346191294210955813613926916869867253059934390675714393354094481919082114722478893406617600000000000000
s SATISFIABLE
