c ======================================================
c countAntom, Jan Burchard, University of Freiburg, 2015
c   based on the antom SAT-solver, by Tobias Schubert   
c ======================================================
c cnf file...............: ../../501_Git_Repos/busybox-data/data//busybox//2007/2007-10-10_20-53-41/clean.dimacs
c #variables.............: 617
c #clauses...............: 508
c ======================= Settings ============================
c number of threads......: 4
c memory size............: 4000
c vsads factor...........: 0.5000
c enable IBCP............: no
c split into components..: yes
c only preprocessing.....: no
c Tseitin detection......: yes
c UPLA...................: yes
c self-subsumption.......: yes
c variable elimination...: yes
c simplfication rounds...: 4
c add dependencies.......: yes
c ==================Start Preprocessing========================
c deduce added 				5 new implications
c UPLA removed 7 equivalent variables
c Tseitin detection found 3 AND gates, 1 OR gates, 0 XOR gates, 0 EQUIV gates, 
c subsumption removed 			25 clauses 
c selfSubsumption removed 		3 literals
c
c simplify: round 0
c deduce added 				0 new implications
c variableElimination eliminated 	71 variables!
c selfSubsumption removed 		0 literals
c deduce added				0 new implications
c subsumption removed 			7 clauses 
c
c simplify: round 1
c deduce added 				0 new implications
c variableElimination eliminated 	1 variables!
c selfSubsumption removed 		2 literals
c deduce added				0 new implications
c subsumption removed 			0 clauses 
c
c simplify: round 2
c deduce added 				0 new implications
c variableElimination eliminated 	0 variables!
c selfSubsumption removed 		0 literals
c deduce added				0 new implications
c subsumption removed 			0 clauses 
c
c simplify: round 3
c deduce added 				0 new implications
c variableElimination eliminated 	0 variables!
c selfSubsumption removed 		0 literals
c deduce added				0 new implications
c subsumption removed 			0 clauses 
c subsumption removed 			3 clauses 
c ================Preprocessing Finished=======================
c clauses: 511, variables: 454


c =================Computation Finished========================
c =======================Thread 0==============================
c decisions         : 68
c bcps              : 511
c conflicts         : 0
c aborted components: 0
c blocks            : 1
c backtracks        : 136
c backtrack dist    : 1.9706
c recomputations    : 0
c splits            : 51
c split ratio       : 6.3137
c =======================Thread 1==============================
c decisions         : 71
c bcps              : 470
c conflicts         : 0
c aborted components: 0
c blocks            : 4
c backtracks        : 142
c backtrack dist    : 2.1127
c recomputations    : 0
c splits            : 64
c split ratio       : 2.4219
c =======================Thread 2==============================
c decisions         : 58
c bcps              : 378
c conflicts         : 0
c aborted components: 0
c blocks            : 3
c backtracks        : 116
c backtrack dist    : 1.9397
c recomputations    : 0
c splits            : 63
c split ratio       : 2.2222
c =======================Thread 3==============================
c decisions         : 61
c bcps              : 407
c conflicts         : 0
c aborted components: 0
c blocks            : 4
c backtracks        : 122
c backtrack dist    : 2.0246
c recomputations    : 0
c splits            : 34
c split ratio       : 4.3824
c ===================Cache Statistics==========================
c tries..................: 463
c hits...................: 205
c hit rate...............: 44.2765 % 
c removed items..........: 0
c ===================Overall Statistics========================
c TOTAL backtracks.......: 516
c TOTAL backtrack dist...: 2.0155
c TOTAL recomputations...: 0
c #decisions.............: 258
c #bcp operations........: 1766
c split ratio............: 0.0000
c cpu time...............: 0.0126 s
c wall clock time........: 0.0097 s
c =========================================================
c model count............: 141814836716905179661105992693166497977381018922490255519148867631981706982283082724568521583383160349602339419430498435056653277189269094400000000000000
s SATISFIABLE
