c ======================================================
c countAntom, Jan Burchard, University of Freiburg, 2015
c   based on the antom SAT-solver, by Tobias Schubert   
c ======================================================
c cnf file...............: ../../501_Git_Repos/busybox-data/data//busybox//2007/2007-06-16_20-52-33/clean.dimacs
c #variables.............: 588
c #clauses...............: 477
c ======================= Settings ============================
c number of threads......: 4
c memory size............: 4000
c vsads factor...........: 0.5000
c enable IBCP............: no
c split into components..: yes
c only preprocessing.....: no
c Tseitin detection......: yes
c UPLA...................: yes
c self-subsumption.......: yes
c variable elimination...: yes
c simplfication rounds...: 4
c add dependencies.......: yes
c ==================Start Preprocessing========================
c deduce added 				5 new implications
c UPLA removed 6 equivalent variables
c Tseitin detection found 3 AND gates, 1 OR gates, 0 XOR gates, 0 EQUIV gates, 
c subsumption removed 			24 clauses 
c selfSubsumption removed 		3 literals
c
c simplify: round 0
c deduce added 				0 new implications
c variableElimination eliminated 	64 variables!
c selfSubsumption removed 		0 literals
c deduce added				0 new implications
c subsumption removed 			6 clauses 
c
c simplify: round 1
c deduce added 				0 new implications
c variableElimination eliminated 	1 variables!
c selfSubsumption removed 		2 literals
c deduce added				0 new implications
c subsumption removed 			0 clauses 
c
c simplify: round 2
c deduce added 				0 new implications
c variableElimination eliminated 	0 variables!
c selfSubsumption removed 		0 literals
c deduce added				0 new implications
c subsumption removed 			0 clauses 
c
c simplify: round 3
c deduce added 				0 new implications
c variableElimination eliminated 	0 variables!
c selfSubsumption removed 		0 literals
c deduce added				0 new implications
c subsumption removed 			0 clauses 
c subsumption removed 			3 clauses 
c ================Preprocessing Finished=======================
c clauses: 481, variables: 435


c =================Computation Finished========================
c =======================Thread 0==============================
c decisions         : 53
c bcps              : 377
c conflicts         : 0
c aborted components: 0
c blocks            : 1
c backtracks        : 106
c backtrack dist    : 1.9623
c recomputations    : 0
c splits            : 27
c split ratio       : 9.6667
c =======================Thread 1==============================
c decisions         : 54
c bcps              : 352
c conflicts         : 0
c aborted components: 0
c blocks            : 4
c backtracks        : 108
c backtrack dist    : 2.1574
c recomputations    : 0
c splits            : 27
c split ratio       : 4.1481
c =======================Thread 2==============================
c decisions         : 63
c bcps              : 398
c conflicts         : 0
c aborted components: 0
c blocks            : 4
c backtracks        : 126
c backtrack dist    : 1.9683
c recomputations    : 0
c splits            : 59
c split ratio       : 2.5424
c =======================Thread 3==============================
c decisions         : 55
c bcps              : 363
c conflicts         : 0
c aborted components: 0
c blocks            : 4
c backtracks        : 110
c backtrack dist    : 2.1545
c recomputations    : 0
c splits            : 41
c split ratio       : 2.8780
c ===================Cache Statistics==========================
c tries..................: 346
c hits...................: 121
c hit rate...............: 34.9711 % 
c removed items..........: 0
c ===================Overall Statistics========================
c TOTAL backtracks.......: 450
c TOTAL backtrack dist...: 2.0578
c TOTAL recomputations...: 0
c #decisions.............: 225
c #bcp operations........: 1490
c split ratio............: 0.0000
c cpu time...............: 0.0111 s
c wall clock time........: 0.0089 s
c =========================================================
c model count............: 27478105256809144950990744065602606942012906394553959910894022727218812451690216327563133419714610824496836811269648691695578240778240000000000000
s SATISFIABLE
