c ======================================================
c countAntom, Jan Burchard, University of Freiburg, 2015
c   based on the antom SAT-solver, by Tobias Schubert   
c ======================================================
c cnf file...............: ../../501_Git_Repos/busybox-data/data//busybox//2007/2007-06-13_12-49-46/clean.dimacs
c #variables.............: 585
c #clauses...............: 475
c ======================= Settings ============================
c number of threads......: 4
c memory size............: 4000
c vsads factor...........: 0.5000
c enable IBCP............: no
c split into components..: yes
c only preprocessing.....: no
c Tseitin detection......: yes
c UPLA...................: yes
c self-subsumption.......: yes
c variable elimination...: yes
c simplfication rounds...: 4
c add dependencies.......: yes
c ==================Start Preprocessing========================
c deduce added 				5 new implications
c UPLA removed 6 equivalent variables
c Tseitin detection found 3 AND gates, 1 OR gates, 0 XOR gates, 0 EQUIV gates, 
c subsumption removed 			26 clauses 
c selfSubsumption removed 		3 literals
c
c simplify: round 0
c deduce added 				0 new implications
c variableElimination eliminated 	64 variables!
c selfSubsumption removed 		0 literals
c deduce added				0 new implications
c subsumption removed 			6 clauses 
c
c simplify: round 1
c deduce added 				0 new implications
c variableElimination eliminated 	1 variables!
c selfSubsumption removed 		2 literals
c deduce added				0 new implications
c subsumption removed 			0 clauses 
c
c simplify: round 2
c deduce added 				0 new implications
c variableElimination eliminated 	0 variables!
c selfSubsumption removed 		0 literals
c deduce added				0 new implications
c subsumption removed 			0 clauses 
c
c simplify: round 3
c deduce added 				0 new implications
c variableElimination eliminated 	0 variables!
c selfSubsumption removed 		0 literals
c deduce added				0 new implications
c subsumption removed 			0 clauses 
c subsumption removed 			1 clauses 
c ================Preprocessing Finished=======================
c clauses: 479, variables: 433


c =================Computation Finished========================
c =======================Thread 0==============================
c decisions         : 64
c bcps              : 428
c conflicts         : 0
c aborted components: 0
c blocks            : 1
c backtracks        : 128
c backtrack dist    : 1.9609
c recomputations    : 0
c splits            : 35
c split ratio       : 7.8286
c =======================Thread 1==============================
c decisions         : 56
c bcps              : 377
c conflicts         : 0
c aborted components: 0
c blocks            : 3
c backtracks        : 112
c backtrack dist    : 1.9554
c recomputations    : 0
c splits            : 50
c split ratio       : 2.4400
c =======================Thread 2==============================
c decisions         : 49
c bcps              : 307
c conflicts         : 0
c aborted components: 0
c blocks            : 3
c backtracks        : 98
c backtrack dist    : 1.9592
c recomputations    : 0
c splits            : 22
c split ratio       : 5.9091
c =======================Thread 3==============================
c decisions         : 53
c bcps              : 351
c conflicts         : 0
c aborted components: 0
c blocks            : 3
c backtracks        : 106
c backtrack dist    : 1.9811
c recomputations    : 0
c splits            : 43
c split ratio       : 2.8140
c ===================Cache Statistics==========================
c tries..................: 354
c hits...................: 132
c hit rate...............: 37.2881 % 
c removed items..........: 0
c ===================Overall Statistics========================
c TOTAL backtracks.......: 444
c TOTAL backtrack dist...: 1.9640
c TOTAL recomputations...: 0
c #decisions.............: 222
c #bcp operations........: 1463
c split ratio............: 0.0000
c cpu time...............: 0.0112 s
c wall clock time........: 0.0089 s
c =========================================================
c model count............: 3434776259666105809184850584852150754267824158782031974828728521295370042530235723797106745594774074583275745439798660296284580085760000000000000
s SATISFIABLE
