c ======================================================
c countAntom, Jan Burchard, University of Freiburg, 2015
c   based on the antom SAT-solver, by Tobias Schubert   
c ======================================================
c cnf file...............: ../../501_Git_Repos/busybox-data/data//busybox//2007/2007-11-29_08-17-45/clean.dimacs
c #variables.............: 628
c #clauses...............: 515
c ======================= Settings ============================
c number of threads......: 4
c memory size............: 4000
c vsads factor...........: 0.5000
c enable IBCP............: no
c split into components..: yes
c only preprocessing.....: no
c Tseitin detection......: yes
c UPLA...................: yes
c self-subsumption.......: yes
c variable elimination...: yes
c simplfication rounds...: 4
c add dependencies.......: yes
c ==================Start Preprocessing========================
c deduce added 				5 new implications
c UPLA removed 7 equivalent variables
c Tseitin detection found 3 AND gates, 2 OR gates, 0 XOR gates, 0 EQUIV gates, 
c subsumption removed 			25 clauses 
c selfSubsumption removed 		3 literals
c
c simplify: round 0
c deduce added 				0 new implications
c variableElimination eliminated 	71 variables!
c selfSubsumption removed 		2 literals
c deduce added				0 new implications
c subsumption removed 			5 clauses 
c
c simplify: round 1
c deduce added 				0 new implications
c variableElimination eliminated 	0 variables!
c selfSubsumption removed 		0 literals
c deduce added				0 new implications
c subsumption removed 			0 clauses 
c
c simplify: round 2
c deduce added 				0 new implications
c variableElimination eliminated 	0 variables!
c selfSubsumption removed 		0 literals
c deduce added				0 new implications
c subsumption removed 			0 clauses 
c
c simplify: round 3
c deduce added 				0 new implications
c variableElimination eliminated 	0 variables!
c selfSubsumption removed 		0 literals
c deduce added				0 new implications
c subsumption removed 			0 clauses 
c subsumption removed 			3 clauses 
c ================Preprocessing Finished=======================
c clauses: 514, variables: 463


c =================Computation Finished========================
c =======================Thread 0==============================
c decisions         : 48
c bcps              : 346
c conflicts         : 0
c aborted components: 0
c blocks            : 4
c backtracks        : 96
c backtrack dist    : 2.0000
c recomputations    : 0
c splits            : 24
c split ratio       : 6.0833
c =======================Thread 1==============================
c decisions         : 51
c bcps              : 375
c conflicts         : 0
c aborted components: 0
c blocks            : 4
c backtracks        : 102
c backtrack dist    : 2.1078
c recomputations    : 0
c splits            : 45
c split ratio       : 2.5111
c =======================Thread 2==============================
c decisions         : 87
c bcps              : 578
c conflicts         : 0
c aborted components: 0
c blocks            : 1
c backtracks        : 174
c backtrack dist    : 1.9655
c recomputations    : 0
c splits            : 46
c split ratio       : 7.7826
c =======================Thread 3==============================
c decisions         : 51
c bcps              : 340
c conflicts         : 0
c aborted components: 0
c blocks            : 3
c backtracks        : 102
c backtrack dist    : 2.0000
c recomputations    : 0
c splits            : 57
c split ratio       : 2.1930
c ===================Cache Statistics==========================
c tries..................: 441
c hits...................: 204
c hit rate...............: 46.2585 % 
c removed items..........: 0
c ===================Overall Statistics========================
c TOTAL backtracks.......: 474
c TOTAL backtrack dist...: 2.0105
c TOTAL recomputations...: 0
c #decisions.............: 237
c #bcp operations........: 1639
c split ratio............: 0.0000
c cpu time...............: 0.0128 s
c wall clock time........: 0.0098 s
c =========================================================
c model count............: 63324723393543920744341363910663551837840925789987078125727517748015133508742696346099986770617141467203504284516929555349879256647938867200000000000000000
s SATISFIABLE
