c ======================================================
c countAntom, Jan Burchard, University of Freiburg, 2015
c   based on the antom SAT-solver, by Tobias Schubert   
c ======================================================
c cnf file...............: ../../501_Git_Repos/busybox-data/data//busybox//2007/2007-09-26_18-18-59/clean.dimacs
c #variables.............: 616
c #clauses...............: 505
c ======================= Settings ============================
c number of threads......: 4
c memory size............: 4000
c vsads factor...........: 0.5000
c enable IBCP............: no
c split into components..: yes
c only preprocessing.....: no
c Tseitin detection......: yes
c UPLA...................: yes
c self-subsumption.......: yes
c variable elimination...: yes
c simplfication rounds...: 4
c add dependencies.......: yes
c ==================Start Preprocessing========================
c deduce added 				5 new implications
c UPLA removed 7 equivalent variables
c Tseitin detection found 3 AND gates, 1 OR gates, 0 XOR gates, 0 EQUIV gates, 
c subsumption removed 			26 clauses 
c selfSubsumption removed 		3 literals
c
c simplify: round 0
c deduce added 				0 new implications
c variableElimination eliminated 	69 variables!
c selfSubsumption removed 		0 literals
c deduce added				0 new implications
c subsumption removed 			7 clauses 
c
c simplify: round 1
c deduce added 				0 new implications
c variableElimination eliminated 	1 variables!
c selfSubsumption removed 		2 literals
c deduce added				0 new implications
c subsumption removed 			0 clauses 
c
c simplify: round 2
c deduce added 				0 new implications
c variableElimination eliminated 	0 variables!
c selfSubsumption removed 		0 literals
c deduce added				0 new implications
c subsumption removed 			0 clauses 
c
c simplify: round 3
c deduce added 				0 new implications
c variableElimination eliminated 	0 variables!
c selfSubsumption removed 		0 literals
c deduce added				0 new implications
c subsumption removed 			0 clauses 
c subsumption removed 			1 clauses 
c ================Preprocessing Finished=======================
c clauses: 509, variables: 454


c =================Computation Finished========================
c =======================Thread 0==============================
c decisions         : 47
c bcps              : 325
c conflicts         : 0
c aborted components: 0
c blocks            : 5
c backtracks        : 94
c backtrack dist    : 1.9894
c recomputations    : 0
c splits            : 22
c split ratio       : 6.9091
c =======================Thread 1==============================
c decisions         : 71
c bcps              : 488
c conflicts         : 0
c aborted components: 0
c blocks            : 1
c backtracks        : 142
c backtrack dist    : 1.9577
c recomputations    : 0
c splits            : 64
c split ratio       : 4.3281
c =======================Thread 2==============================
c decisions         : 71
c bcps              : 455
c conflicts         : 0
c aborted components: 0
c blocks            : 4
c backtracks        : 142
c backtrack dist    : 1.9859
c recomputations    : 0
c splits            : 55
c split ratio       : 2.8909
c =======================Thread 3==============================
c decisions         : 52
c bcps              : 337
c conflicts         : 0
c aborted components: 0
c blocks            : 3
c backtracks        : 104
c backtrack dist    : 2.0192
c recomputations    : 0
c splits            : 35
c split ratio       : 3.2286
c ===================Cache Statistics==========================
c tries..................: 396
c hits...................: 155
c hit rate...............: 39.1414 % 
c removed items..........: 0
c ===================Overall Statistics========================
c TOTAL backtracks.......: 482
c TOTAL backtrack dist...: 1.9855
c TOTAL recomputations...: 0
c #decisions.............: 241
c #bcp operations........: 1605
c split ratio............: 0.0000
c cpu time...............: 0.0118 s
c wall clock time........: 0.0094 s
c =========================================================
c model count............: 158832612566425829767090796613262369038943282578907346191294210955813613926916869867253059934390675714393354094481919082114722478893406617600000000000000
s SATISFIABLE
