c ======================================================
c countAntom, Jan Burchard, University of Freiburg, 2015
c   based on the antom SAT-solver, by Tobias Schubert   
c ======================================================
c cnf file...............: ../../501_Git_Repos/busybox-data/data//busybox//2007/2007-07-06_16-57-06/clean.dimacs
c #variables.............: 595
c #clauses...............: 481
c ======================= Settings ============================
c number of threads......: 4
c memory size............: 4000
c vsads factor...........: 0.5000
c enable IBCP............: no
c split into components..: yes
c only preprocessing.....: no
c Tseitin detection......: yes
c UPLA...................: yes
c self-subsumption.......: yes
c variable elimination...: yes
c simplfication rounds...: 4
c add dependencies.......: yes
c ==================Start Preprocessing========================
c deduce added 				5 new implications
c UPLA removed 6 equivalent variables
c Tseitin detection found 3 AND gates, 1 OR gates, 0 XOR gates, 0 EQUIV gates, 
c subsumption removed 			26 clauses 
c selfSubsumption removed 		3 literals
c
c simplify: round 0
c deduce added 				0 new implications
c variableElimination eliminated 	64 variables!
c selfSubsumption removed 		0 literals
c deduce added				0 new implications
c subsumption removed 			6 clauses 
c
c simplify: round 1
c deduce added 				0 new implications
c variableElimination eliminated 	1 variables!
c selfSubsumption removed 		2 literals
c deduce added				0 new implications
c subsumption removed 			0 clauses 
c
c simplify: round 2
c deduce added 				0 new implications
c variableElimination eliminated 	0 variables!
c selfSubsumption removed 		0 literals
c deduce added				0 new implications
c subsumption removed 			0 clauses 
c
c simplify: round 3
c deduce added 				0 new implications
c variableElimination eliminated 	0 variables!
c selfSubsumption removed 		0 literals
c deduce added				0 new implications
c subsumption removed 			0 clauses 
c subsumption removed 			1 clauses 
c ================Preprocessing Finished=======================
c clauses: 485, variables: 438


c =================Computation Finished========================
c =======================Thread 0==============================
c decisions         : 58
c bcps              : 432
c conflicts         : 0
c aborted components: 0
c blocks            : 1
c backtracks        : 116
c backtrack dist    : 1.9569
c recomputations    : 0
c splits            : 34
c split ratio       : 8.6471
c =======================Thread 1==============================
c decisions         : 51
c bcps              : 343
c conflicts         : 0
c aborted components: 0
c blocks            : 5
c backtracks        : 102
c backtrack dist    : 2.1471
c recomputations    : 0
c splits            : 33
c split ratio       : 3.3939
c =======================Thread 2==============================
c decisions         : 59
c bcps              : 409
c conflicts         : 0
c aborted components: 0
c blocks            : 5
c backtracks        : 118
c backtrack dist    : 2.1441
c recomputations    : 0
c splits            : 52
c split ratio       : 2.8654
c =======================Thread 3==============================
c decisions         : 64
c bcps              : 402
c conflicts         : 0
c aborted components: 0
c blocks            : 3
c backtracks        : 128
c backtrack dist    : 2.0391
c recomputations    : 0
c splits            : 46
c split ratio       : 3.1522
c ===================Cache Statistics==========================
c tries..................: 402
c hits...................: 170
c hit rate...............: 42.2886 % 
c removed items..........: 0
c ===================Overall Statistics========================
c TOTAL backtracks.......: 464
c TOTAL backtrack dist...: 2.0690
c TOTAL recomputations...: 0
c #decisions.............: 232
c #bcp operations........: 1586
c split ratio............: 0.0000
c cpu time...............: 0.0146 s
c wall clock time........: 0.0118 s
c =========================================================
c model count............: 3295107927611319228320747017046593561753322543106890034864164144830305835173720519717935005134752312579152204063609864398226330956595200000000000000
s SATISFIABLE
