c ======================================================
c countAntom, Jan Burchard, University of Freiburg, 2015
c   based on the antom SAT-solver, by Tobias Schubert   
c ======================================================
c cnf file...............: ../../501_Git_Repos/busybox-data/data//busybox//2007/2007-12-24_17-33-56/clean.dimacs
c #variables.............: 631
c #clauses...............: 518
c ======================= Settings ============================
c number of threads......: 4
c memory size............: 4000
c vsads factor...........: 0.5000
c enable IBCP............: no
c split into components..: yes
c only preprocessing.....: no
c Tseitin detection......: yes
c UPLA...................: yes
c self-subsumption.......: yes
c variable elimination...: yes
c simplfication rounds...: 4
c add dependencies.......: yes
c ==================Start Preprocessing========================
c deduce added 				6 new implications
c UPLA removed 7 equivalent variables
c Tseitin detection found 3 AND gates, 2 OR gates, 0 XOR gates, 0 EQUIV gates, 
c subsumption removed 			26 clauses 
c selfSubsumption removed 		2 literals
c
c simplify: round 0
c deduce added 				0 new implications
c variableElimination eliminated 	72 variables!
c selfSubsumption removed 		2 literals
c deduce added				0 new implications
c subsumption removed 			5 clauses 
c
c simplify: round 1
c deduce added 				0 new implications
c variableElimination eliminated 	0 variables!
c selfSubsumption removed 		0 literals
c deduce added				0 new implications
c subsumption removed 			0 clauses 
c
c simplify: round 2
c deduce added 				0 new implications
c variableElimination eliminated 	0 variables!
c selfSubsumption removed 		0 literals
c deduce added				0 new implications
c subsumption removed 			0 clauses 
c
c simplify: round 3
c deduce added 				0 new implications
c variableElimination eliminated 	0 variables!
c selfSubsumption removed 		0 literals
c deduce added				0 new implications
c subsumption removed 			0 clauses 
c subsumption removed 			3 clauses 
c ================Preprocessing Finished=======================
c clauses: 514, variables: 465


c =================Computation Finished========================
c =======================Thread 0==============================
c decisions         : 79
c bcps              : 547
c conflicts         : 0
c aborted components: 0
c blocks            : 1
c backtracks        : 158
c backtrack dist    : 1.9620
c recomputations    : 0
c splits            : 45
c split ratio       : 7.6000
c =======================Thread 1==============================
c decisions         : 56
c bcps              : 387
c conflicts         : 0
c aborted components: 0
c blocks            : 5
c backtracks        : 112
c backtrack dist    : 2.0893
c recomputations    : 0
c splits            : 58
c split ratio       : 2.2931
c =======================Thread 2==============================
c decisions         : 54
c bcps              : 369
c conflicts         : 0
c aborted components: 0
c blocks            : 4
c backtracks        : 108
c backtrack dist    : 2.0000
c recomputations    : 0
c splits            : 24
c split ratio       : 5.7083
c =======================Thread 3==============================
c decisions         : 46
c bcps              : 324
c conflicts         : 0
c aborted components: 0
c blocks            : 6
c backtracks        : 92
c backtrack dist    : 2.0435
c recomputations    : 0
c splits            : 41
c split ratio       : 3.0976
c ===================Cache Statistics==========================
c tries..................: 438
c hits...................: 203
c hit rate...............: 46.3470 % 
c removed items..........: 0
c ===================Overall Statistics========================
c TOTAL backtracks.......: 470
c TOTAL backtrack dist...: 2.0170
c TOTAL recomputations...: 0
c #decisions.............: 235
c #bcp operations........: 1627
c split ratio............: 0.0000
c cpu time...............: 0.0126 s
c wall clock time........: 0.0097 s
c =========================================================
c model count............: 189896932347576481214678103648437403186029904520150694768682896570314172221943680164224694294774796645931470145021715900084375842763162255360000000000000000
s SATISFIABLE
