c ======================================================
c countAntom, Jan Burchard, University of Freiburg, 2015
c   based on the antom SAT-solver, by Tobias Schubert   
c ======================================================
c cnf file...............: ../../501_Git_Repos/busybox-data/data//busybox//2007/2007-06-09_23-49-05/clean.dimacs
c #variables.............: 579
c #clauses...............: 468
c ======================= Settings ============================
c number of threads......: 4
c memory size............: 4000
c vsads factor...........: 0.5000
c enable IBCP............: no
c split into components..: yes
c only preprocessing.....: no
c Tseitin detection......: yes
c UPLA...................: yes
c self-subsumption.......: yes
c variable elimination...: yes
c simplfication rounds...: 4
c add dependencies.......: yes
c ==================Start Preprocessing========================
c deduce added 				5 new implications
c UPLA removed 4 equivalent variables
c Tseitin detection found 3 AND gates, 1 OR gates, 0 XOR gates, 0 EQUIV gates, 
c subsumption removed 			25 clauses 
c selfSubsumption removed 		3 literals
c
c simplify: round 0
c deduce added 				0 new implications
c variableElimination eliminated 	63 variables!
c selfSubsumption removed 		0 literals
c deduce added				0 new implications
c subsumption removed 			6 clauses 
c
c simplify: round 1
c deduce added 				0 new implications
c variableElimination eliminated 	1 variables!
c selfSubsumption removed 		2 literals
c deduce added				0 new implications
c subsumption removed 			0 clauses 
c
c simplify: round 2
c deduce added 				0 new implications
c variableElimination eliminated 	0 variables!
c selfSubsumption removed 		0 literals
c deduce added				0 new implications
c subsumption removed 			0 clauses 
c
c simplify: round 3
c deduce added 				0 new implications
c variableElimination eliminated 	0 variables!
c selfSubsumption removed 		0 literals
c deduce added				0 new implications
c subsumption removed 			0 clauses 
c subsumption removed 			2 clauses 
c ================Preprocessing Finished=======================
c clauses: 472, variables: 430


c =================Computation Finished========================
c =======================Thread 0==============================
c decisions         : 66
c bcps              : 442
c conflicts         : 0
c aborted components: 0
c blocks            : 1
c backtracks        : 132
c backtrack dist    : 1.9470
c recomputations    : 0
c splits            : 28
c split ratio       : 10.0357
c =======================Thread 1==============================
c decisions         : 50
c bcps              : 312
c conflicts         : 0
c aborted components: 0
c blocks            : 2
c backtracks        : 100
c backtrack dist    : 2.0100
c recomputations    : 0
c splits            : 39
c split ratio       : 2.7692
c =======================Thread 2==============================
c decisions         : 42
c bcps              : 261
c conflicts         : 0
c aborted components: 0
c blocks            : 3
c backtracks        : 84
c backtrack dist    : 1.9762
c recomputations    : 0
c splits            : 19
c split ratio       : 4.7368
c =======================Thread 3==============================
c decisions         : 62
c bcps              : 419
c conflicts         : 0
c aborted components: 0
c blocks            : 5
c backtracks        : 124
c backtrack dist    : 2.0645
c recomputations    : 0
c splits            : 59
c split ratio       : 2.4068
c ===================Cache Statistics==========================
c tries..................: 327
c hits...................: 107
c hit rate...............: 32.7217 % 
c removed items..........: 0
c ===================Overall Statistics========================
c TOTAL backtracks.......: 440
c TOTAL backtrack dist...: 2.0000
c TOTAL recomputations...: 0
c #decisions.............: 220
c #bcp operations........: 1434
c split ratio............: 0.0000
c cpu time...............: 0.0111 s
c wall clock time........: 0.0087 s
c =========================================================
c model count............: 452605299499995549504912498673094984584058892766635752709671647082767090345972733948183605396392785611660237575162764252511259852800000000000000
s SATISFIABLE
