c ======================================================
c countAntom, Jan Burchard, University of Freiburg, 2015
c   based on the antom SAT-solver, by Tobias Schubert   
c ======================================================
c cnf file...............: ../../501_Git_Repos/busybox-data/data//busybox//2007/2007-07-15_19-27-48/clean.dimacs
c #variables.............: 596
c #clauses...............: 481
c ======================= Settings ============================
c number of threads......: 4
c memory size............: 4000
c vsads factor...........: 0.5000
c enable IBCP............: no
c split into components..: yes
c only preprocessing.....: no
c Tseitin detection......: yes
c UPLA...................: yes
c self-subsumption.......: yes
c variable elimination...: yes
c simplfication rounds...: 4
c add dependencies.......: yes
c ==================Start Preprocessing========================
c deduce added 				5 new implications
c UPLA removed 6 equivalent variables
c Tseitin detection found 3 AND gates, 1 OR gates, 0 XOR gates, 0 EQUIV gates, 
c subsumption removed 			26 clauses 
c selfSubsumption removed 		3 literals
c
c simplify: round 0
c deduce added 				0 new implications
c variableElimination eliminated 	64 variables!
c selfSubsumption removed 		0 literals
c deduce added				0 new implications
c subsumption removed 			6 clauses 
c
c simplify: round 1
c deduce added 				0 new implications
c variableElimination eliminated 	1 variables!
c selfSubsumption removed 		2 literals
c deduce added				0 new implications
c subsumption removed 			0 clauses 
c
c simplify: round 2
c deduce added 				0 new implications
c variableElimination eliminated 	0 variables!
c selfSubsumption removed 		0 literals
c deduce added				0 new implications
c subsumption removed 			0 clauses 
c
c simplify: round 3
c deduce added 				0 new implications
c variableElimination eliminated 	0 variables!
c selfSubsumption removed 		0 literals
c deduce added				0 new implications
c subsumption removed 			0 clauses 
c subsumption removed 			1 clauses 
c ================Preprocessing Finished=======================
c clauses: 485, variables: 438


c =================Computation Finished========================
c =======================Thread 0==============================
c decisions         : 66
c bcps              : 461
c conflicts         : 0
c aborted components: 0
c blocks            : 1
c backtracks        : 132
c backtrack dist    : 1.9545
c recomputations    : 0
c splits            : 46
c split ratio       : 6.2609
c =======================Thread 1==============================
c decisions         : 54
c bcps              : 341
c conflicts         : 0
c aborted components: 0
c blocks            : 2
c backtracks        : 108
c backtrack dist    : 2.0093
c recomputations    : 0
c splits            : 39
c split ratio       : 3.1282
c =======================Thread 2==============================
c decisions         : 43
c bcps              : 301
c conflicts         : 0
c aborted components: 0
c blocks            : 4
c backtracks        : 86
c backtrack dist    : 2.1744
c recomputations    : 0
c splits            : 41
c split ratio       : 2.3659
c =======================Thread 3==============================
c decisions         : 69
c bcps              : 482
c conflicts         : 0
c aborted components: 0
c blocks            : 2
c backtracks        : 138
c backtrack dist    : 2.0942
c recomputations    : 0
c splits            : 42
c split ratio       : 4.5714
c ===================Cache Statistics==========================
c tries..................: 404
c hits...................: 172
c hit rate...............: 42.5743 % 
c removed items..........: 0
c ===================Overall Statistics========================
c TOTAL backtracks.......: 464
c TOTAL backtrack dist...: 2.0496
c TOTAL recomputations...: 0
c #decisions.............: 232
c #bcp operations........: 1585
c split ratio............: 0.0000
c cpu time...............: 0.0126 s
c wall clock time........: 0.0097 s
c =========================================================
c model count............: 6590215855222638456641494034093187123506645086213780069728328289660611670347441039435870010269504625158304408127219728796452661913190400000000000000
s SATISFIABLE
