c ======================================================
c countAntom, Jan Burchard, University of Freiburg, 2015
c   based on the antom SAT-solver, by Tobias Schubert   
c ======================================================
c cnf file...............: ../../501_Git_Repos/busybox-data/data//busybox//2007/2007-11-18_22-56-25/clean.dimacs
c #variables.............: 626
c #clauses...............: 514
c ======================= Settings ============================
c number of threads......: 4
c memory size............: 4000
c vsads factor...........: 0.5000
c enable IBCP............: no
c split into components..: yes
c only preprocessing.....: no
c Tseitin detection......: yes
c UPLA...................: yes
c self-subsumption.......: yes
c variable elimination...: yes
c simplfication rounds...: 4
c add dependencies.......: yes
c ==================Start Preprocessing========================
c deduce added 				5 new implications
c UPLA removed 7 equivalent variables
c Tseitin detection found 3 AND gates, 1 OR gates, 0 XOR gates, 0 EQUIV gates, 
c subsumption removed 			27 clauses 
c selfSubsumption removed 		2 literals
c
c simplify: round 0
c deduce added 				0 new implications
c variableElimination eliminated 	71 variables!
c selfSubsumption removed 		0 literals
c deduce added				0 new implications
c subsumption removed 			7 clauses 
c
c simplify: round 1
c deduce added 				0 new implications
c variableElimination eliminated 	1 variables!
c selfSubsumption removed 		2 literals
c deduce added				0 new implications
c subsumption removed 			0 clauses 
c
c simplify: round 2
c deduce added 				0 new implications
c variableElimination eliminated 	0 variables!
c selfSubsumption removed 		0 literals
c deduce added				0 new implications
c subsumption removed 			0 clauses 
c
c simplify: round 3
c deduce added 				0 new implications
c variableElimination eliminated 	0 variables!
c selfSubsumption removed 		0 literals
c deduce added				0 new implications
c subsumption removed 			0 clauses 
c subsumption removed 			2 clauses 
c ================Preprocessing Finished=======================
c clauses: 514, variables: 461


c =================Computation Finished========================
c =======================Thread 0==============================
c decisions         : 61
c bcps              : 412
c conflicts         : 0
c aborted components: 0
c blocks            : 3
c backtracks        : 122
c backtrack dist    : 2.0328
c recomputations    : 0
c splits            : 69
c split ratio       : 2.1014
c =======================Thread 1==============================
c decisions         : 61
c bcps              : 402
c conflicts         : 0
c aborted components: 0
c blocks            : 3
c backtracks        : 122
c backtrack dist    : 2.0164
c recomputations    : 0
c splits            : 39
c split ratio       : 4.6923
c =======================Thread 2==============================
c decisions         : 72
c bcps              : 508
c conflicts         : 0
c aborted components: 0
c blocks            : 1
c backtracks        : 144
c backtrack dist    : 1.9514
c recomputations    : 0
c splits            : 43
c split ratio       : 7.5581
c =======================Thread 3==============================
c decisions         : 61
c bcps              : 442
c conflicts         : 0
c aborted components: 0
c blocks            : 4
c backtracks        : 122
c backtrack dist    : 2.1967
c recomputations    : 0
c splits            : 43
c split ratio       : 2.9767
c ===================Cache Statistics==========================
c tries..................: 466
c hits...................: 211
c hit rate...............: 45.2790 % 
c removed items..........: 0
c ===================Overall Statistics========================
c TOTAL backtracks.......: 510
c TOTAL backtrack dist...: 2.0451
c TOTAL recomputations...: 0
c #decisions.............: 255
c #bcp operations........: 1764
c split ratio............: 0.0000
c cpu time...............: 0.0127 s
c wall clock time........: 0.0097 s
c =========================================================
c model count............: 35774215355410402016015391714464837606219793600119907189001613175495346864235982307209324129951658460331272788711766084691567432220123594752000000000000000
s SATISFIABLE
