c ======================================================
c countAntom, Jan Burchard, University of Freiburg, 2015
c   based on the antom SAT-solver, by Tobias Schubert   
c ======================================================
c cnf file...............: ../../501_Git_Repos/busybox-data/data//busybox//2007/2007-10-19_21-49-48/clean.dimacs
c #variables.............: 620
c #clauses...............: 510
c ======================= Settings ============================
c number of threads......: 4
c memory size............: 4000
c vsads factor...........: 0.5000
c enable IBCP............: no
c split into components..: yes
c only preprocessing.....: no
c Tseitin detection......: yes
c UPLA...................: yes
c self-subsumption.......: yes
c variable elimination...: yes
c simplfication rounds...: 4
c add dependencies.......: yes
c ==================Start Preprocessing========================
c deduce added 				5 new implications
c UPLA removed 7 equivalent variables
c Tseitin detection found 3 AND gates, 1 OR gates, 0 XOR gates, 0 EQUIV gates, 
c subsumption removed 			24 clauses 
c selfSubsumption removed 		3 literals
c
c simplify: round 0
c deduce added 				0 new implications
c variableElimination eliminated 	71 variables!
c selfSubsumption removed 		0 literals
c deduce added				0 new implications
c subsumption removed 			7 clauses 
c
c simplify: round 1
c deduce added 				0 new implications
c variableElimination eliminated 	1 variables!
c selfSubsumption removed 		2 literals
c deduce added				0 new implications
c subsumption removed 			0 clauses 
c
c simplify: round 2
c deduce added 				0 new implications
c variableElimination eliminated 	0 variables!
c selfSubsumption removed 		0 literals
c deduce added				0 new implications
c subsumption removed 			0 clauses 
c
c simplify: round 3
c deduce added 				0 new implications
c variableElimination eliminated 	0 variables!
c selfSubsumption removed 		0 literals
c deduce added				0 new implications
c subsumption removed 			0 clauses 
c subsumption removed 			3 clauses 
c ================Preprocessing Finished=======================
c clauses: 514, variables: 456


c =================Computation Finished========================
c =======================Thread 0==============================
c decisions         : 60
c bcps              : 449
c conflicts         : 0
c aborted components: 0
c blocks            : 1
c backtracks        : 120
c backtrack dist    : 1.9667
c recomputations    : 0
c splits            : 69
c split ratio       : 4.0290
c =======================Thread 1==============================
c decisions         : 65
c bcps              : 420
c conflicts         : 0
c aborted components: 0
c blocks            : 2
c backtracks        : 130
c backtrack dist    : 1.9692
c recomputations    : 0
c splits            : 27
c split ratio       : 6.8889
c =======================Thread 2==============================
c decisions         : 78
c bcps              : 506
c conflicts         : 0
c aborted components: 0
c blocks            : 4
c backtracks        : 156
c backtrack dist    : 2.0577
c recomputations    : 0
c splits            : 63
c split ratio       : 2.7619
c =======================Thread 3==============================
c decisions         : 47
c bcps              : 339
c conflicts         : 0
c aborted components: 0
c blocks            : 7
c backtracks        : 94
c backtrack dist    : 2.2979
c recomputations    : 0
c splits            : 37
c split ratio       : 2.8919
c ===================Cache Statistics==========================
c tries..................: 442
c hits...................: 192
c hit rate...............: 43.4389 % 
c removed items..........: 0
c ===================Overall Statistics========================
c TOTAL backtracks.......: 500
c TOTAL backtrack dist...: 2.0580
c TOTAL recomputations...: 0
c #decisions.............: 250
c #bcp operations........: 1714
c split ratio............: 0.0000
c cpu time...............: 0.0125 s
c wall clock time........: 0.0101 s
c =========================================================
c model count............: 1134141346736521207708482053940449000658376616481469790251546579399539150423736670231112484056482566199460012331483214680925172747698228428800000000000000
s SATISFIABLE
