c ======================================================
c countAntom, Jan Burchard, University of Freiburg, 2015
c   based on the antom SAT-solver, by Tobias Schubert   
c ======================================================
c cnf file...............: ../../501_Git_Repos/busybox-data/data//busybox//2007/2007-06-11_16-31-55/clean.dimacs
c #variables.............: 583
c #clauses...............: 474
c ======================= Settings ============================
c number of threads......: 4
c memory size............: 4000
c vsads factor...........: 0.5000
c enable IBCP............: no
c split into components..: yes
c only preprocessing.....: no
c Tseitin detection......: yes
c UPLA...................: yes
c self-subsumption.......: yes
c variable elimination...: yes
c simplfication rounds...: 4
c add dependencies.......: yes
c ==================Start Preprocessing========================
c deduce added 				5 new implications
c UPLA removed 6 equivalent variables
c Tseitin detection found 3 AND gates, 1 OR gates, 0 XOR gates, 0 EQUIV gates, 
c subsumption removed 			25 clauses 
c selfSubsumption removed 		3 literals
c
c simplify: round 0
c deduce added 				0 new implications
c variableElimination eliminated 	64 variables!
c selfSubsumption removed 		0 literals
c deduce added				0 new implications
c subsumption removed 			6 clauses 
c
c simplify: round 1
c deduce added 				0 new implications
c variableElimination eliminated 	1 variables!
c selfSubsumption removed 		2 literals
c deduce added				0 new implications
c subsumption removed 			0 clauses 
c
c simplify: round 2
c deduce added 				0 new implications
c variableElimination eliminated 	0 variables!
c selfSubsumption removed 		0 literals
c deduce added				0 new implications
c subsumption removed 			0 clauses 
c
c simplify: round 3
c deduce added 				0 new implications
c variableElimination eliminated 	0 variables!
c selfSubsumption removed 		0 literals
c deduce added				0 new implications
c subsumption removed 			0 clauses 
c subsumption removed 			2 clauses 
c ================Preprocessing Finished=======================
c clauses: 476, variables: 432


c =================Computation Finished========================
c =======================Thread 0==============================
c decisions         : 65
c bcps              : 449
c conflicts         : 0
c aborted components: 0
c blocks            : 1
c backtracks        : 130
c backtrack dist    : 1.9462
c recomputations    : 0
c splits            : 41
c split ratio       : 7.0976
c =======================Thread 1==============================
c decisions         : 58
c bcps              : 367
c conflicts         : 0
c aborted components: 0
c blocks            : 4
c backtracks        : 116
c backtrack dist    : 1.9914
c recomputations    : 0
c splits            : 46
c split ratio       : 2.9348
c =======================Thread 2==============================
c decisions         : 49
c bcps              : 343
c conflicts         : 0
c aborted components: 0
c blocks            : 4
c backtracks        : 98
c backtrack dist    : 2.2857
c recomputations    : 0
c splits            : 49
c split ratio       : 2.1837
c =======================Thread 3==============================
c decisions         : 60
c bcps              : 414
c conflicts         : 0
c aborted components: 0
c blocks            : 3
c backtracks        : 120
c backtrack dist    : 2.1500
c recomputations    : 0
c splits            : 28
c split ratio       : 5.3571
c ===================Cache Statistics==========================
c tries..................: 384
c hits...................: 152
c hit rate...............: 39.5833 % 
c removed items..........: 0
c ===================Overall Statistics========================
c TOTAL backtracks.......: 464
c TOTAL backtrack dist...: 2.0819
c TOTAL recomputations...: 0
c #decisions.............: 232
c #bcp operations........: 1573
c split ratio............: 0.0000
c cpu time...............: 0.0114 s
c wall clock time........: 0.0087 s
c =========================================================
c model count............: 905210598999991099009824997346189969168117785533271505419343294165534180691945467896367210792785571223320475150325528505022519705600000000000000
s SATISFIABLE
