c ======================================================
c countAntom, Jan Burchard, University of Freiburg, 2015
c   based on the antom SAT-solver, by Tobias Schubert   
c ======================================================
c cnf file...............: ../../501_Git_Repos/busybox-data/data//busybox//2007/2007-06-15_23-43-11/clean.dimacs
c #variables.............: 587
c #clauses...............: 477
c ======================= Settings ============================
c number of threads......: 4
c memory size............: 4000
c vsads factor...........: 0.5000
c enable IBCP............: no
c split into components..: yes
c only preprocessing.....: no
c Tseitin detection......: yes
c UPLA...................: yes
c self-subsumption.......: yes
c variable elimination...: yes
c simplfication rounds...: 4
c add dependencies.......: yes
c ==================Start Preprocessing========================
c deduce added 				5 new implications
c UPLA removed 6 equivalent variables
c Tseitin detection found 3 AND gates, 1 OR gates, 0 XOR gates, 0 EQUIV gates, 
c subsumption removed 			23 clauses 
c selfSubsumption removed 		3 literals
c
c simplify: round 0
c deduce added 				0 new implications
c variableElimination eliminated 	64 variables!
c selfSubsumption removed 		0 literals
c deduce added				0 new implications
c subsumption removed 			6 clauses 
c
c simplify: round 1
c deduce added 				0 new implications
c variableElimination eliminated 	1 variables!
c selfSubsumption removed 		2 literals
c deduce added				0 new implications
c subsumption removed 			0 clauses 
c
c simplify: round 2
c deduce added 				0 new implications
c variableElimination eliminated 	0 variables!
c selfSubsumption removed 		0 literals
c deduce added				0 new implications
c subsumption removed 			0 clauses 
c
c simplify: round 3
c deduce added 				0 new implications
c variableElimination eliminated 	0 variables!
c selfSubsumption removed 		0 literals
c deduce added				0 new implications
c subsumption removed 			0 clauses 
c subsumption removed 			4 clauses 
c ================Preprocessing Finished=======================
c clauses: 481, variables: 435


c =================Computation Finished========================
c =======================Thread 0==============================
c decisions         : 81
c bcps              : 522
c conflicts         : 0
c aborted components: 0
c blocks            : 1
c backtracks        : 162
c backtrack dist    : 1.9691
c recomputations    : 0
c splits            : 49
c split ratio       : 6.0204
c =======================Thread 1==============================
c decisions         : 48
c bcps              : 325
c conflicts         : 0
c aborted components: 0
c blocks            : 4
c backtracks        : 96
c backtrack dist    : 2.0104
c recomputations    : 0
c splits            : 35
c split ratio       : 3.0000
c =======================Thread 2==============================
c decisions         : 76
c bcps              : 485
c conflicts         : 0
c aborted components: 0
c blocks            : 3
c backtracks        : 152
c backtrack dist    : 1.9934
c recomputations    : 0
c splits            : 51
c split ratio       : 3.8039
c =======================Thread 3==============================
c decisions         : 41
c bcps              : 281
c conflicts         : 0
c aborted components: 0
c blocks            : 4
c backtracks        : 82
c backtrack dist    : 2.0610
c recomputations    : 0
c splits            : 44
c split ratio       : 2.1136
c ===================Cache Statistics==========================
c tries..................: 375
c hits...................: 129
c hit rate...............: 34.4000 % 
c removed items..........: 0
c ===================Overall Statistics========================
c TOTAL backtracks.......: 492
c TOTAL backtrack dist...: 2.0000
c TOTAL recomputations...: 0
c #decisions.............: 246
c #bcp operations........: 1613
c split ratio............: 0.0000
c cpu time...............: 0.0118 s
c wall clock time........: 0.0091 s
c =========================================================
c model count............: 13739052628404572475495372032801303471006453197276979955447011363609406225845108163781566709857305412248418405634824345847789120389120000000000000
s SATISFIABLE
