c ======================================================
c countAntom, Jan Burchard, University of Freiburg, 2015
c   based on the antom SAT-solver, by Tobias Schubert   
c ======================================================
c cnf file...............: ../../501_Git_Repos/busybox-data/data//busybox//2007/2007-06-20_15-23-03/clean.dimacs
c #variables.............: 593
c #clauses...............: 479
c ======================= Settings ============================
c number of threads......: 4
c memory size............: 4000
c vsads factor...........: 0.5000
c enable IBCP............: no
c split into components..: yes
c only preprocessing.....: no
c Tseitin detection......: yes
c UPLA...................: yes
c self-subsumption.......: yes
c variable elimination...: yes
c simplfication rounds...: 4
c add dependencies.......: yes
c ==================Start Preprocessing========================
c deduce added 				5 new implications
c UPLA removed 6 equivalent variables
c Tseitin detection found 3 AND gates, 1 OR gates, 0 XOR gates, 0 EQUIV gates, 
c subsumption removed 			26 clauses 
c selfSubsumption removed 		3 literals
c
c simplify: round 0
c deduce added 				0 new implications
c variableElimination eliminated 	64 variables!
c selfSubsumption removed 		0 literals
c deduce added				0 new implications
c subsumption removed 			6 clauses 
c
c simplify: round 1
c deduce added 				0 new implications
c variableElimination eliminated 	1 variables!
c selfSubsumption removed 		2 literals
c deduce added				0 new implications
c subsumption removed 			0 clauses 
c
c simplify: round 2
c deduce added 				0 new implications
c variableElimination eliminated 	0 variables!
c selfSubsumption removed 		0 literals
c deduce added				0 new implications
c subsumption removed 			0 clauses 
c
c simplify: round 3
c deduce added 				0 new implications
c variableElimination eliminated 	0 variables!
c selfSubsumption removed 		0 literals
c deduce added				0 new implications
c subsumption removed 			0 clauses 
c subsumption removed 			1 clauses 
c ================Preprocessing Finished=======================
c clauses: 483, variables: 436


c =================Computation Finished========================
c =======================Thread 0==============================
c decisions         : 62
c bcps              : 432
c conflicts         : 0
c aborted components: 0
c blocks            : 1
c backtracks        : 124
c backtrack dist    : 1.9677
c recomputations    : 0
c splits            : 28
c split ratio       : 10.3929
c =======================Thread 1==============================
c decisions         : 50
c bcps              : 345
c conflicts         : 0
c aborted components: 0
c blocks            : 3
c backtracks        : 100
c backtrack dist    : 2.0100
c recomputations    : 0
c splits            : 40
c split ratio       : 3.2500
c =======================Thread 2==============================
c decisions         : 46
c bcps              : 317
c conflicts         : 0
c aborted components: 0
c blocks            : 2
c backtracks        : 92
c backtrack dist    : 2.0000
c recomputations    : 0
c splits            : 42
c split ratio       : 2.5476
c =======================Thread 3==============================
c decisions         : 66
c bcps              : 409
c conflicts         : 0
c aborted components: 0
c blocks            : 2
c backtracks        : 132
c backtrack dist    : 1.9924
c recomputations    : 0
c splits            : 43
c split ratio       : 3.3488
c ===================Cache Statistics==========================
c tries..................: 378
c hits...................: 154
c hit rate...............: 40.7407 % 
c removed items..........: 0
c ===================Overall Statistics========================
c TOTAL backtracks.......: 448
c TOTAL backtrack dist...: 1.9911
c TOTAL recomputations...: 0
c #decisions.............: 224
c #bcp operations........: 1503
c split ratio............: 0.0000
c cpu time...............: 0.0113 s
c wall clock time........: 0.0088 s
c =========================================================
c model count............: 878536484304053225314447937352161482300509187980892885967727774863317803205118147880246734689034291725596831410829449440211459867934720000000000000
s SATISFIABLE
