c ======================================================
c countAntom, Jan Burchard, University of Freiburg, 2015
c   based on the antom SAT-solver, by Tobias Schubert   
c ======================================================
c cnf file...............: ../../501_Git_Repos/busybox-data/data//busybox//2007/2007-08-22_18-14-44/clean.dimacs
c #variables.............: 608
c #clauses...............: 491
c ======================= Settings ============================
c number of threads......: 4
c memory size............: 4000
c vsads factor...........: 0.5000
c enable IBCP............: no
c split into components..: yes
c only preprocessing.....: no
c Tseitin detection......: yes
c UPLA...................: yes
c self-subsumption.......: yes
c variable elimination...: yes
c simplfication rounds...: 4
c add dependencies.......: yes
c ==================Start Preprocessing========================
c deduce added 				6 new implications
c UPLA removed 6 equivalent variables
c Tseitin detection found 3 AND gates, 1 OR gates, 0 XOR gates, 0 EQUIV gates, 
c subsumption removed 			26 clauses 
c selfSubsumption removed 		3 literals
c
c simplify: round 0
c deduce added 				0 new implications
c variableElimination eliminated 	65 variables!
c selfSubsumption removed 		0 literals
c deduce added				0 new implications
c subsumption removed 			7 clauses 
c
c simplify: round 1
c deduce added 				0 new implications
c variableElimination eliminated 	1 variables!
c selfSubsumption removed 		2 literals
c deduce added				0 new implications
c subsumption removed 			0 clauses 
c
c simplify: round 2
c deduce added 				0 new implications
c variableElimination eliminated 	0 variables!
c selfSubsumption removed 		0 literals
c deduce added				0 new implications
c subsumption removed 			0 clauses 
c
c simplify: round 3
c deduce added 				0 new implications
c variableElimination eliminated 	0 variables!
c selfSubsumption removed 		0 literals
c deduce added				0 new implications
c subsumption removed 			0 clauses 
c subsumption removed 			1 clauses 
c ================Preprocessing Finished=======================
c clauses: 496, variables: 447


c =================Computation Finished========================
c =======================Thread 0==============================
c decisions         : 60
c bcps              : 427
c conflicts         : 0
c aborted components: 0
c blocks            : 1
c backtracks        : 120
c backtrack dist    : 1.9667
c recomputations    : 0
c splits            : 51
c split ratio       : 5.3725
c =======================Thread 1==============================
c decisions         : 70
c bcps              : 458
c conflicts         : 0
c aborted components: 0
c blocks            : 3
c backtracks        : 140
c backtrack dist    : 1.9714
c recomputations    : 0
c splits            : 38
c split ratio       : 5.3158
c =======================Thread 2==============================
c decisions         : 34
c bcps              : 249
c conflicts         : 0
c aborted components: 0
c blocks            : 6
c backtracks        : 68
c backtrack dist    : 1.9853
c recomputations    : 0
c splits            : 38
c split ratio       : 2.1842
c =======================Thread 3==============================
c decisions         : 64
c bcps              : 409
c conflicts         : 0
c aborted components: 0
c blocks            : 4
c backtracks        : 128
c backtrack dist    : 1.9922
c recomputations    : 0
c splits            : 33
c split ratio       : 4.1818
c ===================Cache Statistics==========================
c tries..................: 402
c hits...................: 174
c hit rate...............: 43.2836 % 
c removed items..........: 0
c ===================Overall Statistics========================
c TOTAL backtracks.......: 456
c TOTAL backtrack dist...: 1.9781
c TOTAL recomputations...: 0
c #decisions.............: 228
c #bcp operations........: 1543
c split ratio............: 0.0000
c cpu time...............: 0.0126 s
c wall clock time........: 0.0099 s
c =========================================================
c model count............: 5407032179636074327085049475980828184646217790041464490841708328530325828444779871537042999259516380765747483154245700946101259589092638720000000000000
s SATISFIABLE
