c ======================================================
c countAntom, Jan Burchard, University of Freiburg, 2015
c   based on the antom SAT-solver, by Tobias Schubert   
c ======================================================
c cnf file...............: ../../501_Git_Repos/busybox-data/data//busybox//2007/2007-07-05_00-12-55/clean.dimacs
c #variables.............: 595
c #clauses...............: 481
c ======================= Settings ============================
c number of threads......: 4
c memory size............: 4000
c vsads factor...........: 0.5000
c enable IBCP............: no
c split into components..: yes
c only preprocessing.....: no
c Tseitin detection......: yes
c UPLA...................: yes
c self-subsumption.......: yes
c variable elimination...: yes
c simplfication rounds...: 4
c add dependencies.......: yes
c ==================Start Preprocessing========================
c deduce added 				5 new implications
c UPLA removed 6 equivalent variables
c Tseitin detection found 3 AND gates, 1 OR gates, 0 XOR gates, 0 EQUIV gates, 
c subsumption removed 			26 clauses 
c selfSubsumption removed 		3 literals
c
c simplify: round 0
c deduce added 				0 new implications
c variableElimination eliminated 	64 variables!
c selfSubsumption removed 		0 literals
c deduce added				0 new implications
c subsumption removed 			6 clauses 
c
c simplify: round 1
c deduce added 				0 new implications
c variableElimination eliminated 	1 variables!
c selfSubsumption removed 		2 literals
c deduce added				0 new implications
c subsumption removed 			0 clauses 
c
c simplify: round 2
c deduce added 				0 new implications
c variableElimination eliminated 	0 variables!
c selfSubsumption removed 		0 literals
c deduce added				0 new implications
c subsumption removed 			0 clauses 
c
c simplify: round 3
c deduce added 				0 new implications
c variableElimination eliminated 	0 variables!
c selfSubsumption removed 		0 literals
c deduce added				0 new implications
c subsumption removed 			0 clauses 
c subsumption removed 			1 clauses 
c ================Preprocessing Finished=======================
c clauses: 485, variables: 438


c =================Computation Finished========================
c =======================Thread 0==============================
c decisions         : 58
c bcps              : 424
c conflicts         : 0
c aborted components: 0
c blocks            : 1
c backtracks        : 116
c backtrack dist    : 1.9569
c recomputations    : 0
c splits            : 35
c split ratio       : 8.3714
c =======================Thread 1==============================
c decisions         : 35
c bcps              : 258
c conflicts         : 0
c aborted components: 0
c blocks            : 3
c backtracks        : 70
c backtrack dist    : 1.9429
c recomputations    : 0
c splits            : 12
c split ratio       : 9.5000
c =======================Thread 2==============================
c decisions         : 69
c bcps              : 436
c conflicts         : 0
c aborted components: 0
c blocks            : 2
c backtracks        : 138
c backtrack dist    : 1.9493
c recomputations    : 0
c splits            : 60
c split ratio       : 2.6500
c =======================Thread 3==============================
c decisions         : 67
c bcps              : 448
c conflicts         : 0
c aborted components: 0
c blocks            : 4
c backtracks        : 134
c backtrack dist    : 2.0224
c recomputations    : 0
c splits            : 56
c split ratio       : 2.6250
c ===================Cache Statistics==========================
c tries..................: 419
c hits...................: 190
c hit rate...............: 45.3461 % 
c removed items..........: 0
c ===================Overall Statistics========================
c TOTAL backtracks.......: 458
c TOTAL backtrack dist...: 1.9716
c TOTAL recomputations...: 0
c #decisions.............: 229
c #bcp operations........: 1566
c split ratio............: 0.0000
c cpu time...............: 0.0122 s
c wall clock time........: 0.0094 s
c =========================================================
c model count............: 3295107927611319228320747017046593561753322543106890034864164144830305835173720519717935005134752312579152204063609864398226330956595200000000000000
s SATISFIABLE
