c ======================================================
c countAntom, Jan Burchard, University of Freiburg, 2015
c   based on the antom SAT-solver, by Tobias Schubert   
c ======================================================
c cnf file...............: ../../501_Git_Repos/busybox-data/data//busybox//2007/2007-08-20_17-27-40/clean.dimacs
c #variables.............: 606
c #clauses...............: 489
c ======================= Settings ============================
c number of threads......: 4
c memory size............: 4000
c vsads factor...........: 0.5000
c enable IBCP............: no
c split into components..: yes
c only preprocessing.....: no
c Tseitin detection......: yes
c UPLA...................: yes
c self-subsumption.......: yes
c variable elimination...: yes
c simplfication rounds...: 4
c add dependencies.......: yes
c ==================Start Preprocessing========================
c deduce added 				6 new implications
c UPLA removed 6 equivalent variables
c Tseitin detection found 3 AND gates, 1 OR gates, 0 XOR gates, 0 EQUIV gates, 
c subsumption removed 			26 clauses 
c selfSubsumption removed 		3 literals
c
c simplify: round 0
c deduce added 				0 new implications
c variableElimination eliminated 	65 variables!
c selfSubsumption removed 		0 literals
c deduce added				0 new implications
c subsumption removed 			7 clauses 
c
c simplify: round 1
c deduce added 				0 new implications
c variableElimination eliminated 	1 variables!
c selfSubsumption removed 		2 literals
c deduce added				0 new implications
c subsumption removed 			0 clauses 
c
c simplify: round 2
c deduce added 				0 new implications
c variableElimination eliminated 	0 variables!
c selfSubsumption removed 		0 literals
c deduce added				0 new implications
c subsumption removed 			0 clauses 
c
c simplify: round 3
c deduce added 				0 new implications
c variableElimination eliminated 	0 variables!
c selfSubsumption removed 		0 literals
c deduce added				0 new implications
c subsumption removed 			0 clauses 
c subsumption removed 			1 clauses 
c ================Preprocessing Finished=======================
c clauses: 492, variables: 445


c =================Computation Finished========================
c =======================Thread 0==============================
c decisions         : 60
c bcps              : 439
c conflicts         : 0
c aborted components: 0
c blocks            : 1
c backtracks        : 120
c backtrack dist    : 1.9583
c recomputations    : 0
c splits            : 52
c split ratio       : 5.3077
c =======================Thread 1==============================
c decisions         : 38
c bcps              : 258
c conflicts         : 0
c aborted components: 0
c blocks            : 3
c backtracks        : 76
c backtrack dist    : 2.0000
c recomputations    : 0
c splits            : 39
c split ratio       : 2.3846
c =======================Thread 2==============================
c decisions         : 41
c bcps              : 293
c conflicts         : 0
c aborted components: 0
c blocks            : 3
c backtracks        : 82
c backtrack dist    : 2.0122
c recomputations    : 0
c splits            : 29
c split ratio       : 3.1034
c =======================Thread 3==============================
c decisions         : 91
c bcps              : 572
c conflicts         : 0
c aborted components: 0
c blocks            : 3
c backtracks        : 182
c backtrack dist    : 1.9945
c recomputations    : 0
c splits            : 43
c split ratio       : 5.6512
c ===================Cache Statistics==========================
c tries..................: 406
c hits...................: 176
c hit rate...............: 43.3498 % 
c removed items..........: 0
c ===================Overall Statistics========================
c TOTAL backtracks.......: 460
c TOTAL backtrack dist...: 1.9891
c TOTAL recomputations...: 0
c #decisions.............: 230
c #bcp operations........: 1562
c split ratio............: 0.0000
c cpu time...............: 0.0124 s
c wall clock time........: 0.0097 s
c =========================================================
c model count............: 1429560228394212176895892712964989330888922832947681684463155556821150145216354535469699596506651574764075773616956756423212042862848901120000000000000
s SATISFIABLE
