c ======================================================
c countAntom, Jan Burchard, University of Freiburg, 2015
c   based on the antom SAT-solver, by Tobias Schubert   
c ======================================================
c cnf file...............: ../../501_Git_Repos/busybox-data/data//busybox//2007/2007-05-26_19-00-18/clean.dimacs
c #variables.............: 578
c #clauses...............: 463
c ======================= Settings ============================
c number of threads......: 4
c memory size............: 4000
c vsads factor...........: 0.5000
c enable IBCP............: no
c split into components..: yes
c only preprocessing.....: no
c Tseitin detection......: yes
c UPLA...................: yes
c self-subsumption.......: yes
c variable elimination...: yes
c simplfication rounds...: 4
c add dependencies.......: yes
c ==================Start Preprocessing========================
c deduce added 				5 new implications
c UPLA removed 4 equivalent variables
c Tseitin detection found 3 AND gates, 1 OR gates, 0 XOR gates, 0 EQUIV gates, 
c subsumption removed 			26 clauses 
c selfSubsumption removed 		3 literals
c
c simplify: round 0
c deduce added 				0 new implications
c variableElimination eliminated 	64 variables!
c selfSubsumption removed 		0 literals
c deduce added				0 new implications
c subsumption removed 			10 clauses 
c
c simplify: round 1
c deduce added 				0 new implications
c variableElimination eliminated 	1 variables!
c selfSubsumption removed 		0 literals
c deduce added				0 new implications
c subsumption removed 			0 clauses 
c
c simplify: round 2
c deduce added 				0 new implications
c variableElimination eliminated 	0 variables!
c selfSubsumption removed 		0 literals
c deduce added				0 new implications
c subsumption removed 			0 clauses 
c
c simplify: round 3
c deduce added 				0 new implications
c variableElimination eliminated 	0 variables!
c selfSubsumption removed 		0 literals
c deduce added				0 new implications
c subsumption removed 			0 clauses 
c subsumption removed 			3 clauses 
c ================Preprocessing Finished=======================
c clauses: 467, variables: 424


c =================Computation Finished========================
c =======================Thread 0==============================
c decisions         : 50
c bcps              : 372
c conflicts         : 0
c aborted components: 0
c blocks            : 1
c backtracks        : 100
c backtrack dist    : 1.9500
c recomputations    : 0
c splits            : 45
c split ratio       : 5.4889
c =======================Thread 1==============================
c decisions         : 60
c bcps              : 376
c conflicts         : 0
c aborted components: 0
c blocks            : 3
c backtracks        : 120
c backtrack dist    : 1.9833
c recomputations    : 0
c splits            : 29
c split ratio       : 5.2414
c =======================Thread 2==============================
c decisions         : 55
c bcps              : 363
c conflicts         : 0
c aborted components: 0
c blocks            : 3
c backtracks        : 110
c backtrack dist    : 2.0000
c recomputations    : 0
c splits            : 37
c split ratio       : 3.2162
c =======================Thread 3==============================
c decisions         : 60
c bcps              : 385
c conflicts         : 0
c aborted components: 0
c blocks            : 3
c backtracks        : 120
c backtrack dist    : 2.0083
c recomputations    : 0
c splits            : 47
c split ratio       : 2.9362
c ===================Cache Statistics==========================
c tries..................: 365
c hits...................: 140
c hit rate...............: 38.3562 % 
c removed items..........: 0
c ===================Overall Statistics========================
c TOTAL backtracks.......: 450
c TOTAL backtrack dist...: 1.9867
c TOTAL recomputations...: 0
c #decisions.............: 225
c #bcp operations........: 1496
c split ratio............: 0.0000
c cpu time...............: 0.0111 s
c wall clock time........: 0.0086 s
c =========================================================
c model count............: 405385656963610788216108540607776406690128349908353257665155650369152884268776406763725580856020784518547317624771011217624085299200000000000000
s SATISFIABLE
