c ======================================================
c countAntom, Jan Burchard, University of Freiburg, 2015
c   based on the antom SAT-solver, by Tobias Schubert   
c ======================================================
c cnf file...............: ../../501_Git_Repos/busybox-data/data//busybox//2007/2007-11-14_23-48-35/clean.dimacs
c #variables.............: 623
c #clauses...............: 512
c ======================= Settings ============================
c number of threads......: 4
c memory size............: 4000
c vsads factor...........: 0.5000
c enable IBCP............: no
c split into components..: yes
c only preprocessing.....: no
c Tseitin detection......: yes
c UPLA...................: yes
c self-subsumption.......: yes
c variable elimination...: yes
c simplfication rounds...: 4
c add dependencies.......: yes
c ==================Start Preprocessing========================
c deduce added 				5 new implications
c UPLA removed 7 equivalent variables
c Tseitin detection found 3 AND gates, 1 OR gates, 0 XOR gates, 0 EQUIV gates, 
c subsumption removed 			27 clauses 
c selfSubsumption removed 		2 literals
c
c simplify: round 0
c deduce added 				0 new implications
c variableElimination eliminated 	71 variables!
c selfSubsumption removed 		0 literals
c deduce added				0 new implications
c subsumption removed 			7 clauses 
c
c simplify: round 1
c deduce added 				0 new implications
c variableElimination eliminated 	1 variables!
c selfSubsumption removed 		2 literals
c deduce added				0 new implications
c subsumption removed 			0 clauses 
c
c simplify: round 2
c deduce added 				0 new implications
c variableElimination eliminated 	0 variables!
c selfSubsumption removed 		0 literals
c deduce added				0 new implications
c subsumption removed 			0 clauses 
c
c simplify: round 3
c deduce added 				0 new implications
c variableElimination eliminated 	0 variables!
c selfSubsumption removed 		0 literals
c deduce added				0 new implications
c subsumption removed 			0 clauses 
c subsumption removed 			2 clauses 
c ================Preprocessing Finished=======================
c clauses: 512, variables: 458


c =================Computation Finished========================
c =======================Thread 0==============================
c decisions         : 64
c bcps              : 462
c conflicts         : 0
c aborted components: 0
c blocks            : 1
c backtracks        : 128
c backtrack dist    : 1.9688
c recomputations    : 0
c splits            : 30
c split ratio       : 10.0000
c =======================Thread 1==============================
c decisions         : 54
c bcps              : 362
c conflicts         : 0
c aborted components: 0
c blocks            : 5
c backtracks        : 108
c backtrack dist    : 2.0093
c recomputations    : 0
c splits            : 65
c split ratio       : 1.9692
c =======================Thread 2==============================
c decisions         : 56
c bcps              : 353
c conflicts         : 0
c aborted components: 0
c blocks            : 2
c backtracks        : 112
c backtrack dist    : 1.9911
c recomputations    : 0
c splits            : 51
c split ratio       : 2.4902
c =======================Thread 3==============================
c decisions         : 66
c bcps              : 419
c conflicts         : 0
c aborted components: 0
c blocks            : 3
c backtracks        : 132
c backtrack dist    : 2.0076
c recomputations    : 0
c splits            : 30
c split ratio       : 4.5667
c ===================Cache Statistics==========================
c tries..................: 389
c hits...................: 149
c hit rate...............: 38.3033 % 
c removed items..........: 0
c ===================Overall Statistics========================
c TOTAL backtracks.......: 480
c TOTAL backtrack dist...: 1.9937
c TOTAL recomputations...: 0
c #decisions.............: 240
c #bcp operations........: 1596
c split ratio............: 0.0000
c cpu time...............: 0.0118 s
c wall clock time........: 0.0094 s
c =========================================================
c model count............: 7948718710817896583918512216673039132016878162671973172160321905645430390462779300730693368238102741043803176238769710676888329289415524352000000000000000
s SATISFIABLE
