c ======================================================
c countAntom, Jan Burchard, University of Freiburg, 2015
c   based on the antom SAT-solver, by Tobias Schubert   
c ======================================================
c cnf file...............: ../../501_Git_Repos/busybox-data/data//busybox//2007/2007-06-10_19-29-37/clean.dimacs
c #variables.............: 582
c #clauses...............: 473
c ======================= Settings ============================
c number of threads......: 4
c memory size............: 4000
c vsads factor...........: 0.5000
c enable IBCP............: no
c split into components..: yes
c only preprocessing.....: no
c Tseitin detection......: yes
c UPLA...................: yes
c self-subsumption.......: yes
c variable elimination...: yes
c simplfication rounds...: 4
c add dependencies.......: yes
c ==================Start Preprocessing========================
c deduce added 				5 new implications
c UPLA removed 6 equivalent variables
c Tseitin detection found 3 AND gates, 1 OR gates, 0 XOR gates, 0 EQUIV gates, 
c subsumption removed 			26 clauses 
c selfSubsumption removed 		3 literals
c
c simplify: round 0
c deduce added 				0 new implications
c variableElimination eliminated 	64 variables!
c selfSubsumption removed 		0 literals
c deduce added				0 new implications
c subsumption removed 			6 clauses 
c
c simplify: round 1
c deduce added 				0 new implications
c variableElimination eliminated 	1 variables!
c selfSubsumption removed 		2 literals
c deduce added				0 new implications
c subsumption removed 			0 clauses 
c
c simplify: round 2
c deduce added 				0 new implications
c variableElimination eliminated 	0 variables!
c selfSubsumption removed 		0 literals
c deduce added				0 new implications
c subsumption removed 			0 clauses 
c
c simplify: round 3
c deduce added 				0 new implications
c variableElimination eliminated 	0 variables!
c selfSubsumption removed 		0 literals
c deduce added				0 new implications
c subsumption removed 			0 clauses 
c subsumption removed 			1 clauses 
c ================Preprocessing Finished=======================
c clauses: 474, variables: 431


c =================Computation Finished========================
c =======================Thread 0==============================
c decisions         : 63
c bcps              : 452
c conflicts         : 0
c aborted components: 0
c blocks            : 1
c backtracks        : 126
c backtrack dist    : 1.9603
c recomputations    : 0
c splits            : 49
c split ratio       : 5.6531
c =======================Thread 1==============================
c decisions         : 55
c bcps              : 347
c conflicts         : 0
c aborted components: 0
c blocks            : 3
c backtracks        : 110
c backtrack dist    : 2.0091
c recomputations    : 0
c splits            : 35
c split ratio       : 4.1143
c =======================Thread 2==============================
c decisions         : 53
c bcps              : 365
c conflicts         : 0
c aborted components: 0
c blocks            : 7
c backtracks        : 106
c backtrack dist    : 2.1887
c recomputations    : 0
c splits            : 19
c split ratio       : 5.7895
c =======================Thread 3==============================
c decisions         : 53
c bcps              : 334
c conflicts         : 0
c aborted components: 0
c blocks            : 3
c backtracks        : 106
c backtrack dist    : 2.0283
c recomputations    : 0
c splits            : 48
c split ratio       : 2.5625
c ===================Cache Statistics==========================
c tries..................: 358
c hits...................: 134
c hit rate...............: 37.4302 % 
c removed items..........: 0
c ===================Overall Statistics========================
c TOTAL backtracks.......: 448
c TOTAL backtrack dist...: 2.0424
c TOTAL recomputations...: 0
c #decisions.............: 224
c #bcp operations........: 1498
c split ratio............: 0.0000
c cpu time...............: 0.0113 s
c wall clock time........: 0.0090 s
c =========================================================
c model count............: 603473732666660732673216664897459979445411857022181003612895529443689453794630311930911473861857047482213650100217019003348346470400000000000000
s SATISFIABLE
