c ======================================================
c countAntom, Jan Burchard, University of Freiburg, 2015
c   based on the antom SAT-solver, by Tobias Schubert   
c ======================================================
c cnf file...............: ../../501_Git_Repos/busybox-data/data//busybox//2007/2007-06-12_22-35-19/clean.dimacs
c #variables.............: 584
c #clauses...............: 474
c ======================= Settings ============================
c number of threads......: 4
c memory size............: 4000
c vsads factor...........: 0.5000
c enable IBCP............: no
c split into components..: yes
c only preprocessing.....: no
c Tseitin detection......: yes
c UPLA...................: yes
c self-subsumption.......: yes
c variable elimination...: yes
c simplfication rounds...: 4
c add dependencies.......: yes
c ==================Start Preprocessing========================
c deduce added 				5 new implications
c UPLA removed 6 equivalent variables
c Tseitin detection found 3 AND gates, 1 OR gates, 0 XOR gates, 0 EQUIV gates, 
c subsumption removed 			26 clauses 
c selfSubsumption removed 		3 literals
c
c simplify: round 0
c deduce added 				0 new implications
c variableElimination eliminated 	64 variables!
c selfSubsumption removed 		0 literals
c deduce added				0 new implications
c subsumption removed 			6 clauses 
c
c simplify: round 1
c deduce added 				0 new implications
c variableElimination eliminated 	1 variables!
c selfSubsumption removed 		2 literals
c deduce added				0 new implications
c subsumption removed 			0 clauses 
c
c simplify: round 2
c deduce added 				0 new implications
c variableElimination eliminated 	0 variables!
c selfSubsumption removed 		0 literals
c deduce added				0 new implications
c subsumption removed 			0 clauses 
c
c simplify: round 3
c deduce added 				0 new implications
c variableElimination eliminated 	0 variables!
c selfSubsumption removed 		0 literals
c deduce added				0 new implications
c subsumption removed 			0 clauses 
c subsumption removed 			1 clauses 
c ================Preprocessing Finished=======================
c clauses: 478, variables: 432


c =================Computation Finished========================
c =======================Thread 0==============================
c decisions         : 81
c bcps              : 552
c conflicts         : 0
c aborted components: 0
c blocks            : 1
c backtracks        : 162
c backtrack dist    : 1.9815
c recomputations    : 0
c splits            : 79
c split ratio       : 3.8608
c =======================Thread 1==============================
c decisions         : 56
c bcps              : 345
c conflicts         : 0
c aborted components: 0
c blocks            : 3
c backtracks        : 112
c backtrack dist    : 1.9821
c recomputations    : 0
c splits            : 25
c split ratio       : 5.7600
c =======================Thread 2==============================
c decisions         : 44
c bcps              : 312
c conflicts         : 0
c aborted components: 0
c blocks            : 4
c backtracks        : 88
c backtrack dist    : 2.2159
c recomputations    : 0
c splits            : 23
c split ratio       : 3.9565
c =======================Thread 3==============================
c decisions         : 61
c bcps              : 393
c conflicts         : 0
c aborted components: 0
c blocks            : 3
c backtracks        : 122
c backtrack dist    : 2.0738
c recomputations    : 0
c splits            : 47
c split ratio       : 2.9787
c ===================Cache Statistics==========================
c tries..................: 371
c hits...................: 129
c hit rate...............: 34.7709 % 
c removed items..........: 0
c ===================Overall Statistics========================
c TOTAL backtracks.......: 484
c TOTAL backtrack dist...: 2.0475
c TOTAL recomputations...: 0
c #decisions.............: 242
c #bcp operations........: 1602
c split ratio............: 0.0000
c cpu time...............: 0.0116 s
c wall clock time........: 0.0090 s
c =========================================================
c model count............: 1962729291237774748105628905629800431010185233589732557044987726454497167160134699312632426054156614047586140251313520169305474334720000000000000
s SATISFIABLE
