c ======================================================
c countAntom, Jan Burchard, University of Freiburg, 2015
c   based on the antom SAT-solver, by Tobias Schubert   
c ======================================================
c cnf file...............: ../../501_Git_Repos/busybox-data/data//busybox//2008/2008-07-31_10-34-48/clean.dimacs
c #variables.............: 718
c #clauses...............: 612
c ======================= Settings ============================
c number of threads......: 4
c memory size............: 4000
c vsads factor...........: 0.5000
c enable IBCP............: no
c split into components..: yes
c only preprocessing.....: no
c Tseitin detection......: yes
c UPLA...................: yes
c self-subsumption.......: yes
c variable elimination...: yes
c simplfication rounds...: 4
c add dependencies.......: yes
c ==================Start Preprocessing========================
c deduce added 				7 new implications
c UPLA removed 10 equivalent variables
c Tseitin detection found 3 AND gates, 2 OR gates, 0 XOR gates, 0 EQUIV gates, 
c subsumption removed 			43 clauses 
c selfSubsumption removed 		2 literals
c
c simplify: round 0
c deduce added 				0 new implications
c variableElimination eliminated 	82 variables!
c selfSubsumption removed 		1 literals
c deduce added				0 new implications
c subsumption removed 			16 clauses 
c
c simplify: round 1
c deduce added 				0 new implications
c variableElimination eliminated 	2 variables!
c selfSubsumption removed 		0 literals
c deduce added				0 new implications
c subsumption removed 			3 clauses 
c
c simplify: round 2
c deduce added 				0 new implications
c variableElimination eliminated 	0 variables!
c selfSubsumption removed 		0 literals
c deduce added				0 new implications
c subsumption removed 			0 clauses 
c
c simplify: round 3
c deduce added 				0 new implications
c variableElimination eliminated 	0 variables!
c selfSubsumption removed 		0 literals
c deduce added				0 new implications
c subsumption removed 			0 clauses 
c subsumption removed 			3 clauses 
c ================Preprocessing Finished=======================
c clauses: 586, variables: 533


c =================Computation Finished========================
c =======================Thread 0==============================
c decisions         : 73
c bcps              : 512
c conflicts         : 0
c aborted components: 0
c blocks            : 1
c backtracks        : 146
c backtrack dist    : 1.9521
c recomputations    : 0
c splits            : 44
c split ratio       : 7.8864
c =======================Thread 1==============================
c decisions         : 50
c bcps              : 388
c conflicts         : 0
c aborted components: 0
c blocks            : 10
c backtracks        : 100
c backtrack dist    : 2.1900
c recomputations    : 0
c splits            : 39
c split ratio       : 2.9744
c =======================Thread 2==============================
c decisions         : 83
c bcps              : 539
c conflicts         : 0
c aborted components: 0
c blocks            : 5
c backtracks        : 166
c backtrack dist    : 2.0723
c recomputations    : 0
c splits            : 57
c split ratio       : 4.1053
c =======================Thread 3==============================
c decisions         : 62
c bcps              : 420
c conflicts         : 0
c aborted components: 0
c blocks            : 9
c backtracks        : 124
c backtrack dist    : 2.0484
c recomputations    : 0
c splits            : 48
c split ratio       : 3.0208
c ===================Cache Statistics==========================
c tries..................: 495
c hits...................: 227
c hit rate...............: 45.8586 % 
c removed items..........: 0
c ===================Overall Statistics========================
c TOTAL backtracks.......: 536
c TOTAL backtrack dist...: 2.0560
c TOTAL recomputations...: 0
c #decisions.............: 268
c #bcp operations........: 1859
c split ratio............: 0.0000
c cpu time...............: 0.0140 s
c wall clock time........: 0.0111 s
c =========================================================
c model count............: 61684802110133908242716666995302872442399445658677415212267274137295624928121426117491368606325521329267476305203501858979567753645555423700073531008570611466240000000000000000
s SATISFIABLE
