c ======================================================
c countAntom, Jan Burchard, University of Freiburg, 2015
c   based on the antom SAT-solver, by Tobias Schubert   
c ======================================================
c cnf file...............: ../../501_Git_Repos/busybox-data/data//busybox//2008/2008-02-20_22-57-24/clean.dimacs
c #variables.............: 696
c #clauses...............: 583
c ======================= Settings ============================
c number of threads......: 4
c memory size............: 4000
c vsads factor...........: 0.5000
c enable IBCP............: no
c split into components..: yes
c only preprocessing.....: no
c Tseitin detection......: yes
c UPLA...................: yes
c self-subsumption.......: yes
c variable elimination...: yes
c simplfication rounds...: 4
c add dependencies.......: yes
c ==================Start Preprocessing========================
c deduce added 				6 new implications
c UPLA removed 10 equivalent variables
c Tseitin detection found 3 AND gates, 2 OR gates, 0 XOR gates, 0 EQUIV gates, 
c subsumption removed 			28 clauses 
c selfSubsumption removed 		2 literals
c
c simplify: round 0
c deduce added 				0 new implications
c variableElimination eliminated 	80 variables!
c selfSubsumption removed 		2 literals
c deduce added				0 new implications
c subsumption removed 			5 clauses 
c
c simplify: round 1
c deduce added 				0 new implications
c variableElimination eliminated 	0 variables!
c selfSubsumption removed 		0 literals
c deduce added				0 new implications
c subsumption removed 			0 clauses 
c
c simplify: round 2
c deduce added 				0 new implications
c variableElimination eliminated 	0 variables!
c selfSubsumption removed 		0 literals
c deduce added				0 new implications
c subsumption removed 			0 clauses 
c
c simplify: round 3
c deduce added 				0 new implications
c variableElimination eliminated 	0 variables!
c selfSubsumption removed 		0 literals
c deduce added				0 new implications
c subsumption removed 			0 clauses 
c subsumption removed 			2 clauses 
c ================Preprocessing Finished=======================
c clauses: 577, variables: 526


c =================Computation Finished========================
c =======================Thread 0==============================
c decisions         : 63
c bcps              : 484
c conflicts         : 0
c aborted components: 0
c blocks            : 1
c backtracks        : 126
c backtrack dist    : 1.9603
c recomputations    : 0
c splits            : 43
c split ratio       : 7.5814
c =======================Thread 1==============================
c decisions         : 67
c bcps              : 445
c conflicts         : 0
c aborted components: 0
c blocks            : 5
c backtracks        : 134
c backtrack dist    : 2.0522
c recomputations    : 0
c splits            : 59
c split ratio       : 2.5424
c =======================Thread 2==============================
c decisions         : 45
c bcps              : 327
c conflicts         : 0
c aborted components: 0
c blocks            : 5
c backtracks        : 90
c backtrack dist    : 2.0444
c recomputations    : 0
c splits            : 47
c split ratio       : 2.2979
c =======================Thread 3==============================
c decisions         : 81
c bcps              : 517
c conflicts         : 0
c aborted components: 0
c blocks            : 3
c backtracks        : 162
c backtrack dist    : 2.0185
c recomputations    : 0
c splits            : 35
c split ratio       : 6.3714
c ===================Cache Statistics==========================
c tries..................: 480
c hits...................: 224
c hit rate...............: 46.6667 % 
c removed items..........: 0
c ===================Overall Statistics========================
c TOTAL backtracks.......: 512
c TOTAL backtrack dist...: 2.0176
c TOTAL recomputations...: 0
c #decisions.............: 256
c #bcp operations........: 1773
c split ratio............: 0.0000
c cpu time...............: 0.0153 s
c wall clock time........: 0.0122 s
c =========================================================
c model count............: 4353646681341242759468796812837982568513951911986890205466477475832760500471698551174526286844211657329139217977906947560402494510678138195568979208757575680000000000000000
s SATISFIABLE
