c ======================================================
c countAntom, Jan Burchard, University of Freiburg, 2015
c   based on the antom SAT-solver, by Tobias Schubert   
c ======================================================
c cnf file...............: ../../501_Git_Repos/busybox-data/data//busybox//2008/2008-09-13_18-27-32/clean.dimacs
c #variables.............: 712
c #clauses...............: 564
c ======================= Settings ============================
c number of threads......: 4
c memory size............: 4000
c vsads factor...........: 0.5000
c enable IBCP............: no
c split into components..: yes
c only preprocessing.....: no
c Tseitin detection......: yes
c UPLA...................: yes
c self-subsumption.......: yes
c variable elimination...: yes
c simplfication rounds...: 4
c add dependencies.......: yes
c ==================Start Preprocessing========================
c deduce added 				9 new implications
c UPLA removed 10 equivalent variables
c Tseitin detection found 3 AND gates, 2 OR gates, 0 XOR gates, 0 EQUIV gates, 
c subsumption removed 			20 clauses 
c selfSubsumption removed 		2 literals
c
c simplify: round 0
c deduce added 				0 new implications
c variableElimination eliminated 	79 variables!
c selfSubsumption removed 		0 literals
c deduce added				0 new implications
c subsumption removed 			5 clauses 
c
c simplify: round 1
c deduce added 				0 new implications
c variableElimination eliminated 	0 variables!
c selfSubsumption removed 		0 literals
c deduce added				0 new implications
c subsumption removed 			0 clauses 
c
c simplify: round 2
c deduce added 				0 new implications
c variableElimination eliminated 	0 variables!
c selfSubsumption removed 		0 literals
c deduce added				0 new implications
c subsumption removed 			0 clauses 
c
c simplify: round 3
c deduce added 				0 new implications
c variableElimination eliminated 	0 variables!
c selfSubsumption removed 		0 literals
c deduce added				0 new implications
c subsumption removed 			0 clauses 
c subsumption removed 			3 clauses 
c ================Preprocessing Finished=======================
c clauses: 567, variables: 516


c =================Computation Finished========================
c =======================Thread 0==============================
c decisions         : 87
c bcps              : 593
c conflicts         : 0
c aborted components: 0
c blocks            : 1
c backtracks        : 174
c backtrack dist    : 1.9770
c recomputations    : 0
c splits            : 53
c split ratio       : 6.9057
c =======================Thread 1==============================
c decisions         : 66
c bcps              : 441
c conflicts         : 0
c aborted components: 0
c blocks            : 6
c backtracks        : 132
c backtrack dist    : 2.0000
c recomputations    : 0
c splits            : 49
c split ratio       : 3.1429
c =======================Thread 2==============================
c decisions         : 44
c bcps              : 302
c conflicts         : 0
c aborted components: 0
c blocks            : 8
c backtracks        : 88
c backtrack dist    : 2.0568
c recomputations    : 0
c splits            : 34
c split ratio       : 2.9412
c =======================Thread 3==============================
c decisions         : 50
c bcps              : 342
c conflicts         : 0
c aborted components: 0
c blocks            : 4
c backtracks        : 100
c backtrack dist    : 1.9900
c recomputations    : 0
c splits            : 32
c split ratio       : 4.4375
c ===================Cache Statistics==========================
c tries..................: 437
c hits...................: 190
c hit rate...............: 43.4783 % 
c removed items..........: 0
c ===================Overall Statistics========================
c TOTAL backtracks.......: 494
c TOTAL backtrack dist...: 2.0000
c TOTAL recomputations...: 0
c #decisions.............: 247
c #bcp operations........: 1678
c split ratio............: 0.0000
c cpu time...............: 0.0132 s
c wall clock time........: 0.0103 s
c =========================================================
c model count............: 43293667647629903845442044057390335632791569646635442734019827440236623301400867737481056353605255432970830019358435203629444996681053230647994295432123514880000000000000000000
s SATISFIABLE
