c ======================================================
c countAntom, Jan Burchard, University of Freiburg, 2015
c   based on the antom SAT-solver, by Tobias Schubert   
c ======================================================
c cnf file...............: ../../501_Git_Repos/busybox-data/data//busybox//2008/2008-03-31_20-30-38/clean.dimacs
c #variables.............: 691
c #clauses...............: 572
c ======================= Settings ============================
c number of threads......: 4
c memory size............: 4000
c vsads factor...........: 0.5000
c enable IBCP............: no
c split into components..: yes
c only preprocessing.....: no
c Tseitin detection......: yes
c UPLA...................: yes
c self-subsumption.......: yes
c variable elimination...: yes
c simplfication rounds...: 4
c add dependencies.......: yes
c ==================Start Preprocessing========================
c deduce added 				6 new implications
c UPLA removed 10 equivalent variables
c Tseitin detection found 3 AND gates, 2 OR gates, 0 XOR gates, 0 EQUIV gates, 
c subsumption removed 			27 clauses 
c selfSubsumption removed 		2 literals
c
c simplify: round 0
c deduce added 				0 new implications
c variableElimination eliminated 	80 variables!
c selfSubsumption removed 		2 literals
c deduce added				0 new implications
c subsumption removed 			5 clauses 
c
c simplify: round 1
c deduce added 				0 new implications
c variableElimination eliminated 	0 variables!
c selfSubsumption removed 		0 literals
c deduce added				0 new implications
c subsumption removed 			0 clauses 
c
c simplify: round 2
c deduce added 				0 new implications
c variableElimination eliminated 	0 variables!
c selfSubsumption removed 		0 literals
c deduce added				0 new implications
c subsumption removed 			0 clauses 
c
c simplify: round 3
c deduce added 				0 new implications
c variableElimination eliminated 	0 variables!
c selfSubsumption removed 		0 literals
c deduce added				0 new implications
c subsumption removed 			0 clauses 
c subsumption removed 			3 clauses 
c ================Preprocessing Finished=======================
c clauses: 566, variables: 514


c =================Computation Finished========================
c =======================Thread 0==============================
c decisions         : 74
c bcps              : 511
c conflicts         : 0
c aborted components: 0
c blocks            : 1
c backtracks        : 148
c backtrack dist    : 1.9730
c recomputations    : 0
c splits            : 41
c split ratio       : 8.1220
c =======================Thread 1==============================
c decisions         : 63
c bcps              : 444
c conflicts         : 0
c aborted components: 0
c blocks            : 6
c backtracks        : 126
c backtrack dist    : 2.1587
c recomputations    : 0
c splits            : 54
c split ratio       : 2.6296
c =======================Thread 2==============================
c decisions         : 59
c bcps              : 384
c conflicts         : 0
c aborted components: 0
c blocks            : 2
c backtracks        : 118
c backtrack dist    : 1.9915
c recomputations    : 0
c splits            : 62
c split ratio       : 2.2742
c =======================Thread 3==============================
c decisions         : 58
c bcps              : 393
c conflicts         : 0
c aborted components: 0
c blocks            : 4
c backtracks        : 116
c backtrack dist    : 1.9914
c recomputations    : 0
c splits            : 30
c split ratio       : 5.1000
c ===================Cache Statistics==========================
c tries..................: 449
c hits...................: 195
c hit rate...............: 43.4298 % 
c removed items..........: 0
c ===================Overall Statistics========================
c TOTAL backtracks.......: 508
c TOTAL backtrack dist...: 2.0276
c TOTAL recomputations...: 0
c #decisions.............: 254
c #bcp operations........: 1732
c split ratio............: 0.0000
c cpu time...............: 0.0131 s
c wall clock time........: 0.0104 s
c =========================================================
c model count............: 341468762739481089983557349262559743594744776545979739890884364166551858778729814949206001525459232671004898899772139840252716676744844724533627202805170176000000000000000
s SATISFIABLE
