c ======================================================
c countAntom, Jan Burchard, University of Freiburg, 2015
c   based on the antom SAT-solver, by Tobias Schubert   
c ======================================================
c cnf file...............: ../../501_Git_Repos/busybox-data/data//busybox//2008/2008-11-10_22-23-20/clean.dimacs
c #variables.............: 731
c #clauses...............: 593
c ======================= Settings ============================
c number of threads......: 4
c memory size............: 4000
c vsads factor...........: 0.5000
c enable IBCP............: no
c split into components..: yes
c only preprocessing.....: no
c Tseitin detection......: yes
c UPLA...................: yes
c self-subsumption.......: yes
c variable elimination...: yes
c simplfication rounds...: 4
c add dependencies.......: yes
c ==================Start Preprocessing========================
c deduce added 				9 new implications
c UPLA removed 12 equivalent variables
c Tseitin detection found 3 AND gates, 3 OR gates, 0 XOR gates, 0 EQUIV gates, 
c subsumption removed 			25 clauses 
c selfSubsumption removed 		2 literals
c
c simplify: round 0
c deduce added 				0 new implications
c variableElimination eliminated 	99 variables!
c selfSubsumption removed 		0 literals
c deduce added				0 new implications
c subsumption removed 			5 clauses 
c
c simplify: round 1
c deduce added 				0 new implications
c variableElimination eliminated 	0 variables!
c selfSubsumption removed 		0 literals
c deduce added				0 new implications
c subsumption removed 			0 clauses 
c
c simplify: round 2
c deduce added 				0 new implications
c variableElimination eliminated 	0 variables!
c selfSubsumption removed 		0 literals
c deduce added				0 new implications
c subsumption removed 			0 clauses 
c
c simplify: round 3
c deduce added 				0 new implications
c variableElimination eliminated 	0 variables!
c selfSubsumption removed 		0 literals
c deduce added				0 new implications
c subsumption removed 			0 clauses 
c subsumption removed 			4 clauses 
c ================Preprocessing Finished=======================
c clauses: 563, variables: 539


c =================Computation Finished========================
c =======================Thread 0==============================
c decisions         : 84
c bcps              : 667
c conflicts         : 0
c aborted components: 0
c blocks            : 1
c backtracks        : 168
c backtrack dist    : 1.9702
c recomputations    : 0
c splits            : 71
c split ratio       : 5.8732
c =======================Thread 1==============================
c decisions         : 75
c bcps              : 569
c conflicts         : 0
c aborted components: 0
c blocks            : 5
c backtracks        : 150
c backtrack dist    : 2.2133
c recomputations    : 0
c splits            : 70
c split ratio       : 3.1286
c =======================Thread 2==============================
c decisions         : 112
c bcps              : 803
c conflicts         : 0
c aborted components: 0
c blocks            : 5
c backtracks        : 224
c backtrack dist    : 2.0848
c recomputations    : 0
c splits            : 95
c split ratio       : 3.2842
c =======================Thread 3==============================
c decisions         : 66
c bcps              : 493
c conflicts         : 0
c aborted components: 0
c blocks            : 4
c backtracks        : 132
c backtrack dist    : 2.0530
c recomputations    : 0
c splits            : 84
c split ratio       : 2.5833
c ===================Cache Statistics==========================
c tries..................: 812
c hits...................: 475
c hit rate...............: 58.4975 % 
c removed items..........: 0
c ===================Overall Statistics========================
c TOTAL backtracks.......: 674
c TOTAL backtrack dist...: 2.0786
c TOTAL recomputations...: 0
c #decisions.............: 337
c #bcp operations........: 2532
c split ratio............: 0.0000
c cpu time...............: 0.0159 s
c wall clock time........: 0.0121 s
c =========================================================
c model count............: 45374305323647642251647141579473177337229921081102011941897762815139589184602705064378194336360207144147668020093736281783194963300147518588060637007402059694080000000000000000000
s SATISFIABLE
