c ======================================================
c countAntom, Jan Burchard, University of Freiburg, 2015
c   based on the antom SAT-solver, by Tobias Schubert   
c ======================================================
c cnf file...............: ../../501_Git_Repos/busybox-data/data//busybox//2008/2008-02-13_18-10-46/clean.dimacs
c #variables.............: 648
c #clauses...............: 531
c ======================= Settings ============================
c number of threads......: 4
c memory size............: 4000
c vsads factor...........: 0.5000
c enable IBCP............: no
c split into components..: yes
c only preprocessing.....: no
c Tseitin detection......: yes
c UPLA...................: yes
c self-subsumption.......: yes
c variable elimination...: yes
c simplfication rounds...: 4
c add dependencies.......: yes
c ==================Start Preprocessing========================
c deduce added 				6 new implications
c UPLA removed 8 equivalent variables
c Tseitin detection found 3 AND gates, 2 OR gates, 0 XOR gates, 0 EQUIV gates, 
c subsumption removed 			24 clauses 
c selfSubsumption removed 		3 literals
c
c simplify: round 0
c deduce added 				0 new implications
c variableElimination eliminated 	74 variables!
c selfSubsumption removed 		2 literals
c deduce added				0 new implications
c subsumption removed 			5 clauses 
c
c simplify: round 1
c deduce added 				0 new implications
c variableElimination eliminated 	0 variables!
c selfSubsumption removed 		0 literals
c deduce added				0 new implications
c subsumption removed 			0 clauses 
c
c simplify: round 2
c deduce added 				0 new implications
c variableElimination eliminated 	0 variables!
c selfSubsumption removed 		0 literals
c deduce added				0 new implications
c subsumption removed 			0 clauses 
c
c simplify: round 3
c deduce added 				0 new implications
c variableElimination eliminated 	0 variables!
c selfSubsumption removed 		0 literals
c deduce added				0 new implications
c subsumption removed 			0 clauses 
c subsumption removed 			4 clauses 
c ================Preprocessing Finished=======================
c clauses: 531, variables: 480


c =================Computation Finished========================
c =======================Thread 0==============================
c decisions         : 72
c bcps              : 452
c conflicts         : 0
c aborted components: 0
c blocks            : 2
c backtracks        : 144
c backtrack dist    : 1.9583
c recomputations    : 0
c splits            : 47
c split ratio       : 3.5106
c =======================Thread 1==============================
c decisions         : 54
c bcps              : 372
c conflicts         : 0
c aborted components: 0
c blocks            : 3
c backtracks        : 108
c backtrack dist    : 2.0833
c recomputations    : 0
c splits            : 39
c split ratio       : 3.6154
c =======================Thread 2==============================
c decisions         : 65
c bcps              : 491
c conflicts         : 0
c aborted components: 0
c blocks            : 1
c backtracks        : 130
c backtrack dist    : 1.9692
c recomputations    : 0
c splits            : 44
c split ratio       : 7.4091
c =======================Thread 3==============================
c decisions         : 54
c bcps              : 352
c conflicts         : 0
c aborted components: 0
c blocks            : 3
c backtracks        : 108
c backtrack dist    : 1.9907
c recomputations    : 0
c splits            : 45
c split ratio       : 2.5778
c ===================Cache Statistics==========================
c tries..................: 434
c hits...................: 189
c hit rate...............: 43.5484 % 
c removed items..........: 0
c ===================Overall Statistics========================
c TOTAL backtracks.......: 490
c TOTAL backtrack dist...: 1.9959
c TOTAL recomputations...: 0
c #decisions.............: 245
c #bcp operations........: 1667
c split ratio............: 0.0000
c cpu time...............: 0.0124 s
c wall clock time........: 0.0097 s
c =========================================================
c model count............: 680099747086397519144100037987691834485702033949289194151901498467786607270547134770317448522944297500158824321631737364606897923245031376814080000000000000000
s SATISFIABLE
