c ======================================================
c countAntom, Jan Burchard, University of Freiburg, 2015
c   based on the antom SAT-solver, by Tobias Schubert   
c ======================================================
c cnf file...............: ../../501_Git_Repos/busybox-data/data//busybox//2008/2008-12-30_10-40-05/clean.dimacs
c #variables.............: 735
c #clauses...............: 597
c ======================= Settings ============================
c number of threads......: 4
c memory size............: 4000
c vsads factor...........: 0.5000
c enable IBCP............: no
c split into components..: yes
c only preprocessing.....: no
c Tseitin detection......: yes
c UPLA...................: yes
c self-subsumption.......: yes
c variable elimination...: yes
c simplfication rounds...: 4
c add dependencies.......: yes
c ==================Start Preprocessing========================
c deduce added 				9 new implications
c UPLA removed 12 equivalent variables
c Tseitin detection found 4 AND gates, 3 OR gates, 0 XOR gates, 0 EQUIV gates, 
c subsumption removed 			25 clauses 
c selfSubsumption removed 		2 literals
c
c simplify: round 0
c deduce added 				0 new implications
c variableElimination eliminated 	100 variables!
c selfSubsumption removed 		0 literals
c deduce added				0 new implications
c subsumption removed 			5 clauses 
c
c simplify: round 1
c deduce added 				0 new implications
c variableElimination eliminated 	0 variables!
c selfSubsumption removed 		0 literals
c deduce added				0 new implications
c subsumption removed 			0 clauses 
c
c simplify: round 2
c deduce added 				0 new implications
c variableElimination eliminated 	0 variables!
c selfSubsumption removed 		0 literals
c deduce added				0 new implications
c subsumption removed 			0 clauses 
c
c simplify: round 3
c deduce added 				0 new implications
c variableElimination eliminated 	0 variables!
c selfSubsumption removed 		0 literals
c deduce added				0 new implications
c subsumption removed 			0 clauses 
c subsumption removed 			4 clauses 
c ================Preprocessing Finished=======================
c clauses: 564, variables: 541


c =================Computation Finished========================
c =======================Thread 0==============================
c decisions         : 97
c bcps              : 682
c conflicts         : 0
c aborted components: 0
c blocks            : 1
c backtracks        : 194
c backtrack dist    : 1.9794
c recomputations    : 0
c splits            : 73
c split ratio       : 5.4384
c =======================Thread 1==============================
c decisions         : 86
c bcps              : 658
c conflicts         : 0
c aborted components: 0
c blocks            : 2
c backtracks        : 172
c backtrack dist    : 2.0407
c recomputations    : 0
c splits            : 116
c split ratio       : 2.4483
c =======================Thread 2==============================
c decisions         : 79
c bcps              : 609
c conflicts         : 0
c aborted components: 0
c blocks            : 5
c backtracks        : 158
c backtrack dist    : 2.1582
c recomputations    : 0
c splits            : 74
c split ratio       : 2.8378
c =======================Thread 3==============================
c decisions         : 96
c bcps              : 693
c conflicts         : 0
c aborted components: 0
c blocks            : 2
c backtracks        : 192
c backtrack dist    : 2.0677
c recomputations    : 0
c splits            : 85
c split ratio       : 3.5176
c ===================Cache Statistics==========================
c tries..................: 823
c hits...................: 465
c hit rate...............: 56.5006 % 
c removed items..........: 0
c ===================Overall Statistics========================
c TOTAL backtracks.......: 716
c TOTAL backtrack dist...: 2.0573
c TOTAL recomputations...: 0
c #decisions.............: 358
c #bcp operations........: 2642
c split ratio............: 0.0000
c cpu time...............: 0.0350 s
c wall clock time........: 0.0271 s
c =========================================================
c model count............: 325366969881766020048396576204027174076721873118146134412632738235391200494468177778711930119265875619010107266038011386445349249030326108899751884882346476830720000000000000000000
s SATISFIABLE
