c ======================================================
c countAntom, Jan Burchard, University of Freiburg, 2015
c   based on the antom SAT-solver, by Tobias Schubert   
c ======================================================
c cnf file...............: ../../501_Git_Repos/busybox-data/data//busybox//2008/2008-06-01_22-36-39/clean.dimacs
c #variables.............: 703
c #clauses...............: 587
c ======================= Settings ============================
c number of threads......: 4
c memory size............: 4000
c vsads factor...........: 0.5000
c enable IBCP............: no
c split into components..: yes
c only preprocessing.....: no
c Tseitin detection......: yes
c UPLA...................: yes
c self-subsumption.......: yes
c variable elimination...: yes
c simplfication rounds...: 4
c add dependencies.......: yes
c ==================Start Preprocessing========================
c deduce added 				6 new implications
c UPLA removed 10 equivalent variables
c Tseitin detection found 3 AND gates, 2 OR gates, 0 XOR gates, 0 EQUIV gates, 
c subsumption removed 			35 clauses 
c selfSubsumption removed 		2 literals
c
c simplify: round 0
c deduce added 				0 new implications
c variableElimination eliminated 	81 variables!
c selfSubsumption removed 		0 literals
c deduce added				0 new implications
c subsumption removed 			5 clauses 
c
c simplify: round 1
c deduce added 				0 new implications
c variableElimination eliminated 	1 variables!
c selfSubsumption removed 		0 literals
c deduce added				0 new implications
c subsumption removed 			0 clauses 
c
c simplify: round 2
c deduce added 				0 new implications
c variableElimination eliminated 	0 variables!
c selfSubsumption removed 		0 literals
c deduce added				0 new implications
c subsumption removed 			0 clauses 
c
c simplify: round 3
c deduce added 				0 new implications
c variableElimination eliminated 	0 variables!
c selfSubsumption removed 		0 literals
c deduce added				0 new implications
c subsumption removed 			0 clauses 
c subsumption removed 			5 clauses 
c ================Preprocessing Finished=======================
c clauses: 558, variables: 521


c =================Computation Finished========================
c =======================Thread 0==============================
c decisions         : 90
c bcps              : 617
c conflicts         : 0
c aborted components: 0
c blocks            : 1
c backtracks        : 180
c backtrack dist    : 1.9833
c recomputations    : 0
c splits            : 59
c split ratio       : 6.3559
c =======================Thread 1==============================
c decisions         : 71
c bcps              : 474
c conflicts         : 0
c aborted components: 0
c blocks            : 5
c backtracks        : 142
c backtrack dist    : 2.0634
c recomputations    : 0
c splits            : 42
c split ratio       : 3.7381
c =======================Thread 2==============================
c decisions         : 69
c bcps              : 437
c conflicts         : 0
c aborted components: 0
c blocks            : 3
c backtracks        : 138
c backtrack dist    : 2.0000
c recomputations    : 0
c splits            : 48
c split ratio       : 3.2708
c =======================Thread 3==============================
c decisions         : 41
c bcps              : 291
c conflicts         : 0
c aborted components: 0
c blocks            : 4
c backtracks        : 82
c backtrack dist    : 2.0122
c recomputations    : 0
c splits            : 39
c split ratio       : 3.0256
c ===================Cache Statistics==========================
c tries..................: 454
c hits...................: 183
c hit rate...............: 40.3084 % 
c removed items..........: 0
c ===================Overall Statistics========================
c TOTAL backtracks.......: 542
c TOTAL backtrack dist...: 2.0129
c TOTAL recomputations...: 0
c #decisions.............: 271
c #bcp operations........: 1819
c split ratio............: 0.0000
c cpu time...............: 0.0132 s
c wall clock time........: 0.0102 s
c =========================================================
c model count............: 363352420740526266281904775543765380637812474097002341803027825241475142681141441280012349495330267527870733354439874923171965084973639239829239551828630175744000000000000000
s SATISFIABLE
