c ======================================================
c countAntom, Jan Burchard, University of Freiburg, 2015
c   based on the antom SAT-solver, by Tobias Schubert   
c ======================================================
c cnf file...............: ../../501_Git_Repos/busybox-data/data//busybox//2008/2008-07-11_23-44-50/clean.dimacs
c #variables.............: 714
c #clauses...............: 608
c ======================= Settings ============================
c number of threads......: 4
c memory size............: 4000
c vsads factor...........: 0.5000
c enable IBCP............: no
c split into components..: yes
c only preprocessing.....: no
c Tseitin detection......: yes
c UPLA...................: yes
c self-subsumption.......: yes
c variable elimination...: yes
c simplfication rounds...: 4
c add dependencies.......: yes
c ==================Start Preprocessing========================
c deduce added 				7 new implications
c UPLA removed 10 equivalent variables
c Tseitin detection found 3 AND gates, 2 OR gates, 0 XOR gates, 0 EQUIV gates, 
c subsumption removed 			38 clauses 
c selfSubsumption removed 		3 literals
c
c simplify: round 0
c deduce added 				0 new implications
c variableElimination eliminated 	80 variables!
c selfSubsumption removed 		1 literals
c deduce added				0 new implications
c subsumption removed 			15 clauses 
c
c simplify: round 1
c deduce added 				0 new implications
c variableElimination eliminated 	2 variables!
c selfSubsumption removed 		0 literals
c deduce added				0 new implications
c subsumption removed 			3 clauses 
c
c simplify: round 2
c deduce added 				0 new implications
c variableElimination eliminated 	0 variables!
c selfSubsumption removed 		0 literals
c deduce added				0 new implications
c subsumption removed 			0 clauses 
c
c simplify: round 3
c deduce added 				0 new implications
c variableElimination eliminated 	0 variables!
c selfSubsumption removed 		0 literals
c deduce added				0 new implications
c subsumption removed 			0 clauses 
c subsumption removed 			4 clauses 
c ================Preprocessing Finished=======================
c clauses: 588, variables: 530


c =================Computation Finished========================
c =======================Thread 0==============================
c decisions         : 97
c bcps              : 632
c conflicts         : 0
c aborted components: 0
c blocks            : 1
c backtracks        : 194
c backtrack dist    : 1.9742
c recomputations    : 0
c splits            : 68
c split ratio       : 5.1324
c =======================Thread 1==============================
c decisions         : 65
c bcps              : 433
c conflicts         : 0
c aborted components: 0
c blocks            : 5
c backtracks        : 130
c backtrack dist    : 2.0077
c recomputations    : 0
c splits            : 55
c split ratio       : 2.7818
c =======================Thread 2==============================
c decisions         : 45
c bcps              : 351
c conflicts         : 0
c aborted components: 0
c blocks            : 3
c backtracks        : 90
c backtrack dist    : 2.1222
c recomputations    : 0
c splits            : 41
c split ratio       : 2.5610
c =======================Thread 3==============================
c decisions         : 59
c bcps              : 379
c conflicts         : 0
c aborted components: 0
c blocks            : 4
c backtracks        : 118
c backtrack dist    : 1.9915
c recomputations    : 0
c splits            : 33
c split ratio       : 5.5455
c ===================Cache Statistics==========================
c tries..................: 456
c hits...................: 190
c hit rate...............: 41.6667 % 
c removed items..........: 0
c ===================Overall Statistics========================
c TOTAL backtracks.......: 532
c TOTAL backtrack dist...: 2.0113
c TOTAL recomputations...: 0
c #decisions.............: 266
c #bcp operations........: 1795
c split ratio............: 0.0000
c cpu time...............: 0.0141 s
c wall clock time........: 0.0112 s
c =========================================================
c model count............: 6965261219559443471601402694506548750862386315795573129320236934618040725216376033327375160532443683814246530296191271948951303122439495620342483807048705245184000000000000000
s SATISFIABLE
