c ======================================================
c countAntom, Jan Burchard, University of Freiburg, 2015
c   based on the antom SAT-solver, by Tobias Schubert   
c ======================================================
c cnf file...............: ../../501_Git_Repos/busybox-data/data//busybox//2008/2008-03-29_17-59-27/clean.dimacs
c #variables.............: 691
c #clauses...............: 572
c ======================= Settings ============================
c number of threads......: 4
c memory size............: 4000
c vsads factor...........: 0.5000
c enable IBCP............: no
c split into components..: yes
c only preprocessing.....: no
c Tseitin detection......: yes
c UPLA...................: yes
c self-subsumption.......: yes
c variable elimination...: yes
c simplfication rounds...: 4
c add dependencies.......: yes
c ==================Start Preprocessing========================
c deduce added 				6 new implications
c UPLA removed 10 equivalent variables
c Tseitin detection found 3 AND gates, 2 OR gates, 0 XOR gates, 0 EQUIV gates, 
c subsumption removed 			27 clauses 
c selfSubsumption removed 		2 literals
c
c simplify: round 0
c deduce added 				0 new implications
c variableElimination eliminated 	80 variables!
c selfSubsumption removed 		2 literals
c deduce added				0 new implications
c subsumption removed 			5 clauses 
c
c simplify: round 1
c deduce added 				0 new implications
c variableElimination eliminated 	0 variables!
c selfSubsumption removed 		0 literals
c deduce added				0 new implications
c subsumption removed 			0 clauses 
c
c simplify: round 2
c deduce added 				0 new implications
c variableElimination eliminated 	0 variables!
c selfSubsumption removed 		0 literals
c deduce added				0 new implications
c subsumption removed 			0 clauses 
c
c simplify: round 3
c deduce added 				0 new implications
c variableElimination eliminated 	0 variables!
c selfSubsumption removed 		0 literals
c deduce added				0 new implications
c subsumption removed 			0 clauses 
c subsumption removed 			3 clauses 
c ================Preprocessing Finished=======================
c clauses: 566, variables: 514


c =================Computation Finished========================
c =======================Thread 0==============================
c decisions         : 79
c bcps              : 561
c conflicts         : 0
c aborted components: 0
c blocks            : 1
c backtracks        : 158
c backtrack dist    : 1.9747
c recomputations    : 0
c splits            : 45
c split ratio       : 7.7111
c =======================Thread 1==============================
c decisions         : 61
c bcps              : 395
c conflicts         : 0
c aborted components: 0
c blocks            : 3
c backtracks        : 122
c backtrack dist    : 2.0082
c recomputations    : 0
c splits            : 58
c split ratio       : 2.5517
c =======================Thread 2==============================
c decisions         : 56
c bcps              : 381
c conflicts         : 0
c aborted components: 0
c blocks            : 5
c backtracks        : 112
c backtrack dist    : 2.0804
c recomputations    : 0
c splits            : 52
c split ratio       : 2.4231
c =======================Thread 3==============================
c decisions         : 58
c bcps              : 392
c conflicts         : 0
c aborted components: 0
c blocks            : 5
c backtracks        : 116
c backtrack dist    : 2.0517
c recomputations    : 0
c splits            : 30
c split ratio       : 4.9000
c ===================Cache Statistics==========================
c tries..................: 446
c hits...................: 192
c hit rate...............: 43.0493 % 
c removed items..........: 0
c ===================Overall Statistics========================
c TOTAL backtracks.......: 508
c TOTAL backtrack dist...: 2.0236
c TOTAL recomputations...: 0
c #decisions.............: 254
c #bcp operations........: 1729
c split ratio............: 0.0000
c cpu time...............: 0.0133 s
c wall clock time........: 0.0103 s
c =========================================================
c model count............: 341468762739481089983557349262559743594744776545979739890884364166551858778729814949206001525459232671004898899772139840252716676744844724533627202805170176000000000000000
s SATISFIABLE
