c ======================================================
c countAntom, Jan Burchard, University of Freiburg, 2015
c   based on the antom SAT-solver, by Tobias Schubert   
c ======================================================
c cnf file...............: ../../501_Git_Repos/busybox-data/data//busybox//2008/2008-08-06_18-14-38/clean.dimacs
c #variables.............: 712
c #clauses...............: 602
c ======================= Settings ============================
c number of threads......: 4
c memory size............: 4000
c vsads factor...........: 0.5000
c enable IBCP............: no
c split into components..: yes
c only preprocessing.....: no
c Tseitin detection......: yes
c UPLA...................: yes
c self-subsumption.......: yes
c variable elimination...: yes
c simplfication rounds...: 4
c add dependencies.......: yes
c ==================Start Preprocessing========================
c deduce added 				7 new implications
c UPLA removed 10 equivalent variables
c Tseitin detection found 3 AND gates, 2 OR gates, 0 XOR gates, 0 EQUIV gates, 
c subsumption removed 			42 clauses 
c selfSubsumption removed 		2 literals
c
c simplify: round 0
c deduce added 				0 new implications
c variableElimination eliminated 	80 variables!
c selfSubsumption removed 		1 literals
c deduce added				0 new implications
c subsumption removed 			15 clauses 
c
c simplify: round 1
c deduce added 				0 new implications
c variableElimination eliminated 	2 variables!
c selfSubsumption removed 		0 literals
c deduce added				0 new implications
c subsumption removed 			3 clauses 
c
c simplify: round 2
c deduce added 				0 new implications
c variableElimination eliminated 	0 variables!
c selfSubsumption removed 		0 literals
c deduce added				0 new implications
c subsumption removed 			0 clauses 
c
c simplify: round 3
c deduce added 				0 new implications
c variableElimination eliminated 	0 variables!
c selfSubsumption removed 		0 literals
c deduce added				0 new implications
c subsumption removed 			0 clauses 
c subsumption removed 			4 clauses 
c ================Preprocessing Finished=======================
c clauses: 576, variables: 524


c =================Computation Finished========================
c =======================Thread 0==============================
c decisions         : 74
c bcps              : 515
c conflicts         : 0
c aborted components: 0
c blocks            : 1
c backtracks        : 148
c backtrack dist    : 1.9662
c recomputations    : 0
c splits            : 45
c split ratio       : 7.5778
c =======================Thread 1==============================
c decisions         : 61
c bcps              : 413
c conflicts         : 0
c aborted components: 0
c blocks            : 6
c backtracks        : 122
c backtrack dist    : 2.1230
c recomputations    : 0
c splits            : 35
c split ratio       : 3.6000
c =======================Thread 2==============================
c decisions         : 72
c bcps              : 469
c conflicts         : 0
c aborted components: 0
c blocks            : 4
c backtracks        : 144
c backtrack dist    : 2.0347
c recomputations    : 0
c splits            : 59
c split ratio       : 2.8983
c =======================Thread 3==============================
c decisions         : 43
c bcps              : 312
c conflicts         : 0
c aborted components: 0
c blocks            : 5
c backtracks        : 86
c backtrack dist    : 1.9884
c recomputations    : 0
c splits            : 35
c split ratio       : 3.8000
c ===================Cache Statistics==========================
c tries..................: 446
c hits...................: 196
c hit rate...............: 43.9462 % 
c removed items..........: 0
c ===================Overall Statistics========================
c TOTAL backtracks.......: 500
c TOTAL backtrack dist...: 2.0280
c TOTAL recomputations...: 0
c #decisions.............: 250
c #bcp operations........: 1709
c split ratio............: 0.0000
c cpu time...............: 0.0138 s
c wall clock time........: 0.0108 s
c =========================================================
c model count............: 4457664608121580651850464957504210601737278926523231220037002375538306277241465440448836758887990891025010863172218927226237452464885094880378478753417789440000000000000000000
s SATISFIABLE
