c ======================================================
c countAntom, Jan Burchard, University of Freiburg, 2015
c   based on the antom SAT-solver, by Tobias Schubert   
c ======================================================
c cnf file...............: ../../501_Git_Repos/busybox-data/data//busybox//2008/2008-03-19_23-37-32/clean.dimacs
c #variables.............: 688
c #clauses...............: 569
c ======================= Settings ============================
c number of threads......: 4
c memory size............: 4000
c vsads factor...........: 0.5000
c enable IBCP............: no
c split into components..: yes
c only preprocessing.....: no
c Tseitin detection......: yes
c UPLA...................: yes
c self-subsumption.......: yes
c variable elimination...: yes
c simplfication rounds...: 4
c add dependencies.......: yes
c ==================Start Preprocessing========================
c deduce added 				6 new implications
c UPLA removed 10 equivalent variables
c Tseitin detection found 3 AND gates, 2 OR gates, 0 XOR gates, 0 EQUIV gates, 
c subsumption removed 			28 clauses 
c selfSubsumption removed 		2 literals
c
c simplify: round 0
c deduce added 				0 new implications
c variableElimination eliminated 	79 variables!
c selfSubsumption removed 		2 literals
c deduce added				0 new implications
c subsumption removed 			5 clauses 
c
c simplify: round 1
c deduce added 				0 new implications
c variableElimination eliminated 	0 variables!
c selfSubsumption removed 		0 literals
c deduce added				0 new implications
c subsumption removed 			0 clauses 
c
c simplify: round 2
c deduce added 				0 new implications
c variableElimination eliminated 	0 variables!
c selfSubsumption removed 		0 literals
c deduce added				0 new implications
c subsumption removed 			0 clauses 
c
c simplify: round 3
c deduce added 				0 new implications
c variableElimination eliminated 	0 variables!
c selfSubsumption removed 		0 literals
c deduce added				0 new implications
c subsumption removed 			0 clauses 
c subsumption removed 			2 clauses 
c ================Preprocessing Finished=======================
c clauses: 562, variables: 512


c =================Computation Finished========================
c =======================Thread 0==============================
c decisions         : 91
c bcps              : 624
c conflicts         : 0
c aborted components: 0
c blocks            : 1
c backtracks        : 182
c backtrack dist    : 1.9725
c recomputations    : 0
c splits            : 64
c split ratio       : 5.8594
c =======================Thread 1==============================
c decisions         : 73
c bcps              : 483
c conflicts         : 0
c aborted components: 0
c blocks            : 3
c backtracks        : 146
c backtrack dist    : 1.9932
c recomputations    : 0
c splits            : 49
c split ratio       : 4.4286
c =======================Thread 2==============================
c decisions         : 55
c bcps              : 368
c conflicts         : 0
c aborted components: 0
c blocks            : 5
c backtracks        : 110
c backtrack dist    : 1.9545
c recomputations    : 0
c splits            : 45
c split ratio       : 2.8222
c =======================Thread 3==============================
c decisions         : 43
c bcps              : 330
c conflicts         : 0
c aborted components: 0
c blocks            : 6
c backtracks        : 86
c backtrack dist    : 2.3488
c recomputations    : 0
c splits            : 27
c split ratio       : 3.5926
c ===================Cache Statistics==========================
c tries..................: 478
c hits...................: 216
c hit rate...............: 45.1883 % 
c removed items..........: 0
c ===================Overall Statistics========================
c TOTAL backtracks.......: 524
c TOTAL backtrack dist...: 2.0363
c TOTAL recomputations...: 0
c #decisions.............: 262
c #bcp operations........: 1805
c split ratio............: 0.0000
c cpu time...............: 0.0159 s
c wall clock time........: 0.0127 s
c =========================================================
c model count............: 48048412119705582678404679799732787497484292312765437776026933875115072374437264972962445020766428872569981736957168633170901540977538171545433573813963980800000000000000
s SATISFIABLE
