c ======================================================
c countAntom, Jan Burchard, University of Freiburg, 2015
c   based on the antom SAT-solver, by Tobias Schubert   
c ======================================================
c cnf file...............: ../../501_Git_Repos/busybox-data/data//busybox//2008/2008-09-18_01-01-02/clean.dimacs
c #variables.............: 714
c #clauses...............: 568
c ======================= Settings ============================
c number of threads......: 4
c memory size............: 4000
c vsads factor...........: 0.5000
c enable IBCP............: no
c split into components..: yes
c only preprocessing.....: no
c Tseitin detection......: yes
c UPLA...................: yes
c self-subsumption.......: yes
c variable elimination...: yes
c simplfication rounds...: 4
c add dependencies.......: yes
c ==================Start Preprocessing========================
c deduce added 				9 new implications
c UPLA removed 11 equivalent variables
c Tseitin detection found 3 AND gates, 2 OR gates, 0 XOR gates, 0 EQUIV gates, 
c subsumption removed 			19 clauses 
c selfSubsumption removed 		3 literals
c
c simplify: round 0
c deduce added 				0 new implications
c variableElimination eliminated 	80 variables!
c selfSubsumption removed 		0 literals
c deduce added				0 new implications
c subsumption removed 			5 clauses 
c
c simplify: round 1
c deduce added 				0 new implications
c variableElimination eliminated 	0 variables!
c selfSubsumption removed 		0 literals
c deduce added				0 new implications
c subsumption removed 			0 clauses 
c
c simplify: round 2
c deduce added 				0 new implications
c variableElimination eliminated 	0 variables!
c selfSubsumption removed 		0 literals
c deduce added				0 new implications
c subsumption removed 			0 clauses 
c
c simplify: round 3
c deduce added 				0 new implications
c variableElimination eliminated 	0 variables!
c selfSubsumption removed 		0 literals
c deduce added				0 new implications
c subsumption removed 			0 clauses 
c subsumption removed 			3 clauses 
c ================Preprocessing Finished=======================
c clauses: 573, variables: 520


c =================Computation Finished========================
c =======================Thread 0==============================
c decisions         : 87
c bcps              : 605
c conflicts         : 0
c aborted components: 0
c blocks            : 1
c backtracks        : 174
c backtrack dist    : 1.9770
c recomputations    : 0
c splits            : 46
c split ratio       : 8.1522
c =======================Thread 1==============================
c decisions         : 78
c bcps              : 498
c conflicts         : 0
c aborted components: 0
c blocks            : 4
c backtracks        : 156
c backtrack dist    : 2.0192
c recomputations    : 0
c splits            : 61
c split ratio       : 3.0000
c =======================Thread 2==============================
c decisions         : 43
c bcps              : 316
c conflicts         : 0
c aborted components: 0
c blocks            : 3
c backtracks        : 86
c backtrack dist    : 2.2442
c recomputations    : 0
c splits            : 36
c split ratio       : 2.7222
c =======================Thread 3==============================
c decisions         : 41
c bcps              : 289
c conflicts         : 0
c aborted components: 0
c blocks            : 3
c backtracks        : 82
c backtrack dist    : 1.9512
c recomputations    : 0
c splits            : 30
c split ratio       : 3.9000
c ===================Cache Statistics==========================
c tries..................: 449
c hits...................: 200
c hit rate...............: 44.5434 % 
c removed items..........: 0
c ===================Overall Statistics========================
c TOTAL backtracks.......: 498
c TOTAL backtrack dist...: 2.0321
c TOTAL recomputations...: 0
c #decisions.............: 249
c #bcp operations........: 1708
c split ratio............: 0.0000
c cpu time...............: 0.0131 s
c wall clock time........: 0.0104 s
c =========================================================
c model count............: 56822886280572383147694817298266906658375683622524322698171527191610599151925686861575919433314685882849791775267421056361689325044866199165290136058713866240000000000000000000
s SATISFIABLE
