c ======================================================
c countAntom, Jan Burchard, University of Freiburg, 2015
c   based on the antom SAT-solver, by Tobias Schubert   
c ======================================================
c cnf file...............: ../../501_Git_Repos/busybox-data/data//busybox//2008/2008-02-03_23-52-41/clean.dimacs
c #variables.............: 641
c #clauses...............: 526
c ======================= Settings ============================
c number of threads......: 4
c memory size............: 4000
c vsads factor...........: 0.5000
c enable IBCP............: no
c split into components..: yes
c only preprocessing.....: no
c Tseitin detection......: yes
c UPLA...................: yes
c self-subsumption.......: yes
c variable elimination...: yes
c simplfication rounds...: 4
c add dependencies.......: yes
c ==================Start Preprocessing========================
c deduce added 				6 new implications
c UPLA removed 8 equivalent variables
c Tseitin detection found 3 AND gates, 2 OR gates, 0 XOR gates, 0 EQUIV gates, 
c subsumption removed 			27 clauses 
c selfSubsumption removed 		2 literals
c
c simplify: round 0
c deduce added 				0 new implications
c variableElimination eliminated 	74 variables!
c selfSubsumption removed 		2 literals
c deduce added				0 new implications
c subsumption removed 			5 clauses 
c
c simplify: round 1
c deduce added 				0 new implications
c variableElimination eliminated 	0 variables!
c selfSubsumption removed 		0 literals
c deduce added				0 new implications
c subsumption removed 			0 clauses 
c
c simplify: round 2
c deduce added 				0 new implications
c variableElimination eliminated 	0 variables!
c selfSubsumption removed 		0 literals
c deduce added				0 new implications
c subsumption removed 			0 clauses 
c
c simplify: round 3
c deduce added 				0 new implications
c variableElimination eliminated 	0 variables!
c selfSubsumption removed 		0 literals
c deduce added				0 new implications
c subsumption removed 			0 clauses 
c subsumption removed 			2 clauses 
c ================Preprocessing Finished=======================
c clauses: 523, variables: 473


c =================Computation Finished========================
c =======================Thread 0==============================
c decisions         : 67
c bcps              : 487
c conflicts         : 0
c aborted components: 0
c blocks            : 1
c backtracks        : 134
c backtrack dist    : 1.9478
c recomputations    : 0
c splits            : 38
c split ratio       : 8.3684
c =======================Thread 1==============================
c decisions         : 43
c bcps              : 289
c conflicts         : 0
c aborted components: 0
c blocks            : 3
c backtracks        : 86
c backtrack dist    : 1.9302
c recomputations    : 0
c splits            : 44
c split ratio       : 2.3636
c =======================Thread 2==============================
c decisions         : 74
c bcps              : 460
c conflicts         : 0
c aborted components: 0
c blocks            : 4
c backtracks        : 148
c backtrack dist    : 1.9865
c recomputations    : 0
c splits            : 50
c split ratio       : 3.1800
c =======================Thread 3==============================
c decisions         : 47
c bcps              : 299
c conflicts         : 0
c aborted components: 0
c blocks            : 5
c backtracks        : 94
c backtrack dist    : 2.0532
c recomputations    : 0
c splits            : 22
c split ratio       : 4.5455
c ===================Cache Statistics==========================
c tries..................: 374
c hits...................: 143
c hit rate...............: 38.2353 % 
c removed items..........: 0
c ===================Overall Statistics========================
c TOTAL backtracks.......: 462
c TOTAL backtrack dist...: 1.9784
c TOTAL recomputations...: 0
c #decisions.............: 231
c #bcp operations........: 1535
c split ratio............: 0.0000
c cpu time...............: 0.0132 s
c wall clock time........: 0.0105 s
c =========================================================
c model count............: 13667076257238610432560862007408161267176787285105333088220030112749778710699990268111642506202708370816588814118915296322243881711144171208704000000000000000
s SATISFIABLE
