c ======================================================
c countAntom, Jan Burchard, University of Freiburg, 2015
c   based on the antom SAT-solver, by Tobias Schubert   
c ======================================================
c cnf file...............: ../../501_Git_Repos/busybox-data/data//busybox//2008/2008-02-22_23-21-31/clean.dimacs
c #variables.............: 698
c #clauses...............: 583
c ======================= Settings ============================
c number of threads......: 4
c memory size............: 4000
c vsads factor...........: 0.5000
c enable IBCP............: no
c split into components..: yes
c only preprocessing.....: no
c Tseitin detection......: yes
c UPLA...................: yes
c self-subsumption.......: yes
c variable elimination...: yes
c simplfication rounds...: 4
c add dependencies.......: yes
c ==================Start Preprocessing========================
c deduce added 				6 new implications
c UPLA removed 10 equivalent variables
c Tseitin detection found 3 AND gates, 2 OR gates, 0 XOR gates, 0 EQUIV gates, 
c subsumption removed 			28 clauses 
c selfSubsumption removed 		2 literals
c
c simplify: round 0
c deduce added 				0 new implications
c variableElimination eliminated 	80 variables!
c selfSubsumption removed 		2 literals
c deduce added				0 new implications
c subsumption removed 			5 clauses 
c
c simplify: round 1
c deduce added 				0 new implications
c variableElimination eliminated 	0 variables!
c selfSubsumption removed 		0 literals
c deduce added				0 new implications
c subsumption removed 			0 clauses 
c
c simplify: round 2
c deduce added 				0 new implications
c variableElimination eliminated 	0 variables!
c selfSubsumption removed 		0 literals
c deduce added				0 new implications
c subsumption removed 			0 clauses 
c
c simplify: round 3
c deduce added 				0 new implications
c variableElimination eliminated 	0 variables!
c selfSubsumption removed 		0 literals
c deduce added				0 new implications
c subsumption removed 			0 clauses 
c subsumption removed 			2 clauses 
c ================Preprocessing Finished=======================
c clauses: 577, variables: 526


c =================Computation Finished========================
c =======================Thread 0==============================
c decisions         : 96
c bcps              : 619
c conflicts         : 0
c aborted components: 0
c blocks            : 1
c backtracks        : 192
c backtrack dist    : 1.9740
c recomputations    : 0
c splits            : 60
c split ratio       : 5.7333
c =======================Thread 1==============================
c decisions         : 48
c bcps              : 320
c conflicts         : 0
c aborted components: 0
c blocks            : 3
c backtracks        : 96
c backtrack dist    : 2.0104
c recomputations    : 0
c splits            : 47
c split ratio       : 2.5532
c =======================Thread 2==============================
c decisions         : 56
c bcps              : 376
c conflicts         : 0
c aborted components: 0
c blocks            : 3
c backtracks        : 112
c backtrack dist    : 1.9643
c recomputations    : 0
c splits            : 29
c split ratio       : 6.0000
c =======================Thread 3==============================
c decisions         : 54
c bcps              : 391
c conflicts         : 0
c aborted components: 0
c blocks            : 4
c backtracks        : 108
c backtrack dist    : 2.0000
c recomputations    : 0
c splits            : 48
c split ratio       : 2.4583
c ===================Cache Statistics==========================
c tries..................: 433
c hits...................: 179
c hit rate...............: 41.3395 % 
c removed items..........: 0
c ===================Overall Statistics========================
c TOTAL backtracks.......: 508
c TOTAL backtrack dist...: 1.9843
c TOTAL recomputations...: 0
c #decisions.............: 254
c #bcp operations........: 1706
c split ratio............: 0.0000
c cpu time...............: 0.0136 s
c wall clock time........: 0.0107 s
c =========================================================
c model count............: 17414586725364971037875187251351930274055807647947560821865909903331042001886794204698105147376846629316556871911627790241609978042712552782275916835030302720000000000000000
s SATISFIABLE
