c ======================================================
c countAntom, Jan Burchard, University of Freiburg, 2015
c   based on the antom SAT-solver, by Tobias Schubert   
c ======================================================
c cnf file...............: ../../501_Git_Repos/busybox-data/data//busybox//2008/2008-09-01_15-30-49/clean.dimacs
c #variables.............: 716
c #clauses...............: 601
c ======================= Settings ============================
c number of threads......: 4
c memory size............: 4000
c vsads factor...........: 0.5000
c enable IBCP............: no
c split into components..: yes
c only preprocessing.....: no
c Tseitin detection......: yes
c UPLA...................: yes
c self-subsumption.......: yes
c variable elimination...: yes
c simplfication rounds...: 4
c add dependencies.......: yes
c ==================Start Preprocessing========================
c deduce added 				7 new implications
c UPLA removed 10 equivalent variables
c Tseitin detection found 3 AND gates, 2 OR gates, 0 XOR gates, 0 EQUIV gates, 
c subsumption removed 			42 clauses 
c selfSubsumption removed 		2 literals
c
c simplify: round 0
c deduce added 				0 new implications
c variableElimination eliminated 	80 variables!
c selfSubsumption removed 		1 literals
c deduce added				0 new implications
c subsumption removed 			15 clauses 
c
c simplify: round 1
c deduce added 				0 new implications
c variableElimination eliminated 	2 variables!
c selfSubsumption removed 		0 literals
c deduce added				0 new implications
c subsumption removed 			3 clauses 
c
c simplify: round 2
c deduce added 				0 new implications
c variableElimination eliminated 	0 variables!
c selfSubsumption removed 		0 literals
c deduce added				0 new implications
c subsumption removed 			0 clauses 
c
c simplify: round 3
c deduce added 				0 new implications
c variableElimination eliminated 	0 variables!
c selfSubsumption removed 		0 literals
c deduce added				0 new implications
c subsumption removed 			0 clauses 
c subsumption removed 			4 clauses 
c ================Preprocessing Finished=======================
c clauses: 576, variables: 522


c =================Computation Finished========================
c =======================Thread 0==============================
c decisions         : 76
c bcps              : 543
c conflicts         : 0
c aborted components: 0
c blocks            : 1
c backtracks        : 152
c backtrack dist    : 1.9474
c recomputations    : 0
c splits            : 69
c split ratio       : 4.8116
c =======================Thread 1==============================
c decisions         : 77
c bcps              : 500
c conflicts         : 0
c aborted components: 0
c blocks            : 4
c backtracks        : 154
c backtrack dist    : 1.9740
c recomputations    : 0
c splits            : 51
c split ratio       : 4.5098
c =======================Thread 2==============================
c decisions         : 52
c bcps              : 348
c conflicts         : 0
c aborted components: 0
c blocks            : 7
c backtracks        : 104
c backtrack dist    : 2.0481
c recomputations    : 0
c splits            : 45
c split ratio       : 2.7111
c =======================Thread 3==============================
c decisions         : 61
c bcps              : 436
c conflicts         : 0
c aborted components: 0
c blocks            : 7
c backtracks        : 122
c backtrack dist    : 2.1803
c recomputations    : 0
c splits            : 29
c split ratio       : 4.5172
c ===================Cache Statistics==========================
c tries..................: 478
c hits...................: 212
c hit rate...............: 44.3515 % 
c removed items..........: 0
c ===================Overall Statistics========================
c TOTAL backtracks.......: 532
c TOTAL backtrack dist...: 2.0282
c TOTAL recomputations...: 0
c #decisions.............: 266
c #bcp operations........: 1827
c split ratio............: 0.0000
c cpu time...............: 0.0155 s
c wall clock time........: 0.0123 s
c =========================================================
c model count............: 110946199529666843369583853456226387624028002915147814127796943030654567625920636077447967011160107411223371019682299902377308386752143639128242038598501662720000000000000000000
s SATISFIABLE
