c ======================================================
c countAntom, Jan Burchard, University of Freiburg, 2015
c   based on the antom SAT-solver, by Tobias Schubert   
c ======================================================
c cnf file...............: ../../501_Git_Repos/busybox-data/data//busybox//2008/2008-10-19_19-54-49/clean.dimacs
c #variables.............: 722
c #clauses...............: 579
c ======================= Settings ============================
c number of threads......: 4
c memory size............: 4000
c vsads factor...........: 0.5000
c enable IBCP............: no
c split into components..: yes
c only preprocessing.....: no
c Tseitin detection......: yes
c UPLA...................: yes
c self-subsumption.......: yes
c variable elimination...: yes
c simplfication rounds...: 4
c add dependencies.......: yes
c ==================Start Preprocessing========================
c deduce added 				9 new implications
c UPLA removed 12 equivalent variables
c Tseitin detection found 3 AND gates, 2 OR gates, 0 XOR gates, 0 EQUIV gates, 
c subsumption removed 			21 clauses 
c selfSubsumption removed 		3 literals
c
c simplify: round 0
c deduce added 				0 new implications
c variableElimination eliminated 	84 variables!
c selfSubsumption removed 		0 literals
c deduce added				0 new implications
c subsumption removed 			5 clauses 
c
c simplify: round 1
c deduce added 				0 new implications
c variableElimination eliminated 	0 variables!
c selfSubsumption removed 		0 literals
c deduce added				0 new implications
c subsumption removed 			0 clauses 
c
c simplify: round 2
c deduce added 				0 new implications
c variableElimination eliminated 	0 variables!
c selfSubsumption removed 		0 literals
c deduce added				0 new implications
c subsumption removed 			0 clauses 
c
c simplify: round 3
c deduce added 				0 new implications
c variableElimination eliminated 	0 variables!
c selfSubsumption removed 		0 literals
c deduce added				0 new implications
c subsumption removed 			0 clauses 
c subsumption removed 			4 clauses 
c ================Preprocessing Finished=======================
c clauses: 581, variables: 530


c =================Computation Finished========================
c =======================Thread 0==============================
c decisions         : 98
c bcps              : 636
c conflicts         : 0
c aborted components: 0
c blocks            : 1
c backtracks        : 196
c backtrack dist    : 1.9745
c recomputations    : 0
c splits            : 61
c split ratio       : 6.0492
c =======================Thread 1==============================
c decisions         : 63
c bcps              : 440
c conflicts         : 0
c aborted components: 0
c blocks            : 4
c backtracks        : 126
c backtrack dist    : 1.9921
c recomputations    : 0
c splits            : 42
c split ratio       : 4.6190
c =======================Thread 2==============================
c decisions         : 51
c bcps              : 374
c conflicts         : 0
c aborted components: 0
c blocks            : 5
c backtracks        : 102
c backtrack dist    : 2.0294
c recomputations    : 0
c splits            : 42
c split ratio       : 2.6190
c =======================Thread 3==============================
c decisions         : 48
c bcps              : 323
c conflicts         : 0
c aborted components: 0
c blocks            : 3
c backtracks        : 96
c backtrack dist    : 1.9896
c recomputations    : 0
c splits            : 46
c split ratio       : 2.6957
c ===================Cache Statistics==========================
c tries..................: 469
c hits...................: 209
c hit rate...............: 44.5629 % 
c removed items..........: 0
c ===================Overall Statistics========================
c TOTAL backtracks.......: 520
c TOTAL backtrack dist...: 1.9923
c TOTAL recomputations...: 0
c #decisions.............: 260
c #bcp operations........: 1773
c split ratio............: 0.0000
c cpu time...............: 0.0144 s
c wall clock time........: 0.0113 s
c =========================================================
c model count............: 952160892884288938524562450462251722111114839121903824934143712438662645986259604545152748697971555005589157280765775833869477174463748078903868404478190708326400000000000000000
s SATISFIABLE
