c ======================================================
c countAntom, Jan Burchard, University of Freiburg, 2015
c   based on the antom SAT-solver, by Tobias Schubert   
c ======================================================
c cnf file...............: ../../501_Git_Repos/busybox-data/data//busybox//2008/2008-06-13_20-44-05/clean.dimacs
c #variables.............: 709
c #clauses...............: 592
c ======================= Settings ============================
c number of threads......: 4
c memory size............: 4000
c vsads factor...........: 0.5000
c enable IBCP............: no
c split into components..: yes
c only preprocessing.....: no
c Tseitin detection......: yes
c UPLA...................: yes
c self-subsumption.......: yes
c variable elimination...: yes
c simplfication rounds...: 4
c add dependencies.......: yes
c ==================Start Preprocessing========================
c deduce added 				7 new implications
c UPLA removed 10 equivalent variables
c Tseitin detection found 3 AND gates, 2 OR gates, 0 XOR gates, 0 EQUIV gates, 
c subsumption removed 			34 clauses 
c selfSubsumption removed 		2 literals
c
c simplify: round 0
c deduce added 				0 new implications
c variableElimination eliminated 	80 variables!
c selfSubsumption removed 		0 literals
c deduce added				0 new implications
c subsumption removed 			5 clauses 
c
c simplify: round 1
c deduce added 				0 new implications
c variableElimination eliminated 	1 variables!
c selfSubsumption removed 		0 literals
c deduce added				0 new implications
c subsumption removed 			0 clauses 
c
c simplify: round 2
c deduce added 				0 new implications
c variableElimination eliminated 	0 variables!
c selfSubsumption removed 		0 literals
c deduce added				0 new implications
c subsumption removed 			0 clauses 
c
c simplify: round 3
c deduce added 				0 new implications
c variableElimination eliminated 	0 variables!
c selfSubsumption removed 		0 literals
c deduce added				0 new implications
c subsumption removed 			0 clauses 
c subsumption removed 			3 clauses 
c ================Preprocessing Finished=======================
c clauses: 565, variables: 526


c =================Computation Finished========================
c =======================Thread 0==============================
c decisions         : 106
c bcps              : 701
c conflicts         : 0
c aborted components: 0
c blocks            : 1
c backtracks        : 212
c backtrack dist    : 1.9811
c recomputations    : 0
c splits            : 59
c split ratio       : 7.0339
c =======================Thread 1==============================
c decisions         : 43
c bcps              : 324
c conflicts         : 0
c aborted components: 0
c blocks            : 7
c backtracks        : 86
c backtrack dist    : 2.1163
c recomputations    : 0
c splits            : 24
c split ratio       : 3.8333
c =======================Thread 2==============================
c decisions         : 53
c bcps              : 352
c conflicts         : 0
c aborted components: 0
c blocks            : 5
c backtracks        : 106
c backtrack dist    : 1.9528
c recomputations    : 0
c splits            : 62
c split ratio       : 2.0323
c =======================Thread 3==============================
c decisions         : 52
c bcps              : 360
c conflicts         : 0
c aborted components: 0
c blocks            : 4
c backtracks        : 104
c backtrack dist    : 1.9904
c recomputations    : 0
c splits            : 35
c split ratio       : 4.3714
c ===================Cache Statistics==========================
c tries..................: 459
c hits...................: 205
c hit rate...............: 44.6623 % 
c removed items..........: 0
c ===================Overall Statistics========================
c TOTAL backtracks.......: 508
c TOTAL backtrack dist...: 2.0000
c TOTAL recomputations...: 0
c #decisions.............: 254
c #bcp operations........: 1737
c split ratio............: 0.0000
c cpu time...............: 0.0153 s
c wall clock time........: 0.0124 s
c =========================================================
c model count............: 4347627231671138989578887533438044526520060462240215667819116270008210061838348573666386269172158770000533431656739065420348912900156434730029947603684918558720000000000000000
s SATISFIABLE
