c ======================================================
c countAntom, Jan Burchard, University of Freiburg, 2015
c   based on the antom SAT-solver, by Tobias Schubert   
c ======================================================
c cnf file...............: ../../501_Git_Repos/busybox-data/data//busybox//2008/2008-03-27_22-45-44/clean.dimacs
c #variables.............: 690
c #clauses...............: 571
c ======================= Settings ============================
c number of threads......: 4
c memory size............: 4000
c vsads factor...........: 0.5000
c enable IBCP............: no
c split into components..: yes
c only preprocessing.....: no
c Tseitin detection......: yes
c UPLA...................: yes
c self-subsumption.......: yes
c variable elimination...: yes
c simplfication rounds...: 4
c add dependencies.......: yes
c ==================Start Preprocessing========================
c deduce added 				6 new implications
c UPLA removed 10 equivalent variables
c Tseitin detection found 3 AND gates, 2 OR gates, 0 XOR gates, 0 EQUIV gates, 
c subsumption removed 			28 clauses 
c selfSubsumption removed 		2 literals
c
c simplify: round 0
c deduce added 				0 new implications
c variableElimination eliminated 	79 variables!
c selfSubsumption removed 		2 literals
c deduce added				0 new implications
c subsumption removed 			5 clauses 
c
c simplify: round 1
c deduce added 				0 new implications
c variableElimination eliminated 	0 variables!
c selfSubsumption removed 		0 literals
c deduce added				0 new implications
c subsumption removed 			0 clauses 
c
c simplify: round 2
c deduce added 				0 new implications
c variableElimination eliminated 	0 variables!
c selfSubsumption removed 		0 literals
c deduce added				0 new implications
c subsumption removed 			0 clauses 
c
c simplify: round 3
c deduce added 				0 new implications
c variableElimination eliminated 	0 variables!
c selfSubsumption removed 		0 literals
c deduce added				0 new implications
c subsumption removed 			0 clauses 
c subsumption removed 			2 clauses 
c ================Preprocessing Finished=======================
c clauses: 565, variables: 513


c =================Computation Finished========================
c =======================Thread 0==============================
c decisions         : 87
c bcps              : 566
c conflicts         : 0
c aborted components: 0
c blocks            : 1
c backtracks        : 174
c backtrack dist    : 1.9713
c recomputations    : 0
c splits            : 43
c split ratio       : 7.6512
c =======================Thread 1==============================
c decisions         : 54
c bcps              : 372
c conflicts         : 0
c aborted components: 0
c blocks            : 6
c backtracks        : 108
c backtrack dist    : 1.9815
c recomputations    : 0
c splits            : 56
c split ratio       : 2.3036
c =======================Thread 2==============================
c decisions         : 57
c bcps              : 373
c conflicts         : 0
c aborted components: 0
c blocks            : 5
c backtracks        : 114
c backtrack dist    : 1.9912
c recomputations    : 0
c splits            : 33
c split ratio       : 5.4242
c =======================Thread 3==============================
c decisions         : 55
c bcps              : 399
c conflicts         : 0
c aborted components: 0
c blocks            : 3
c backtracks        : 110
c backtrack dist    : 2.0273
c recomputations    : 0
c splits            : 51
c split ratio       : 2.4902
c ===================Cache Statistics==========================
c tries..................: 442
c hits...................: 189
c hit rate...............: 42.7602 % 
c removed items..........: 0
c ===================Overall Statistics========================
c TOTAL backtracks.......: 506
c TOTAL backtrack dist...: 1.9901
c TOTAL recomputations...: 0
c #decisions.............: 253
c #bcp operations........: 1710
c split ratio............: 0.0000
c cpu time...............: 0.0146 s
c wall clock time........: 0.0119 s
c =========================================================
c model count............: 250410426008952799321275389459210478636146169467051809253315200388804696437735197629417734452003437292070259193166235882851992229612886131324659948723791462400000000000000
s SATISFIABLE
