c ======================================================
c countAntom, Jan Burchard, University of Freiburg, 2015
c   based on the antom SAT-solver, by Tobias Schubert   
c ======================================================
c cnf file...............: ../../501_Git_Repos/busybox-data/data//busybox//2008/2008-01-07_19-06-47/clean.dimacs
c #variables.............: 636
c #clauses...............: 524
c ======================= Settings ============================
c number of threads......: 4
c memory size............: 4000
c vsads factor...........: 0.5000
c enable IBCP............: no
c split into components..: yes
c only preprocessing.....: no
c Tseitin detection......: yes
c UPLA...................: yes
c self-subsumption.......: yes
c variable elimination...: yes
c simplfication rounds...: 4
c add dependencies.......: yes
c ==================Start Preprocessing========================
c deduce added 				6 new implications
c UPLA removed 8 equivalent variables
c Tseitin detection found 3 AND gates, 2 OR gates, 0 XOR gates, 0 EQUIV gates, 
c subsumption removed 			27 clauses 
c selfSubsumption removed 		2 literals
c
c simplify: round 0
c deduce added 				0 new implications
c variableElimination eliminated 	74 variables!
c selfSubsumption removed 		2 literals
c deduce added				0 new implications
c subsumption removed 			5 clauses 
c
c simplify: round 1
c deduce added 				0 new implications
c variableElimination eliminated 	0 variables!
c selfSubsumption removed 		0 literals
c deduce added				0 new implications
c subsumption removed 			0 clauses 
c
c simplify: round 2
c deduce added 				0 new implications
c variableElimination eliminated 	0 variables!
c selfSubsumption removed 		0 literals
c deduce added				0 new implications
c subsumption removed 			0 clauses 
c
c simplify: round 3
c deduce added 				0 new implications
c variableElimination eliminated 	0 variables!
c selfSubsumption removed 		0 literals
c deduce added				0 new implications
c subsumption removed 			0 clauses 
c subsumption removed 			2 clauses 
c ================Preprocessing Finished=======================
c clauses: 520, variables: 469


c =================Computation Finished========================
c =======================Thread 0==============================
c decisions         : 62
c bcps              : 461
c conflicts         : 0
c aborted components: 0
c blocks            : 1
c backtracks        : 124
c backtrack dist    : 1.9597
c recomputations    : 0
c splits            : 57
c split ratio       : 5.1053
c =======================Thread 1==============================
c decisions         : 69
c bcps              : 439
c conflicts         : 0
c aborted components: 0
c blocks            : 4
c backtracks        : 138
c backtrack dist    : 1.9855
c recomputations    : 0
c splits            : 43
c split ratio       : 3.6512
c =======================Thread 2==============================
c decisions         : 74
c bcps              : 467
c conflicts         : 0
c aborted components: 0
c blocks            : 3
c backtracks        : 148
c backtrack dist    : 1.9797
c recomputations    : 0
c splits            : 44
c split ratio       : 4.7727
c =======================Thread 3==============================
c decisions         : 42
c bcps              : 325
c conflicts         : 0
c aborted components: 0
c blocks            : 5
c backtracks        : 84
c backtrack dist    : 2.2738
c recomputations    : 0
c splits            : 40
c split ratio       : 2.3250
c ===================Cache Statistics==========================
c tries..................: 442
c hits...................: 195
c hit rate...............: 44.1176 % 
c removed items..........: 0
c ===================Overall Statistics========================
c TOTAL backtracks.......: 494
c TOTAL backtrack dist...: 2.0263
c TOTAL recomputations...: 0
c #decisions.............: 247
c #bcp operations........: 1692
c split ratio............: 0.0000
c cpu time...............: 0.0126 s
c wall clock time........: 0.0098 s
c =========================================================
c model count............: 947031212994159837502750164321437274465767414410077328747211117391947705569468747330234969152738476994542477553843877846383117569868221644800000000000000000
s SATISFIABLE
