c ======================================================
c countAntom, Jan Burchard, University of Freiburg, 2015
c   based on the antom SAT-solver, by Tobias Schubert   
c ======================================================
c cnf file...............: ../../501_Git_Repos/busybox-data/data//busybox//2008/2008-06-14_22-11-29/clean.dimacs
c #variables.............: 709
c #clauses...............: 592
c ======================= Settings ============================
c number of threads......: 4
c memory size............: 4000
c vsads factor...........: 0.5000
c enable IBCP............: no
c split into components..: yes
c only preprocessing.....: no
c Tseitin detection......: yes
c UPLA...................: yes
c self-subsumption.......: yes
c variable elimination...: yes
c simplfication rounds...: 4
c add dependencies.......: yes
c ==================Start Preprocessing========================
c deduce added 				7 new implications
c UPLA removed 10 equivalent variables
c Tseitin detection found 3 AND gates, 2 OR gates, 0 XOR gates, 0 EQUIV gates, 
c subsumption removed 			34 clauses 
c selfSubsumption removed 		2 literals
c
c simplify: round 0
c deduce added 				0 new implications
c variableElimination eliminated 	80 variables!
c selfSubsumption removed 		0 literals
c deduce added				0 new implications
c subsumption removed 			5 clauses 
c
c simplify: round 1
c deduce added 				0 new implications
c variableElimination eliminated 	1 variables!
c selfSubsumption removed 		0 literals
c deduce added				0 new implications
c subsumption removed 			0 clauses 
c
c simplify: round 2
c deduce added 				0 new implications
c variableElimination eliminated 	0 variables!
c selfSubsumption removed 		0 literals
c deduce added				0 new implications
c subsumption removed 			0 clauses 
c
c simplify: round 3
c deduce added 				0 new implications
c variableElimination eliminated 	0 variables!
c selfSubsumption removed 		0 literals
c deduce added				0 new implications
c subsumption removed 			0 clauses 
c subsumption removed 			3 clauses 
c ================Preprocessing Finished=======================
c clauses: 565, variables: 526


c =================Computation Finished========================
c =======================Thread 0==============================
c decisions         : 50
c bcps              : 383
c conflicts         : 0
c aborted components: 0
c blocks            : 3
c backtracks        : 100
c backtrack dist    : 2.1700
c recomputations    : 0
c splits            : 35
c split ratio       : 3.2571
c =======================Thread 1==============================
c decisions         : 77
c bcps              : 525
c conflicts         : 0
c aborted components: 0
c blocks            : 1
c backtracks        : 154
c backtrack dist    : 1.9740
c recomputations    : 0
c splits            : 48
c split ratio       : 7.2917
c =======================Thread 2==============================
c decisions         : 79
c bcps              : 527
c conflicts         : 0
c aborted components: 0
c blocks            : 4
c backtracks        : 158
c backtrack dist    : 1.9810
c recomputations    : 0
c splits            : 45
c split ratio       : 5.0000
c =======================Thread 3==============================
c decisions         : 58
c bcps              : 387
c conflicts         : 0
c aborted components: 0
c blocks            : 5
c backtracks        : 116
c backtrack dist    : 2.0000
c recomputations    : 0
c splits            : 64
c split ratio       : 2.1406
c ===================Cache Statistics==========================
c tries..................: 491
c hits...................: 227
c hit rate...............: 46.2322 % 
c removed items..........: 0
c ===================Overall Statistics========================
c TOTAL backtracks.......: 528
c TOTAL backtrack dist...: 2.0189
c TOTAL recomputations...: 0
c #decisions.............: 264
c #bcp operations........: 1822
c split ratio............: 0.0000
c cpu time...............: 0.0140 s
c wall clock time........: 0.0108 s
c =========================================================
c model count............: 4347627231671138989578887533438044526520060462240215667819116270008210061838348573666386269172158770000533431656739065420348912900156434730029947603684918558720000000000000000
s SATISFIABLE
