c ======================================================
c countAntom, Jan Burchard, University of Freiburg, 2015
c   based on the antom SAT-solver, by Tobias Schubert   
c ======================================================
c cnf file...............: ../../501_Git_Repos/busybox-data/data//busybox//2008/2008-04-27_22-06-24/clean.dimacs
c #variables.............: 694
c #clauses...............: 566
c ======================= Settings ============================
c number of threads......: 4
c memory size............: 4000
c vsads factor...........: 0.5000
c enable IBCP............: no
c split into components..: yes
c only preprocessing.....: no
c Tseitin detection......: yes
c UPLA...................: yes
c self-subsumption.......: yes
c variable elimination...: yes
c simplfication rounds...: 4
c add dependencies.......: yes
c ==================Start Preprocessing========================
c deduce added 				6 new implications
c UPLA removed 10 equivalent variables
c Tseitin detection found 3 AND gates, 2 OR gates, 0 XOR gates, 0 EQUIV gates, 
c subsumption removed 			27 clauses 
c selfSubsumption removed 		3 literals
c
c simplify: round 0
c deduce added 				0 new implications
c variableElimination eliminated 	78 variables!
c selfSubsumption removed 		0 literals
c deduce added				0 new implications
c subsumption removed 			5 clauses 
c
c simplify: round 1
c deduce added 				0 new implications
c variableElimination eliminated 	1 variables!
c selfSubsumption removed 		0 literals
c deduce added				0 new implications
c subsumption removed 			0 clauses 
c
c simplify: round 2
c deduce added 				0 new implications
c variableElimination eliminated 	0 variables!
c selfSubsumption removed 		0 literals
c deduce added				0 new implications
c subsumption removed 			0 clauses 
c
c simplify: round 3
c deduce added 				0 new implications
c variableElimination eliminated 	0 variables!
c selfSubsumption removed 		0 literals
c deduce added				0 new implications
c subsumption removed 			0 clauses 
c subsumption removed 			3 clauses 
c ================Preprocessing Finished=======================
c clauses: 550, variables: 514


c =================Computation Finished========================
c =======================Thread 0==============================
c decisions         : 79
c bcps              : 533
c conflicts         : 0
c aborted components: 0
c blocks            : 1
c backtracks        : 158
c backtrack dist    : 1.9747
c recomputations    : 0
c splits            : 54
c split ratio       : 6.0926
c =======================Thread 1==============================
c decisions         : 79
c bcps              : 510
c conflicts         : 0
c aborted components: 0
c blocks            : 3
c backtracks        : 158
c backtrack dist    : 2.0000
c recomputations    : 0
c splits            : 75
c split ratio       : 2.3867
c =======================Thread 2==============================
c decisions         : 49
c bcps              : 388
c conflicts         : 0
c aborted components: 0
c blocks            : 4
c backtracks        : 98
c backtrack dist    : 2.0612
c recomputations    : 0
c splits            : 40
c split ratio       : 2.8000
c =======================Thread 3==============================
c decisions         : 57
c bcps              : 368
c conflicts         : 0
c aborted components: 0
c blocks            : 2
c backtracks        : 114
c backtrack dist    : 1.9649
c recomputations    : 0
c splits            : 32
c split ratio       : 5.5938
c ===================Cache Statistics==========================
c tries..................: 473
c hits...................: 209
c hit rate...............: 44.1860 % 
c removed items..........: 0
c ===================Overall Statistics========================
c TOTAL backtracks.......: 528
c TOTAL backtrack dist...: 1.9962
c TOTAL recomputations...: 0
c #decisions.............: 264
c #bcp operations........: 1799
c split ratio............: 0.0000
c cpu time...............: 0.0132 s
c wall clock time........: 0.0101 s
c =========================================================
c model count............: 8398713036622722415297916169532424695939751323483658105558522332868645407853529775484721773434315368093775924119838464752234826009644221679715722464824655872000000000000000
s SATISFIABLE
