c ======================================================
c countAntom, Jan Burchard, University of Freiburg, 2015
c   based on the antom SAT-solver, by Tobias Schubert   
c ======================================================
c cnf file...............: ../../501_Git_Repos/busybox-data/data//busybox//2008/2008-11-07_13-36-46/clean.dimacs
c #variables.............: 728
c #clauses...............: 592
c ======================= Settings ============================
c number of threads......: 4
c memory size............: 4000
c vsads factor...........: 0.5000
c enable IBCP............: no
c split into components..: yes
c only preprocessing.....: no
c Tseitin detection......: yes
c UPLA...................: yes
c self-subsumption.......: yes
c variable elimination...: yes
c simplfication rounds...: 4
c add dependencies.......: yes
c ==================Start Preprocessing========================
c deduce added 				9 new implications
c UPLA removed 12 equivalent variables
c Tseitin detection found 3 AND gates, 3 OR gates, 0 XOR gates, 0 EQUIV gates, 
c subsumption removed 			23 clauses 
c selfSubsumption removed 		2 literals
c
c simplify: round 0
c deduce added 				0 new implications
c variableElimination eliminated 	99 variables!
c selfSubsumption removed 		0 literals
c deduce added				0 new implications
c subsumption removed 			5 clauses 
c
c simplify: round 1
c deduce added 				0 new implications
c variableElimination eliminated 	0 variables!
c selfSubsumption removed 		0 literals
c deduce added				0 new implications
c subsumption removed 			0 clauses 
c
c simplify: round 2
c deduce added 				0 new implications
c variableElimination eliminated 	0 variables!
c selfSubsumption removed 		0 literals
c deduce added				0 new implications
c subsumption removed 			0 clauses 
c
c simplify: round 3
c deduce added 				0 new implications
c variableElimination eliminated 	0 variables!
c selfSubsumption removed 		0 literals
c deduce added				0 new implications
c subsumption removed 			0 clauses 
c subsumption removed 			3 clauses 
c ================Preprocessing Finished=======================
c clauses: 565, variables: 537


c =================Computation Finished========================
c =======================Thread 0==============================
c decisions         : 153
c bcps              : 1068
c conflicts         : 0
c aborted components: 0
c blocks            : 1
c backtracks        : 306
c backtrack dist    : 1.9935
c recomputations    : 0
c splits            : 117
c split ratio       : 4.7863
c =======================Thread 1==============================
c decisions         : 139
c bcps              : 1158
c conflicts         : 0
c aborted components: 0
c blocks            : 3
c backtracks        : 278
c backtrack dist    : 2.0072
c recomputations    : 0
c splits            : 174
c split ratio       : 2.9023
c =======================Thread 2==============================
c decisions         : 23
c bcps              : 142
c conflicts         : 0
c aborted components: 0
c blocks            : 2
c backtracks        : 46
c backtrack dist    : 1.9130
c recomputations    : 0
c splits            : 17
c split ratio       : 2.9412
c =======================Thread 3==============================
c decisions         : 18
c bcps              : 116
c conflicts         : 0
c aborted components: 0
c blocks            : 2
c backtracks        : 36
c backtrack dist    : 1.8611
c recomputations    : 0
c splits            : 15
c split ratio       : 2.6667
c ===================Cache Statistics==========================
c tries..................: 813
c hits...................: 480
c hit rate...............: 59.0406 % 
c removed items..........: 0
c ===================Overall Statistics========================
c TOTAL backtracks.......: 666
c TOTAL backtrack dist...: 1.9865
c TOTAL recomputations...: 0
c #decisions.............: 333
c #bcp operations........: 2484
c split ratio............: 0.0000
c cpu time...............: 0.0160 s
c wall clock time........: 0.0130 s
c =========================================================
c model count............: 7562384220607940375274523596578862889538320180183668656982960469189931530767117510729699056060034524024611336682289380297199160550024586431343439501233676615680000000000000000000
s SATISFIABLE
