c ======================================================
c countAntom, Jan Burchard, University of Freiburg, 2015
c   based on the antom SAT-solver, by Tobias Schubert   
c ======================================================
c cnf file...............: ../../501_Git_Repos/busybox-data/data//busybox//2008/2008-02-04_13-23-53/clean.dimacs
c #variables.............: 642
c #clauses...............: 527
c ======================= Settings ============================
c number of threads......: 4
c memory size............: 4000
c vsads factor...........: 0.5000
c enable IBCP............: no
c split into components..: yes
c only preprocessing.....: no
c Tseitin detection......: yes
c UPLA...................: yes
c self-subsumption.......: yes
c variable elimination...: yes
c simplfication rounds...: 4
c add dependencies.......: yes
c ==================Start Preprocessing========================
c deduce added 				6 new implications
c UPLA removed 8 equivalent variables
c Tseitin detection found 3 AND gates, 2 OR gates, 0 XOR gates, 0 EQUIV gates, 
c subsumption removed 			27 clauses 
c selfSubsumption removed 		2 literals
c
c simplify: round 0
c deduce added 				0 new implications
c variableElimination eliminated 	74 variables!
c selfSubsumption removed 		2 literals
c deduce added				0 new implications
c subsumption removed 			5 clauses 
c
c simplify: round 1
c deduce added 				0 new implications
c variableElimination eliminated 	0 variables!
c selfSubsumption removed 		0 literals
c deduce added				0 new implications
c subsumption removed 			0 clauses 
c
c simplify: round 2
c deduce added 				0 new implications
c variableElimination eliminated 	0 variables!
c selfSubsumption removed 		0 literals
c deduce added				0 new implications
c subsumption removed 			0 clauses 
c
c simplify: round 3
c deduce added 				0 new implications
c variableElimination eliminated 	0 variables!
c selfSubsumption removed 		0 literals
c deduce added				0 new implications
c subsumption removed 			0 clauses 
c subsumption removed 			2 clauses 
c ================Preprocessing Finished=======================
c clauses: 524, variables: 474


c =================Computation Finished========================
c =======================Thread 0==============================
c decisions         : 59
c bcps              : 445
c conflicts         : 0
c aborted components: 0
c blocks            : 1
c backtracks        : 118
c backtrack dist    : 1.9661
c recomputations    : 0
c splits            : 33
c split ratio       : 9.0606
c =======================Thread 1==============================
c decisions         : 65
c bcps              : 405
c conflicts         : 0
c aborted components: 0
c blocks            : 3
c backtracks        : 130
c backtrack dist    : 1.9923
c recomputations    : 0
c splits            : 40
c split ratio       : 3.5500
c =======================Thread 2==============================
c decisions         : 64
c bcps              : 410
c conflicts         : 0
c aborted components: 0
c blocks            : 2
c backtracks        : 128
c backtrack dist    : 1.9766
c recomputations    : 0
c splits            : 43
c split ratio       : 3.6977
c =======================Thread 3==============================
c decisions         : 47
c bcps              : 324
c conflicts         : 0
c aborted components: 0
c blocks            : 3
c backtracks        : 94
c backtrack dist    : 1.9894
c recomputations    : 0
c splits            : 47
c split ratio       : 2.4255
c ===================Cache Statistics==========================
c tries..................: 408
c hits...................: 173
c hit rate...............: 42.4020 % 
c removed items..........: 0
c ===================Overall Statistics========================
c TOTAL backtracks.......: 470
c TOTAL backtrack dist...: 1.9809
c TOTAL recomputations...: 0
c #decisions.............: 235
c #bcp operations........: 1584
c split ratio............: 0.0000
c cpu time...............: 0.0124 s
c wall clock time........: 0.0097 s
c =========================================================
c model count............: 27203989883455900765764001519507673379428081357971567766076059938711464290821885390812697940917771900006352972865269494584275916929801255072563200000000000000
s SATISFIABLE
