c ======================================================
c countAntom, Jan Burchard, University of Freiburg, 2015
c   based on the antom SAT-solver, by Tobias Schubert   
c ======================================================
c cnf file...............: ../../501_Git_Repos/busybox-data/data//busybox//2008/2008-06-04_22-41-14/clean.dimacs
c #variables.............: 707
c #clauses...............: 591
c ======================= Settings ============================
c number of threads......: 4
c memory size............: 4000
c vsads factor...........: 0.5000
c enable IBCP............: no
c split into components..: yes
c only preprocessing.....: no
c Tseitin detection......: yes
c UPLA...................: yes
c self-subsumption.......: yes
c variable elimination...: yes
c simplfication rounds...: 4
c add dependencies.......: yes
c ==================Start Preprocessing========================
c deduce added 				7 new implications
c UPLA removed 10 equivalent variables
c Tseitin detection found 3 AND gates, 2 OR gates, 0 XOR gates, 0 EQUIV gates, 
c subsumption removed 			34 clauses 
c selfSubsumption removed 		2 literals
c
c simplify: round 0
c deduce added 				0 new implications
c variableElimination eliminated 	80 variables!
c selfSubsumption removed 		0 literals
c deduce added				0 new implications
c subsumption removed 			5 clauses 
c
c simplify: round 1
c deduce added 				0 new implications
c variableElimination eliminated 	1 variables!
c selfSubsumption removed 		0 literals
c deduce added				0 new implications
c subsumption removed 			0 clauses 
c
c simplify: round 2
c deduce added 				0 new implications
c variableElimination eliminated 	0 variables!
c selfSubsumption removed 		0 literals
c deduce added				0 new implications
c subsumption removed 			0 clauses 
c
c simplify: round 3
c deduce added 				0 new implications
c variableElimination eliminated 	0 variables!
c selfSubsumption removed 		0 literals
c deduce added				0 new implications
c subsumption removed 			0 clauses 
c subsumption removed 			3 clauses 
c ================Preprocessing Finished=======================
c clauses: 564, variables: 524


c =================Computation Finished========================
c =======================Thread 0==============================
c decisions         : 79
c bcps              : 570
c conflicts         : 0
c aborted components: 0
c blocks            : 1
c backtracks        : 158
c backtrack dist    : 1.9810
c recomputations    : 0
c splits            : 47
c split ratio       : 7.6596
c =======================Thread 1==============================
c decisions         : 54
c bcps              : 363
c conflicts         : 0
c aborted components: 0
c blocks            : 3
c backtracks        : 108
c backtrack dist    : 1.9722
c recomputations    : 0
c splits            : 29
c split ratio       : 4.9310
c =======================Thread 2==============================
c decisions         : 56
c bcps              : 369
c conflicts         : 0
c aborted components: 0
c blocks            : 3
c backtracks        : 112
c backtrack dist    : 2.0089
c recomputations    : 0
c splits            : 61
c split ratio       : 2.1311
c =======================Thread 3==============================
c decisions         : 63
c bcps              : 415
c conflicts         : 0
c aborted components: 0
c blocks            : 4
c backtracks        : 126
c backtrack dist    : 2.0238
c recomputations    : 0
c splits            : 44
c split ratio       : 3.2045
c ===================Cache Statistics==========================
c tries..................: 452
c hits...................: 200
c hit rate...............: 44.2478 % 
c removed items..........: 0
c ===================Overall Statistics========================
c TOTAL backtracks.......: 504
c TOTAL backtrack dist...: 1.9960
c TOTAL recomputations...: 0
c #decisions.............: 252
c #bcp operations........: 1717
c split ratio............: 0.0000
c cpu time...............: 0.0130 s
c wall clock time........: 0.0100 s
c =========================================================
c model count............: 1449209077223712996526295844479348175506686820746738555939705423336070020612782857888795423057386256666844477218913021806782970966718811576676649201228306186240000000000000000
s SATISFIABLE
