c ======================================================
c countAntom, Jan Burchard, University of Freiburg, 2015
c   based on the antom SAT-solver, by Tobias Schubert   
c ======================================================
c cnf file...............: ../../501_Git_Repos/busybox-data/data//busybox//2008/2008-02-19_23-42-22/clean.dimacs
c #variables.............: 694
c #clauses...............: 579
c ======================= Settings ============================
c number of threads......: 4
c memory size............: 4000
c vsads factor...........: 0.5000
c enable IBCP............: no
c split into components..: yes
c only preprocessing.....: no
c Tseitin detection......: yes
c UPLA...................: yes
c self-subsumption.......: yes
c variable elimination...: yes
c simplfication rounds...: 4
c add dependencies.......: yes
c ==================Start Preprocessing========================
c deduce added 				6 new implications
c UPLA removed 8 equivalent variables
c Tseitin detection found 3 AND gates, 2 OR gates, 0 XOR gates, 0 EQUIV gates, 
c subsumption removed 			27 clauses 
c selfSubsumption removed 		2 literals
c
c simplify: round 0
c deduce added 				0 new implications
c variableElimination eliminated 	80 variables!
c selfSubsumption removed 		2 literals
c deduce added				0 new implications
c subsumption removed 			5 clauses 
c
c simplify: round 1
c deduce added 				0 new implications
c variableElimination eliminated 	0 variables!
c selfSubsumption removed 		0 literals
c deduce added				0 new implications
c subsumption removed 			0 clauses 
c
c simplify: round 2
c deduce added 				0 new implications
c variableElimination eliminated 	0 variables!
c selfSubsumption removed 		0 literals
c deduce added				0 new implications
c subsumption removed 			0 clauses 
c
c simplify: round 3
c deduce added 				0 new implications
c variableElimination eliminated 	0 variables!
c selfSubsumption removed 		0 literals
c deduce added				0 new implications
c subsumption removed 			0 clauses 
c subsumption removed 			3 clauses 
c ================Preprocessing Finished=======================
c clauses: 577, variables: 526


c =================Computation Finished========================
c =======================Thread 0==============================
c decisions         : 79
c bcps              : 545
c conflicts         : 0
c aborted components: 0
c blocks            : 1
c backtracks        : 158
c backtrack dist    : 1.9747
c recomputations    : 0
c splits            : 71
c split ratio       : 4.6761
c =======================Thread 1==============================
c decisions         : 81
c bcps              : 526
c conflicts         : 0
c aborted components: 0
c blocks            : 3
c backtracks        : 162
c backtrack dist    : 1.9753
c recomputations    : 0
c splits            : 39
c split ratio       : 5.8974
c =======================Thread 2==============================
c decisions         : 49
c bcps              : 354
c conflicts         : 0
c aborted components: 0
c blocks            : 4
c backtracks        : 98
c backtrack dist    : 2.0510
c recomputations    : 0
c splits            : 39
c split ratio       : 2.8718
c =======================Thread 3==============================
c decisions         : 55
c bcps              : 379
c conflicts         : 0
c aborted components: 0
c blocks            : 5
c backtracks        : 110
c backtrack dist    : 2.0273
c recomputations    : 0
c splits            : 50
c split ratio       : 2.6400
c ===================Cache Statistics==========================
c tries..................: 478
c hits...................: 214
c hit rate...............: 44.7699 % 
c removed items..........: 0
c ===================Overall Statistics========================
c TOTAL backtracks.......: 528
c TOTAL backtrack dist...: 2.0000
c TOTAL recomputations...: 0
c #decisions.............: 264
c #bcp operations........: 1804
c split ratio............: 0.0000
c cpu time...............: 0.0132 s
c wall clock time........: 0.0101 s
c =========================================================
c model count............: 4353646681341242759468796812837982568513951911986890205466477475832760500471698551174526286844211657329139217977906947560402494510678138195568979208757575680000000000000000
s SATISFIABLE
