c ======================================================
c countAntom, Jan Burchard, University of Freiburg, 2015
c   based on the antom SAT-solver, by Tobias Schubert   
c ======================================================
c cnf file...............: ../../501_Git_Repos/busybox-data/data//busybox//2008/2008-07-16_23-45-11/clean.dimacs
c #variables.............: 715
c #clauses...............: 609
c ======================= Settings ============================
c number of threads......: 4
c memory size............: 4000
c vsads factor...........: 0.5000
c enable IBCP............: no
c split into components..: yes
c only preprocessing.....: no
c Tseitin detection......: yes
c UPLA...................: yes
c self-subsumption.......: yes
c variable elimination...: yes
c simplfication rounds...: 4
c add dependencies.......: yes
c ==================Start Preprocessing========================
c deduce added 				7 new implications
c UPLA removed 10 equivalent variables
c Tseitin detection found 3 AND gates, 2 OR gates, 0 XOR gates, 0 EQUIV gates, 
c subsumption removed 			38 clauses 
c selfSubsumption removed 		3 literals
c
c simplify: round 0
c deduce added 				0 new implications
c variableElimination eliminated 	81 variables!
c selfSubsumption removed 		1 literals
c deduce added				0 new implications
c subsumption removed 			15 clauses 
c
c simplify: round 1
c deduce added 				0 new implications
c variableElimination eliminated 	2 variables!
c selfSubsumption removed 		0 literals
c deduce added				0 new implications
c subsumption removed 			3 clauses 
c
c simplify: round 2
c deduce added 				0 new implications
c variableElimination eliminated 	0 variables!
c selfSubsumption removed 		0 literals
c deduce added				0 new implications
c subsumption removed 			0 clauses 
c
c simplify: round 3
c deduce added 				0 new implications
c variableElimination eliminated 	0 variables!
c selfSubsumption removed 		0 literals
c deduce added				0 new implications
c subsumption removed 			0 clauses 
c subsumption removed 			4 clauses 
c ================Preprocessing Finished=======================
c clauses: 590, variables: 531


c =================Computation Finished========================
c =======================Thread 0==============================
c decisions         : 81
c bcps              : 556
c conflicts         : 0
c aborted components: 0
c blocks            : 1
c backtracks        : 162
c backtrack dist    : 1.9691
c recomputations    : 0
c splits            : 52
c split ratio       : 6.5000
c =======================Thread 1==============================
c decisions         : 61
c bcps              : 426
c conflicts         : 0
c aborted components: 0
c blocks            : 4
c backtracks        : 122
c backtrack dist    : 2.0000
c recomputations    : 0
c splits            : 54
c split ratio       : 2.7222
c =======================Thread 2==============================
c decisions         : 61
c bcps              : 398
c conflicts         : 0
c aborted components: 0
c blocks            : 4
c backtracks        : 122
c backtrack dist    : 2.0246
c recomputations    : 0
c splits            : 35
c split ratio       : 5.3714
c =======================Thread 3==============================
c decisions         : 52
c bcps              : 361
c conflicts         : 0
c aborted components: 0
c blocks            : 4
c backtracks        : 104
c backtrack dist    : 1.9904
c recomputations    : 0
c splits            : 40
c split ratio       : 2.9000
c ===================Cache Statistics==========================
c tries..................: 461
c hits...................: 206
c hit rate...............: 44.6855 % 
c removed items..........: 0
c ===================Overall Statistics========================
c TOTAL backtracks.......: 510
c TOTAL backtrack dist...: 1.9941
c TOTAL recomputations...: 0
c #decisions.............: 255
c #bcp operations........: 1741
c split ratio............: 0.0000
c cpu time...............: 0.0140 s
c wall clock time........: 0.0110 s
c =========================================================
c model count............: 9287014959412591295468536926008731667816515087727430839093649246157387633621834711103166880709924911752328707061588362598601737496585994160456645076064940326912000000000000000
s SATISFIABLE
