c ======================================================
c countAntom, Jan Burchard, University of Freiburg, 2015
c   based on the antom SAT-solver, by Tobias Schubert   
c ======================================================
c cnf file...............: ../../501_Git_Repos/busybox-data/data//busybox//2008/2008-10-23_22-02-30/clean.dimacs
c #variables.............: 722
c #clauses...............: 579
c ======================= Settings ============================
c number of threads......: 4
c memory size............: 4000
c vsads factor...........: 0.5000
c enable IBCP............: no
c split into components..: yes
c only preprocessing.....: no
c Tseitin detection......: yes
c UPLA...................: yes
c self-subsumption.......: yes
c variable elimination...: yes
c simplfication rounds...: 4
c add dependencies.......: yes
c ==================Start Preprocessing========================
c deduce added 				9 new implications
c UPLA removed 12 equivalent variables
c Tseitin detection found 3 AND gates, 2 OR gates, 0 XOR gates, 0 EQUIV gates, 
c subsumption removed 			22 clauses 
c selfSubsumption removed 		2 literals
c
c simplify: round 0
c deduce added 				0 new implications
c variableElimination eliminated 	84 variables!
c selfSubsumption removed 		0 literals
c deduce added				0 new implications
c subsumption removed 			5 clauses 
c
c simplify: round 1
c deduce added 				0 new implications
c variableElimination eliminated 	0 variables!
c selfSubsumption removed 		0 literals
c deduce added				0 new implications
c subsumption removed 			0 clauses 
c
c simplify: round 2
c deduce added 				0 new implications
c variableElimination eliminated 	0 variables!
c selfSubsumption removed 		0 literals
c deduce added				0 new implications
c subsumption removed 			0 clauses 
c
c simplify: round 3
c deduce added 				0 new implications
c variableElimination eliminated 	0 variables!
c selfSubsumption removed 		0 literals
c deduce added				0 new implications
c subsumption removed 			0 clauses 
c subsumption removed 			4 clauses 
c ================Preprocessing Finished=======================
c clauses: 577, variables: 531


c =================Computation Finished========================
c =======================Thread 0==============================
c decisions         : 86
c bcps              : 587
c conflicts         : 0
c aborted components: 0
c blocks            : 1
c backtracks        : 172
c backtrack dist    : 1.9767
c recomputations    : 0
c splits            : 51
c split ratio       : 7.2157
c =======================Thread 1==============================
c decisions         : 61
c bcps              : 444
c conflicts         : 0
c aborted components: 0
c blocks            : 5
c backtracks        : 122
c backtrack dist    : 2.2541
c recomputations    : 0
c splits            : 45
c split ratio       : 2.9333
c =======================Thread 2==============================
c decisions         : 59
c bcps              : 373
c conflicts         : 0
c aborted components: 0
c blocks            : 3
c backtracks        : 118
c backtrack dist    : 1.9661
c recomputations    : 0
c splits            : 50
c split ratio       : 2.8800
c =======================Thread 3==============================
c decisions         : 52
c bcps              : 359
c conflicts         : 0
c aborted components: 0
c blocks            : 5
c backtracks        : 104
c backtrack dist    : 2.0865
c recomputations    : 0
c splits            : 37
c split ratio       : 3.7568
c ===================Cache Statistics==========================
c tries..................: 451
c hits...................: 193
c hit rate...............: 42.7938 % 
c removed items..........: 0
c ===================Overall Statistics========================
c TOTAL backtracks.......: 516
c TOTAL backtrack dist...: 2.0620
c TOTAL recomputations...: 0
c #decisions.............: 258
c #bcp operations........: 1763
c split ratio............: 0.0000
c cpu time...............: 0.0139 s
c wall clock time........: 0.0108 s
c =========================================================
c model count............: 717820776769265122877888720657481413163836253120265047596432244316824150461136981304127425838407225419985570227140266355067432229278072187342612842466300762521600000000000000000
s SATISFIABLE
