c ======================================================
c countAntom, Jan Burchard, University of Freiburg, 2015
c   based on the antom SAT-solver, by Tobias Schubert   
c ======================================================
c cnf file...............: ../../501_Git_Repos/busybox-data/data//busybox//2008/2008-10-26_19-55-20/clean.dimacs
c #variables.............: 724
c #clauses...............: 581
c ======================= Settings ============================
c number of threads......: 4
c memory size............: 4000
c vsads factor...........: 0.5000
c enable IBCP............: no
c split into components..: yes
c only preprocessing.....: no
c Tseitin detection......: yes
c UPLA...................: yes
c self-subsumption.......: yes
c variable elimination...: yes
c simplfication rounds...: 4
c add dependencies.......: yes
c ==================Start Preprocessing========================
c deduce added 				9 new implications
c UPLA removed 12 equivalent variables
c Tseitin detection found 3 AND gates, 2 OR gates, 0 XOR gates, 0 EQUIV gates, 
c subsumption removed 			21 clauses 
c selfSubsumption removed 		2 literals
c
c simplify: round 0
c deduce added 				0 new implications
c variableElimination eliminated 	84 variables!
c selfSubsumption removed 		0 literals
c deduce added				0 new implications
c subsumption removed 			5 clauses 
c
c simplify: round 1
c deduce added 				0 new implications
c variableElimination eliminated 	0 variables!
c selfSubsumption removed 		0 literals
c deduce added				0 new implications
c subsumption removed 			0 clauses 
c
c simplify: round 2
c deduce added 				0 new implications
c variableElimination eliminated 	0 variables!
c selfSubsumption removed 		0 literals
c deduce added				0 new implications
c subsumption removed 			0 clauses 
c
c simplify: round 3
c deduce added 				0 new implications
c variableElimination eliminated 	0 variables!
c selfSubsumption removed 		0 literals
c deduce added				0 new implications
c subsumption removed 			0 clauses 
c subsumption removed 			5 clauses 
c ================Preprocessing Finished=======================
c clauses: 580, variables: 533


c =================Computation Finished========================
c =======================Thread 0==============================
c decisions         : 72
c bcps              : 515
c conflicts         : 0
c aborted components: 0
c blocks            : 1
c backtracks        : 144
c backtrack dist    : 1.9722
c recomputations    : 0
c splits            : 48
c split ratio       : 7.0625
c =======================Thread 1==============================
c decisions         : 61
c bcps              : 417
c conflicts         : 0
c aborted components: 0
c blocks            : 4
c backtracks        : 122
c backtrack dist    : 2.0082
c recomputations    : 0
c splits            : 53
c split ratio       : 3.3208
c =======================Thread 2==============================
c decisions         : 53
c bcps              : 353
c conflicts         : 0
c aborted components: 0
c blocks            : 4
c backtracks        : 106
c backtrack dist    : 1.9811
c recomputations    : 0
c splits            : 31
c split ratio       : 3.7742
c =======================Thread 3==============================
c decisions         : 70
c bcps              : 451
c conflicts         : 0
c aborted components: 0
c blocks            : 5
c backtracks        : 140
c backtrack dist    : 2.0143
c recomputations    : 0
c splits            : 43
c split ratio       : 3.6279
c ===================Cache Statistics==========================
c tries..................: 452
c hits...................: 196
c hit rate...............: 43.3628 % 
c removed items..........: 0
c ===================Overall Statistics========================
c TOTAL backtracks.......: 512
c TOTAL backtrack dist...: 1.9941
c TOTAL recomputations...: 0
c #decisions.............: 256
c #bcp operations........: 1736
c split ratio............: 0.0000
c cpu time...............: 0.0158 s
c wall clock time........: 0.0127 s
c =========================================================
c model count............: 2109958040806627785428945633447748396269458077353506352025876596931270987719099611712132130494712147446624251879775934437622452310302212187037377143007005271654400000000000000000
s SATISFIABLE
