c ======================================================
c countAntom, Jan Burchard, University of Freiburg, 2015
c   based on the antom SAT-solver, by Tobias Schubert   
c ======================================================
c cnf file...............: ../../501_Git_Repos/busybox-data/data//busybox//2008/2008-01-17_11-05-09/clean.dimacs
c #variables.............: 639
c #clauses...............: 525
c ======================= Settings ============================
c number of threads......: 4
c memory size............: 4000
c vsads factor...........: 0.5000
c enable IBCP............: no
c split into components..: yes
c only preprocessing.....: no
c Tseitin detection......: yes
c UPLA...................: yes
c self-subsumption.......: yes
c variable elimination...: yes
c simplfication rounds...: 4
c add dependencies.......: yes
c ==================Start Preprocessing========================
c deduce added 				6 new implications
c UPLA removed 8 equivalent variables
c Tseitin detection found 3 AND gates, 2 OR gates, 0 XOR gates, 0 EQUIV gates, 
c subsumption removed 			27 clauses 
c selfSubsumption removed 		2 literals
c
c simplify: round 0
c deduce added 				0 new implications
c variableElimination eliminated 	74 variables!
c selfSubsumption removed 		2 literals
c deduce added				0 new implications
c subsumption removed 			5 clauses 
c
c simplify: round 1
c deduce added 				0 new implications
c variableElimination eliminated 	0 variables!
c selfSubsumption removed 		0 literals
c deduce added				0 new implications
c subsumption removed 			0 clauses 
c
c simplify: round 2
c deduce added 				0 new implications
c variableElimination eliminated 	0 variables!
c selfSubsumption removed 		0 literals
c deduce added				0 new implications
c subsumption removed 			0 clauses 
c
c simplify: round 3
c deduce added 				0 new implications
c variableElimination eliminated 	0 variables!
c selfSubsumption removed 		0 literals
c deduce added				0 new implications
c subsumption removed 			0 clauses 
c subsumption removed 			2 clauses 
c ================Preprocessing Finished=======================
c clauses: 521, variables: 471


c =================Computation Finished========================
c =======================Thread 0==============================
c decisions         : 64
c bcps              : 467
c conflicts         : 0
c aborted components: 0
c blocks            : 1
c backtracks        : 128
c backtrack dist    : 1.9453
c recomputations    : 0
c splits            : 61
c split ratio       : 5.1639
c =======================Thread 1==============================
c decisions         : 84
c bcps              : 550
c conflicts         : 0
c aborted components: 0
c blocks            : 4
c backtracks        : 168
c backtrack dist    : 2.0179
c recomputations    : 0
c splits            : 49
c split ratio       : 4.8163
c =======================Thread 2==============================
c decisions         : 57
c bcps              : 378
c conflicts         : 0
c aborted components: 0
c blocks            : 6
c backtracks        : 114
c backtrack dist    : 2.0789
c recomputations    : 0
c splits            : 33
c split ratio       : 3.8182
c =======================Thread 3==============================
c decisions         : 41
c bcps              : 307
c conflicts         : 0
c aborted components: 0
c blocks            : 5
c backtracks        : 82
c backtrack dist    : 2.0488
c recomputations    : 0
c splits            : 38
c split ratio       : 2.3684
c ===================Cache Statistics==========================
c tries..................: 457
c hits...................: 211
c hit rate...............: 46.1707 % 
c removed items..........: 0
c ===================Overall Statistics========================
c TOTAL backtracks.......: 492
c TOTAL backtrack dist...: 2.0183
c TOTAL recomputations...: 0
c #decisions.............: 246
c #bcp operations........: 1702
c split ratio............: 0.0000
c cpu time...............: 0.0135 s
c wall clock time........: 0.0105 s
c =========================================================
c model count............: 5682187277964959025016500985928623646794604486460463972483266704351686233416812483981409814916430861967254865323063267078298705419209329868800000000000000000
s SATISFIABLE
