c ======================================================
c countAntom, Jan Burchard, University of Freiburg, 2015
c   based on the antom SAT-solver, by Tobias Schubert   
c ======================================================
c cnf file...............: ../../501_Git_Repos/busybox-data/data//busybox//2008/2008-01-14_16-10-11/clean.dimacs
c #variables.............: 639
c #clauses...............: 525
c ======================= Settings ============================
c number of threads......: 4
c memory size............: 4000
c vsads factor...........: 0.5000
c enable IBCP............: no
c split into components..: yes
c only preprocessing.....: no
c Tseitin detection......: yes
c UPLA...................: yes
c self-subsumption.......: yes
c variable elimination...: yes
c simplfication rounds...: 4
c add dependencies.......: yes
c ==================Start Preprocessing========================
c deduce added 				6 new implications
c UPLA removed 8 equivalent variables
c Tseitin detection found 3 AND gates, 2 OR gates, 0 XOR gates, 0 EQUIV gates, 
c subsumption removed 			27 clauses 
c selfSubsumption removed 		2 literals
c
c simplify: round 0
c deduce added 				0 new implications
c variableElimination eliminated 	74 variables!
c selfSubsumption removed 		2 literals
c deduce added				0 new implications
c subsumption removed 			5 clauses 
c
c simplify: round 1
c deduce added 				0 new implications
c variableElimination eliminated 	0 variables!
c selfSubsumption removed 		0 literals
c deduce added				0 new implications
c subsumption removed 			0 clauses 
c
c simplify: round 2
c deduce added 				0 new implications
c variableElimination eliminated 	0 variables!
c selfSubsumption removed 		0 literals
c deduce added				0 new implications
c subsumption removed 			0 clauses 
c
c simplify: round 3
c deduce added 				0 new implications
c variableElimination eliminated 	0 variables!
c selfSubsumption removed 		0 literals
c deduce added				0 new implications
c subsumption removed 			0 clauses 
c subsumption removed 			2 clauses 
c ================Preprocessing Finished=======================
c clauses: 521, variables: 471


c =================Computation Finished========================
c =======================Thread 0==============================
c decisions         : 65
c bcps              : 464
c conflicts         : 0
c aborted components: 0
c blocks            : 1
c backtracks        : 130
c backtrack dist    : 1.9385
c recomputations    : 0
c splits            : 60
c split ratio       : 4.9000
c =======================Thread 1==============================
c decisions         : 76
c bcps              : 476
c conflicts         : 0
c aborted components: 0
c blocks            : 3
c backtracks        : 152
c backtrack dist    : 1.9934
c recomputations    : 0
c splits            : 31
c split ratio       : 6.8387
c =======================Thread 2==============================
c decisions         : 52
c bcps              : 355
c conflicts         : 0
c aborted components: 0
c blocks            : 5
c backtracks        : 104
c backtrack dist    : 2.0962
c recomputations    : 0
c splits            : 36
c split ratio       : 3.3333
c =======================Thread 3==============================
c decisions         : 43
c bcps              : 320
c conflicts         : 0
c aborted components: 0
c blocks            : 7
c backtracks        : 86
c backtrack dist    : 2.1744
c recomputations    : 0
c splits            : 40
c split ratio       : 2.3750
c ===================Cache Statistics==========================
c tries..................: 417
c hits...................: 181
c hit rate...............: 43.4053 % 
c removed items..........: 0
c ===================Overall Statistics========================
c TOTAL backtracks.......: 472
c TOTAL backtrack dist...: 2.0339
c TOTAL recomputations...: 0
c #decisions.............: 236
c #bcp operations........: 1615
c split ratio............: 0.0000
c cpu time...............: 0.0127 s
c wall clock time........: 0.0099 s
c =========================================================
c model count............: 5682187277964959025016500985928623646794604486460463972483266704351686233416812483981409814916430861967254865323063267078298705419209329868800000000000000000
s SATISFIABLE
