c ======================================================
c countAntom, Jan Burchard, University of Freiburg, 2015
c   based on the antom SAT-solver, by Tobias Schubert   
c ======================================================
c cnf file...............: ../../501_Git_Repos/busybox-data/data//busybox//2008/2008-10-25_23-59-41/clean.dimacs
c #variables.............: 723
c #clauses...............: 581
c ======================= Settings ============================
c number of threads......: 4
c memory size............: 4000
c vsads factor...........: 0.5000
c enable IBCP............: no
c split into components..: yes
c only preprocessing.....: no
c Tseitin detection......: yes
c UPLA...................: yes
c self-subsumption.......: yes
c variable elimination...: yes
c simplfication rounds...: 4
c add dependencies.......: yes
c ==================Start Preprocessing========================
c deduce added 				9 new implications
c UPLA removed 12 equivalent variables
c Tseitin detection found 3 AND gates, 2 OR gates, 0 XOR gates, 0 EQUIV gates, 
c subsumption removed 			19 clauses 
c selfSubsumption removed 		3 literals
c
c simplify: round 0
c deduce added 				0 new implications
c variableElimination eliminated 	83 variables!
c selfSubsumption removed 		0 literals
c deduce added				0 new implications
c subsumption removed 			5 clauses 
c
c simplify: round 1
c deduce added 				0 new implications
c variableElimination eliminated 	0 variables!
c selfSubsumption removed 		0 literals
c deduce added				0 new implications
c subsumption removed 			0 clauses 
c
c simplify: round 2
c deduce added 				0 new implications
c variableElimination eliminated 	0 variables!
c selfSubsumption removed 		0 literals
c deduce added				0 new implications
c subsumption removed 			0 clauses 
c
c simplify: round 3
c deduce added 				0 new implications
c variableElimination eliminated 	0 variables!
c selfSubsumption removed 		0 literals
c deduce added				0 new implications
c subsumption removed 			0 clauses 
c subsumption removed 			3 clauses 
c ================Preprocessing Finished=======================
c clauses: 585, variables: 533


c =================Computation Finished========================
c =======================Thread 0==============================
c decisions         : 80
c bcps              : 517
c conflicts         : 0
c aborted components: 0
c blocks            : 1
c backtracks        : 160
c backtrack dist    : 1.9750
c recomputations    : 0
c splits            : 45
c split ratio       : 7.6000
c =======================Thread 1==============================
c decisions         : 50
c bcps              : 354
c conflicts         : 0
c aborted components: 0
c blocks            : 8
c backtracks        : 100
c backtrack dist    : 2.1900
c recomputations    : 0
c splits            : 37
c split ratio       : 3.0811
c =======================Thread 2==============================
c decisions         : 61
c bcps              : 455
c conflicts         : 0
c aborted components: 0
c blocks            : 8
c backtracks        : 122
c backtrack dist    : 2.0492
c recomputations    : 0
c splits            : 57
c split ratio       : 2.4211
c =======================Thread 3==============================
c decisions         : 70
c bcps              : 472
c conflicts         : 0
c aborted components: 0
c blocks            : 3
c backtracks        : 140
c backtrack dist    : 2.0571
c recomputations    : 0
c splits            : 48
c split ratio       : 4.3333
c ===================Cache Statistics==========================
c tries..................: 468
c hits...................: 207
c hit rate...............: 44.2308 % 
c removed items..........: 0
c ===================Overall Statistics========================
c TOTAL backtracks.......: 522
c TOTAL backtrack dist...: 2.0556
c TOTAL recomputations...: 0
c #decisions.............: 261
c #bcp operations........: 1798
c split ratio............: 0.0000
c cpu time...............: 0.0135 s
c wall clock time........: 0.0105 s
c =========================================================
c model count............: 1403013336412654558352237044921440943911134494735063502120299386619247203174040463458067241411432304229971796353046884239449981175407141093442379646638678763110400000000000000000
s SATISFIABLE
