c ======================================================
c countAntom, Jan Burchard, University of Freiburg, 2015
c   based on the antom SAT-solver, by Tobias Schubert   
c ======================================================
c cnf file...............: ../../501_Git_Repos/busybox-data/data//busybox//2008/2008-10-12_11-20-08/clean.dimacs
c #variables.............: 722
c #clauses...............: 577
c ======================= Settings ============================
c number of threads......: 4
c memory size............: 4000
c vsads factor...........: 0.5000
c enable IBCP............: no
c split into components..: yes
c only preprocessing.....: no
c Tseitin detection......: yes
c UPLA...................: yes
c self-subsumption.......: yes
c variable elimination...: yes
c simplfication rounds...: 4
c add dependencies.......: yes
c ==================Start Preprocessing========================
c deduce added 				9 new implications
c UPLA removed 12 equivalent variables
c Tseitin detection found 3 AND gates, 2 OR gates, 0 XOR gates, 0 EQUIV gates, 
c subsumption removed 			21 clauses 
c selfSubsumption removed 		3 literals
c
c simplify: round 0
c deduce added 				0 new implications
c variableElimination eliminated 	83 variables!
c selfSubsumption removed 		0 literals
c deduce added				0 new implications
c subsumption removed 			5 clauses 
c
c simplify: round 1
c deduce added 				0 new implications
c variableElimination eliminated 	0 variables!
c selfSubsumption removed 		0 literals
c deduce added				0 new implications
c subsumption removed 			0 clauses 
c
c simplify: round 2
c deduce added 				0 new implications
c variableElimination eliminated 	0 variables!
c selfSubsumption removed 		0 literals
c deduce added				0 new implications
c subsumption removed 			0 clauses 
c
c simplify: round 3
c deduce added 				0 new implications
c variableElimination eliminated 	0 variables!
c selfSubsumption removed 		0 literals
c deduce added				0 new implications
c subsumption removed 			0 clauses 
c subsumption removed 			4 clauses 
c ================Preprocessing Finished=======================
c clauses: 578, variables: 529


c =================Computation Finished========================
c =======================Thread 0==============================
c decisions         : 65
c bcps              : 440
c conflicts         : 0
c aborted components: 0
c blocks            : 1
c backtracks        : 130
c backtrack dist    : 1.9615
c recomputations    : 0
c splits            : 37
c split ratio       : 7.4054
c =======================Thread 1==============================
c decisions         : 61
c bcps              : 427
c conflicts         : 0
c aborted components: 0
c blocks            : 2
c backtracks        : 122
c backtrack dist    : 1.9836
c recomputations    : 0
c splits            : 36
c split ratio       : 5.2500
c =======================Thread 2==============================
c decisions         : 61
c bcps              : 399
c conflicts         : 0
c aborted components: 0
c blocks            : 2
c backtracks        : 122
c backtrack dist    : 1.9754
c recomputations    : 0
c splits            : 53
c split ratio       : 2.8113
c =======================Thread 3==============================
c decisions         : 62
c bcps              : 396
c conflicts         : 0
c aborted components: 0
c blocks            : 2
c backtracks        : 124
c backtrack dist    : 1.9758
c recomputations    : 0
c splits            : 44
c split ratio       : 3.0227
c ===================Cache Statistics==========================
c tries..................: 418
c hits...................: 169
c hit rate...............: 40.4306 % 
c removed items..........: 0
c ===================Overall Statistics========================
c TOTAL backtracks.......: 498
c TOTAL backtrack dist...: 1.9739
c TOTAL recomputations...: 0
c #decisions.............: 249
c #bcp operations........: 1662
c split ratio............: 0.0000
c cpu time...............: 0.0129 s
c wall clock time........: 0.0102 s
c =========================================================
c model count............: 1595657188412499518323727488495170396217678539868241202180660173297080641913274754565197496756038033793910981477110595039252399456154804848323578996059264778240000000000000000000
s SATISFIABLE
