c ======================================================
c countAntom, Jan Burchard, University of Freiburg, 2015
c   based on the antom SAT-solver, by Tobias Schubert   
c ======================================================
c cnf file...............: ../../501_Git_Repos/busybox-data/data//busybox//2008/2008-04-01_17-43-03/clean.dimacs
c #variables.............: 691
c #clauses...............: 562
c ======================= Settings ============================
c number of threads......: 4
c memory size............: 4000
c vsads factor...........: 0.5000
c enable IBCP............: no
c split into components..: yes
c only preprocessing.....: no
c Tseitin detection......: yes
c UPLA...................: yes
c self-subsumption.......: yes
c variable elimination...: yes
c simplfication rounds...: 4
c add dependencies.......: yes
c ==================Start Preprocessing========================
c deduce added 				6 new implications
c UPLA removed 10 equivalent variables
c Tseitin detection found 3 AND gates, 2 OR gates, 0 XOR gates, 0 EQUIV gates, 
c subsumption removed 			27 clauses 
c selfSubsumption removed 		2 literals
c
c simplify: round 0
c deduce added 				0 new implications
c variableElimination eliminated 	78 variables!
c selfSubsumption removed 		0 literals
c deduce added				0 new implications
c subsumption removed 			4 clauses 
c
c simplify: round 1
c deduce added 				0 new implications
c variableElimination eliminated 	0 variables!
c selfSubsumption removed 		0 literals
c deduce added				0 new implications
c subsumption removed 			0 clauses 
c
c simplify: round 2
c deduce added 				0 new implications
c variableElimination eliminated 	0 variables!
c selfSubsumption removed 		0 literals
c deduce added				0 new implications
c subsumption removed 			0 clauses 
c
c simplify: round 3
c deduce added 				0 new implications
c variableElimination eliminated 	0 variables!
c selfSubsumption removed 		0 literals
c deduce added				0 new implications
c subsumption removed 			0 clauses 
c subsumption removed 			3 clauses 
c ================Preprocessing Finished=======================
c clauses: 541, variables: 512


c =================Computation Finished========================
c =======================Thread 0==============================
c decisions         : 61
c bcps              : 412
c conflicts         : 0
c aborted components: 0
c blocks            : 5
c backtracks        : 122
c backtrack dist    : 1.9918
c recomputations    : 0
c splits            : 35
c split ratio       : 3.7714
c =======================Thread 1==============================
c decisions         : 78
c bcps              : 555
c conflicts         : 0
c aborted components: 0
c blocks            : 1
c backtracks        : 156
c backtrack dist    : 1.9744
c recomputations    : 0
c splits            : 43
c split ratio       : 8.0698
c =======================Thread 2==============================
c decisions         : 47
c bcps              : 310
c conflicts         : 0
c aborted components: 0
c blocks            : 3
c backtracks        : 94
c backtrack dist    : 1.9894
c recomputations    : 0
c splits            : 42
c split ratio       : 3.0714
c =======================Thread 3==============================
c decisions         : 62
c bcps              : 399
c conflicts         : 0
c aborted components: 0
c blocks            : 4
c backtracks        : 124
c backtrack dist    : 1.9839
c recomputations    : 0
c splits            : 56
c split ratio       : 2.5893
c ===================Cache Statistics==========================
c tries..................: 434
c hits...................: 186
c hit rate...............: 42.8571 % 
c removed items..........: 0
c ===================Overall Statistics========================
c TOTAL backtracks.......: 496
c TOTAL backtrack dist...: 1.9839
c TOTAL recomputations...: 0
c #decisions.............: 248
c #bcp operations........: 1676
c split ratio............: 0.0000
c cpu time...............: 0.0149 s
c wall clock time........: 0.0120 s
c =========================================================
c model count............: 3034005541303361409878970414924584800378459342135129334716980843033102377981599630534334444460042364028691408398278873072417398336836552861469234944777650176000000000000000
s SATISFIABLE
