c ======================================================
c countAntom, Jan Burchard, University of Freiburg, 2015
c   based on the antom SAT-solver, by Tobias Schubert   
c ======================================================
c cnf file...............: ../../501_Git_Repos/busybox-data/data//busybox//2008/2008-08-03_22-27-50/clean.dimacs
c #variables.............: 718
c #clauses...............: 612
c ======================= Settings ============================
c number of threads......: 4
c memory size............: 4000
c vsads factor...........: 0.5000
c enable IBCP............: no
c split into components..: yes
c only preprocessing.....: no
c Tseitin detection......: yes
c UPLA...................: yes
c self-subsumption.......: yes
c variable elimination...: yes
c simplfication rounds...: 4
c add dependencies.......: yes
c ==================Start Preprocessing========================
c deduce added 				7 new implications
c UPLA removed 10 equivalent variables
c Tseitin detection found 3 AND gates, 2 OR gates, 0 XOR gates, 0 EQUIV gates, 
c subsumption removed 			43 clauses 
c selfSubsumption removed 		2 literals
c
c simplify: round 0
c deduce added 				0 new implications
c variableElimination eliminated 	82 variables!
c selfSubsumption removed 		1 literals
c deduce added				0 new implications
c subsumption removed 			16 clauses 
c
c simplify: round 1
c deduce added 				0 new implications
c variableElimination eliminated 	2 variables!
c selfSubsumption removed 		0 literals
c deduce added				0 new implications
c subsumption removed 			3 clauses 
c
c simplify: round 2
c deduce added 				0 new implications
c variableElimination eliminated 	0 variables!
c selfSubsumption removed 		0 literals
c deduce added				0 new implications
c subsumption removed 			0 clauses 
c
c simplify: round 3
c deduce added 				0 new implications
c variableElimination eliminated 	0 variables!
c selfSubsumption removed 		0 literals
c deduce added				0 new implications
c subsumption removed 			0 clauses 
c subsumption removed 			3 clauses 
c ================Preprocessing Finished=======================
c clauses: 586, variables: 533


c =================Computation Finished========================
c =======================Thread 0==============================
c decisions         : 91
c bcps              : 634
c conflicts         : 0
c aborted components: 0
c blocks            : 2
c backtracks        : 182
c backtrack dist    : 1.9615
c recomputations    : 0
c splits            : 48
c split ratio       : 8.0208
c =======================Thread 1==============================
c decisions         : 69
c bcps              : 464
c conflicts         : 0
c aborted components: 0
c blocks            : 4
c backtracks        : 138
c backtrack dist    : 2.0580
c recomputations    : 0
c splits            : 63
c split ratio       : 2.6508
c =======================Thread 2==============================
c decisions         : 34
c bcps              : 243
c conflicts         : 0
c aborted components: 0
c blocks            : 3
c backtracks        : 68
c backtrack dist    : 1.9853
c recomputations    : 0
c splits            : 36
c split ratio       : 3.5556
c =======================Thread 3==============================
c decisions         : 63
c bcps              : 442
c conflicts         : 0
c aborted components: 0
c blocks            : 4
c backtracks        : 126
c backtrack dist    : 2.0397
c recomputations    : 0
c splits            : 33
c split ratio       : 4.2121
c ===================Cache Statistics==========================
c tries..................: 486
c hits...................: 229
c hit rate...............: 47.1193 % 
c removed items..........: 0
c ===================Overall Statistics========================
c TOTAL backtracks.......: 514
c TOTAL backtrack dist...: 2.0097
c TOTAL recomputations...: 0
c #decisions.............: 257
c #bcp operations........: 1783
c split ratio............: 0.0000
c cpu time...............: 0.0139 s
c wall clock time........: 0.0109 s
c =========================================================
c model count............: 61684802110133908242716666995302872442399445658677415212267274137295624928121426117491368606325521329267476305203501858979567753645555423700073531008570611466240000000000000000
s SATISFIABLE
