c ======================================================
c countAntom, Jan Burchard, University of Freiburg, 2015
c   based on the antom SAT-solver, by Tobias Schubert   
c ======================================================
c cnf file...............: ../../501_Git_Repos/busybox-data/data//busybox//2008/2008-12-18_00-44-58/clean.dimacs
c #variables.............: 735
c #clauses...............: 597
c ======================= Settings ============================
c number of threads......: 4
c memory size............: 4000
c vsads factor...........: 0.5000
c enable IBCP............: no
c split into components..: yes
c only preprocessing.....: no
c Tseitin detection......: yes
c UPLA...................: yes
c self-subsumption.......: yes
c variable elimination...: yes
c simplfication rounds...: 4
c add dependencies.......: yes
c ==================Start Preprocessing========================
c deduce added 				9 new implications
c UPLA removed 12 equivalent variables
c Tseitin detection found 4 AND gates, 3 OR gates, 0 XOR gates, 0 EQUIV gates, 
c subsumption removed 			25 clauses 
c selfSubsumption removed 		2 literals
c
c simplify: round 0
c deduce added 				0 new implications
c variableElimination eliminated 	100 variables!
c selfSubsumption removed 		0 literals
c deduce added				0 new implications
c subsumption removed 			5 clauses 
c
c simplify: round 1
c deduce added 				0 new implications
c variableElimination eliminated 	0 variables!
c selfSubsumption removed 		0 literals
c deduce added				0 new implications
c subsumption removed 			0 clauses 
c
c simplify: round 2
c deduce added 				0 new implications
c variableElimination eliminated 	0 variables!
c selfSubsumption removed 		0 literals
c deduce added				0 new implications
c subsumption removed 			0 clauses 
c
c simplify: round 3
c deduce added 				0 new implications
c variableElimination eliminated 	0 variables!
c selfSubsumption removed 		0 literals
c deduce added				0 new implications
c subsumption removed 			0 clauses 
c subsumption removed 			4 clauses 
c ================Preprocessing Finished=======================
c clauses: 564, variables: 541


c =================Computation Finished========================
c =======================Thread 0==============================
c decisions         : 148
c bcps              : 987
c conflicts         : 0
c aborted components: 0
c blocks            : 1
c backtracks        : 296
c backtrack dist    : 1.9831
c recomputations    : 0
c splits            : 101
c split ratio       : 5.4158
c =======================Thread 1==============================
c decisions         : 78
c bcps              : 572
c conflicts         : 0
c aborted components: 0
c blocks            : 2
c backtracks        : 156
c backtrack dist    : 1.9679
c recomputations    : 0
c splits            : 109
c split ratio       : 2.3578
c =======================Thread 2==============================
c decisions         : 55
c bcps              : 473
c conflicts         : 0
c aborted components: 0
c blocks            : 4
c backtracks        : 110
c backtrack dist    : 2.0545
c recomputations    : 0
c splits            : 59
c split ratio       : 3.5593
c =======================Thread 3==============================
c decisions         : 64
c bcps              : 566
c conflicts         : 0
c aborted components: 0
c blocks            : 5
c backtracks        : 128
c backtrack dist    : 2.2891
c recomputations    : 0
c splits            : 63
c split ratio       : 2.9683
c ===================Cache Statistics==========================
c tries..................: 844
c hits...................: 499
c hit rate...............: 59.1232 % 
c removed items..........: 0
c ===================Overall Statistics========================
c TOTAL backtracks.......: 690
c TOTAL backtrack dist...: 2.0478
c TOTAL recomputations...: 0
c #decisions.............: 345
c #bcp operations........: 2598
c split ratio............: 0.0000
c cpu time...............: 0.0167 s
c wall clock time........: 0.0120 s
c =========================================================
c model count............: 325366969881766020048396576204027174076721873118146134412632738235391200494468177778711930119265875619010107266038011386445349249030326108899751884882346476830720000000000000000000
s SATISFIABLE
