c ======================================================
c countAntom, Jan Burchard, University of Freiburg, 2015
c   based on the antom SAT-solver, by Tobias Schubert   
c ======================================================
c cnf file...............: ../../501_Git_Repos/busybox-data/data//busybox//2008/2008-02-10_19-44-20/clean.dimacs
c #variables.............: 647
c #clauses...............: 531
c ======================= Settings ============================
c number of threads......: 4
c memory size............: 4000
c vsads factor...........: 0.5000
c enable IBCP............: no
c split into components..: yes
c only preprocessing.....: no
c Tseitin detection......: yes
c UPLA...................: yes
c self-subsumption.......: yes
c variable elimination...: yes
c simplfication rounds...: 4
c add dependencies.......: yes
c ==================Start Preprocessing========================
c deduce added 				6 new implications
c UPLA removed 8 equivalent variables
c Tseitin detection found 3 AND gates, 2 OR gates, 0 XOR gates, 0 EQUIV gates, 
c subsumption removed 			24 clauses 
c selfSubsumption removed 		3 literals
c
c simplify: round 0
c deduce added 				0 new implications
c variableElimination eliminated 	74 variables!
c selfSubsumption removed 		2 literals
c deduce added				0 new implications
c subsumption removed 			5 clauses 
c
c simplify: round 1
c deduce added 				0 new implications
c variableElimination eliminated 	0 variables!
c selfSubsumption removed 		0 literals
c deduce added				0 new implications
c subsumption removed 			0 clauses 
c
c simplify: round 2
c deduce added 				0 new implications
c variableElimination eliminated 	0 variables!
c selfSubsumption removed 		0 literals
c deduce added				0 new implications
c subsumption removed 			0 clauses 
c
c simplify: round 3
c deduce added 				0 new implications
c variableElimination eliminated 	0 variables!
c selfSubsumption removed 		0 literals
c deduce added				0 new implications
c subsumption removed 			0 clauses 
c subsumption removed 			4 clauses 
c ================Preprocessing Finished=======================
c clauses: 531, variables: 480


c =================Computation Finished========================
c =======================Thread 0==============================
c decisions         : 60
c bcps              : 460
c conflicts         : 0
c aborted components: 0
c blocks            : 1
c backtracks        : 120
c backtrack dist    : 1.9583
c recomputations    : 0
c splits            : 40
c split ratio       : 7.8500
c =======================Thread 1==============================
c decisions         : 45
c bcps              : 297
c conflicts         : 0
c aborted components: 0
c blocks            : 3
c backtracks        : 90
c backtrack dist    : 2.1000
c recomputations    : 0
c splits            : 45
c split ratio       : 2.2222
c =======================Thread 2==============================
c decisions         : 71
c bcps              : 452
c conflicts         : 0
c aborted components: 0
c blocks            : 4
c backtracks        : 142
c backtrack dist    : 2.0704
c recomputations    : 0
c splits            : 36
c split ratio       : 4.2778
c =======================Thread 3==============================
c decisions         : 65
c bcps              : 416
c conflicts         : 0
c aborted components: 0
c blocks            : 2
c backtracks        : 130
c backtrack dist    : 2.0538
c recomputations    : 0
c splits            : 48
c split ratio       : 3.0417
c ===================Cache Statistics==========================
c tries..................: 402
c hits...................: 161
c hit rate...............: 40.0498 % 
c removed items..........: 0
c ===================Overall Statistics========================
c TOTAL backtracks.......: 482
c TOTAL backtrack dist...: 2.0436
c TOTAL recomputations...: 0
c #decisions.............: 241
c #bcp operations........: 1625
c split ratio............: 0.0000
c cpu time...............: 0.0124 s
c wall clock time........: 0.0099 s
c =========================================================
c model count............: 340049873543198759572050018993845917242851016974644597075950749233893303635273567385158724261472148750079412160815868682303448961622515688407040000000000000000
s SATISFIABLE
