c ======================================================
c countAntom, Jan Burchard, University of Freiburg, 2015
c   based on the antom SAT-solver, by Tobias Schubert   
c ======================================================
c cnf file...............: ../../501_Git_Repos/busybox-data/data//busybox//2008/2008-02-08_18-24-54/clean.dimacs
c #variables.............: 647
c #clauses...............: 531
c ======================= Settings ============================
c number of threads......: 4
c memory size............: 4000
c vsads factor...........: 0.5000
c enable IBCP............: no
c split into components..: yes
c only preprocessing.....: no
c Tseitin detection......: yes
c UPLA...................: yes
c self-subsumption.......: yes
c variable elimination...: yes
c simplfication rounds...: 4
c add dependencies.......: yes
c ==================Start Preprocessing========================
c deduce added 				6 new implications
c UPLA removed 8 equivalent variables
c Tseitin detection found 3 AND gates, 2 OR gates, 0 XOR gates, 0 EQUIV gates, 
c subsumption removed 			24 clauses 
c selfSubsumption removed 		3 literals
c
c simplify: round 0
c deduce added 				0 new implications
c variableElimination eliminated 	74 variables!
c selfSubsumption removed 		2 literals
c deduce added				0 new implications
c subsumption removed 			5 clauses 
c
c simplify: round 1
c deduce added 				0 new implications
c variableElimination eliminated 	0 variables!
c selfSubsumption removed 		0 literals
c deduce added				0 new implications
c subsumption removed 			0 clauses 
c
c simplify: round 2
c deduce added 				0 new implications
c variableElimination eliminated 	0 variables!
c selfSubsumption removed 		0 literals
c deduce added				0 new implications
c subsumption removed 			0 clauses 
c
c simplify: round 3
c deduce added 				0 new implications
c variableElimination eliminated 	0 variables!
c selfSubsumption removed 		0 literals
c deduce added				0 new implications
c subsumption removed 			0 clauses 
c subsumption removed 			4 clauses 
c ================Preprocessing Finished=======================
c clauses: 531, variables: 480


c =================Computation Finished========================
c =======================Thread 0==============================
c decisions         : 72
c bcps              : 539
c conflicts         : 0
c aborted components: 0
c blocks            : 1
c backtracks        : 144
c backtrack dist    : 1.9653
c recomputations    : 0
c splits            : 56
c split ratio       : 6.1429
c =======================Thread 1==============================
c decisions         : 64
c bcps              : 407
c conflicts         : 0
c aborted components: 0
c blocks            : 4
c backtracks        : 128
c backtrack dist    : 1.9922
c recomputations    : 0
c splits            : 57
c split ratio       : 2.6316
c =======================Thread 2==============================
c decisions         : 63
c bcps              : 437
c conflicts         : 0
c aborted components: 0
c blocks            : 4
c backtracks        : 126
c backtrack dist    : 2.1984
c recomputations    : 0
c splits            : 35
c split ratio       : 4.4857
c =======================Thread 3==============================
c decisions         : 57
c bcps              : 385
c conflicts         : 0
c aborted components: 0
c blocks            : 4
c backtracks        : 114
c backtrack dist    : 2.2105
c recomputations    : 0
c splits            : 47
c split ratio       : 2.6383
c ===================Cache Statistics==========================
c tries..................: 459
c hits...................: 203
c hit rate...............: 44.2266 % 
c removed items..........: 0
c ===================Overall Statistics========================
c TOTAL backtracks.......: 512
c TOTAL backtrack dist...: 2.0840
c TOTAL recomputations...: 0
c #decisions.............: 256
c #bcp operations........: 1768
c split ratio............: 0.0000
c cpu time...............: 0.0133 s
c wall clock time........: 0.0102 s
c =========================================================
c model count............: 340049873543198759572050018993845917242851016974644597075950749233893303635273567385158724261472148750079412160815868682303448961622515688407040000000000000000
s SATISFIABLE
