c ======================================================
c countAntom, Jan Burchard, University of Freiburg, 2015
c   based on the antom SAT-solver, by Tobias Schubert   
c ======================================================
c cnf file...............: ../../501_Git_Repos/busybox-data/data//busybox//2008/2008-03-26_20-06-24/clean.dimacs
c #variables.............: 690
c #clauses...............: 571
c ======================= Settings ============================
c number of threads......: 4
c memory size............: 4000
c vsads factor...........: 0.5000
c enable IBCP............: no
c split into components..: yes
c only preprocessing.....: no
c Tseitin detection......: yes
c UPLA...................: yes
c self-subsumption.......: yes
c variable elimination...: yes
c simplfication rounds...: 4
c add dependencies.......: yes
c ==================Start Preprocessing========================
c deduce added 				6 new implications
c UPLA removed 10 equivalent variables
c Tseitin detection found 3 AND gates, 2 OR gates, 0 XOR gates, 0 EQUIV gates, 
c subsumption removed 			28 clauses 
c selfSubsumption removed 		2 literals
c
c simplify: round 0
c deduce added 				0 new implications
c variableElimination eliminated 	79 variables!
c selfSubsumption removed 		2 literals
c deduce added				0 new implications
c subsumption removed 			5 clauses 
c
c simplify: round 1
c deduce added 				0 new implications
c variableElimination eliminated 	0 variables!
c selfSubsumption removed 		0 literals
c deduce added				0 new implications
c subsumption removed 			0 clauses 
c
c simplify: round 2
c deduce added 				0 new implications
c variableElimination eliminated 	0 variables!
c selfSubsumption removed 		0 literals
c deduce added				0 new implications
c subsumption removed 			0 clauses 
c
c simplify: round 3
c deduce added 				0 new implications
c variableElimination eliminated 	0 variables!
c selfSubsumption removed 		0 literals
c deduce added				0 new implications
c subsumption removed 			0 clauses 
c subsumption removed 			2 clauses 
c ================Preprocessing Finished=======================
c clauses: 565, variables: 513


c =================Computation Finished========================
c =======================Thread 0==============================
c decisions         : 76
c bcps              : 488
c conflicts         : 0
c aborted components: 0
c blocks            : 1
c backtracks        : 152
c backtrack dist    : 1.9737
c recomputations    : 0
c splits            : 38
c split ratio       : 8.0526
c =======================Thread 1==============================
c decisions         : 57
c bcps              : 383
c conflicts         : 0
c aborted components: 0
c blocks            : 6
c backtracks        : 114
c backtrack dist    : 1.9737
c recomputations    : 0
c splits            : 58
c split ratio       : 2.3276
c =======================Thread 2==============================
c decisions         : 55
c bcps              : 398
c conflicts         : 0
c aborted components: 0
c blocks            : 5
c backtracks        : 110
c backtrack dist    : 1.9909
c recomputations    : 0
c splits            : 49
c split ratio       : 2.5510
c =======================Thread 3==============================
c decisions         : 64
c bcps              : 440
c conflicts         : 0
c aborted components: 0
c blocks            : 5
c backtracks        : 128
c backtrack dist    : 2.0859
c recomputations    : 0
c splits            : 38
c split ratio       : 5.1579
c ===================Cache Statistics==========================
c tries..................: 442
c hits...................: 190
c hit rate...............: 42.9864 % 
c removed items..........: 0
c ===================Overall Statistics========================
c TOTAL backtracks.......: 504
c TOTAL backtrack dist...: 2.0060
c TOTAL recomputations...: 0
c #decisions.............: 252
c #bcp operations........: 1709
c split ratio............: 0.0000
c cpu time...............: 0.0151 s
c wall clock time........: 0.0121 s
c =========================================================
c model count............: 250410426008952799321275389459210478636146169467051809253315200388804696437735197629417734452003437292070259193166235882851992229612886131324659948723791462400000000000000
s SATISFIABLE
