c ======================================================
c countAntom, Jan Burchard, University of Freiburg, 2015
c   based on the antom SAT-solver, by Tobias Schubert   
c ======================================================
c cnf file...............: ../../501_Git_Repos/busybox-data/data//busybox//2008/2008-01-04_20-10-51/clean.dimacs
c #variables.............: 633
c #clauses...............: 521
c ======================= Settings ============================
c number of threads......: 4
c memory size............: 4000
c vsads factor...........: 0.5000
c enable IBCP............: no
c split into components..: yes
c only preprocessing.....: no
c Tseitin detection......: yes
c UPLA...................: yes
c self-subsumption.......: yes
c variable elimination...: yes
c simplfication rounds...: 4
c add dependencies.......: yes
c ==================Start Preprocessing========================
c deduce added 				6 new implications
c UPLA removed 8 equivalent variables
c Tseitin detection found 3 AND gates, 2 OR gates, 0 XOR gates, 0 EQUIV gates, 
c subsumption removed 			26 clauses 
c selfSubsumption removed 		3 literals
c
c simplify: round 0
c deduce added 				0 new implications
c variableElimination eliminated 	73 variables!
c selfSubsumption removed 		2 literals
c deduce added				0 new implications
c subsumption removed 			5 clauses 
c
c simplify: round 1
c deduce added 				0 new implications
c variableElimination eliminated 	0 variables!
c selfSubsumption removed 		0 literals
c deduce added				0 new implications
c subsumption removed 			0 clauses 
c
c simplify: round 2
c deduce added 				0 new implications
c variableElimination eliminated 	0 variables!
c selfSubsumption removed 		0 literals
c deduce added				0 new implications
c subsumption removed 			0 clauses 
c
c simplify: round 3
c deduce added 				0 new implications
c variableElimination eliminated 	0 variables!
c selfSubsumption removed 		0 literals
c deduce added				0 new implications
c subsumption removed 			0 clauses 
c subsumption removed 			2 clauses 
c ================Preprocessing Finished=======================
c clauses: 518, variables: 466


c =================Computation Finished========================
c =======================Thread 0==============================
c decisions         : 66
c bcps              : 447
c conflicts         : 0
c aborted components: 0
c blocks            : 1
c backtracks        : 132
c backtrack dist    : 1.9470
c recomputations    : 0
c splits            : 54
c split ratio       : 4.9074
c =======================Thread 1==============================
c decisions         : 54
c bcps              : 350
c conflicts         : 0
c aborted components: 0
c blocks            : 5
c backtracks        : 108
c backtrack dist    : 2.0000
c recomputations    : 0
c splits            : 49
c split ratio       : 2.5918
c =======================Thread 2==============================
c decisions         : 64
c bcps              : 446
c conflicts         : 0
c aborted components: 0
c blocks            : 4
c backtracks        : 128
c backtrack dist    : 2.1406
c recomputations    : 0
c splits            : 35
c split ratio       : 3.9429
c =======================Thread 3==============================
c decisions         : 50
c bcps              : 330
c conflicts         : 0
c aborted components: 0
c blocks            : 3
c backtracks        : 100
c backtrack dist    : 2.0100
c recomputations    : 0
c splits            : 26
c split ratio       : 6.0769
c ===================Cache Statistics==========================
c tries..................: 385
c hits...................: 151
c hit rate...............: 39.2208 % 
c removed items..........: 0
c ===================Overall Statistics========================
c TOTAL backtracks.......: 468
c TOTAL backtrack dist...: 2.0256
c TOTAL recomputations...: 0
c #decisions.............: 234
c #bcp operations........: 1573
c split ratio............: 0.0000
c cpu time...............: 0.0123 s
c wall clock time........: 0.0096 s
c =========================================================
c model count............: 284109363898247951250825049296431182339730224323023198624163335217584311670840624199070490745821543098362743266153163353914935270960466493440000000000000000
s SATISFIABLE
