c ======================================================
c countAntom, Jan Burchard, University of Freiburg, 2015
c   based on the antom SAT-solver, by Tobias Schubert   
c ======================================================
c cnf file...............: ../../501_Git_Repos/busybox-data/data//busybox//2008/2008-08-31_21-56-48/clean.dimacs
c #variables.............: 716
c #clauses...............: 601
c ======================= Settings ============================
c number of threads......: 4
c memory size............: 4000
c vsads factor...........: 0.5000
c enable IBCP............: no
c split into components..: yes
c only preprocessing.....: no
c Tseitin detection......: yes
c UPLA...................: yes
c self-subsumption.......: yes
c variable elimination...: yes
c simplfication rounds...: 4
c add dependencies.......: yes
c ==================Start Preprocessing========================
c deduce added 				7 new implications
c UPLA removed 10 equivalent variables
c Tseitin detection found 3 AND gates, 2 OR gates, 0 XOR gates, 0 EQUIV gates, 
c subsumption removed 			42 clauses 
c selfSubsumption removed 		2 literals
c
c simplify: round 0
c deduce added 				0 new implications
c variableElimination eliminated 	80 variables!
c selfSubsumption removed 		1 literals
c deduce added				0 new implications
c subsumption removed 			15 clauses 
c
c simplify: round 1
c deduce added 				0 new implications
c variableElimination eliminated 	2 variables!
c selfSubsumption removed 		0 literals
c deduce added				0 new implications
c subsumption removed 			3 clauses 
c
c simplify: round 2
c deduce added 				0 new implications
c variableElimination eliminated 	0 variables!
c selfSubsumption removed 		0 literals
c deduce added				0 new implications
c subsumption removed 			0 clauses 
c
c simplify: round 3
c deduce added 				0 new implications
c variableElimination eliminated 	0 variables!
c selfSubsumption removed 		0 literals
c deduce added				0 new implications
c subsumption removed 			0 clauses 
c subsumption removed 			4 clauses 
c ================Preprocessing Finished=======================
c clauses: 576, variables: 522


c =================Computation Finished========================
c =======================Thread 0==============================
c decisions         : 70
c bcps              : 515
c conflicts         : 0
c aborted components: 0
c blocks            : 1
c backtracks        : 140
c backtrack dist    : 1.9571
c recomputations    : 0
c splits            : 66
c split ratio       : 4.7879
c =======================Thread 1==============================
c decisions         : 66
c bcps              : 468
c conflicts         : 0
c aborted components: 0
c blocks            : 13
c backtracks        : 132
c backtrack dist    : 2.2424
c recomputations    : 0
c splits            : 36
c split ratio       : 4.0833
c =======================Thread 2==============================
c decisions         : 53
c bcps              : 348
c conflicts         : 0
c aborted components: 0
c blocks            : 6
c backtracks        : 106
c backtrack dist    : 2.1132
c recomputations    : 0
c splits            : 43
c split ratio       : 2.8372
c =======================Thread 3==============================
c decisions         : 77
c bcps              : 505
c conflicts         : 0
c aborted components: 0
c blocks            : 5
c backtracks        : 154
c backtrack dist    : 1.9935
c recomputations    : 0
c splits            : 51
c split ratio       : 4.4314
c ===================Cache Statistics==========================
c tries..................: 476
c hits...................: 210
c hit rate...............: 44.1176 % 
c removed items..........: 0
c ===================Overall Statistics========================
c TOTAL backtracks.......: 532
c TOTAL backtrack dist...: 2.0695
c TOTAL recomputations...: 0
c #decisions.............: 266
c #bcp operations........: 1836
c split ratio............: 0.0000
c cpu time...............: 0.0140 s
c wall clock time........: 0.0109 s
c =========================================================
c model count............: 110946199529666843369583853456226387624028002915147814127796943030654567625920636077447967011160107411223371019682299902377308386752143639128242038598501662720000000000000000000
s SATISFIABLE
