c ======================================================
c countAntom, Jan Burchard, University of Freiburg, 2015
c   based on the antom SAT-solver, by Tobias Schubert   
c ======================================================
c cnf file...............: ../../501_Git_Repos/busybox-data/data//busybox//2008/2008-01-24_22-49-15/clean.dimacs
c #variables.............: 638
c #clauses...............: 524
c ======================= Settings ============================
c number of threads......: 4
c memory size............: 4000
c vsads factor...........: 0.5000
c enable IBCP............: no
c split into components..: yes
c only preprocessing.....: no
c Tseitin detection......: yes
c UPLA...................: yes
c self-subsumption.......: yes
c variable elimination...: yes
c simplfication rounds...: 4
c add dependencies.......: yes
c ==================Start Preprocessing========================
c deduce added 				6 new implications
c UPLA removed 8 equivalent variables
c Tseitin detection found 3 AND gates, 2 OR gates, 0 XOR gates, 0 EQUIV gates, 
c subsumption removed 			26 clauses 
c selfSubsumption removed 		3 literals
c
c simplify: round 0
c deduce added 				0 new implications
c variableElimination eliminated 	74 variables!
c selfSubsumption removed 		2 literals
c deduce added				0 new implications
c subsumption removed 			5 clauses 
c
c simplify: round 1
c deduce added 				0 new implications
c variableElimination eliminated 	0 variables!
c selfSubsumption removed 		0 literals
c deduce added				0 new implications
c subsumption removed 			0 clauses 
c
c simplify: round 2
c deduce added 				0 new implications
c variableElimination eliminated 	0 variables!
c selfSubsumption removed 		0 literals
c deduce added				0 new implications
c subsumption removed 			0 clauses 
c
c simplify: round 3
c deduce added 				0 new implications
c variableElimination eliminated 	0 variables!
c selfSubsumption removed 		0 literals
c deduce added				0 new implications
c subsumption removed 			0 clauses 
c subsumption removed 			2 clauses 
c ================Preprocessing Finished=======================
c clauses: 523, variables: 470


c =================Computation Finished========================
c =======================Thread 0==============================
c decisions         : 87
c bcps              : 604
c conflicts         : 0
c aborted components: 0
c blocks            : 1
c backtracks        : 174
c backtrack dist    : 1.9770
c recomputations    : 0
c splits            : 61
c split ratio       : 5.8852
c =======================Thread 1==============================
c decisions         : 45
c bcps              : 297
c conflicts         : 0
c aborted components: 0
c blocks            : 2
c backtracks        : 90
c backtrack dist    : 1.9556
c recomputations    : 0
c splits            : 23
c split ratio       : 6.5217
c =======================Thread 2==============================
c decisions         : 55
c bcps              : 368
c conflicts         : 0
c aborted components: 0
c blocks            : 2
c backtracks        : 110
c backtrack dist    : 2.0091
c recomputations    : 0
c splits            : 53
c split ratio       : 2.3019
c =======================Thread 3==============================
c decisions         : 53
c bcps              : 381
c conflicts         : 0
c aborted components: 0
c blocks            : 5
c backtracks        : 106
c backtrack dist    : 1.9906
c recomputations    : 0
c splits            : 38
c split ratio       : 3.1579
c ===================Cache Statistics==========================
c tries..................: 447
c hits...................: 207
c hit rate...............: 46.3087 % 
c removed items..........: 0
c ===================Overall Statistics========================
c TOTAL backtracks.......: 480
c TOTAL backtrack dist...: 1.9833
c TOTAL recomputations...: 0
c #decisions.............: 240
c #bcp operations........: 1650
c split ratio............: 0.0000
c cpu time...............: 0.0126 s
c wall clock time........: 0.0097 s
c =========================================================
c model count............: 2899076781838493122058364668238094814249621545325373685380006387552983362875755511417621137679362381688367324207042638613809308241757854498816000000000000000
s SATISFIABLE
