c ======================================================
c countAntom, Jan Burchard, University of Freiburg, 2015
c   based on the antom SAT-solver, by Tobias Schubert   
c ======================================================
c cnf file...............: ../../501_Git_Repos/busybox-data/data//busybox//2008/2008-08-24_16-25-40/clean.dimacs
c #variables.............: 716
c #clauses...............: 602
c ======================= Settings ============================
c number of threads......: 4
c memory size............: 4000
c vsads factor...........: 0.5000
c enable IBCP............: no
c split into components..: yes
c only preprocessing.....: no
c Tseitin detection......: yes
c UPLA...................: yes
c self-subsumption.......: yes
c variable elimination...: yes
c simplfication rounds...: 4
c add dependencies.......: yes
c ==================Start Preprocessing========================
c deduce added 				7 new implications
c UPLA removed 10 equivalent variables
c Tseitin detection found 3 AND gates, 2 OR gates, 0 XOR gates, 0 EQUIV gates, 
c subsumption removed 			43 clauses 
c selfSubsumption removed 		2 literals
c
c simplify: round 0
c deduce added 				0 new implications
c variableElimination eliminated 	80 variables!
c selfSubsumption removed 		1 literals
c deduce added				0 new implications
c subsumption removed 			15 clauses 
c
c simplify: round 1
c deduce added 				0 new implications
c variableElimination eliminated 	2 variables!
c selfSubsumption removed 		0 literals
c deduce added				0 new implications
c subsumption removed 			3 clauses 
c
c simplify: round 2
c deduce added 				0 new implications
c variableElimination eliminated 	0 variables!
c selfSubsumption removed 		0 literals
c deduce added				0 new implications
c subsumption removed 			0 clauses 
c
c simplify: round 3
c deduce added 				0 new implications
c variableElimination eliminated 	0 variables!
c selfSubsumption removed 		0 literals
c deduce added				0 new implications
c subsumption removed 			0 clauses 
c subsumption removed 			3 clauses 
c ================Preprocessing Finished=======================
c clauses: 576, variables: 524


c =================Computation Finished========================
c =======================Thread 0==============================
c decisions         : 82
c bcps              : 596
c conflicts         : 0
c aborted components: 0
c blocks            : 1
c backtracks        : 164
c backtrack dist    : 1.9512
c recomputations    : 0
c splits            : 62
c split ratio       : 6.0000
c =======================Thread 1==============================
c decisions         : 81
c bcps              : 532
c conflicts         : 0
c aborted components: 0
c blocks            : 6
c backtracks        : 162
c backtrack dist    : 2.0494
c recomputations    : 0
c splits            : 59
c split ratio       : 3.1695
c =======================Thread 2==============================
c decisions         : 43
c bcps              : 305
c conflicts         : 0
c aborted components: 0
c blocks            : 4
c backtracks        : 86
c backtrack dist    : 2.0000
c recomputations    : 0
c splits            : 39
c split ratio       : 3.0769
c =======================Thread 3==============================
c decisions         : 58
c bcps              : 378
c conflicts         : 0
c aborted components: 0
c blocks            : 5
c backtracks        : 116
c backtrack dist    : 2.0172
c recomputations    : 0
c splits            : 35
c split ratio       : 3.7714
c ===================Cache Statistics==========================
c tries..................: 479
c hits...................: 215
c hit rate...............: 44.8852 % 
c removed items..........: 0
c ===================Overall Statistics========================
c TOTAL backtracks.......: 528
c TOTAL backtrack dist...: 2.0038
c TOTAL recomputations...: 0
c #decisions.............: 264
c #bcp operations........: 1811
c split ratio............: 0.0000
c cpu time...............: 0.0140 s
c wall clock time........: 0.0108 s
c =========================================================
c model count............: 71322633729945290429607439320067369627796462824371699520592038008612900435863447047181388142207854256400173810755502835619799239438161518086055660054684631040000000000000000000
s SATISFIABLE
