c ======================================================
c countAntom, Jan Burchard, University of Freiburg, 2015
c   based on the antom SAT-solver, by Tobias Schubert   
c ======================================================
c cnf file...............: ../../501_Git_Repos/busybox-data/data//busybox//2008/2008-03-20_21-19-35/clean.dimacs
c #variables.............: 688
c #clauses...............: 569
c ======================= Settings ============================
c number of threads......: 4
c memory size............: 4000
c vsads factor...........: 0.5000
c enable IBCP............: no
c split into components..: yes
c only preprocessing.....: no
c Tseitin detection......: yes
c UPLA...................: yes
c self-subsumption.......: yes
c variable elimination...: yes
c simplfication rounds...: 4
c add dependencies.......: yes
c ==================Start Preprocessing========================
c deduce added 				6 new implications
c UPLA removed 10 equivalent variables
c Tseitin detection found 3 AND gates, 2 OR gates, 0 XOR gates, 0 EQUIV gates, 
c subsumption removed 			28 clauses 
c selfSubsumption removed 		2 literals
c
c simplify: round 0
c deduce added 				0 new implications
c variableElimination eliminated 	79 variables!
c selfSubsumption removed 		2 literals
c deduce added				0 new implications
c subsumption removed 			5 clauses 
c
c simplify: round 1
c deduce added 				0 new implications
c variableElimination eliminated 	0 variables!
c selfSubsumption removed 		0 literals
c deduce added				0 new implications
c subsumption removed 			0 clauses 
c
c simplify: round 2
c deduce added 				0 new implications
c variableElimination eliminated 	0 variables!
c selfSubsumption removed 		0 literals
c deduce added				0 new implications
c subsumption removed 			0 clauses 
c
c simplify: round 3
c deduce added 				0 new implications
c variableElimination eliminated 	0 variables!
c selfSubsumption removed 		0 literals
c deduce added				0 new implications
c subsumption removed 			0 clauses 
c subsumption removed 			2 clauses 
c ================Preprocessing Finished=======================
c clauses: 562, variables: 512


c =================Computation Finished========================
c =======================Thread 0==============================
c decisions         : 76
c bcps              : 537
c conflicts         : 0
c aborted components: 0
c blocks            : 1
c backtracks        : 152
c backtrack dist    : 1.9671
c recomputations    : 0
c splits            : 40
c split ratio       : 8.4750
c =======================Thread 1==============================
c decisions         : 59
c bcps              : 399
c conflicts         : 0
c aborted components: 0
c blocks            : 2
c backtracks        : 118
c backtrack dist    : 1.9661
c recomputations    : 0
c splits            : 49
c split ratio       : 3.2245
c =======================Thread 2==============================
c decisions         : 50
c bcps              : 342
c conflicts         : 0
c aborted components: 0
c blocks            : 4
c backtracks        : 100
c backtrack dist    : 2.0900
c recomputations    : 0
c splits            : 32
c split ratio       : 3.4375
c =======================Thread 3==============================
c decisions         : 63
c bcps              : 403
c conflicts         : 0
c aborted components: 0
c blocks            : 2
c backtracks        : 126
c backtrack dist    : 2.0079
c recomputations    : 0
c splits            : 53
c split ratio       : 2.7736
c ===================Cache Statistics==========================
c tries..................: 433
c hits...................: 185
c hit rate...............: 42.7252 % 
c removed items..........: 0
c ===================Overall Statistics========================
c TOTAL backtracks.......: 496
c TOTAL backtrack dist...: 2.0020
c TOTAL recomputations...: 0
c #decisions.............: 248
c #bcp operations........: 1681
c split ratio............: 0.0000
c cpu time...............: 0.0127 s
c wall clock time........: 0.0100 s
c =========================================================
c model count............: 62603784173755343934643720143744253192541775447054293504342714765070011925718421481084971877639874171723950896201793228535532909833455231399587893392231628800000000000000
s SATISFIABLE
