c ======================================================
c countAntom, Jan Burchard, University of Freiburg, 2015
c   based on the antom SAT-solver, by Tobias Schubert   
c ======================================================
c cnf file...............: ../../501_Git_Repos/busybox-data/data//busybox//2008/2008-10-21_17-26-10/clean.dimacs
c #variables.............: 722
c #clauses...............: 579
c ======================= Settings ============================
c number of threads......: 4
c memory size............: 4000
c vsads factor...........: 0.5000
c enable IBCP............: no
c split into components..: yes
c only preprocessing.....: no
c Tseitin detection......: yes
c UPLA...................: yes
c self-subsumption.......: yes
c variable elimination...: yes
c simplfication rounds...: 4
c add dependencies.......: yes
c ==================Start Preprocessing========================
c deduce added 				9 new implications
c UPLA removed 12 equivalent variables
c Tseitin detection found 3 AND gates, 2 OR gates, 0 XOR gates, 0 EQUIV gates, 
c subsumption removed 			22 clauses 
c selfSubsumption removed 		2 literals
c
c simplify: round 0
c deduce added 				0 new implications
c variableElimination eliminated 	84 variables!
c selfSubsumption removed 		0 literals
c deduce added				0 new implications
c subsumption removed 			5 clauses 
c
c simplify: round 1
c deduce added 				0 new implications
c variableElimination eliminated 	0 variables!
c selfSubsumption removed 		0 literals
c deduce added				0 new implications
c subsumption removed 			0 clauses 
c
c simplify: round 2
c deduce added 				0 new implications
c variableElimination eliminated 	0 variables!
c selfSubsumption removed 		0 literals
c deduce added				0 new implications
c subsumption removed 			0 clauses 
c
c simplify: round 3
c deduce added 				0 new implications
c variableElimination eliminated 	0 variables!
c selfSubsumption removed 		0 literals
c deduce added				0 new implications
c subsumption removed 			0 clauses 
c subsumption removed 			4 clauses 
c ================Preprocessing Finished=======================
c clauses: 577, variables: 531


c =================Computation Finished========================
c =======================Thread 0==============================
c decisions         : 94
c bcps              : 623
c conflicts         : 0
c aborted components: 0
c blocks            : 1
c backtracks        : 188
c backtrack dist    : 1.9787
c recomputations    : 0
c splits            : 51
c split ratio       : 7.5490
c =======================Thread 1==============================
c decisions         : 68
c bcps              : 495
c conflicts         : 0
c aborted components: 0
c blocks            : 5
c backtracks        : 136
c backtrack dist    : 2.3603
c recomputations    : 0
c splits            : 48
c split ratio       : 3.0625
c =======================Thread 2==============================
c decisions         : 58
c bcps              : 375
c conflicts         : 0
c aborted components: 0
c blocks            : 4
c backtracks        : 116
c backtrack dist    : 1.9914
c recomputations    : 0
c splits            : 55
c split ratio       : 2.5273
c =======================Thread 3==============================
c decisions         : 37
c bcps              : 272
c conflicts         : 0
c aborted components: 0
c blocks            : 4
c backtracks        : 74
c backtrack dist    : 1.9865
c recomputations    : 0
c splits            : 26
c split ratio       : 4.4231
c ===================Cache Statistics==========================
c tries..................: 453
c hits...................: 196
c hit rate...............: 43.2671 % 
c removed items..........: 0
c ===================Overall Statistics========================
c TOTAL backtracks.......: 514
c TOTAL backtrack dist...: 2.0837
c TOTAL recomputations...: 0
c #decisions.............: 257
c #bcp operations........: 1765
c split ratio............: 0.0000
c cpu time...............: 0.0136 s
c wall clock time........: 0.0107 s
c =========================================================
c model count............: 717820776769265122877888720657481413163836253120265047596432244316824150461136981304127425838407225419985570227140266355067432229278072187342612842466300762521600000000000000000
s SATISFIABLE
