c ======================================================
c countAntom, Jan Burchard, University of Freiburg, 2015
c   based on the antom SAT-solver, by Tobias Schubert   
c ======================================================
c cnf file...............: ../../501_Git_Repos/busybox-data/data//busybox//2008/2008-03-23_23-40-18/clean.dimacs
c #variables.............: 688
c #clauses...............: 570
c ======================= Settings ============================
c number of threads......: 4
c memory size............: 4000
c vsads factor...........: 0.5000
c enable IBCP............: no
c split into components..: yes
c only preprocessing.....: no
c Tseitin detection......: yes
c UPLA...................: yes
c self-subsumption.......: yes
c variable elimination...: yes
c simplfication rounds...: 4
c add dependencies.......: yes
c ==================Start Preprocessing========================
c deduce added 				6 new implications
c UPLA removed 10 equivalent variables
c Tseitin detection found 3 AND gates, 2 OR gates, 0 XOR gates, 0 EQUIV gates, 
c subsumption removed 			28 clauses 
c selfSubsumption removed 		2 literals
c
c simplify: round 0
c deduce added 				0 new implications
c variableElimination eliminated 	79 variables!
c selfSubsumption removed 		2 literals
c deduce added				0 new implications
c subsumption removed 			5 clauses 
c
c simplify: round 1
c deduce added 				0 new implications
c variableElimination eliminated 	0 variables!
c selfSubsumption removed 		0 literals
c deduce added				0 new implications
c subsumption removed 			0 clauses 
c
c simplify: round 2
c deduce added 				0 new implications
c variableElimination eliminated 	0 variables!
c selfSubsumption removed 		0 literals
c deduce added				0 new implications
c subsumption removed 			0 clauses 
c
c simplify: round 3
c deduce added 				0 new implications
c variableElimination eliminated 	0 variables!
c selfSubsumption removed 		0 literals
c deduce added				0 new implications
c subsumption removed 			0 clauses 
c subsumption removed 			2 clauses 
c ================Preprocessing Finished=======================
c clauses: 563, variables: 512


c =================Computation Finished========================
c =======================Thread 0==============================
c decisions         : 77
c bcps              : 526
c conflicts         : 0
c aborted components: 0
c blocks            : 1
c backtracks        : 154
c backtrack dist    : 1.9675
c recomputations    : 0
c splits            : 42
c split ratio       : 8.0714
c =======================Thread 1==============================
c decisions         : 44
c bcps              : 326
c conflicts         : 0
c aborted components: 0
c blocks            : 5
c backtracks        : 88
c backtrack dist    : 2.1705
c recomputations    : 0
c splits            : 41
c split ratio       : 2.3415
c =======================Thread 2==============================
c decisions         : 67
c bcps              : 437
c conflicts         : 0
c aborted components: 0
c blocks            : 4
c backtracks        : 134
c backtrack dist    : 1.9925
c recomputations    : 0
c splits            : 66
c split ratio       : 2.4394
c =======================Thread 3==============================
c decisions         : 79
c bcps              : 512
c conflicts         : 0
c aborted components: 0
c blocks            : 4
c backtracks        : 158
c backtrack dist    : 1.9747
c recomputations    : 0
c splits            : 42
c split ratio       : 4.8333
c ===================Cache Statistics==========================
c tries..................: 457
c hits...................: 190
c hit rate...............: 41.5755 % 
c removed items..........: 0
c ===================Overall Statistics========================
c TOTAL backtracks.......: 534
c TOTAL backtrack dist...: 2.0094
c TOTAL recomputations...: 0
c #decisions.............: 267
c #bcp operations........: 1801
c split ratio............: 0.0000
c cpu time...............: 0.0133 s
c wall clock time........: 0.0103 s
c =========================================================
c model count............: 62603546477572421370985161153011347299773738047082181931325861630078099109905554345813166998416783957146874071627719929042232431947294025081995353853735731200000000000000
s SATISFIABLE
