c ======================================================
c countAntom, Jan Burchard, University of Freiburg, 2015
c   based on the antom SAT-solver, by Tobias Schubert   
c ======================================================
c cnf file...............: ../../501_Git_Repos/busybox-data/data//busybox//2008/2008-04-04_20-38-49/clean.dimacs
c #variables.............: 691
c #clauses...............: 562
c ======================= Settings ============================
c number of threads......: 4
c memory size............: 4000
c vsads factor...........: 0.5000
c enable IBCP............: no
c split into components..: yes
c only preprocessing.....: no
c Tseitin detection......: yes
c UPLA...................: yes
c self-subsumption.......: yes
c variable elimination...: yes
c simplfication rounds...: 4
c add dependencies.......: yes
c ==================Start Preprocessing========================
c deduce added 				6 new implications
c UPLA removed 10 equivalent variables
c Tseitin detection found 3 AND gates, 2 OR gates, 0 XOR gates, 0 EQUIV gates, 
c subsumption removed 			27 clauses 
c selfSubsumption removed 		2 literals
c
c simplify: round 0
c deduce added 				0 new implications
c variableElimination eliminated 	78 variables!
c selfSubsumption removed 		0 literals
c deduce added				0 new implications
c subsumption removed 			4 clauses 
c
c simplify: round 1
c deduce added 				0 new implications
c variableElimination eliminated 	0 variables!
c selfSubsumption removed 		0 literals
c deduce added				0 new implications
c subsumption removed 			0 clauses 
c
c simplify: round 2
c deduce added 				0 new implications
c variableElimination eliminated 	0 variables!
c selfSubsumption removed 		0 literals
c deduce added				0 new implications
c subsumption removed 			0 clauses 
c
c simplify: round 3
c deduce added 				0 new implications
c variableElimination eliminated 	0 variables!
c selfSubsumption removed 		0 literals
c deduce added				0 new implications
c subsumption removed 			0 clauses 
c subsumption removed 			3 clauses 
c ================Preprocessing Finished=======================
c clauses: 541, variables: 512


c =================Computation Finished========================
c =======================Thread 0==============================
c decisions         : 81
c bcps              : 575
c conflicts         : 0
c aborted components: 0
c blocks            : 1
c backtracks        : 162
c backtrack dist    : 1.9815
c recomputations    : 0
c splits            : 45
c split ratio       : 7.9111
c =======================Thread 1==============================
c decisions         : 53
c bcps              : 370
c conflicts         : 0
c aborted components: 0
c blocks            : 6
c backtracks        : 106
c backtrack dist    : 1.9906
c recomputations    : 0
c splits            : 52
c split ratio       : 2.3077
c =======================Thread 2==============================
c decisions         : 64
c bcps              : 409
c conflicts         : 0
c aborted components: 0
c blocks            : 2
c backtracks        : 128
c backtrack dist    : 2.0078
c recomputations    : 0
c splits            : 38
c split ratio       : 3.7632
c =======================Thread 3==============================
c decisions         : 51
c bcps              : 331
c conflicts         : 0
c aborted components: 0
c blocks            : 3
c backtracks        : 102
c backtrack dist    : 1.9706
c recomputations    : 0
c splits            : 43
c split ratio       : 3.1860
c ===================Cache Statistics==========================
c tries..................: 437
c hits...................: 188
c hit rate...............: 43.0206 % 
c removed items..........: 0
c ===================Overall Statistics========================
c TOTAL backtracks.......: 498
c TOTAL backtrack dist...: 1.9880
c TOTAL recomputations...: 0
c #decisions.............: 249
c #bcp operations........: 1685
c split ratio............: 0.0000
c cpu time...............: 0.0140 s
c wall clock time........: 0.0111 s
c =========================================================
c model count............: 3034005541303361409878970414924584800378459342135129334716980843033102377981599630534334444460042364028691408398278873072417398336836552861469234944777650176000000000000000
s SATISFIABLE
