c ======================================================
c countAntom, Jan Burchard, University of Freiburg, 2015
c   based on the antom SAT-solver, by Tobias Schubert   
c ======================================================
c cnf file...............: ../../501_Git_Repos/busybox-data/data//busybox//2008/2008-04-02_21-20-35/clean.dimacs
c #variables.............: 691
c #clauses...............: 562
c ======================= Settings ============================
c number of threads......: 4
c memory size............: 4000
c vsads factor...........: 0.5000
c enable IBCP............: no
c split into components..: yes
c only preprocessing.....: no
c Tseitin detection......: yes
c UPLA...................: yes
c self-subsumption.......: yes
c variable elimination...: yes
c simplfication rounds...: 4
c add dependencies.......: yes
c ==================Start Preprocessing========================
c deduce added 				6 new implications
c UPLA removed 10 equivalent variables
c Tseitin detection found 3 AND gates, 2 OR gates, 0 XOR gates, 0 EQUIV gates, 
c subsumption removed 			27 clauses 
c selfSubsumption removed 		2 literals
c
c simplify: round 0
c deduce added 				0 new implications
c variableElimination eliminated 	78 variables!
c selfSubsumption removed 		0 literals
c deduce added				0 new implications
c subsumption removed 			4 clauses 
c
c simplify: round 1
c deduce added 				0 new implications
c variableElimination eliminated 	0 variables!
c selfSubsumption removed 		0 literals
c deduce added				0 new implications
c subsumption removed 			0 clauses 
c
c simplify: round 2
c deduce added 				0 new implications
c variableElimination eliminated 	0 variables!
c selfSubsumption removed 		0 literals
c deduce added				0 new implications
c subsumption removed 			0 clauses 
c
c simplify: round 3
c deduce added 				0 new implications
c variableElimination eliminated 	0 variables!
c selfSubsumption removed 		0 literals
c deduce added				0 new implications
c subsumption removed 			0 clauses 
c subsumption removed 			3 clauses 
c ================Preprocessing Finished=======================
c clauses: 541, variables: 512


c =================Computation Finished========================
c =======================Thread 0==============================
c decisions         : 85
c bcps              : 547
c conflicts         : 0
c aborted components: 0
c blocks            : 4
c backtracks        : 170
c backtrack dist    : 2.0059
c recomputations    : 0
c splits            : 62
c split ratio       : 3.4355
c =======================Thread 1==============================
c decisions         : 60
c bcps              : 412
c conflicts         : 0
c aborted components: 0
c blocks            : 6
c backtracks        : 120
c backtrack dist    : 2.0500
c recomputations    : 0
c splits            : 35
c split ratio       : 3.8000
c =======================Thread 2==============================
c decisions         : 62
c bcps              : 446
c conflicts         : 0
c aborted components: 0
c blocks            : 1
c backtracks        : 124
c backtrack dist    : 1.9677
c recomputations    : 0
c splits            : 39
c split ratio       : 8.0256
c =======================Thread 3==============================
c decisions         : 56
c bcps              : 379
c conflicts         : 0
c aborted components: 0
c blocks            : 6
c backtracks        : 112
c backtrack dist    : 2.0982
c recomputations    : 0
c splits            : 54
c split ratio       : 2.4074
c ===================Cache Statistics==========================
c tries..................: 454
c hits...................: 191
c hit rate...............: 42.0705 % 
c removed items..........: 0
c ===================Overall Statistics========================
c TOTAL backtracks.......: 526
c TOTAL backtrack dist...: 2.0266
c TOTAL recomputations...: 0
c #decisions.............: 263
c #bcp operations........: 1784
c split ratio............: 0.0000
c cpu time...............: 0.0132 s
c wall clock time........: 0.0102 s
c =========================================================
c model count............: 3034005541303361409878970414924584800378459342135129334716980843033102377981599630534334444460042364028691408398278873072417398336836552861469234944777650176000000000000000
s SATISFIABLE
