c ======================================================
c countAntom, Jan Burchard, University of Freiburg, 2015
c   based on the antom SAT-solver, by Tobias Schubert   
c ======================================================
c cnf file...............: ../../501_Git_Repos/busybox-data/data//busybox//2008/2008-05-20_20-44-08/clean.dimacs
c #variables.............: 696
c #clauses...............: 560
c ======================= Settings ============================
c number of threads......: 4
c memory size............: 4000
c vsads factor...........: 0.5000
c enable IBCP............: no
c split into components..: yes
c only preprocessing.....: no
c Tseitin detection......: yes
c UPLA...................: yes
c self-subsumption.......: yes
c variable elimination...: yes
c simplfication rounds...: 4
c add dependencies.......: yes
c ==================Start Preprocessing========================
c deduce added 				6 new implications
c UPLA removed 10 equivalent variables
c Tseitin detection found 3 AND gates, 2 OR gates, 0 XOR gates, 0 EQUIV gates, 
c subsumption removed 			24 clauses 
c selfSubsumption removed 		2 literals
c
c simplify: round 0
c deduce added 				0 new implications
c variableElimination eliminated 	72 variables!
c selfSubsumption removed 		0 literals
c deduce added				0 new implications
c subsumption removed 			5 clauses 
c
c simplify: round 1
c deduce added 				0 new implications
c variableElimination eliminated 	3 variables!
c selfSubsumption removed 		0 literals
c deduce added				0 new implications
c subsumption removed 			4 clauses 
c
c simplify: round 2
c deduce added 				0 new implications
c variableElimination eliminated 	0 variables!
c selfSubsumption removed 		0 literals
c deduce added				0 new implications
c subsumption removed 			0 clauses 
c
c simplify: round 3
c deduce added 				0 new implications
c variableElimination eliminated 	0 variables!
c selfSubsumption removed 		0 literals
c deduce added				0 new implications
c subsumption removed 			0 clauses 
c subsumption removed 			5 clauses 
c ================Preprocessing Finished=======================
c clauses: 545, variables: 515


c =================Computation Finished========================
c =======================Thread 0==============================
c decisions         : 53
c bcps              : 345
c conflicts         : 0
c aborted components: 0
c blocks            : 4
c backtracks        : 106
c backtrack dist    : 2.0283
c recomputations    : 0
c splits            : 31
c split ratio       : 3.8065
c =======================Thread 1==============================
c decisions         : 76
c bcps              : 539
c conflicts         : 0
c aborted components: 0
c blocks            : 1
c backtracks        : 152
c backtrack dist    : 1.9671
c recomputations    : 0
c splits            : 51
c split ratio       : 6.9020
c =======================Thread 2==============================
c decisions         : 58
c bcps              : 375
c conflicts         : 0
c aborted components: 0
c blocks            : 4
c backtracks        : 116
c backtrack dist    : 2.0000
c recomputations    : 0
c splits            : 48
c split ratio       : 2.7292
c =======================Thread 3==============================
c decisions         : 58
c bcps              : 401
c conflicts         : 0
c aborted components: 0
c blocks            : 6
c backtracks        : 116
c backtrack dist    : 2.0172
c recomputations    : 0
c splits            : 35
c split ratio       : 4.2286
c ===================Cache Statistics==========================
c tries..................: 425
c hits...................: 180
c hit rate...............: 42.3529 % 
c removed items..........: 0
c ===================Overall Statistics========================
c TOTAL backtracks.......: 490
c TOTAL backtrack dist...: 2.0000
c TOTAL recomputations...: 0
c #decisions.............: 245
c #bcp operations........: 1660
c split ratio............: 0.0000
c cpu time...............: 0.0128 s
c wall clock time........: 0.0101 s
c =========================================================
c model count............: 35306339297108223027448409312804109549399851572996262109583066372779259647254814125250401222681918236398605627268612971689768061855718742214596441116940173312000000000000000
s SATISFIABLE
