c ======================================================
c countAntom, Jan Burchard, University of Freiburg, 2015
c   based on the antom SAT-solver, by Tobias Schubert   
c ======================================================
c cnf file...............: ../../501_Git_Repos/busybox-data/data//busybox//2008/2008-04-12_23-02-43/clean.dimacs
c #variables.............: 693
c #clauses...............: 566
c ======================= Settings ============================
c number of threads......: 4
c memory size............: 4000
c vsads factor...........: 0.5000
c enable IBCP............: no
c split into components..: yes
c only preprocessing.....: no
c Tseitin detection......: yes
c UPLA...................: yes
c self-subsumption.......: yes
c variable elimination...: yes
c simplfication rounds...: 4
c add dependencies.......: yes
c ==================Start Preprocessing========================
c deduce added 				6 new implications
c UPLA removed 10 equivalent variables
c Tseitin detection found 3 AND gates, 2 OR gates, 0 XOR gates, 0 EQUIV gates, 
c subsumption removed 			26 clauses 
c selfSubsumption removed 		3 literals
c
c simplify: round 0
c deduce added 				0 new implications
c variableElimination eliminated 	78 variables!
c selfSubsumption removed 		0 literals
c deduce added				0 new implications
c subsumption removed 			5 clauses 
c
c simplify: round 1
c deduce added 				0 new implications
c variableElimination eliminated 	1 variables!
c selfSubsumption removed 		0 literals
c deduce added				0 new implications
c subsumption removed 			0 clauses 
c
c simplify: round 2
c deduce added 				0 new implications
c variableElimination eliminated 	0 variables!
c selfSubsumption removed 		0 literals
c deduce added				0 new implications
c subsumption removed 			0 clauses 
c
c simplify: round 3
c deduce added 				0 new implications
c variableElimination eliminated 	0 variables!
c selfSubsumption removed 		0 literals
c deduce added				0 new implications
c subsumption removed 			0 clauses 
c subsumption removed 			4 clauses 
c ================Preprocessing Finished=======================
c clauses: 550, variables: 514


c =================Computation Finished========================
c =======================Thread 0==============================
c decisions         : 77
c bcps              : 547
c conflicts         : 0
c aborted components: 0
c blocks            : 1
c backtracks        : 154
c backtrack dist    : 1.9740
c recomputations    : 0
c splits            : 39
c split ratio       : 8.8462
c =======================Thread 1==============================
c decisions         : 63
c bcps              : 425
c conflicts         : 0
c aborted components: 0
c blocks            : 5
c backtracks        : 126
c backtrack dist    : 2.0079
c recomputations    : 0
c splits            : 58
c split ratio       : 2.5000
c =======================Thread 2==============================
c decisions         : 61
c bcps              : 402
c conflicts         : 0
c aborted components: 0
c blocks            : 3
c backtracks        : 122
c backtrack dist    : 1.9918
c recomputations    : 0
c splits            : 43
c split ratio       : 3.7907
c =======================Thread 3==============================
c decisions         : 52
c bcps              : 333
c conflicts         : 0
c aborted components: 0
c blocks            : 2
c backtracks        : 104
c backtrack dist    : 1.9808
c recomputations    : 0
c splits            : 41
c split ratio       : 2.7073
c ===================Cache Statistics==========================
c tries..................: 440
c hits...................: 187
c hit rate...............: 42.5000 % 
c removed items..........: 0
c ===================Overall Statistics========================
c TOTAL backtracks.......: 506
c TOTAL backtrack dist...: 1.9881
c TOTAL recomputations...: 0
c #decisions.............: 253
c #bcp operations........: 1707
c split ratio............: 0.0000
c cpu time...............: 0.0125 s
c wall clock time........: 0.0106 s
c =========================================================
c model count............: 4199356518311361207648958084766212347969875661741829052779261166434322703926764887742360886717157684046887962059919232376117413004822110839857861232412327936000000000000000
s SATISFIABLE
