c ======================================================
c countAntom, Jan Burchard, University of Freiburg, 2015
c   based on the antom SAT-solver, by Tobias Schubert   
c ======================================================
c cnf file...............: ../../501_Git_Repos/busybox-data/data//busybox//2008/2008-02-11_18-10-06/clean.dimacs
c #variables.............: 647
c #clauses...............: 531
c ======================= Settings ============================
c number of threads......: 4
c memory size............: 4000
c vsads factor...........: 0.5000
c enable IBCP............: no
c split into components..: yes
c only preprocessing.....: no
c Tseitin detection......: yes
c UPLA...................: yes
c self-subsumption.......: yes
c variable elimination...: yes
c simplfication rounds...: 4
c add dependencies.......: yes
c ==================Start Preprocessing========================
c deduce added 				6 new implications
c UPLA removed 8 equivalent variables
c Tseitin detection found 3 AND gates, 2 OR gates, 0 XOR gates, 0 EQUIV gates, 
c subsumption removed 			24 clauses 
c selfSubsumption removed 		3 literals
c
c simplify: round 0
c deduce added 				0 new implications
c variableElimination eliminated 	74 variables!
c selfSubsumption removed 		2 literals
c deduce added				0 new implications
c subsumption removed 			5 clauses 
c
c simplify: round 1
c deduce added 				0 new implications
c variableElimination eliminated 	0 variables!
c selfSubsumption removed 		0 literals
c deduce added				0 new implications
c subsumption removed 			0 clauses 
c
c simplify: round 2
c deduce added 				0 new implications
c variableElimination eliminated 	0 variables!
c selfSubsumption removed 		0 literals
c deduce added				0 new implications
c subsumption removed 			0 clauses 
c
c simplify: round 3
c deduce added 				0 new implications
c variableElimination eliminated 	0 variables!
c selfSubsumption removed 		0 literals
c deduce added				0 new implications
c subsumption removed 			0 clauses 
c subsumption removed 			4 clauses 
c ================Preprocessing Finished=======================
c clauses: 531, variables: 480


c =================Computation Finished========================
c =======================Thread 0==============================
c decisions         : 61
c bcps              : 456
c conflicts         : 0
c aborted components: 0
c blocks            : 1
c backtracks        : 122
c backtrack dist    : 1.9754
c recomputations    : 0
c splits            : 42
c split ratio       : 7.5476
c =======================Thread 1==============================
c decisions         : 85
c bcps              : 545
c conflicts         : 0
c aborted components: 0
c blocks            : 6
c backtracks        : 170
c backtrack dist    : 2.0353
c recomputations    : 0
c splits            : 42
c split ratio       : 4.2619
c =======================Thread 2==============================
c decisions         : 50
c bcps              : 323
c conflicts         : 0
c aborted components: 0
c blocks            : 4
c backtracks        : 100
c backtrack dist    : 2.0100
c recomputations    : 0
c splits            : 43
c split ratio       : 2.7674
c =======================Thread 3==============================
c decisions         : 49
c bcps              : 345
c conflicts         : 0
c aborted components: 0
c blocks            : 3
c backtracks        : 98
c backtrack dist    : 2.0510
c recomputations    : 0
c splits            : 46
c split ratio       : 2.8478
c ===================Cache Statistics==========================
c tries..................: 430
c hits...................: 185
c hit rate...............: 43.0233 % 
c removed items..........: 0
c ===================Overall Statistics========================
c TOTAL backtracks.......: 490
c TOTAL backtrack dist...: 2.0184
c TOTAL recomputations...: 0
c #decisions.............: 245
c #bcp operations........: 1669
c split ratio............: 0.0000
c cpu time...............: 0.0126 s
c wall clock time........: 0.0097 s
c =========================================================
c model count............: 340049873543198759572050018993845917242851016974644597075950749233893303635273567385158724261472148750079412160815868682303448961622515688407040000000000000000
s SATISFIABLE
