c ======================================================
c countAntom, Jan Burchard, University of Freiburg, 2015
c   based on the antom SAT-solver, by Tobias Schubert   
c ======================================================
c cnf file...............: ../../501_Git_Repos/busybox-data/data//busybox//2008/2008-07-28_23-49-42/clean.dimacs
c #variables.............: 718
c #clauses...............: 612
c ======================= Settings ============================
c number of threads......: 4
c memory size............: 4000
c vsads factor...........: 0.5000
c enable IBCP............: no
c split into components..: yes
c only preprocessing.....: no
c Tseitin detection......: yes
c UPLA...................: yes
c self-subsumption.......: yes
c variable elimination...: yes
c simplfication rounds...: 4
c add dependencies.......: yes
c ==================Start Preprocessing========================
c deduce added 				7 new implications
c UPLA removed 10 equivalent variables
c Tseitin detection found 3 AND gates, 2 OR gates, 0 XOR gates, 0 EQUIV gates, 
c subsumption removed 			43 clauses 
c selfSubsumption removed 		2 literals
c
c simplify: round 0
c deduce added 				0 new implications
c variableElimination eliminated 	82 variables!
c selfSubsumption removed 		1 literals
c deduce added				0 new implications
c subsumption removed 			16 clauses 
c
c simplify: round 1
c deduce added 				0 new implications
c variableElimination eliminated 	2 variables!
c selfSubsumption removed 		0 literals
c deduce added				0 new implications
c subsumption removed 			3 clauses 
c
c simplify: round 2
c deduce added 				0 new implications
c variableElimination eliminated 	0 variables!
c selfSubsumption removed 		0 literals
c deduce added				0 new implications
c subsumption removed 			0 clauses 
c
c simplify: round 3
c deduce added 				0 new implications
c variableElimination eliminated 	0 variables!
c selfSubsumption removed 		0 literals
c deduce added				0 new implications
c subsumption removed 			0 clauses 
c subsumption removed 			3 clauses 
c ================Preprocessing Finished=======================
c clauses: 586, variables: 533


c =================Computation Finished========================
c =======================Thread 0==============================
c decisions         : 99
c bcps              : 657
c conflicts         : 0
c aborted components: 0
c blocks            : 1
c backtracks        : 198
c backtrack dist    : 1.9848
c recomputations    : 0
c splits            : 52
c split ratio       : 7.6731
c =======================Thread 1==============================
c decisions         : 50
c bcps              : 365
c conflicts         : 0
c aborted components: 0
c blocks            : 8
c backtracks        : 100
c backtrack dist    : 2.2300
c recomputations    : 0
c splits            : 30
c split ratio       : 3.6333
c =======================Thread 2==============================
c decisions         : 70
c bcps              : 482
c conflicts         : 0
c aborted components: 0
c blocks            : 3
c backtracks        : 140
c backtrack dist    : 2.0071
c recomputations    : 0
c splits            : 57
c split ratio       : 3.7368
c =======================Thread 3==============================
c decisions         : 63
c bcps              : 439
c conflicts         : 0
c aborted components: 0
c blocks            : 7
c backtracks        : 126
c backtrack dist    : 2.1032
c recomputations    : 0
c splits            : 58
c split ratio       : 2.6034
c ===================Cache Statistics==========================
c tries..................: 506
c hits...................: 224
c hit rate...............: 44.2688 % 
c removed items..........: 0
c ===================Overall Statistics========================
c TOTAL backtracks.......: 564
c TOTAL backtrack dist...: 2.0603
c TOTAL recomputations...: 0
c #decisions.............: 282
c #bcp operations........: 1943
c split ratio............: 0.0000
c cpu time...............: 0.0155 s
c wall clock time........: 0.0123 s
c =========================================================
c model count............: 61684802110133908242716666995302872442399445658677415212267274137295624928121426117491368606325521329267476305203501858979567753645555423700073531008570611466240000000000000000
s SATISFIABLE
