c ======================================================
c countAntom, Jan Burchard, University of Freiburg, 2015
c   based on the antom SAT-solver, by Tobias Schubert   
c ======================================================
c cnf file...............: ../../501_Git_Repos/busybox-data/data//busybox//2008/2008-09-05_11-46-43/clean.dimacs
c #variables.............: 716
c #clauses...............: 601
c ======================= Settings ============================
c number of threads......: 4
c memory size............: 4000
c vsads factor...........: 0.5000
c enable IBCP............: no
c split into components..: yes
c only preprocessing.....: no
c Tseitin detection......: yes
c UPLA...................: yes
c self-subsumption.......: yes
c variable elimination...: yes
c simplfication rounds...: 4
c add dependencies.......: yes
c ==================Start Preprocessing========================
c deduce added 				7 new implications
c UPLA removed 10 equivalent variables
c Tseitin detection found 3 AND gates, 2 OR gates, 0 XOR gates, 0 EQUIV gates, 
c subsumption removed 			42 clauses 
c selfSubsumption removed 		2 literals
c
c simplify: round 0
c deduce added 				0 new implications
c variableElimination eliminated 	80 variables!
c selfSubsumption removed 		1 literals
c deduce added				0 new implications
c subsumption removed 			15 clauses 
c
c simplify: round 1
c deduce added 				0 new implications
c variableElimination eliminated 	2 variables!
c selfSubsumption removed 		0 literals
c deduce added				0 new implications
c subsumption removed 			3 clauses 
c
c simplify: round 2
c deduce added 				0 new implications
c variableElimination eliminated 	0 variables!
c selfSubsumption removed 		0 literals
c deduce added				0 new implications
c subsumption removed 			0 clauses 
c
c simplify: round 3
c deduce added 				0 new implications
c variableElimination eliminated 	0 variables!
c selfSubsumption removed 		0 literals
c deduce added				0 new implications
c subsumption removed 			0 clauses 
c subsumption removed 			4 clauses 
c ================Preprocessing Finished=======================
c clauses: 576, variables: 522


c =================Computation Finished========================
c =======================Thread 0==============================
c decisions         : 73
c bcps              : 531
c conflicts         : 0
c aborted components: 0
c blocks            : 1
c backtracks        : 146
c backtrack dist    : 1.9589
c recomputations    : 0
c splits            : 65
c split ratio       : 4.9692
c =======================Thread 1==============================
c decisions         : 69
c bcps              : 464
c conflicts         : 0
c aborted components: 0
c blocks            : 7
c backtracks        : 138
c backtrack dist    : 2.0145
c recomputations    : 0
c splits            : 43
c split ratio       : 3.6744
c =======================Thread 2==============================
c decisions         : 52
c bcps              : 348
c conflicts         : 0
c aborted components: 0
c blocks            : 6
c backtracks        : 104
c backtrack dist    : 2.0192
c recomputations    : 0
c splits            : 37
c split ratio       : 3.1622
c =======================Thread 3==============================
c decisions         : 67
c bcps              : 439
c conflicts         : 0
c aborted components: 0
c blocks            : 6
c backtracks        : 134
c backtrack dist    : 2.0000
c recomputations    : 0
c splits            : 43
c split ratio       : 4.6977
c ===================Cache Statistics==========================
c tries..................: 467
c hits...................: 206
c hit rate...............: 44.1113 % 
c removed items..........: 0
c ===================Overall Statistics========================
c TOTAL backtracks.......: 522
c TOTAL backtrack dist...: 1.9962
c TOTAL recomputations...: 0
c #decisions.............: 261
c #bcp operations........: 1782
c split ratio............: 0.0000
c cpu time...............: 0.0151 s
c wall clock time........: 0.0123 s
c =========================================================
c model count............: 110946199529666843369583853456226387624028002915147814127796943030654567625920636077447967011160107411223371019682299902377308386752143639128242038598501662720000000000000000000
s SATISFIABLE
