c ======================================================
c countAntom, Jan Burchard, University of Freiburg, 2015
c   based on the antom SAT-solver, by Tobias Schubert   
c ======================================================
c cnf file...............: ../../501_Git_Repos/busybox-data/data//busybox//2008/2008-04-11_12-42-23/clean.dimacs
c #variables.............: 692
c #clauses...............: 564
c ======================= Settings ============================
c number of threads......: 4
c memory size............: 4000
c vsads factor...........: 0.5000
c enable IBCP............: no
c split into components..: yes
c only preprocessing.....: no
c Tseitin detection......: yes
c UPLA...................: yes
c self-subsumption.......: yes
c variable elimination...: yes
c simplfication rounds...: 4
c add dependencies.......: yes
c ==================Start Preprocessing========================
c deduce added 				6 new implications
c UPLA removed 10 equivalent variables
c Tseitin detection found 3 AND gates, 2 OR gates, 0 XOR gates, 0 EQUIV gates, 
c subsumption removed 			26 clauses 
c selfSubsumption removed 		3 literals
c
c simplify: round 0
c deduce added 				0 new implications
c variableElimination eliminated 	79 variables!
c selfSubsumption removed 		0 literals
c deduce added				0 new implications
c subsumption removed 			5 clauses 
c
c simplify: round 1
c deduce added 				0 new implications
c variableElimination eliminated 	0 variables!
c selfSubsumption removed 		0 literals
c deduce added				0 new implications
c subsumption removed 			0 clauses 
c
c simplify: round 2
c deduce added 				0 new implications
c variableElimination eliminated 	0 variables!
c selfSubsumption removed 		0 literals
c deduce added				0 new implications
c subsumption removed 			0 clauses 
c
c simplify: round 3
c deduce added 				0 new implications
c variableElimination eliminated 	0 variables!
c selfSubsumption removed 		0 literals
c deduce added				0 new implications
c subsumption removed 			0 clauses 
c subsumption removed 			3 clauses 
c ================Preprocessing Finished=======================
c clauses: 546, variables: 513


c =================Computation Finished========================
c =======================Thread 0==============================
c decisions         : 108
c bcps              : 720
c conflicts         : 0
c aborted components: 0
c blocks            : 1
c backtracks        : 216
c backtrack dist    : 1.9815
c recomputations    : 0
c splits            : 51
c split ratio       : 8.1373
c =======================Thread 1==============================
c decisions         : 48
c bcps              : 329
c conflicts         : 0
c aborted components: 0
c blocks            : 3
c backtracks        : 96
c backtrack dist    : 1.9896
c recomputations    : 0
c splits            : 37
c split ratio       : 2.8649
c =======================Thread 2==============================
c decisions         : 49
c bcps              : 350
c conflicts         : 0
c aborted components: 0
c blocks            : 3
c backtracks        : 98
c backtrack dist    : 1.9592
c recomputations    : 0
c splits            : 48
c split ratio       : 2.8125
c =======================Thread 3==============================
c decisions         : 47
c bcps              : 308
c conflicts         : 0
c aborted components: 0
c blocks            : 2
c backtracks        : 94
c backtrack dist    : 1.9574
c recomputations    : 0
c splits            : 47
c split ratio       : 2.3617
c ===================Cache Statistics==========================
c tries..................: 447
c hits...................: 195
c hit rate...............: 43.6242 % 
c removed items..........: 0
c ===================Overall Statistics========================
c TOTAL backtracks.......: 504
c TOTAL backtrack dist...: 1.9742
c TOTAL recomputations...: 0
c #decisions.............: 252
c #bcp operations........: 1707
c split ratio............: 0.0000
c cpu time...............: 0.0130 s
c wall clock time........: 0.0100 s
c =========================================================
c model count............: 3034217148137886421548098403562958230451469988901520281287285196211379645432880097072110692129548264782141078010597948958069375966756859413796439976241528832000000000000000
s SATISFIABLE
