c ======================================================
c countAntom, Jan Burchard, University of Freiburg, 2015
c   based on the antom SAT-solver, by Tobias Schubert   
c ======================================================
c cnf file...............: ../../501_Git_Repos/busybox-data/data//busybox//2008/2008-08-12_01-35-34/clean.dimacs
c #variables.............: 713
c #clauses...............: 602
c ======================= Settings ============================
c number of threads......: 4
c memory size............: 4000
c vsads factor...........: 0.5000
c enable IBCP............: no
c split into components..: yes
c only preprocessing.....: no
c Tseitin detection......: yes
c UPLA...................: yes
c self-subsumption.......: yes
c variable elimination...: yes
c simplfication rounds...: 4
c add dependencies.......: yes
c ==================Start Preprocessing========================
c deduce added 				7 new implications
c UPLA removed 10 equivalent variables
c Tseitin detection found 3 AND gates, 2 OR gates, 0 XOR gates, 0 EQUIV gates, 
c subsumption removed 			42 clauses 
c selfSubsumption removed 		2 literals
c
c simplify: round 0
c deduce added 				0 new implications
c variableElimination eliminated 	80 variables!
c selfSubsumption removed 		1 literals
c deduce added				0 new implications
c subsumption removed 			15 clauses 
c
c simplify: round 1
c deduce added 				0 new implications
c variableElimination eliminated 	2 variables!
c selfSubsumption removed 		0 literals
c deduce added				0 new implications
c subsumption removed 			3 clauses 
c
c simplify: round 2
c deduce added 				0 new implications
c variableElimination eliminated 	0 variables!
c selfSubsumption removed 		0 literals
c deduce added				0 new implications
c subsumption removed 			0 clauses 
c
c simplify: round 3
c deduce added 				0 new implications
c variableElimination eliminated 	0 variables!
c selfSubsumption removed 		0 literals
c deduce added				0 new implications
c subsumption removed 			0 clauses 
c subsumption removed 			4 clauses 
c ================Preprocessing Finished=======================
c clauses: 576, variables: 524


c =================Computation Finished========================
c =======================Thread 0==============================
c decisions         : 46
c bcps              : 350
c conflicts         : 0
c aborted components: 0
c blocks            : 5
c backtracks        : 92
c backtrack dist    : 2.2935
c recomputations    : 0
c splits            : 31
c split ratio       : 3.3548
c =======================Thread 1==============================
c decisions         : 71
c bcps              : 450
c conflicts         : 0
c aborted components: 0
c blocks            : 3
c backtracks        : 142
c backtrack dist    : 1.9789
c recomputations    : 0
c splits            : 61
c split ratio       : 2.7705
c =======================Thread 2==============================
c decisions         : 99
c bcps              : 672
c conflicts         : 0
c aborted components: 0
c blocks            : 1
c backtracks        : 198
c backtrack dist    : 1.9747
c recomputations    : 0
c splits            : 69
c split ratio       : 5.8406
c =======================Thread 3==============================
c decisions         : 47
c bcps              : 330
c conflicts         : 0
c aborted components: 0
c blocks            : 5
c backtracks        : 94
c backtrack dist    : 2.0532
c recomputations    : 0
c splits            : 32
c split ratio       : 3.9062
c ===================Cache Statistics==========================
c tries..................: 469
c hits...................: 206
c hit rate...............: 43.9232 % 
c removed items..........: 0
c ===================Overall Statistics========================
c TOTAL backtracks.......: 526
c TOTAL backtrack dist...: 2.0456
c TOTAL recomputations...: 0
c #decisions.............: 263
c #bcp operations........: 1802
c split ratio............: 0.0000
c cpu time...............: 0.0134 s
c wall clock time........: 0.0104 s
c =========================================================
c model count............: 8915329216243161303700929915008421203474557853046462440074004751076612554482930880897673517775981782050021726344437854452474904929770189760756957506835578880000000000000000000
s SATISFIABLE
