c ======================================================
c countAntom, Jan Burchard, University of Freiburg, 2015
c   based on the antom SAT-solver, by Tobias Schubert   
c ======================================================
c cnf file...............: ../../501_Git_Repos/busybox-data/data//busybox//2008/2008-09-02_09-00-23/clean.dimacs
c #variables.............: 716
c #clauses...............: 601
c ======================= Settings ============================
c number of threads......: 4
c memory size............: 4000
c vsads factor...........: 0.5000
c enable IBCP............: no
c split into components..: yes
c only preprocessing.....: no
c Tseitin detection......: yes
c UPLA...................: yes
c self-subsumption.......: yes
c variable elimination...: yes
c simplfication rounds...: 4
c add dependencies.......: yes
c ==================Start Preprocessing========================
c deduce added 				7 new implications
c UPLA removed 10 equivalent variables
c Tseitin detection found 3 AND gates, 2 OR gates, 0 XOR gates, 0 EQUIV gates, 
c subsumption removed 			42 clauses 
c selfSubsumption removed 		2 literals
c
c simplify: round 0
c deduce added 				0 new implications
c variableElimination eliminated 	80 variables!
c selfSubsumption removed 		1 literals
c deduce added				0 new implications
c subsumption removed 			15 clauses 
c
c simplify: round 1
c deduce added 				0 new implications
c variableElimination eliminated 	2 variables!
c selfSubsumption removed 		0 literals
c deduce added				0 new implications
c subsumption removed 			3 clauses 
c
c simplify: round 2
c deduce added 				0 new implications
c variableElimination eliminated 	0 variables!
c selfSubsumption removed 		0 literals
c deduce added				0 new implications
c subsumption removed 			0 clauses 
c
c simplify: round 3
c deduce added 				0 new implications
c variableElimination eliminated 	0 variables!
c selfSubsumption removed 		0 literals
c deduce added				0 new implications
c subsumption removed 			0 clauses 
c subsumption removed 			4 clauses 
c ================Preprocessing Finished=======================
c clauses: 576, variables: 522


c =================Computation Finished========================
c =======================Thread 0==============================
c decisions         : 89
c bcps              : 640
c conflicts         : 0
c aborted components: 0
c blocks            : 1
c backtracks        : 178
c backtrack dist    : 1.9944
c recomputations    : 0
c splits            : 79
c split ratio       : 4.6329
c =======================Thread 1==============================
c decisions         : 74
c bcps              : 492
c conflicts         : 0
c aborted components: 0
c blocks            : 4
c backtracks        : 148
c backtrack dist    : 1.9865
c recomputations    : 0
c splits            : 43
c split ratio       : 5.1163
c =======================Thread 2==============================
c decisions         : 42
c bcps              : 288
c conflicts         : 0
c aborted components: 0
c blocks            : 6
c backtracks        : 84
c backtrack dist    : 2.0714
c recomputations    : 0
c splits            : 31
c split ratio       : 3.0323
c =======================Thread 3==============================
c decisions         : 56
c bcps              : 377
c conflicts         : 0
c aborted components: 0
c blocks            : 5
c backtracks        : 112
c backtrack dist    : 2.1250
c recomputations    : 0
c splits            : 37
c split ratio       : 3.3243
c ===================Cache Statistics==========================
c tries..................: 472
c hits...................: 211
c hit rate...............: 44.7034 % 
c removed items..........: 0
c ===================Overall Statistics========================
c TOTAL backtracks.......: 522
c TOTAL backtrack dist...: 2.0326
c TOTAL recomputations...: 0
c #decisions.............: 261
c #bcp operations........: 1797
c split ratio............: 0.0000
c cpu time...............: 0.0151 s
c wall clock time........: 0.0120 s
c =========================================================
c model count............: 110946199529666843369583853456226387624028002915147814127796943030654567625920636077447967011160107411223371019682299902377308386752143639128242038598501662720000000000000000000
s SATISFIABLE
