c ======================================================
c countAntom, Jan Burchard, University of Freiburg, 2015
c   based on the antom SAT-solver, by Tobias Schubert   
c ======================================================
c cnf file...............: ../../501_Git_Repos/busybox-data/data//busybox//2008/2008-10-14_12-59-42/clean.dimacs
c #variables.............: 722
c #clauses...............: 577
c ======================= Settings ============================
c number of threads......: 4
c memory size............: 4000
c vsads factor...........: 0.5000
c enable IBCP............: no
c split into components..: yes
c only preprocessing.....: no
c Tseitin detection......: yes
c UPLA...................: yes
c self-subsumption.......: yes
c variable elimination...: yes
c simplfication rounds...: 4
c add dependencies.......: yes
c ==================Start Preprocessing========================
c deduce added 				9 new implications
c UPLA removed 12 equivalent variables
c Tseitin detection found 3 AND gates, 2 OR gates, 0 XOR gates, 0 EQUIV gates, 
c subsumption removed 			21 clauses 
c selfSubsumption removed 		3 literals
c
c simplify: round 0
c deduce added 				0 new implications
c variableElimination eliminated 	83 variables!
c selfSubsumption removed 		0 literals
c deduce added				0 new implications
c subsumption removed 			5 clauses 
c
c simplify: round 1
c deduce added 				0 new implications
c variableElimination eliminated 	0 variables!
c selfSubsumption removed 		0 literals
c deduce added				0 new implications
c subsumption removed 			0 clauses 
c
c simplify: round 2
c deduce added 				0 new implications
c variableElimination eliminated 	0 variables!
c selfSubsumption removed 		0 literals
c deduce added				0 new implications
c subsumption removed 			0 clauses 
c
c simplify: round 3
c deduce added 				0 new implications
c variableElimination eliminated 	0 variables!
c selfSubsumption removed 		0 literals
c deduce added				0 new implications
c subsumption removed 			0 clauses 
c subsumption removed 			4 clauses 
c ================Preprocessing Finished=======================
c clauses: 578, variables: 529


c =================Computation Finished========================
c =======================Thread 0==============================
c decisions         : 91
c bcps              : 594
c conflicts         : 0
c aborted components: 0
c blocks            : 1
c backtracks        : 182
c backtrack dist    : 1.9835
c recomputations    : 0
c splits            : 55
c split ratio       : 6.0182
c =======================Thread 1==============================
c decisions         : 61
c bcps              : 413
c conflicts         : 0
c aborted components: 0
c blocks            : 2
c backtracks        : 122
c backtrack dist    : 1.9836
c recomputations    : 0
c splits            : 36
c split ratio       : 5.2500
c =======================Thread 2==============================
c decisions         : 51
c bcps              : 352
c conflicts         : 0
c aborted components: 0
c blocks            : 2
c backtracks        : 102
c backtrack dist    : 1.9510
c recomputations    : 0
c splits            : 47
c split ratio       : 2.7447
c =======================Thread 3==============================
c decisions         : 53
c bcps              : 356
c conflicts         : 0
c aborted components: 0
c blocks            : 4
c backtracks        : 106
c backtrack dist    : 1.9717
c recomputations    : 0
c splits            : 44
c split ratio       : 2.6136
c ===================Cache Statistics==========================
c tries..................: 435
c hits...................: 179
c hit rate...............: 41.1494 % 
c removed items..........: 0
c ===================Overall Statistics========================
c TOTAL backtracks.......: 512
c TOTAL backtrack dist...: 1.9746
c TOTAL recomputations...: 0
c #decisions.............: 256
c #bcp operations........: 1715
c split ratio............: 0.0000
c cpu time...............: 0.0129 s
c wall clock time........: 0.0100 s
c =========================================================
c model count............: 1595657188412499518323727488495170396217678539868241202180660173297080641913274754565197496756038033793910981477110595039252399456154804848323578996059264778240000000000000000000
s SATISFIABLE
