c ======================================================
c countAntom, Jan Burchard, University of Freiburg, 2015
c   based on the antom SAT-solver, by Tobias Schubert   
c ======================================================
c cnf file...............: ../../501_Git_Repos/busybox-data/data//busybox//2008/2008-06-10_22-39-37/clean.dimacs
c #variables.............: 707
c #clauses...............: 591
c ======================= Settings ============================
c number of threads......: 4
c memory size............: 4000
c vsads factor...........: 0.5000
c enable IBCP............: no
c split into components..: yes
c only preprocessing.....: no
c Tseitin detection......: yes
c UPLA...................: yes
c self-subsumption.......: yes
c variable elimination...: yes
c simplfication rounds...: 4
c add dependencies.......: yes
c ==================Start Preprocessing========================
c deduce added 				7 new implications
c UPLA removed 10 equivalent variables
c Tseitin detection found 3 AND gates, 2 OR gates, 0 XOR gates, 0 EQUIV gates, 
c subsumption removed 			34 clauses 
c selfSubsumption removed 		2 literals
c
c simplify: round 0
c deduce added 				0 new implications
c variableElimination eliminated 	80 variables!
c selfSubsumption removed 		0 literals
c deduce added				0 new implications
c subsumption removed 			5 clauses 
c
c simplify: round 1
c deduce added 				0 new implications
c variableElimination eliminated 	1 variables!
c selfSubsumption removed 		0 literals
c deduce added				0 new implications
c subsumption removed 			0 clauses 
c
c simplify: round 2
c deduce added 				0 new implications
c variableElimination eliminated 	0 variables!
c selfSubsumption removed 		0 literals
c deduce added				0 new implications
c subsumption removed 			0 clauses 
c
c simplify: round 3
c deduce added 				0 new implications
c variableElimination eliminated 	0 variables!
c selfSubsumption removed 		0 literals
c deduce added				0 new implications
c subsumption removed 			0 clauses 
c subsumption removed 			3 clauses 
c ================Preprocessing Finished=======================
c clauses: 564, variables: 524


c =================Computation Finished========================
c =======================Thread 0==============================
c decisions         : 84
c bcps              : 600
c conflicts         : 0
c aborted components: 0
c blocks            : 1
c backtracks        : 168
c backtrack dist    : 1.9821
c recomputations    : 0
c splits            : 54
c split ratio       : 6.8333
c =======================Thread 1==============================
c decisions         : 60
c bcps              : 386
c conflicts         : 0
c aborted components: 0
c blocks            : 3
c backtracks        : 120
c backtrack dist    : 1.9917
c recomputations    : 0
c splits            : 59
c split ratio       : 2.3390
c =======================Thread 2==============================
c decisions         : 54
c bcps              : 373
c conflicts         : 0
c aborted components: 0
c blocks            : 4
c backtracks        : 108
c backtrack dist    : 2.0185
c recomputations    : 0
c splits            : 38
c split ratio       : 3.8684
c =======================Thread 3==============================
c decisions         : 56
c bcps              : 374
c conflicts         : 0
c aborted components: 0
c blocks            : 5
c backtracks        : 112
c backtrack dist    : 2.0089
c recomputations    : 0
c splits            : 33
c split ratio       : 3.7576
c ===================Cache Statistics==========================
c tries..................: 455
c hits...................: 201
c hit rate...............: 44.1758 % 
c removed items..........: 0
c ===================Overall Statistics========================
c TOTAL backtracks.......: 508
c TOTAL backtrack dist...: 1.9980
c TOTAL recomputations...: 0
c #decisions.............: 254
c #bcp operations........: 1733
c split ratio............: 0.0000
c cpu time...............: 0.0134 s
c wall clock time........: 0.0102 s
c =========================================================
c model count............: 1449209077223712996526295844479348175506686820746738555939705423336070020612782857888795423057386256666844477218913021806782970966718811576676649201228306186240000000000000000
s SATISFIABLE
