c ======================================================
c countAntom, Jan Burchard, University of Freiburg, 2015
c   based on the antom SAT-solver, by Tobias Schubert   
c ======================================================
c cnf file...............: ../../501_Git_Repos/busybox-data/data//busybox//2008/2008-11-11_22-59-41/clean.dimacs
c #variables.............: 731
c #clauses...............: 593
c ======================= Settings ============================
c number of threads......: 4
c memory size............: 4000
c vsads factor...........: 0.5000
c enable IBCP............: no
c split into components..: yes
c only preprocessing.....: no
c Tseitin detection......: yes
c UPLA...................: yes
c self-subsumption.......: yes
c variable elimination...: yes
c simplfication rounds...: 4
c add dependencies.......: yes
c ==================Start Preprocessing========================
c deduce added 				9 new implications
c UPLA removed 12 equivalent variables
c Tseitin detection found 3 AND gates, 3 OR gates, 0 XOR gates, 0 EQUIV gates, 
c subsumption removed 			25 clauses 
c selfSubsumption removed 		2 literals
c
c simplify: round 0
c deduce added 				0 new implications
c variableElimination eliminated 	99 variables!
c selfSubsumption removed 		0 literals
c deduce added				0 new implications
c subsumption removed 			5 clauses 
c
c simplify: round 1
c deduce added 				0 new implications
c variableElimination eliminated 	0 variables!
c selfSubsumption removed 		0 literals
c deduce added				0 new implications
c subsumption removed 			0 clauses 
c
c simplify: round 2
c deduce added 				0 new implications
c variableElimination eliminated 	0 variables!
c selfSubsumption removed 		0 literals
c deduce added				0 new implications
c subsumption removed 			0 clauses 
c
c simplify: round 3
c deduce added 				0 new implications
c variableElimination eliminated 	0 variables!
c selfSubsumption removed 		0 literals
c deduce added				0 new implications
c subsumption removed 			0 clauses 
c subsumption removed 			4 clauses 
c ================Preprocessing Finished=======================
c clauses: 563, variables: 539


c =================Computation Finished========================
c =======================Thread 0==============================
c decisions         : 91
c bcps              : 739
c conflicts         : 0
c aborted components: 0
c blocks            : 2
c backtracks        : 182
c backtrack dist    : 2.2253
c recomputations    : 0
c splits            : 77
c split ratio       : 5.2987
c =======================Thread 1==============================
c decisions         : 95
c bcps              : 765
c conflicts         : 0
c aborted components: 0
c blocks            : 7
c backtracks        : 190
c backtrack dist    : 2.3737
c recomputations    : 0
c splits            : 88
c split ratio       : 3.2273
c =======================Thread 2==============================
c decisions         : 84
c bcps              : 609
c conflicts         : 0
c aborted components: 0
c blocks            : 2
c backtracks        : 168
c backtrack dist    : 1.9226
c recomputations    : 0
c splits            : 103
c split ratio       : 2.7379
c =======================Thread 3==============================
c decisions         : 76
c bcps              : 588
c conflicts         : 0
c aborted components: 0
c blocks            : 4
c backtracks        : 152
c backtrack dist    : 2.0263
c recomputations    : 0
c splits            : 82
c split ratio       : 3.1951
c ===================Cache Statistics==========================
c tries..................: 895
c hits...................: 549
c hit rate...............: 61.3408 % 
c removed items..........: 0
c ===================Overall Statistics========================
c TOTAL backtracks.......: 692
c TOTAL backtrack dist...: 2.1488
c TOTAL recomputations...: 0
c #decisions.............: 346
c #bcp operations........: 2701
c split ratio............: 0.0000
c cpu time...............: 0.0172 s
c wall clock time........: 0.0124 s
c =========================================================
c model count............: 45374305323647642251647141579473177337229921081102011941897762815139589184602705064378194336360207144147668020093736281783194963300147518588060637007402059694080000000000000000000
s SATISFIABLE
