c ======================================================
c countAntom, Jan Burchard, University of Freiburg, 2015
c   based on the antom SAT-solver, by Tobias Schubert   
c ======================================================
c cnf file...............: ../../501_Git_Repos/busybox-data/data//busybox//2008/2008-02-24_23-32-36/clean.dimacs
c #variables.............: 700
c #clauses...............: 585
c ======================= Settings ============================
c number of threads......: 4
c memory size............: 4000
c vsads factor...........: 0.5000
c enable IBCP............: no
c split into components..: yes
c only preprocessing.....: no
c Tseitin detection......: yes
c UPLA...................: yes
c self-subsumption.......: yes
c variable elimination...: yes
c simplfication rounds...: 4
c add dependencies.......: yes
c ==================Start Preprocessing========================
c deduce added 				6 new implications
c UPLA removed 10 equivalent variables
c Tseitin detection found 3 AND gates, 2 OR gates, 0 XOR gates, 0 EQUIV gates, 
c subsumption removed 			27 clauses 
c selfSubsumption removed 		2 literals
c
c simplify: round 0
c deduce added 				0 new implications
c variableElimination eliminated 	80 variables!
c selfSubsumption removed 		2 literals
c deduce added				0 new implications
c subsumption removed 			5 clauses 
c
c simplify: round 1
c deduce added 				0 new implications
c variableElimination eliminated 	0 variables!
c selfSubsumption removed 		0 literals
c deduce added				0 new implications
c subsumption removed 			0 clauses 
c
c simplify: round 2
c deduce added 				0 new implications
c variableElimination eliminated 	0 variables!
c selfSubsumption removed 		0 literals
c deduce added				0 new implications
c subsumption removed 			0 clauses 
c
c simplify: round 3
c deduce added 				0 new implications
c variableElimination eliminated 	0 variables!
c selfSubsumption removed 		0 literals
c deduce added				0 new implications
c subsumption removed 			0 clauses 
c subsumption removed 			3 clauses 
c ================Preprocessing Finished=======================
c clauses: 579, variables: 528


c =================Computation Finished========================
c =======================Thread 0==============================
c decisions         : 72
c bcps              : 530
c conflicts         : 0
c aborted components: 0
c blocks            : 1
c backtracks        : 144
c backtrack dist    : 1.9722
c recomputations    : 0
c splits            : 43
c split ratio       : 7.9767
c =======================Thread 1==============================
c decisions         : 63
c bcps              : 414
c conflicts         : 0
c aborted components: 0
c blocks            : 2
c backtracks        : 126
c backtrack dist    : 1.9762
c recomputations    : 0
c splits            : 38
c split ratio       : 4.2632
c =======================Thread 2==============================
c decisions         : 58
c bcps              : 386
c conflicts         : 0
c aborted components: 0
c blocks            : 5
c backtracks        : 116
c backtrack dist    : 1.9828
c recomputations    : 0
c splits            : 46
c split ratio       : 2.9348
c =======================Thread 3==============================
c decisions         : 58
c bcps              : 375
c conflicts         : 0
c aborted components: 0
c blocks            : 4
c backtracks        : 116
c backtrack dist    : 1.9914
c recomputations    : 0
c splits            : 53
c split ratio       : 2.4717
c ===================Cache Statistics==========================
c tries..................: 450
c hits...................: 199
c hit rate...............: 44.2222 % 
c removed items..........: 0
c ===================Overall Statistics========================
c TOTAL backtracks.......: 502
c TOTAL backtrack dist...: 1.9801
c TOTAL recomputations...: 0
c #decisions.............: 251
c #bcp operations........: 1705
c split ratio............: 0.0000
c cpu time...............: 0.0132 s
c wall clock time........: 0.0103 s
c =========================================================
c model count............: 52241764489296933352199219431111339321402848092931293732799717438902426144967432280147472503801848700095759773705166112168375124851643927428658648367696445440000000000000000
s SATISFIABLE
