c ======================================================
c countAntom, Jan Burchard, University of Freiburg, 2015
c   based on the antom SAT-solver, by Tobias Schubert   
c ======================================================
c cnf file...............: ../../501_Git_Repos/busybox-data/data//busybox//2008/2008-10-16_13-29-13/clean.dimacs
c #variables.............: 722
c #clauses...............: 579
c ======================= Settings ============================
c number of threads......: 4
c memory size............: 4000
c vsads factor...........: 0.5000
c enable IBCP............: no
c split into components..: yes
c only preprocessing.....: no
c Tseitin detection......: yes
c UPLA...................: yes
c self-subsumption.......: yes
c variable elimination...: yes
c simplfication rounds...: 4
c add dependencies.......: yes
c ==================Start Preprocessing========================
c deduce added 				9 new implications
c UPLA removed 12 equivalent variables
c Tseitin detection found 3 AND gates, 2 OR gates, 0 XOR gates, 0 EQUIV gates, 
c subsumption removed 			21 clauses 
c selfSubsumption removed 		3 literals
c
c simplify: round 0
c deduce added 				0 new implications
c variableElimination eliminated 	84 variables!
c selfSubsumption removed 		0 literals
c deduce added				0 new implications
c subsumption removed 			5 clauses 
c
c simplify: round 1
c deduce added 				0 new implications
c variableElimination eliminated 	0 variables!
c selfSubsumption removed 		0 literals
c deduce added				0 new implications
c subsumption removed 			0 clauses 
c
c simplify: round 2
c deduce added 				0 new implications
c variableElimination eliminated 	0 variables!
c selfSubsumption removed 		0 literals
c deduce added				0 new implications
c subsumption removed 			0 clauses 
c
c simplify: round 3
c deduce added 				0 new implications
c variableElimination eliminated 	0 variables!
c selfSubsumption removed 		0 literals
c deduce added				0 new implications
c subsumption removed 			0 clauses 
c subsumption removed 			4 clauses 
c ================Preprocessing Finished=======================
c clauses: 581, variables: 530


c =================Computation Finished========================
c =======================Thread 0==============================
c decisions         : 75
c bcps              : 498
c conflicts         : 0
c aborted components: 0
c blocks            : 1
c backtracks        : 150
c backtrack dist    : 1.9667
c recomputations    : 0
c splits            : 45
c split ratio       : 6.5778
c =======================Thread 1==============================
c decisions         : 61
c bcps              : 400
c conflicts         : 0
c aborted components: 0
c blocks            : 3
c backtracks        : 122
c backtrack dist    : 1.9836
c recomputations    : 0
c splits            : 51
c split ratio       : 2.9216
c =======================Thread 2==============================
c decisions         : 62
c bcps              : 419
c conflicts         : 0
c aborted components: 0
c blocks            : 3
c backtracks        : 124
c backtrack dist    : 1.9758
c recomputations    : 0
c splits            : 40
c split ratio       : 4.7750
c =======================Thread 3==============================
c decisions         : 58
c bcps              : 397
c conflicts         : 0
c aborted components: 0
c blocks            : 3
c backtracks        : 116
c backtrack dist    : 1.9914
c recomputations    : 0
c splits            : 47
c split ratio       : 2.6809
c ===================Cache Statistics==========================
c tries..................: 434
c hits...................: 178
c hit rate...............: 41.0138 % 
c removed items..........: 0
c ===================Overall Statistics========================
c TOTAL backtracks.......: 512
c TOTAL backtrack dist...: 1.9785
c TOTAL recomputations...: 0
c #decisions.............: 256
c #bcp operations........: 1714
c split ratio............: 0.0000
c cpu time...............: 0.0131 s
c wall clock time........: 0.0101 s
c =========================================================
c model count............: 952160892884288938524562450462251722111114839121903824934143712438662645986259604545152748697971555005589157280765775833869477174463748078903868404478190708326400000000000000000
s SATISFIABLE
