c ======================================================
c countAntom, Jan Burchard, University of Freiburg, 2015
c   based on the antom SAT-solver, by Tobias Schubert   
c ======================================================
c cnf file...............: ../../501_Git_Repos/busybox-data/data//busybox//2008/2008-12-03_20-16-11/clean.dimacs
c #variables.............: 736
c #clauses...............: 597
c ======================= Settings ============================
c number of threads......: 4
c memory size............: 4000
c vsads factor...........: 0.5000
c enable IBCP............: no
c split into components..: yes
c only preprocessing.....: no
c Tseitin detection......: yes
c UPLA...................: yes
c self-subsumption.......: yes
c variable elimination...: yes
c simplfication rounds...: 4
c add dependencies.......: yes
c ==================Start Preprocessing========================
c deduce added 				9 new implications
c UPLA removed 12 equivalent variables
c Tseitin detection found 4 AND gates, 3 OR gates, 0 XOR gates, 0 EQUIV gates, 
c subsumption removed 			23 clauses 
c selfSubsumption removed 		2 literals
c
c simplify: round 0
c deduce added 				0 new implications
c variableElimination eliminated 	99 variables!
c selfSubsumption removed 		0 literals
c deduce added				0 new implications
c subsumption removed 			5 clauses 
c
c simplify: round 1
c deduce added 				0 new implications
c variableElimination eliminated 	0 variables!
c selfSubsumption removed 		0 literals
c deduce added				0 new implications
c subsumption removed 			0 clauses 
c
c simplify: round 2
c deduce added 				0 new implications
c variableElimination eliminated 	0 variables!
c selfSubsumption removed 		0 literals
c deduce added				0 new implications
c subsumption removed 			0 clauses 
c
c simplify: round 3
c deduce added 				0 new implications
c variableElimination eliminated 	0 variables!
c selfSubsumption removed 		0 literals
c deduce added				0 new implications
c subsumption removed 			0 clauses 
c subsumption removed 			3 clauses 
c ================Preprocessing Finished=======================
c clauses: 567, variables: 541


c =================Computation Finished========================
c =======================Thread 0==============================
c decisions         : 96
c bcps              : 701
c conflicts         : 0
c aborted components: 0
c blocks            : 2
c backtracks        : 192
c backtrack dist    : 1.9844
c recomputations    : 0
c splits            : 82
c split ratio       : 5.1098
c =======================Thread 1==============================
c decisions         : 62
c bcps              : 497
c conflicts         : 0
c aborted components: 0
c blocks            : 2
c backtracks        : 124
c backtrack dist    : 1.9597
c recomputations    : 0
c splits            : 93
c split ratio       : 2.7957
c =======================Thread 2==============================
c decisions         : 61
c bcps              : 541
c conflicts         : 0
c aborted components: 0
c blocks            : 9
c backtracks        : 122
c backtrack dist    : 2.2705
c recomputations    : 0
c splits            : 54
c split ratio       : 3.3704
c =======================Thread 3==============================
c decisions         : 108
c bcps              : 756
c conflicts         : 0
c aborted components: 0
c blocks            : 3
c backtracks        : 216
c backtrack dist    : 2.0278
c recomputations    : 0
c splits            : 81
c split ratio       : 3.8765
c ===================Cache Statistics==========================
c tries..................: 832
c hits...................: 505
c hit rate...............: 60.6971 % 
c removed items..........: 0
c ===================Overall Statistics========================
c TOTAL backtracks.......: 654
c TOTAL backtrack dist...: 2.0474
c TOTAL recomputations...: 0
c #decisions.............: 327
c #bcp operations........: 2495
c split ratio............: 0.0000
c cpu time...............: 0.0165 s
c wall clock time........: 0.0119 s
c =========================================================
c model count............: 650733939763532040096793152408054348153443746236292268825265476470782400988936355557423860238531751238020214532076022772890698498060652217799503769764692953661440000000000000000000
s SATISFIABLE
