c ======================================================
c countAntom, Jan Burchard, University of Freiburg, 2015
c   based on the antom SAT-solver, by Tobias Schubert   
c ======================================================
c cnf file...............: ../../501_Git_Repos/busybox-data/data//busybox//2008/2008-02-15_16-20-26/clean.dimacs
c #variables.............: 651
c #clauses...............: 533
c ======================= Settings ============================
c number of threads......: 4
c memory size............: 4000
c vsads factor...........: 0.5000
c enable IBCP............: no
c split into components..: yes
c only preprocessing.....: no
c Tseitin detection......: yes
c UPLA...................: yes
c self-subsumption.......: yes
c variable elimination...: yes
c simplfication rounds...: 4
c add dependencies.......: yes
c ==================Start Preprocessing========================
c deduce added 				6 new implications
c UPLA removed 8 equivalent variables
c Tseitin detection found 3 AND gates, 2 OR gates, 0 XOR gates, 0 EQUIV gates, 
c subsumption removed 			26 clauses 
c selfSubsumption removed 		3 literals
c
c simplify: round 0
c deduce added 				0 new implications
c variableElimination eliminated 	74 variables!
c selfSubsumption removed 		2 literals
c deduce added				0 new implications
c subsumption removed 			5 clauses 
c
c simplify: round 1
c deduce added 				0 new implications
c variableElimination eliminated 	0 variables!
c selfSubsumption removed 		0 literals
c deduce added				0 new implications
c subsumption removed 			0 clauses 
c
c simplify: round 2
c deduce added 				0 new implications
c variableElimination eliminated 	0 variables!
c selfSubsumption removed 		0 literals
c deduce added				0 new implications
c subsumption removed 			0 clauses 
c
c simplify: round 3
c deduce added 				0 new implications
c variableElimination eliminated 	0 variables!
c selfSubsumption removed 		0 literals
c deduce added				0 new implications
c subsumption removed 			0 clauses 
c subsumption removed 			2 clauses 
c ================Preprocessing Finished=======================
c clauses: 533, variables: 482


c =================Computation Finished========================
c =======================Thread 0==============================
c decisions         : 85
c bcps              : 587
c conflicts         : 0
c aborted components: 0
c blocks            : 1
c backtracks        : 170
c backtrack dist    : 1.9824
c recomputations    : 0
c splits            : 37
c split ratio       : 9.6757
c =======================Thread 1==============================
c decisions         : 40
c bcps              : 274
c conflicts         : 0
c aborted components: 0
c blocks            : 2
c backtracks        : 80
c backtrack dist    : 1.9750
c recomputations    : 0
c splits            : 42
c split ratio       : 2.3333
c =======================Thread 2==============================
c decisions         : 62
c bcps              : 387
c conflicts         : 0
c aborted components: 0
c blocks            : 2
c backtracks        : 124
c backtrack dist    : 1.9839
c recomputations    : 0
c splits            : 28
c split ratio       : 4.6429
c =======================Thread 3==============================
c decisions         : 49
c bcps              : 345
c conflicts         : 0
c aborted components: 0
c blocks            : 3
c backtracks        : 98
c backtrack dist    : 1.9694
c recomputations    : 0
c splits            : 56
c split ratio       : 2.4107
c ===================Cache Statistics==========================
c tries..................: 413
c hits...................: 177
c hit rate...............: 42.8571 % 
c removed items..........: 0
c ===================Overall Statistics========================
c TOTAL backtracks.......: 472
c TOTAL backtrack dist...: 1.9788
c TOTAL recomputations...: 0
c #decisions.............: 236
c #bcp operations........: 1593
c split ratio............: 0.0000
c cpu time...............: 0.0125 s
c wall clock time........: 0.0098 s
c =========================================================
c model count............: 4080364558378548370365673895911088130262065287072261490781390711313311624504883901970287783258452303986011068109861976368580564234145672535736320000000000000000
s SATISFIABLE
