c ======================================================
c countAntom, Jan Burchard, University of Freiburg, 2015
c   based on the antom SAT-solver, by Tobias Schubert   
c ======================================================
c cnf file...............: ../../501_Git_Repos/busybox-data/data//busybox//2008/2008-06-02_22-24-34/clean.dimacs
c #variables.............: 706
c #clauses...............: 590
c ======================= Settings ============================
c number of threads......: 4
c memory size............: 4000
c vsads factor...........: 0.5000
c enable IBCP............: no
c split into components..: yes
c only preprocessing.....: no
c Tseitin detection......: yes
c UPLA...................: yes
c self-subsumption.......: yes
c variable elimination...: yes
c simplfication rounds...: 4
c add dependencies.......: yes
c ==================Start Preprocessing========================
c deduce added 				7 new implications
c UPLA removed 10 equivalent variables
c Tseitin detection found 3 AND gates, 2 OR gates, 0 XOR gates, 0 EQUIV gates, 
c subsumption removed 			34 clauses 
c selfSubsumption removed 		2 literals
c
c simplify: round 0
c deduce added 				0 new implications
c variableElimination eliminated 	80 variables!
c selfSubsumption removed 		0 literals
c deduce added				0 new implications
c subsumption removed 			5 clauses 
c
c simplify: round 1
c deduce added 				0 new implications
c variableElimination eliminated 	1 variables!
c selfSubsumption removed 		0 literals
c deduce added				0 new implications
c subsumption removed 			0 clauses 
c
c simplify: round 2
c deduce added 				0 new implications
c variableElimination eliminated 	0 variables!
c selfSubsumption removed 		0 literals
c deduce added				0 new implications
c subsumption removed 			0 clauses 
c
c simplify: round 3
c deduce added 				0 new implications
c variableElimination eliminated 	0 variables!
c selfSubsumption removed 		0 literals
c deduce added				0 new implications
c subsumption removed 			0 clauses 
c subsumption removed 			3 clauses 
c ================Preprocessing Finished=======================
c clauses: 563, variables: 523


c =================Computation Finished========================
c =======================Thread 0==============================
c decisions         : 82
c bcps              : 572
c conflicts         : 0
c aborted components: 0
c blocks            : 1
c backtracks        : 164
c backtrack dist    : 1.9695
c recomputations    : 0
c splits            : 39
c split ratio       : 9.2308
c =======================Thread 1==============================
c decisions         : 50
c bcps              : 356
c conflicts         : 0
c aborted components: 0
c blocks            : 7
c backtracks        : 100
c backtrack dist    : 2.0700
c recomputations    : 0
c splits            : 35
c split ratio       : 3.2000
c =======================Thread 2==============================
c decisions         : 76
c bcps              : 490
c conflicts         : 0
c aborted components: 0
c blocks            : 3
c backtracks        : 152
c backtrack dist    : 1.9803
c recomputations    : 0
c splits            : 54
c split ratio       : 4.1852
c =======================Thread 3==============================
c decisions         : 57
c bcps              : 395
c conflicts         : 0
c aborted components: 0
c blocks            : 9
c backtracks        : 114
c backtrack dist    : 1.9912
c recomputations    : 0
c splits            : 53
c split ratio       : 2.5094
c ===================Cache Statistics==========================
c tries..................: 483
c hits...................: 218
c hit rate...............: 45.1346 % 
c removed items..........: 0
c ===================Overall Statistics========================
c TOTAL backtracks.......: 530
c TOTAL backtrack dist...: 1.9962
c TOTAL recomputations...: 0
c #decisions.............: 265
c #bcp operations........: 1813
c split ratio............: 0.0000
c cpu time...............: 0.0131 s
c wall clock time........: 0.0101 s
c =========================================================
c model count............: 908381051851315665704761938859413451594531185242505854507569563103687856702853603200030873738325668819676833386099687307929912712434098099573098879571575439360000000000000000
s SATISFIABLE
