c ======================================================
c countAntom, Jan Burchard, University of Freiburg, 2015
c   based on the antom SAT-solver, by Tobias Schubert   
c ======================================================
c cnf file...............: ../../501_Git_Repos/busybox-data/data//busybox//2008/2008-04-07_21-11-23/clean.dimacs
c #variables.............: 692
c #clauses...............: 564
c ======================= Settings ============================
c number of threads......: 4
c memory size............: 4000
c vsads factor...........: 0.5000
c enable IBCP............: no
c split into components..: yes
c only preprocessing.....: no
c Tseitin detection......: yes
c UPLA...................: yes
c self-subsumption.......: yes
c variable elimination...: yes
c simplfication rounds...: 4
c add dependencies.......: yes
c ==================Start Preprocessing========================
c deduce added 				6 new implications
c UPLA removed 10 equivalent variables
c Tseitin detection found 3 AND gates, 2 OR gates, 0 XOR gates, 0 EQUIV gates, 
c subsumption removed 			26 clauses 
c selfSubsumption removed 		3 literals
c
c simplify: round 0
c deduce added 				0 new implications
c variableElimination eliminated 	79 variables!
c selfSubsumption removed 		0 literals
c deduce added				0 new implications
c subsumption removed 			5 clauses 
c
c simplify: round 1
c deduce added 				0 new implications
c variableElimination eliminated 	0 variables!
c selfSubsumption removed 		0 literals
c deduce added				0 new implications
c subsumption removed 			0 clauses 
c
c simplify: round 2
c deduce added 				0 new implications
c variableElimination eliminated 	0 variables!
c selfSubsumption removed 		0 literals
c deduce added				0 new implications
c subsumption removed 			0 clauses 
c
c simplify: round 3
c deduce added 				0 new implications
c variableElimination eliminated 	0 variables!
c selfSubsumption removed 		0 literals
c deduce added				0 new implications
c subsumption removed 			0 clauses 
c subsumption removed 			3 clauses 
c ================Preprocessing Finished=======================
c clauses: 546, variables: 513


c =================Computation Finished========================
c =======================Thread 0==============================
c decisions         : 97
c bcps              : 646
c conflicts         : 0
c aborted components: 0
c blocks            : 1
c backtracks        : 194
c backtrack dist    : 1.9794
c recomputations    : 0
c splits            : 45
c split ratio       : 8.5778
c =======================Thread 1==============================
c decisions         : 47
c bcps              : 333
c conflicts         : 0
c aborted components: 0
c blocks            : 4
c backtracks        : 94
c backtrack dist    : 1.9787
c recomputations    : 0
c splits            : 42
c split ratio       : 2.4048
c =======================Thread 2==============================
c decisions         : 67
c bcps              : 442
c conflicts         : 0
c aborted components: 0
c blocks            : 3
c backtracks        : 134
c backtrack dist    : 1.9701
c recomputations    : 0
c splits            : 49
c split ratio       : 3.6735
c =======================Thread 3==============================
c decisions         : 53
c bcps              : 352
c conflicts         : 0
c aborted components: 0
c blocks            : 3
c backtracks        : 106
c backtrack dist    : 2.0566
c recomputations    : 0
c splits            : 49
c split ratio       : 2.5306
c ===================Cache Statistics==========================
c tries..................: 449
c hits...................: 185
c hit rate...............: 41.2027 % 
c removed items..........: 0
c ===================Overall Statistics========================
c TOTAL backtracks.......: 528
c TOTAL backtrack dist...: 1.9924
c TOTAL recomputations...: 0
c #decisions.............: 264
c #bcp operations........: 1773
c split ratio............: 0.0000
c cpu time...............: 0.0131 s
c wall clock time........: 0.0102 s
c =========================================================
c model count............: 3034217148137886421548098403562958230451469988901520281287285196211379645432880097072110692129548264782141078010597948958069375966756859413796439976241528832000000000000000
s SATISFIABLE
