c ======================================================
c countAntom, Jan Burchard, University of Freiburg, 2015
c   based on the antom SAT-solver, by Tobias Schubert   
c ======================================================
c cnf file...............: ../../501_Git_Repos/busybox-data/data//busybox//2008/2008-12-23_23-36-47/clean.dimacs
c #variables.............: 735
c #clauses...............: 597
c ======================= Settings ============================
c number of threads......: 4
c memory size............: 4000
c vsads factor...........: 0.5000
c enable IBCP............: no
c split into components..: yes
c only preprocessing.....: no
c Tseitin detection......: yes
c UPLA...................: yes
c self-subsumption.......: yes
c variable elimination...: yes
c simplfication rounds...: 4
c add dependencies.......: yes
c ==================Start Preprocessing========================
c deduce added 				9 new implications
c UPLA removed 12 equivalent variables
c Tseitin detection found 4 AND gates, 3 OR gates, 0 XOR gates, 0 EQUIV gates, 
c subsumption removed 			25 clauses 
c selfSubsumption removed 		2 literals
c
c simplify: round 0
c deduce added 				0 new implications
c variableElimination eliminated 	100 variables!
c selfSubsumption removed 		0 literals
c deduce added				0 new implications
c subsumption removed 			5 clauses 
c
c simplify: round 1
c deduce added 				0 new implications
c variableElimination eliminated 	0 variables!
c selfSubsumption removed 		0 literals
c deduce added				0 new implications
c subsumption removed 			0 clauses 
c
c simplify: round 2
c deduce added 				0 new implications
c variableElimination eliminated 	0 variables!
c selfSubsumption removed 		0 literals
c deduce added				0 new implications
c subsumption removed 			0 clauses 
c
c simplify: round 3
c deduce added 				0 new implications
c variableElimination eliminated 	0 variables!
c selfSubsumption removed 		0 literals
c deduce added				0 new implications
c subsumption removed 			0 clauses 
c subsumption removed 			4 clauses 
c ================Preprocessing Finished=======================
c clauses: 564, variables: 541


c =================Computation Finished========================
c =======================Thread 0==============================
c decisions         : 108
c bcps              : 751
c conflicts         : 0
c aborted components: 0
c blocks            : 1
c backtracks        : 216
c backtrack dist    : 1.9769
c recomputations    : 0
c splits            : 83
c split ratio       : 5.6747
c =======================Thread 1==============================
c decisions         : 97
c bcps              : 767
c conflicts         : 0
c aborted components: 0
c blocks            : 3
c backtracks        : 194
c backtrack dist    : 1.9691
c recomputations    : 0
c splits            : 145
c split ratio       : 2.3793
c =======================Thread 2==============================
c decisions         : 64
c bcps              : 528
c conflicts         : 0
c aborted components: 0
c blocks            : 12
c backtracks        : 128
c backtrack dist    : 2.3203
c recomputations    : 0
c splits            : 44
c split ratio       : 3.3409
c =======================Thread 3==============================
c decisions         : 91
c bcps              : 685
c conflicts         : 0
c aborted components: 0
c blocks            : 7
c backtracks        : 182
c backtrack dist    : 2.1154
c recomputations    : 0
c splits            : 79
c split ratio       : 3.8228
c ===================Cache Statistics==========================
c tries..................: 897
c hits...................: 537
c hit rate...............: 59.8662 % 
c removed items..........: 0
c ===================Overall Statistics========================
c TOTAL backtracks.......: 720
c TOTAL backtrack dist...: 2.0708
c TOTAL recomputations...: 0
c #decisions.............: 360
c #bcp operations........: 2731
c split ratio............: 0.0000
c cpu time...............: 0.0173 s
c wall clock time........: 0.0127 s
c =========================================================
c model count............: 325366969881766020048396576204027174076721873118146134412632738235391200494468177778711930119265875619010107266038011386445349249030326108899751884882346476830720000000000000000000
s SATISFIABLE
