c ======================================================
c countAntom, Jan Burchard, University of Freiburg, 2015
c   based on the antom SAT-solver, by Tobias Schubert   
c ======================================================
c cnf file...............: ../../501_Git_Repos/busybox-data/data//busybox//2008/2008-02-21_04-35-14/clean.dimacs
c #variables.............: 696
c #clauses...............: 583
c ======================= Settings ============================
c number of threads......: 4
c memory size............: 4000
c vsads factor...........: 0.5000
c enable IBCP............: no
c split into components..: yes
c only preprocessing.....: no
c Tseitin detection......: yes
c UPLA...................: yes
c self-subsumption.......: yes
c variable elimination...: yes
c simplfication rounds...: 4
c add dependencies.......: yes
c ==================Start Preprocessing========================
c deduce added 				6 new implications
c UPLA removed 10 equivalent variables
c Tseitin detection found 3 AND gates, 2 OR gates, 0 XOR gates, 0 EQUIV gates, 
c subsumption removed 			28 clauses 
c selfSubsumption removed 		2 literals
c
c simplify: round 0
c deduce added 				0 new implications
c variableElimination eliminated 	80 variables!
c selfSubsumption removed 		2 literals
c deduce added				0 new implications
c subsumption removed 			5 clauses 
c
c simplify: round 1
c deduce added 				0 new implications
c variableElimination eliminated 	0 variables!
c selfSubsumption removed 		0 literals
c deduce added				0 new implications
c subsumption removed 			0 clauses 
c
c simplify: round 2
c deduce added 				0 new implications
c variableElimination eliminated 	0 variables!
c selfSubsumption removed 		0 literals
c deduce added				0 new implications
c subsumption removed 			0 clauses 
c
c simplify: round 3
c deduce added 				0 new implications
c variableElimination eliminated 	0 variables!
c selfSubsumption removed 		0 literals
c deduce added				0 new implications
c subsumption removed 			0 clauses 
c subsumption removed 			2 clauses 
c ================Preprocessing Finished=======================
c clauses: 577, variables: 526


c =================Computation Finished========================
c =======================Thread 0==============================
c decisions         : 49
c bcps              : 368
c conflicts         : 0
c aborted components: 0
c blocks            : 1
c backtracks        : 98
c backtrack dist    : 1.9286
c recomputations    : 0
c splits            : 32
c split ratio       : 8.2188
c =======================Thread 1==============================
c decisions         : 146
c bcps              : 948
c conflicts         : 0
c aborted components: 0
c blocks            : 3
c backtracks        : 292
c backtrack dist    : 2.0034
c recomputations    : 0
c splits            : 107
c split ratio       : 3.5514
c =======================Thread 2==============================
c decisions         : 27
c bcps              : 181
c conflicts         : 0
c aborted components: 0
c blocks            : 4
c backtracks        : 54
c backtrack dist    : 2.0556
c recomputations    : 0
c splits            : 18
c split ratio       : 3.2778
c =======================Thread 3==============================
c decisions         : 28
c bcps              : 211
c conflicts         : 0
c aborted components: 0
c blocks            : 4
c backtracks        : 56
c backtrack dist    : 2.2321
c recomputations    : 0
c splits            : 22
c split ratio       : 2.8636
c ===================Cache Statistics==========================
c tries..................: 445
c hits...................: 195
c hit rate...............: 43.8202 % 
c removed items..........: 0
c ===================Overall Statistics========================
c TOTAL backtracks.......: 500
c TOTAL backtrack dist...: 2.0200
c TOTAL recomputations...: 0
c #decisions.............: 250
c #bcp operations........: 1708
c split ratio............: 0.0000
c cpu time...............: 0.0136 s
c wall clock time........: 0.0112 s
c =========================================================
c model count............: 4353646681341242759468796812837982568513951911986890205466477475832760500471698551174526286844211657329139217977906947560402494510678138195568979208757575680000000000000000
s SATISFIABLE
