c ======================================================
c countAntom, Jan Burchard, University of Freiburg, 2015
c   based on the antom SAT-solver, by Tobias Schubert   
c ======================================================
c cnf file...............: ../../501_Git_Repos/busybox-data/data//busybox//2008/2008-01-09_23-00-00/clean.dimacs
c #variables.............: 637
c #clauses...............: 524
c ======================= Settings ============================
c number of threads......: 4
c memory size............: 4000
c vsads factor...........: 0.5000
c enable IBCP............: no
c split into components..: yes
c only preprocessing.....: no
c Tseitin detection......: yes
c UPLA...................: yes
c self-subsumption.......: yes
c variable elimination...: yes
c simplfication rounds...: 4
c add dependencies.......: yes
c ==================Start Preprocessing========================
c deduce added 				6 new implications
c UPLA removed 8 equivalent variables
c Tseitin detection found 3 AND gates, 2 OR gates, 0 XOR gates, 0 EQUIV gates, 
c subsumption removed 			25 clauses 
c selfSubsumption removed 		2 literals
c
c simplify: round 0
c deduce added 				0 new implications
c variableElimination eliminated 	74 variables!
c selfSubsumption removed 		2 literals
c deduce added				0 new implications
c subsumption removed 			5 clauses 
c
c simplify: round 1
c deduce added 				0 new implications
c variableElimination eliminated 	0 variables!
c selfSubsumption removed 		0 literals
c deduce added				0 new implications
c subsumption removed 			0 clauses 
c
c simplify: round 2
c deduce added 				0 new implications
c variableElimination eliminated 	0 variables!
c selfSubsumption removed 		0 literals
c deduce added				0 new implications
c subsumption removed 			0 clauses 
c
c simplify: round 3
c deduce added 				0 new implications
c variableElimination eliminated 	0 variables!
c selfSubsumption removed 		0 literals
c deduce added				0 new implications
c subsumption removed 			0 clauses 
c subsumption removed 			4 clauses 
c ================Preprocessing Finished=======================
c clauses: 520, variables: 469


c =================Computation Finished========================
c =======================Thread 0==============================
c decisions         : 58
c bcps              : 433
c conflicts         : 0
c aborted components: 0
c blocks            : 1
c backtracks        : 116
c backtrack dist    : 1.9569
c recomputations    : 0
c splits            : 31
c split ratio       : 9.4839
c =======================Thread 1==============================
c decisions         : 45
c bcps              : 294
c conflicts         : 0
c aborted components: 0
c blocks            : 3
c backtracks        : 90
c backtrack dist    : 1.9667
c recomputations    : 0
c splits            : 48
c split ratio       : 2.2500
c =======================Thread 2==============================
c decisions         : 63
c bcps              : 418
c conflicts         : 0
c aborted components: 0
c blocks            : 3
c backtracks        : 126
c backtrack dist    : 2.0079
c recomputations    : 0
c splits            : 32
c split ratio       : 5.0000
c =======================Thread 3==============================
c decisions         : 64
c bcps              : 412
c conflicts         : 0
c aborted components: 0
c blocks            : 3
c backtracks        : 128
c backtrack dist    : 2.0703
c recomputations    : 0
c splits            : 47
c split ratio       : 2.9149
c ===================Cache Statistics==========================
c tries..................: 398
c hits...................: 168
c hit rate...............: 42.2111 % 
c removed items..........: 0
c ===================Overall Statistics========================
c TOTAL backtracks.......: 460
c TOTAL backtrack dist...: 2.0043
c TOTAL recomputations...: 0
c #decisions.............: 230
c #bcp operations........: 1557
c split ratio............: 0.0000
c cpu time...............: 0.0126 s
c wall clock time........: 0.0100 s
c =========================================================
c model count............: 1894062425988319675005500328642874548931534828820154657494422234783895411138937494660469938305476953989084955107687755692766235139736443289600000000000000000
s SATISFIABLE
