c ======================================================
c countAntom, Jan Burchard, University of Freiburg, 2015
c   based on the antom SAT-solver, by Tobias Schubert   
c ======================================================
c cnf file...............: ../../501_Git_Repos/busybox-data/data//busybox//2008/2008-11-20_23-41-56/clean.dimacs
c #variables.............: 732
c #clauses...............: 596
c ======================= Settings ============================
c number of threads......: 4
c memory size............: 4000
c vsads factor...........: 0.5000
c enable IBCP............: no
c split into components..: yes
c only preprocessing.....: no
c Tseitin detection......: yes
c UPLA...................: yes
c self-subsumption.......: yes
c variable elimination...: yes
c simplfication rounds...: 4
c add dependencies.......: yes
c ==================Start Preprocessing========================
c deduce added 				9 new implications
c UPLA removed 12 equivalent variables
c Tseitin detection found 4 AND gates, 3 OR gates, 0 XOR gates, 0 EQUIV gates, 
c subsumption removed 			24 clauses 
c selfSubsumption removed 		3 literals
c
c simplify: round 0
c deduce added 				0 new implications
c variableElimination eliminated 	100 variables!
c selfSubsumption removed 		0 literals
c deduce added				0 new implications
c subsumption removed 			5 clauses 
c
c simplify: round 1
c deduce added 				0 new implications
c variableElimination eliminated 	0 variables!
c selfSubsumption removed 		0 literals
c deduce added				0 new implications
c subsumption removed 			0 clauses 
c
c simplify: round 2
c deduce added 				0 new implications
c variableElimination eliminated 	0 variables!
c selfSubsumption removed 		0 literals
c deduce added				0 new implications
c subsumption removed 			0 clauses 
c
c simplify: round 3
c deduce added 				0 new implications
c variableElimination eliminated 	0 variables!
c selfSubsumption removed 		0 literals
c deduce added				0 new implications
c subsumption removed 			0 clauses 
c subsumption removed 			4 clauses 
c ================Preprocessing Finished=======================
c clauses: 566, variables: 539


c =================Computation Finished========================
c =======================Thread 0==============================
c decisions         : 103
c bcps              : 739
c conflicts         : 0
c aborted components: 0
c blocks            : 2
c backtracks        : 206
c backtrack dist    : 1.9806
c recomputations    : 0
c splits            : 90
c split ratio       : 4.9333
c =======================Thread 1==============================
c decisions         : 71
c bcps              : 549
c conflicts         : 0
c aborted components: 0
c blocks            : 2
c backtracks        : 142
c backtrack dist    : 1.9718
c recomputations    : 0
c splits            : 108
c split ratio       : 2.5463
c =======================Thread 2==============================
c decisions         : 75
c bcps              : 589
c conflicts         : 0
c aborted components: 0
c blocks            : 6
c backtracks        : 150
c backtrack dist    : 2.0667
c recomputations    : 0
c splits            : 62
c split ratio       : 3.0806
c =======================Thread 3==============================
c decisions         : 81
c bcps              : 623
c conflicts         : 0
c aborted components: 0
c blocks            : 5
c backtracks        : 162
c backtrack dist    : 2.2469
c recomputations    : 0
c splits            : 60
c split ratio       : 4.0833
c ===================Cache Statistics==========================
c tries..................: 816
c hits...................: 486
c hit rate...............: 59.5588 % 
c removed items..........: 0
c ===================Overall Statistics========================
c TOTAL backtracks.......: 660
c TOTAL backtrack dist...: 2.0636
c TOTAL recomputations...: 0
c #decisions.............: 330
c #bcp operations........: 2500
c split ratio............: 0.0000
c cpu time...............: 0.0164 s
c wall clock time........: 0.0120 s
c =========================================================
c model count............: 45374305323647642251647141579473177337229921081102011941897762815139589184602705064378194336360207144147668020093736281783194963300147518588060637007402059694080000000000000000000
s SATISFIABLE
