c ======================================================
c countAntom, Jan Burchard, University of Freiburg, 2015
c   based on the antom SAT-solver, by Tobias Schubert   
c ======================================================
c cnf file...............: ../../501_Git_Repos/busybox-data/data//busybox//2008/2008-11-22_20-30-53/clean.dimacs
c #variables.............: 732
c #clauses...............: 596
c ======================= Settings ============================
c number of threads......: 4
c memory size............: 4000
c vsads factor...........: 0.5000
c enable IBCP............: no
c split into components..: yes
c only preprocessing.....: no
c Tseitin detection......: yes
c UPLA...................: yes
c self-subsumption.......: yes
c variable elimination...: yes
c simplfication rounds...: 4
c add dependencies.......: yes
c ==================Start Preprocessing========================
c deduce added 				9 new implications
c UPLA removed 12 equivalent variables
c Tseitin detection found 4 AND gates, 3 OR gates, 0 XOR gates, 0 EQUIV gates, 
c subsumption removed 			24 clauses 
c selfSubsumption removed 		3 literals
c
c simplify: round 0
c deduce added 				0 new implications
c variableElimination eliminated 	100 variables!
c selfSubsumption removed 		0 literals
c deduce added				0 new implications
c subsumption removed 			5 clauses 
c
c simplify: round 1
c deduce added 				0 new implications
c variableElimination eliminated 	0 variables!
c selfSubsumption removed 		0 literals
c deduce added				0 new implications
c subsumption removed 			0 clauses 
c
c simplify: round 2
c deduce added 				0 new implications
c variableElimination eliminated 	0 variables!
c selfSubsumption removed 		0 literals
c deduce added				0 new implications
c subsumption removed 			0 clauses 
c
c simplify: round 3
c deduce added 				0 new implications
c variableElimination eliminated 	0 variables!
c selfSubsumption removed 		0 literals
c deduce added				0 new implications
c subsumption removed 			0 clauses 
c subsumption removed 			4 clauses 
c ================Preprocessing Finished=======================
c clauses: 566, variables: 539


c =================Computation Finished========================
c =======================Thread 0==============================
c decisions         : 94
c bcps              : 686
c conflicts         : 0
c aborted components: 0
c blocks            : 2
c backtracks        : 188
c backtrack dist    : 1.9787
c recomputations    : 0
c splits            : 77
c split ratio       : 5.4156
c =======================Thread 1==============================
c decisions         : 101
c bcps              : 770
c conflicts         : 0
c aborted components: 0
c blocks            : 5
c backtracks        : 202
c backtrack dist    : 2.1386
c recomputations    : 0
c splits            : 97
c split ratio       : 2.7423
c =======================Thread 2==============================
c decisions         : 67
c bcps              : 527
c conflicts         : 0
c aborted components: 0
c blocks            : 2
c backtracks        : 134
c backtrack dist    : 1.9552
c recomputations    : 0
c splits            : 100
c split ratio       : 2.4600
c =======================Thread 3==============================
c decisions         : 77
c bcps              : 586
c conflicts         : 0
c aborted components: 0
c blocks            : 2
c backtracks        : 154
c backtrack dist    : 1.9935
c recomputations    : 0
c splits            : 64
c split ratio       : 4.1094
c ===================Cache Statistics==========================
c tries..................: 853
c hits...................: 514
c hit rate...............: 60.2579 % 
c removed items..........: 0
c ===================Overall Statistics========================
c TOTAL backtracks.......: 678
c TOTAL backtrack dist...: 2.0251
c TOTAL recomputations...: 0
c #decisions.............: 339
c #bcp operations........: 2569
c split ratio............: 0.0000
c cpu time...............: 0.0166 s
c wall clock time........: 0.0119 s
c =========================================================
c model count............: 54227828313627670008066096034004529012786978853024355735438789705898533415744696296451988353210979269835017877673001897740891541505054351483291980813724412805120000000000000000000
s SATISFIABLE
