c ======================================================
c countAntom, Jan Burchard, University of Freiburg, 2015
c   based on the antom SAT-solver, by Tobias Schubert   
c ======================================================
c cnf file...............: ../../501_Git_Repos/busybox-data/data//busybox//2008/2008-02-02_19-05-36/clean.dimacs
c #variables.............: 641
c #clauses...............: 526
c ======================= Settings ============================
c number of threads......: 4
c memory size............: 4000
c vsads factor...........: 0.5000
c enable IBCP............: no
c split into components..: yes
c only preprocessing.....: no
c Tseitin detection......: yes
c UPLA...................: yes
c self-subsumption.......: yes
c variable elimination...: yes
c simplfication rounds...: 4
c add dependencies.......: yes
c ==================Start Preprocessing========================
c deduce added 				6 new implications
c UPLA removed 8 equivalent variables
c Tseitin detection found 3 AND gates, 2 OR gates, 0 XOR gates, 0 EQUIV gates, 
c subsumption removed 			27 clauses 
c selfSubsumption removed 		2 literals
c
c simplify: round 0
c deduce added 				0 new implications
c variableElimination eliminated 	74 variables!
c selfSubsumption removed 		2 literals
c deduce added				0 new implications
c subsumption removed 			5 clauses 
c
c simplify: round 1
c deduce added 				0 new implications
c variableElimination eliminated 	0 variables!
c selfSubsumption removed 		0 literals
c deduce added				0 new implications
c subsumption removed 			0 clauses 
c
c simplify: round 2
c deduce added 				0 new implications
c variableElimination eliminated 	0 variables!
c selfSubsumption removed 		0 literals
c deduce added				0 new implications
c subsumption removed 			0 clauses 
c
c simplify: round 3
c deduce added 				0 new implications
c variableElimination eliminated 	0 variables!
c selfSubsumption removed 		0 literals
c deduce added				0 new implications
c subsumption removed 			0 clauses 
c subsumption removed 			2 clauses 
c ================Preprocessing Finished=======================
c clauses: 523, variables: 473


c =================Computation Finished========================
c =======================Thread 0==============================
c decisions         : 57
c bcps              : 432
c conflicts         : 0
c aborted components: 0
c blocks            : 1
c backtracks        : 114
c backtrack dist    : 1.9298
c recomputations    : 0
c splits            : 35
c split ratio       : 8.4571
c =======================Thread 1==============================
c decisions         : 60
c bcps              : 394
c conflicts         : 0
c aborted components: 0
c blocks            : 4
c backtracks        : 120
c backtrack dist    : 2.0083
c recomputations    : 0
c splits            : 46
c split ratio       : 3.0000
c =======================Thread 2==============================
c decisions         : 59
c bcps              : 379
c conflicts         : 0
c aborted components: 0
c blocks            : 2
c backtracks        : 118
c backtrack dist    : 2.0254
c recomputations    : 0
c splits            : 30
c split ratio       : 4.2000
c =======================Thread 3==============================
c decisions         : 58
c bcps              : 381
c conflicts         : 0
c aborted components: 0
c blocks            : 3
c backtracks        : 116
c backtrack dist    : 2.0086
c recomputations    : 0
c splits            : 51
c split ratio       : 2.9804
c ===================Cache Statistics==========================
c tries..................: 407
c hits...................: 173
c hit rate...............: 42.5061 % 
c removed items..........: 0
c ===================Overall Statistics========================
c TOTAL backtracks.......: 468
c TOTAL backtrack dist...: 1.9936
c TOTAL recomputations...: 0
c #decisions.............: 234
c #bcp operations........: 1586
c split ratio............: 0.0000
c cpu time...............: 0.0128 s
c wall clock time........: 0.0099 s
c =========================================================
c model count............: 13667076257238610432560862007408161267176787285105333088220030112749778710699990268111642506202708370816588814118915296322243881711144171208704000000000000000
s SATISFIABLE
