c ======================================================
c countAntom, Jan Burchard, University of Freiburg, 2015
c   based on the antom SAT-solver, by Tobias Schubert   
c ======================================================
c cnf file...............: ../../501_Git_Repos/busybox-data/data//busybox//2008/2008-02-29_07-46-19/clean.dimacs
c #variables.............: 699
c #clauses...............: 582
c ======================= Settings ============================
c number of threads......: 4
c memory size............: 4000
c vsads factor...........: 0.5000
c enable IBCP............: no
c split into components..: yes
c only preprocessing.....: no
c Tseitin detection......: yes
c UPLA...................: yes
c self-subsumption.......: yes
c variable elimination...: yes
c simplfication rounds...: 4
c add dependencies.......: yes
c ==================Start Preprocessing========================
c deduce added 				6 new implications
c UPLA removed 10 equivalent variables
c Tseitin detection found 3 AND gates, 2 OR gates, 0 XOR gates, 0 EQUIV gates, 
c subsumption removed 			28 clauses 
c selfSubsumption removed 		2 literals
c
c simplify: round 0
c deduce added 				0 new implications
c variableElimination eliminated 	80 variables!
c selfSubsumption removed 		2 literals
c deduce added				0 new implications
c subsumption removed 			5 clauses 
c
c simplify: round 1
c deduce added 				0 new implications
c variableElimination eliminated 	0 variables!
c selfSubsumption removed 		0 literals
c deduce added				0 new implications
c subsumption removed 			0 clauses 
c
c simplify: round 2
c deduce added 				0 new implications
c variableElimination eliminated 	0 variables!
c selfSubsumption removed 		0 literals
c deduce added				0 new implications
c subsumption removed 			0 clauses 
c
c simplify: round 3
c deduce added 				0 new implications
c variableElimination eliminated 	0 variables!
c selfSubsumption removed 		0 literals
c deduce added				0 new implications
c subsumption removed 			0 clauses 
c subsumption removed 			2 clauses 
c ================Preprocessing Finished=======================
c clauses: 576, variables: 523


c =================Computation Finished========================
c =======================Thread 0==============================
c decisions         : 91
c bcps              : 611
c conflicts         : 0
c aborted components: 0
c blocks            : 1
c backtracks        : 182
c backtrack dist    : 1.9890
c recomputations    : 0
c splits            : 78
c split ratio       : 4.6026
c =======================Thread 1==============================
c decisions         : 64
c bcps              : 430
c conflicts         : 0
c aborted components: 0
c blocks            : 7
c backtracks        : 128
c backtrack dist    : 2.0781
c recomputations    : 0
c splits            : 47
c split ratio       : 3.1064
c =======================Thread 2==============================
c decisions         : 46
c bcps              : 348
c conflicts         : 0
c aborted components: 0
c blocks            : 7
c backtracks        : 92
c backtrack dist    : 2.1957
c recomputations    : 0
c splits            : 36
c split ratio       : 2.9444
c =======================Thread 3==============================
c decisions         : 60
c bcps              : 424
c conflicts         : 0
c aborted components: 0
c blocks            : 6
c backtracks        : 120
c backtrack dist    : 2.1583
c recomputations    : 0
c splits            : 37
c split ratio       : 5.0270
c ===================Cache Statistics==========================
c tries..................: 474
c hits...................: 213
c hit rate...............: 44.9367 % 
c removed items..........: 0
c ===================Overall Statistics========================
c TOTAL backtracks.......: 522
c TOTAL backtrack dist...: 2.0862
c TOTAL recomputations...: 0
c #decisions.............: 261
c #bcp operations........: 1813
c split ratio............: 0.0000
c cpu time...............: 0.0136 s
c wall clock time........: 0.0105 s
c =========================================================
c model count............: 64902709765526543082261618493239499204001655983688760213925296018212896481277186456277330545899708502707202730626653428764475449227454102781957097266220525158400000000000000
s SATISFIABLE
