c ======================================================
c countAntom, Jan Burchard, University of Freiburg, 2015
c   based on the antom SAT-solver, by Tobias Schubert   
c ======================================================
c cnf file...............: ../../501_Git_Repos/busybox-data/data//busybox//2008/2008-02-01_23-25-32/clean.dimacs
c #variables.............: 641
c #clauses...............: 526
c ======================= Settings ============================
c number of threads......: 4
c memory size............: 4000
c vsads factor...........: 0.5000
c enable IBCP............: no
c split into components..: yes
c only preprocessing.....: no
c Tseitin detection......: yes
c UPLA...................: yes
c self-subsumption.......: yes
c variable elimination...: yes
c simplfication rounds...: 4
c add dependencies.......: yes
c ==================Start Preprocessing========================
c deduce added 				6 new implications
c UPLA removed 8 equivalent variables
c Tseitin detection found 3 AND gates, 2 OR gates, 0 XOR gates, 0 EQUIV gates, 
c subsumption removed 			27 clauses 
c selfSubsumption removed 		2 literals
c
c simplify: round 0
c deduce added 				0 new implications
c variableElimination eliminated 	74 variables!
c selfSubsumption removed 		2 literals
c deduce added				0 new implications
c subsumption removed 			5 clauses 
c
c simplify: round 1
c deduce added 				0 new implications
c variableElimination eliminated 	0 variables!
c selfSubsumption removed 		0 literals
c deduce added				0 new implications
c subsumption removed 			0 clauses 
c
c simplify: round 2
c deduce added 				0 new implications
c variableElimination eliminated 	0 variables!
c selfSubsumption removed 		0 literals
c deduce added				0 new implications
c subsumption removed 			0 clauses 
c
c simplify: round 3
c deduce added 				0 new implications
c variableElimination eliminated 	0 variables!
c selfSubsumption removed 		0 literals
c deduce added				0 new implications
c subsumption removed 			0 clauses 
c subsumption removed 			2 clauses 
c ================Preprocessing Finished=======================
c clauses: 523, variables: 473


c =================Computation Finished========================
c =======================Thread 0==============================
c decisions         : 59
c bcps              : 430
c conflicts         : 0
c aborted components: 0
c blocks            : 1
c backtracks        : 118
c backtrack dist    : 1.9322
c recomputations    : 0
c splits            : 37
c split ratio       : 8.1081
c =======================Thread 1==============================
c decisions         : 71
c bcps              : 448
c conflicts         : 0
c aborted components: 0
c blocks            : 6
c backtracks        : 142
c backtrack dist    : 2.0493
c recomputations    : 0
c splits            : 22
c split ratio       : 6.7273
c =======================Thread 2==============================
c decisions         : 42
c bcps              : 313
c conflicts         : 0
c aborted components: 0
c blocks            : 3
c backtracks        : 84
c backtrack dist    : 2.0119
c recomputations    : 0
c splits            : 47
c split ratio       : 2.6596
c =======================Thread 3==============================
c decisions         : 60
c bcps              : 381
c conflicts         : 0
c aborted components: 0
c blocks            : 5
c backtracks        : 120
c backtrack dist    : 2.0083
c recomputations    : 0
c splits            : 52
c split ratio       : 2.5769
c ===================Cache Statistics==========================
c tries..................: 402
c hits...................: 170
c hit rate...............: 42.2886 % 
c removed items..........: 0
c ===================Overall Statistics========================
c TOTAL backtracks.......: 464
c TOTAL backtrack dist...: 2.0022
c TOTAL recomputations...: 0
c #decisions.............: 232
c #bcp operations........: 1572
c split ratio............: 0.0000
c cpu time...............: 0.0123 s
c wall clock time........: 0.0097 s
c =========================================================
c model count............: 13667076257238610432560862007408161267176787285105333088220030112749778710699990268111642506202708370816588814118915296322243881711144171208704000000000000000
s SATISFIABLE
