c ======================================================
c countAntom, Jan Burchard, University of Freiburg, 2015
c   based on the antom SAT-solver, by Tobias Schubert   
c ======================================================
c cnf file...............: ../../501_Git_Repos/busybox-data/data//busybox//2008/2008-09-11_19-51-11/clean.dimacs
c #variables.............: 716
c #clauses...............: 601
c ======================= Settings ============================
c number of threads......: 4
c memory size............: 4000
c vsads factor...........: 0.5000
c enable IBCP............: no
c split into components..: yes
c only preprocessing.....: no
c Tseitin detection......: yes
c UPLA...................: yes
c self-subsumption.......: yes
c variable elimination...: yes
c simplfication rounds...: 4
c add dependencies.......: yes
c ==================Start Preprocessing========================
c deduce added 				7 new implications
c UPLA removed 10 equivalent variables
c Tseitin detection found 3 AND gates, 2 OR gates, 0 XOR gates, 0 EQUIV gates, 
c subsumption removed 			42 clauses 
c selfSubsumption removed 		2 literals
c
c simplify: round 0
c deduce added 				0 new implications
c variableElimination eliminated 	80 variables!
c selfSubsumption removed 		1 literals
c deduce added				0 new implications
c subsumption removed 			15 clauses 
c
c simplify: round 1
c deduce added 				0 new implications
c variableElimination eliminated 	2 variables!
c selfSubsumption removed 		0 literals
c deduce added				0 new implications
c subsumption removed 			3 clauses 
c
c simplify: round 2
c deduce added 				0 new implications
c variableElimination eliminated 	0 variables!
c selfSubsumption removed 		0 literals
c deduce added				0 new implications
c subsumption removed 			0 clauses 
c
c simplify: round 3
c deduce added 				0 new implications
c variableElimination eliminated 	0 variables!
c selfSubsumption removed 		0 literals
c deduce added				0 new implications
c subsumption removed 			0 clauses 
c subsumption removed 			4 clauses 
c ================Preprocessing Finished=======================
c clauses: 576, variables: 522


c =================Computation Finished========================
c =======================Thread 0==============================
c decisions         : 71
c bcps              : 515
c conflicts         : 0
c aborted components: 0
c blocks            : 2
c backtracks        : 142
c backtrack dist    : 1.9718
c recomputations    : 0
c splits            : 69
c split ratio       : 4.6812
c =======================Thread 1==============================
c decisions         : 82
c bcps              : 534
c conflicts         : 0
c aborted components: 0
c blocks            : 2
c backtracks        : 164
c backtrack dist    : 2.0122
c recomputations    : 0
c splits            : 47
c split ratio       : 5.0000
c =======================Thread 2==============================
c decisions         : 48
c bcps              : 350
c conflicts         : 0
c aborted components: 0
c blocks            : 7
c backtracks        : 96
c backtrack dist    : 2.4479
c recomputations    : 0
c splits            : 26
c split ratio       : 4.3077
c =======================Thread 3==============================
c decisions         : 58
c bcps              : 400
c conflicts         : 0
c aborted components: 0
c blocks            : 6
c backtracks        : 116
c backtrack dist    : 2.1034
c recomputations    : 0
c splits            : 44
c split ratio       : 2.9545
c ===================Cache Statistics==========================
c tries..................: 469
c hits...................: 210
c hit rate...............: 44.7761 % 
c removed items..........: 0
c ===================Overall Statistics========================
c TOTAL backtracks.......: 518
c TOTAL backtrack dist...: 2.1023
c TOTAL recomputations...: 0
c #decisions.............: 259
c #bcp operations........: 1799
c split ratio............: 0.0000
c cpu time...............: 0.0135 s
c wall clock time........: 0.0104 s
c =========================================================
c model count............: 110946199529666843369583853456226387624028002915147814127796943030654567625920636077447967011160107411223371019682299902377308386752143639128242038598501662720000000000000000000
s SATISFIABLE
