c ======================================================
c countAntom, Jan Burchard, University of Freiburg, 2015
c   based on the antom SAT-solver, by Tobias Schubert   
c ======================================================
c cnf file...............: ../../501_Git_Repos/busybox-data/data//busybox//2008/2008-05-13_02-43-27/clean.dimacs
c #variables.............: 693
c #clauses...............: 557
c ======================= Settings ============================
c number of threads......: 4
c memory size............: 4000
c vsads factor...........: 0.5000
c enable IBCP............: no
c split into components..: yes
c only preprocessing.....: no
c Tseitin detection......: yes
c UPLA...................: yes
c self-subsumption.......: yes
c variable elimination...: yes
c simplfication rounds...: 4
c add dependencies.......: yes
c ==================Start Preprocessing========================
c deduce added 				6 new implications
c UPLA removed 10 equivalent variables
c Tseitin detection found 3 AND gates, 2 OR gates, 0 XOR gates, 0 EQUIV gates, 
c subsumption removed 			24 clauses 
c selfSubsumption removed 		3 literals
c
c simplify: round 0
c deduce added 				0 new implications
c variableElimination eliminated 	74 variables!
c selfSubsumption removed 		0 literals
c deduce added				0 new implications
c subsumption removed 			20 clauses 
c
c simplify: round 1
c deduce added 				0 new implications
c variableElimination eliminated 	1 variables!
c selfSubsumption removed 		0 literals
c deduce added				0 new implications
c subsumption removed 			0 clauses 
c
c simplify: round 2
c deduce added 				0 new implications
c variableElimination eliminated 	0 variables!
c selfSubsumption removed 		0 literals
c deduce added				0 new implications
c subsumption removed 			0 clauses 
c
c simplify: round 3
c deduce added 				0 new implications
c variableElimination eliminated 	0 variables!
c selfSubsumption removed 		0 literals
c deduce added				0 new implications
c subsumption removed 			0 clauses 
c subsumption removed 			3 clauses 
c ================Preprocessing Finished=======================
c clauses: 545, variables: 512


c =================Computation Finished========================
c =======================Thread 0==============================
c decisions         : 57
c bcps              : 364
c conflicts         : 0
c aborted components: 0
c blocks            : 3
c backtracks        : 114
c backtrack dist    : 1.9912
c recomputations    : 0
c splits            : 46
c split ratio       : 2.7826
c =======================Thread 1==============================
c decisions         : 73
c bcps              : 469
c conflicts         : 0
c aborted components: 0
c blocks            : 2
c backtracks        : 146
c backtrack dist    : 1.9795
c recomputations    : 0
c splits            : 46
c split ratio       : 4.7174
c =======================Thread 2==============================
c decisions         : 73
c bcps              : 502
c conflicts         : 0
c aborted components: 0
c blocks            : 1
c backtracks        : 146
c backtrack dist    : 1.9726
c recomputations    : 0
c splits            : 42
c split ratio       : 7.4048
c =======================Thread 3==============================
c decisions         : 43
c bcps              : 331
c conflicts         : 0
c aborted components: 0
c blocks            : 4
c backtracks        : 86
c backtrack dist    : 2.1395
c recomputations    : 0
c splits            : 35
c split ratio       : 2.6857
c ===================Cache Statistics==========================
c tries..................: 428
c hits...................: 182
c hit rate...............: 42.5234 % 
c removed items..........: 0
c ===================Overall Statistics========================
c TOTAL backtracks.......: 492
c TOTAL backtrack dist...: 2.0081
c TOTAL recomputations...: 0
c #decisions.............: 246
c #bcp operations........: 1666
c split ratio............: 0.0000
c cpu time...............: 0.0129 s
c wall clock time........: 0.0100 s
c =========================================================
c model count............: 7761395217915814102792214040965351146510814521325995093791872629172377048579896035947564073121117883362392476835012255180502506380061902829489360354420981760000000000000000
s SATISFIABLE
