c ======================================================
c countAntom, Jan Burchard, University of Freiburg, 2015
c   based on the antom SAT-solver, by Tobias Schubert   
c ======================================================
c cnf file...............: ../../501_Git_Repos/busybox-data/data//busybox//2008/2008-07-04_21-58-00/clean.dimacs
c #variables.............: 714
c #clauses...............: 611
c ======================= Settings ============================
c number of threads......: 4
c memory size............: 4000
c vsads factor...........: 0.5000
c enable IBCP............: no
c split into components..: yes
c only preprocessing.....: no
c Tseitin detection......: yes
c UPLA...................: yes
c self-subsumption.......: yes
c variable elimination...: yes
c simplfication rounds...: 4
c add dependencies.......: yes
c ==================Start Preprocessing========================
c deduce added 				7 new implications
c UPLA removed 10 equivalent variables
c Tseitin detection found 3 AND gates, 2 OR gates, 0 XOR gates, 0 EQUIV gates, 
c subsumption removed 			40 clauses 
c selfSubsumption removed 		3 literals
c
c simplify: round 0
c deduce added 				0 new implications
c variableElimination eliminated 	80 variables!
c selfSubsumption removed 		1 literals
c deduce added				0 new implications
c subsumption removed 			15 clauses 
c
c simplify: round 1
c deduce added 				0 new implications
c variableElimination eliminated 	2 variables!
c selfSubsumption removed 		0 literals
c deduce added				0 new implications
c subsumption removed 			3 clauses 
c
c simplify: round 2
c deduce added 				0 new implications
c variableElimination eliminated 	0 variables!
c selfSubsumption removed 		0 literals
c deduce added				0 new implications
c subsumption removed 			0 clauses 
c
c simplify: round 3
c deduce added 				0 new implications
c variableElimination eliminated 	0 variables!
c selfSubsumption removed 		0 literals
c deduce added				0 new implications
c subsumption removed 			0 clauses 
c subsumption removed 			4 clauses 
c ================Preprocessing Finished=======================
c clauses: 589, variables: 530


c =================Computation Finished========================
c =======================Thread 0==============================
c decisions         : 98
c bcps              : 635
c conflicts         : 0
c aborted components: 0
c blocks            : 1
c backtracks        : 196
c backtrack dist    : 1.9745
c recomputations    : 0
c splits            : 68
c split ratio       : 5.1618
c =======================Thread 1==============================
c decisions         : 58
c bcps              : 391
c conflicts         : 0
c aborted components: 0
c blocks            : 3
c backtracks        : 116
c backtrack dist    : 1.9655
c recomputations    : 0
c splits            : 33
c split ratio       : 5.5455
c =======================Thread 2==============================
c decisions         : 69
c bcps              : 447
c conflicts         : 0
c aborted components: 0
c blocks            : 3
c backtracks        : 138
c backtrack dist    : 1.9928
c recomputations    : 0
c splits            : 63
c split ratio       : 2.5714
c =======================Thread 3==============================
c decisions         : 50
c bcps              : 372
c conflicts         : 0
c aborted components: 0
c blocks            : 3
c backtracks        : 100
c backtrack dist    : 2.0900
c recomputations    : 0
c splits            : 39
c split ratio       : 2.9231
c ===================Cache Statistics==========================
c tries..................: 464
c hits...................: 189
c hit rate...............: 40.7328 % 
c removed items..........: 0
c ===================Overall Statistics========================
c TOTAL backtracks.......: 550
c TOTAL backtrack dist...: 1.9982
c TOTAL recomputations...: 0
c #decisions.............: 275
c #bcp operations........: 1845
c split ratio............: 0.0000
c cpu time...............: 0.0154 s
c wall clock time........: 0.0123 s
c =========================================================
c model count............: 7311948430906524980624018541913245811173452376036834238049167467331669897271611882727600017736063241394793061981623479906926696077775640350727742668767561252864000000000000000
s SATISFIABLE
