c ======================================================
c countAntom, Jan Burchard, University of Freiburg, 2015
c   based on the antom SAT-solver, by Tobias Schubert   
c ======================================================
c cnf file...............: ../../501_Git_Repos/busybox-data/data//busybox//2008/2008-05-25_21-52-03/clean.dimacs
c #variables.............: 699
c #clauses...............: 564
c ======================= Settings ============================
c number of threads......: 4
c memory size............: 4000
c vsads factor...........: 0.5000
c enable IBCP............: no
c split into components..: yes
c only preprocessing.....: no
c Tseitin detection......: yes
c UPLA...................: yes
c self-subsumption.......: yes
c variable elimination...: yes
c simplfication rounds...: 4
c add dependencies.......: yes
c ==================Start Preprocessing========================
c deduce added 				6 new implications
c UPLA removed 10 equivalent variables
c Tseitin detection found 3 AND gates, 2 OR gates, 0 XOR gates, 0 EQUIV gates, 
c subsumption removed 			23 clauses 
c selfSubsumption removed 		2 literals
c
c simplify: round 0
c deduce added 				0 new implications
c variableElimination eliminated 	74 variables!
c selfSubsumption removed 		0 literals
c deduce added				0 new implications
c subsumption removed 			5 clauses 
c
c simplify: round 1
c deduce added 				0 new implications
c variableElimination eliminated 	3 variables!
c selfSubsumption removed 		0 literals
c deduce added				0 new implications
c subsumption removed 			4 clauses 
c
c simplify: round 2
c deduce added 				0 new implications
c variableElimination eliminated 	0 variables!
c selfSubsumption removed 		0 literals
c deduce added				0 new implications
c subsumption removed 			0 clauses 
c
c simplify: round 3
c deduce added 				0 new implications
c variableElimination eliminated 	0 variables!
c selfSubsumption removed 		0 literals
c deduce added				0 new implications
c subsumption removed 			0 clauses 
c subsumption removed 			6 clauses 
c ================Preprocessing Finished=======================
c clauses: 549, variables: 517


c =================Computation Finished========================
c =======================Thread 0==============================
c decisions         : 83
c bcps              : 605
c conflicts         : 0
c aborted components: 0
c blocks            : 2
c backtracks        : 166
c backtrack dist    : 1.9578
c recomputations    : 0
c splits            : 63
c split ratio       : 5.9683
c =======================Thread 1==============================
c decisions         : 52
c bcps              : 343
c conflicts         : 0
c aborted components: 0
c blocks            : 4
c backtracks        : 104
c backtrack dist    : 2.0000
c recomputations    : 0
c splits            : 47
c split ratio       : 2.5532
c =======================Thread 2==============================
c decisions         : 72
c bcps              : 468
c conflicts         : 0
c aborted components: 0
c blocks            : 3
c backtracks        : 144
c backtrack dist    : 2.0694
c recomputations    : 0
c splits            : 47
c split ratio       : 3.7872
c =======================Thread 3==============================
c decisions         : 45
c bcps              : 310
c conflicts         : 0
c aborted components: 0
c blocks            : 4
c backtracks        : 90
c backtrack dist    : 2.1222
c recomputations    : 0
c splits            : 23
c split ratio       : 4.2609
c ===================Cache Statistics==========================
c tries..................: 449
c hits...................: 197
c hit rate...............: 43.8753 % 
c removed items..........: 0
c ===================Overall Statistics========================
c TOTAL backtracks.......: 504
c TOTAL backtrack dist...: 2.0278
c TOTAL recomputations...: 0
c #decisions.............: 252
c #bcp operations........: 1726
c split ratio............: 0.0000
c cpu time...............: 0.0137 s
c wall clock time........: 0.0106 s
c =========================================================
c model count............: 90838789803030341396235994105447170899490068266464061105735365149758239058016075644775238074301592429043378151922583214127006696091612981411191857695762153472000000000000000
s SATISFIABLE
