c ======================================================
c countAntom, Jan Burchard, University of Freiburg, 2015
c   based on the antom SAT-solver, by Tobias Schubert   
c ======================================================
c cnf file...............: ../../501_Git_Repos/busybox-data/data//busybox//2008/2008-02-07_22-44-27/clean.dimacs
c #variables.............: 642
c #clauses...............: 527
c ======================= Settings ============================
c number of threads......: 4
c memory size............: 4000
c vsads factor...........: 0.5000
c enable IBCP............: no
c split into components..: yes
c only preprocessing.....: no
c Tseitin detection......: yes
c UPLA...................: yes
c self-subsumption.......: yes
c variable elimination...: yes
c simplfication rounds...: 4
c add dependencies.......: yes
c ==================Start Preprocessing========================
c deduce added 				6 new implications
c UPLA removed 8 equivalent variables
c Tseitin detection found 3 AND gates, 2 OR gates, 0 XOR gates, 0 EQUIV gates, 
c subsumption removed 			27 clauses 
c selfSubsumption removed 		2 literals
c
c simplify: round 0
c deduce added 				0 new implications
c variableElimination eliminated 	74 variables!
c selfSubsumption removed 		2 literals
c deduce added				0 new implications
c subsumption removed 			5 clauses 
c
c simplify: round 1
c deduce added 				0 new implications
c variableElimination eliminated 	0 variables!
c selfSubsumption removed 		0 literals
c deduce added				0 new implications
c subsumption removed 			0 clauses 
c
c simplify: round 2
c deduce added 				0 new implications
c variableElimination eliminated 	0 variables!
c selfSubsumption removed 		0 literals
c deduce added				0 new implications
c subsumption removed 			0 clauses 
c
c simplify: round 3
c deduce added 				0 new implications
c variableElimination eliminated 	0 variables!
c selfSubsumption removed 		0 literals
c deduce added				0 new implications
c subsumption removed 			0 clauses 
c subsumption removed 			2 clauses 
c ================Preprocessing Finished=======================
c clauses: 524, variables: 474


c =================Computation Finished========================
c =======================Thread 0==============================
c decisions         : 70
c bcps              : 461
c conflicts         : 0
c aborted components: 0
c blocks            : 4
c backtracks        : 140
c backtrack dist    : 1.9929
c recomputations    : 0
c splits            : 60
c split ratio       : 2.7000
c =======================Thread 1==============================
c decisions         : 54
c bcps              : 341
c conflicts         : 0
c aborted components: 0
c blocks            : 2
c backtracks        : 108
c backtrack dist    : 1.9722
c recomputations    : 0
c splits            : 30
c split ratio       : 4.6667
c =======================Thread 2==============================
c decisions         : 58
c bcps              : 439
c conflicts         : 0
c aborted components: 0
c blocks            : 1
c backtracks        : 116
c backtrack dist    : 1.9569
c recomputations    : 0
c splits            : 31
c split ratio       : 9.5806
c =======================Thread 3==============================
c decisions         : 51
c bcps              : 330
c conflicts         : 0
c aborted components: 0
c blocks            : 3
c backtracks        : 102
c backtrack dist    : 1.9902
c recomputations    : 0
c splits            : 39
c split ratio       : 2.8462
c ===================Cache Statistics==========================
c tries..................: 405
c hits...................: 172
c hit rate...............: 42.4691 % 
c removed items..........: 0
c ===================Overall Statistics========================
c TOTAL backtracks.......: 466
c TOTAL backtrack dist...: 1.9785
c TOTAL recomputations...: 0
c #decisions.............: 233
c #bcp operations........: 1571
c split ratio............: 0.0000
c cpu time...............: 0.0124 s
c wall clock time........: 0.0097 s
c =========================================================
c model count............: 27203989883455900765764001519507673379428081357971567766076059938711464290821885390812697940917771900006352972865269494584275916929801255072563200000000000000
s SATISFIABLE
