c ======================================================
c countAntom, Jan Burchard, University of Freiburg, 2015
c   based on the antom SAT-solver, by Tobias Schubert   
c ======================================================
c cnf file...............: ../../501_Git_Repos/busybox-data/data//busybox//2008/2008-06-07_23-43-43/clean.dimacs
c #variables.............: 707
c #clauses...............: 591
c ======================= Settings ============================
c number of threads......: 4
c memory size............: 4000
c vsads factor...........: 0.5000
c enable IBCP............: no
c split into components..: yes
c only preprocessing.....: no
c Tseitin detection......: yes
c UPLA...................: yes
c self-subsumption.......: yes
c variable elimination...: yes
c simplfication rounds...: 4
c add dependencies.......: yes
c ==================Start Preprocessing========================
c deduce added 				7 new implications
c UPLA removed 10 equivalent variables
c Tseitin detection found 3 AND gates, 2 OR gates, 0 XOR gates, 0 EQUIV gates, 
c subsumption removed 			34 clauses 
c selfSubsumption removed 		2 literals
c
c simplify: round 0
c deduce added 				0 new implications
c variableElimination eliminated 	80 variables!
c selfSubsumption removed 		0 literals
c deduce added				0 new implications
c subsumption removed 			5 clauses 
c
c simplify: round 1
c deduce added 				0 new implications
c variableElimination eliminated 	1 variables!
c selfSubsumption removed 		0 literals
c deduce added				0 new implications
c subsumption removed 			0 clauses 
c
c simplify: round 2
c deduce added 				0 new implications
c variableElimination eliminated 	0 variables!
c selfSubsumption removed 		0 literals
c deduce added				0 new implications
c subsumption removed 			0 clauses 
c
c simplify: round 3
c deduce added 				0 new implications
c variableElimination eliminated 	0 variables!
c selfSubsumption removed 		0 literals
c deduce added				0 new implications
c subsumption removed 			0 clauses 
c subsumption removed 			3 clauses 
c ================Preprocessing Finished=======================
c clauses: 564, variables: 524


c =================Computation Finished========================
c =======================Thread 0==============================
c decisions         : 67
c bcps              : 450
c conflicts         : 0
c aborted components: 0
c blocks            : 3
c backtracks        : 134
c backtrack dist    : 1.9925
c recomputations    : 0
c splits            : 39
c split ratio       : 4.6667
c =======================Thread 1==============================
c decisions         : 72
c bcps              : 503
c conflicts         : 0
c aborted components: 0
c blocks            : 1
c backtracks        : 144
c backtrack dist    : 1.9653
c recomputations    : 0
c splits            : 41
c split ratio       : 8.2195
c =======================Thread 2==============================
c decisions         : 57
c bcps              : 383
c conflicts         : 0
c aborted components: 0
c blocks            : 4
c backtracks        : 114
c backtrack dist    : 2.0439
c recomputations    : 0
c splits            : 43
c split ratio       : 2.9767
c =======================Thread 3==============================
c decisions         : 60
c bcps              : 405
c conflicts         : 0
c aborted components: 0
c blocks            : 5
c backtracks        : 120
c backtrack dist    : 1.9583
c recomputations    : 0
c splits            : 59
c split ratio       : 2.3559
c ===================Cache Statistics==========================
c tries..................: 457
c hits...................: 201
c hit rate...............: 43.9825 % 
c removed items..........: 0
c ===================Overall Statistics========================
c TOTAL backtracks.......: 512
c TOTAL backtrack dist...: 1.9883
c TOTAL recomputations...: 0
c #decisions.............: 256
c #bcp operations........: 1741
c split ratio............: 0.0000
c cpu time...............: 0.0156 s
c wall clock time........: 0.0125 s
c =========================================================
c model count............: 1449209077223712996526295844479348175506686820746738555939705423336070020612782857888795423057386256666844477218913021806782970966718811576676649201228306186240000000000000000
s SATISFIABLE
