c ======================================================
c countAntom, Jan Burchard, University of Freiburg, 2015
c   based on the antom SAT-solver, by Tobias Schubert   
c ======================================================
c cnf file...............: ../../501_Git_Repos/busybox-data/data//busybox//2008/2008-02-17_15-14-04/clean.dimacs
c #variables.............: 652
c #clauses...............: 537
c ======================= Settings ============================
c number of threads......: 4
c memory size............: 4000
c vsads factor...........: 0.5000
c enable IBCP............: no
c split into components..: yes
c only preprocessing.....: no
c Tseitin detection......: yes
c UPLA...................: yes
c self-subsumption.......: yes
c variable elimination...: yes
c simplfication rounds...: 4
c add dependencies.......: yes
c ==================Start Preprocessing========================
c deduce added 				6 new implications
c UPLA removed 8 equivalent variables
c Tseitin detection found 3 AND gates, 2 OR gates, 0 XOR gates, 0 EQUIV gates, 
c subsumption removed 			28 clauses 
c selfSubsumption removed 		2 literals
c
c simplify: round 0
c deduce added 				0 new implications
c variableElimination eliminated 	77 variables!
c selfSubsumption removed 		2 literals
c deduce added				0 new implications
c subsumption removed 			5 clauses 
c
c simplify: round 1
c deduce added 				0 new implications
c variableElimination eliminated 	0 variables!
c selfSubsumption removed 		0 literals
c deduce added				0 new implications
c subsumption removed 			0 clauses 
c
c simplify: round 2
c deduce added 				0 new implications
c variableElimination eliminated 	0 variables!
c selfSubsumption removed 		0 literals
c deduce added				0 new implications
c subsumption removed 			0 clauses 
c
c simplify: round 3
c deduce added 				0 new implications
c variableElimination eliminated 	0 variables!
c selfSubsumption removed 		0 literals
c deduce added				0 new implications
c subsumption removed 			0 clauses 
c subsumption removed 			2 clauses 
c ================Preprocessing Finished=======================
c clauses: 533, variables: 483


c =================Computation Finished========================
c =======================Thread 0==============================
c decisions         : 56
c bcps              : 419
c conflicts         : 0
c aborted components: 0
c blocks            : 1
c backtracks        : 112
c backtrack dist    : 1.9554
c recomputations    : 0
c splits            : 54
c split ratio       : 5.2222
c =======================Thread 1==============================
c decisions         : 76
c bcps              : 481
c conflicts         : 0
c aborted components: 0
c blocks            : 5
c backtracks        : 152
c backtrack dist    : 1.9934
c recomputations    : 0
c splits            : 49
c split ratio       : 3.3673
c =======================Thread 2==============================
c decisions         : 64
c bcps              : 430
c conflicts         : 0
c aborted components: 0
c blocks            : 4
c backtracks        : 128
c backtrack dist    : 1.9922
c recomputations    : 0
c splits            : 29
c split ratio       : 6.5517
c =======================Thread 3==============================
c decisions         : 43
c bcps              : 287
c conflicts         : 0
c aborted components: 0
c blocks            : 5
c backtracks        : 86
c backtrack dist    : 2.0116
c recomputations    : 0
c splits            : 31
c split ratio       : 3.0968
c ===================Cache Statistics==========================
c tries..................: 419
c hits...................: 180
c hit rate...............: 42.9594 % 
c removed items..........: 0
c ===================Overall Statistics========================
c TOTAL backtracks.......: 478
c TOTAL backtrack dist...: 1.9874
c TOTAL recomputations...: 0
c #decisions.............: 239
c #bcp operations........: 1617
c split ratio............: 0.0000
c cpu time...............: 0.0128 s
c wall clock time........: 0.0101 s
c =========================================================
c model count............: 6064625376623761439499691835520444350068274362149262241694329905869083779468079256110030360620855700590098136773521389337307777825221561171312640000000000000000
s SATISFIABLE
