c ======================================================
c countAntom, Jan Burchard, University of Freiburg, 2015
c   based on the antom SAT-solver, by Tobias Schubert   
c ======================================================
c cnf file...............: ../../501_Git_Repos/busybox-data/data//busybox//2008/2008-09-25_21-06-24/clean.dimacs
c #variables.............: 717
c #clauses...............: 571
c ======================= Settings ============================
c number of threads......: 4
c memory size............: 4000
c vsads factor...........: 0.5000
c enable IBCP............: no
c split into components..: yes
c only preprocessing.....: no
c Tseitin detection......: yes
c UPLA...................: yes
c self-subsumption.......: yes
c variable elimination...: yes
c simplfication rounds...: 4
c add dependencies.......: yes
c ==================Start Preprocessing========================
c deduce added 				9 new implications
c UPLA removed 11 equivalent variables
c Tseitin detection found 3 AND gates, 2 OR gates, 0 XOR gates, 0 EQUIV gates, 
c subsumption removed 			20 clauses 
c selfSubsumption removed 		2 literals
c
c simplify: round 0
c deduce added 				0 new implications
c variableElimination eliminated 	81 variables!
c selfSubsumption removed 		0 literals
c deduce added				0 new implications
c subsumption removed 			5 clauses 
c
c simplify: round 1
c deduce added 				0 new implications
c variableElimination eliminated 	0 variables!
c selfSubsumption removed 		0 literals
c deduce added				0 new implications
c subsumption removed 			0 clauses 
c
c simplify: round 2
c deduce added 				0 new implications
c variableElimination eliminated 	0 variables!
c selfSubsumption removed 		0 literals
c deduce added				0 new implications
c subsumption removed 			0 clauses 
c
c simplify: round 3
c deduce added 				0 new implications
c variableElimination eliminated 	0 variables!
c selfSubsumption removed 		0 literals
c deduce added				0 new implications
c subsumption removed 			0 clauses 
c subsumption removed 			3 clauses 
c ================Preprocessing Finished=======================
c clauses: 573, variables: 524


c =================Computation Finished========================
c =======================Thread 0==============================
c decisions         : 70
c bcps              : 518
c conflicts         : 0
c aborted components: 0
c blocks            : 1
c backtracks        : 140
c backtrack dist    : 1.9643
c recomputations    : 0
c splits            : 43
c split ratio       : 7.9302
c =======================Thread 1==============================
c decisions         : 59
c bcps              : 409
c conflicts         : 0
c aborted components: 0
c blocks            : 5
c backtracks        : 118
c backtrack dist    : 2.1949
c recomputations    : 0
c splits            : 41
c split ratio       : 3.1463
c =======================Thread 2==============================
c decisions         : 78
c bcps              : 492
c conflicts         : 0
c aborted components: 0
c blocks            : 3
c backtracks        : 156
c backtrack dist    : 1.9936
c recomputations    : 0
c splits            : 59
c split ratio       : 3.1186
c =======================Thread 3==============================
c decisions         : 45
c bcps              : 304
c conflicts         : 0
c aborted components: 0
c blocks            : 3
c backtracks        : 90
c backtrack dist    : 2.0111
c recomputations    : 0
c splits            : 27
c split ratio       : 4.6667
c ===================Cache Statistics==========================
c tries..................: 447
c hits...................: 195
c hit rate...............: 43.6242 % 
c removed items..........: 0
c ===================Overall Statistics========================
c TOTAL backtracks.......: 504
c TOTAL backtrack dist...: 2.0357
c TOTAL recomputations...: 0
c #decisions.............: 252
c #bcp operations........: 1723
c split ratio............: 0.0000
c cpu time...............: 0.0133 s
c wall clock time........: 0.0103 s
c =========================================================
c model count............: 227951463729975031490049167603515006803016567761899316549475170996142761921401068196900458040680705208552765075950724847987557640520936490447004992283995013120000000000000000000
s SATISFIABLE
