c ======================================================
c countAntom, Jan Burchard, University of Freiburg, 2015
c   based on the antom SAT-solver, by Tobias Schubert   
c ======================================================
c cnf file...............: ../../501_Git_Repos/busybox-data/data//busybox//2008/2008-08-17_14-17-48/clean.dimacs
c #variables.............: 715
c #clauses...............: 602
c ======================= Settings ============================
c number of threads......: 4
c memory size............: 4000
c vsads factor...........: 0.5000
c enable IBCP............: no
c split into components..: yes
c only preprocessing.....: no
c Tseitin detection......: yes
c UPLA...................: yes
c self-subsumption.......: yes
c variable elimination...: yes
c simplfication rounds...: 4
c add dependencies.......: yes
c ==================Start Preprocessing========================
c deduce added 				7 new implications
c UPLA removed 10 equivalent variables
c Tseitin detection found 3 AND gates, 2 OR gates, 0 XOR gates, 0 EQUIV gates, 
c subsumption removed 			42 clauses 
c selfSubsumption removed 		2 literals
c
c simplify: round 0
c deduce added 				0 new implications
c variableElimination eliminated 	79 variables!
c selfSubsumption removed 		1 literals
c deduce added				0 new implications
c subsumption removed 			15 clauses 
c
c simplify: round 1
c deduce added 				0 new implications
c variableElimination eliminated 	2 variables!
c selfSubsumption removed 		0 literals
c deduce added				0 new implications
c subsumption removed 			3 clauses 
c
c simplify: round 2
c deduce added 				0 new implications
c variableElimination eliminated 	0 variables!
c selfSubsumption removed 		0 literals
c deduce added				0 new implications
c subsumption removed 			0 clauses 
c
c simplify: round 3
c deduce added 				0 new implications
c variableElimination eliminated 	0 variables!
c selfSubsumption removed 		0 literals
c deduce added				0 new implications
c subsumption removed 			0 clauses 
c subsumption removed 			4 clauses 
c ================Preprocessing Finished=======================
c clauses: 576, variables: 524


c =================Computation Finished========================
c =======================Thread 0==============================
c decisions         : 82
c bcps              : 598
c conflicts         : 0
c aborted components: 0
c blocks            : 1
c backtracks        : 164
c backtrack dist    : 1.9756
c recomputations    : 0
c splits            : 60
c split ratio       : 6.1500
c =======================Thread 1==============================
c decisions         : 72
c bcps              : 467
c conflicts         : 0
c aborted components: 0
c blocks            : 3
c backtracks        : 144
c backtrack dist    : 2.0486
c recomputations    : 0
c splits            : 53
c split ratio       : 3.1132
c =======================Thread 2==============================
c decisions         : 59
c bcps              : 396
c conflicts         : 0
c aborted components: 0
c blocks            : 2
c backtracks        : 118
c backtrack dist    : 1.9746
c recomputations    : 0
c splits            : 31
c split ratio       : 5.0000
c =======================Thread 3==============================
c decisions         : 44
c bcps              : 300
c conflicts         : 0
c aborted components: 0
c blocks            : 5
c backtracks        : 88
c backtrack dist    : 2.0795
c recomputations    : 0
c splits            : 43
c split ratio       : 2.4186
c ===================Cache Statistics==========================
c tries..................: 467
c hits...................: 210
c hit rate...............: 44.9679 % 
c removed items..........: 0
c ===================Overall Statistics========================
c TOTAL backtracks.......: 514
c TOTAL backtrack dist...: 2.0136
c TOTAL recomputations...: 0
c #decisions.............: 257
c #bcp operations........: 1761
c split ratio............: 0.0000
c cpu time...............: 0.0133 s
c wall clock time........: 0.0104 s
c =========================================================
c model count............: 35661316864972645214803719660033684813898231412185849760296019004306450217931723523590694071103927128200086905377751417809899619719080759043027830027342315520000000000000000000
s SATISFIABLE
