c ======================================================
c countAntom, Jan Burchard, University of Freiburg, 2015
c   based on the antom SAT-solver, by Tobias Schubert   
c ======================================================
c cnf file...............: ../../501_Git_Repos/busybox-data/data//busybox//2008/2008-05-15_22-43-48/clean.dimacs
c #variables.............: 693
c #clauses...............: 557
c ======================= Settings ============================
c number of threads......: 4
c memory size............: 4000
c vsads factor...........: 0.5000
c enable IBCP............: no
c split into components..: yes
c only preprocessing.....: no
c Tseitin detection......: yes
c UPLA...................: yes
c self-subsumption.......: yes
c variable elimination...: yes
c simplfication rounds...: 4
c add dependencies.......: yes
c ==================Start Preprocessing========================
c deduce added 				6 new implications
c UPLA removed 10 equivalent variables
c Tseitin detection found 3 AND gates, 2 OR gates, 0 XOR gates, 0 EQUIV gates, 
c subsumption removed 			24 clauses 
c selfSubsumption removed 		3 literals
c
c simplify: round 0
c deduce added 				0 new implications
c variableElimination eliminated 	74 variables!
c selfSubsumption removed 		0 literals
c deduce added				0 new implications
c subsumption removed 			20 clauses 
c
c simplify: round 1
c deduce added 				0 new implications
c variableElimination eliminated 	1 variables!
c selfSubsumption removed 		0 literals
c deduce added				0 new implications
c subsumption removed 			0 clauses 
c
c simplify: round 2
c deduce added 				0 new implications
c variableElimination eliminated 	0 variables!
c selfSubsumption removed 		0 literals
c deduce added				0 new implications
c subsumption removed 			0 clauses 
c
c simplify: round 3
c deduce added 				0 new implications
c variableElimination eliminated 	0 variables!
c selfSubsumption removed 		0 literals
c deduce added				0 new implications
c subsumption removed 			0 clauses 
c subsumption removed 			3 clauses 
c ================Preprocessing Finished=======================
c clauses: 545, variables: 512


c =================Computation Finished========================
c =======================Thread 0==============================
c decisions         : 76
c bcps              : 509
c conflicts         : 0
c aborted components: 0
c blocks            : 2
c backtracks        : 152
c backtrack dist    : 1.9737
c recomputations    : 0
c splits            : 43
c split ratio       : 7.4186
c =======================Thread 1==============================
c decisions         : 48
c bcps              : 362
c conflicts         : 0
c aborted components: 0
c blocks            : 5
c backtracks        : 96
c backtrack dist    : 2.0521
c recomputations    : 0
c splits            : 39
c split ratio       : 2.6923
c =======================Thread 2==============================
c decisions         : 65
c bcps              : 428
c conflicts         : 0
c aborted components: 0
c blocks            : 2
c backtracks        : 130
c backtrack dist    : 1.9769
c recomputations    : 0
c splits            : 41
c split ratio       : 4.8537
c =======================Thread 3==============================
c decisions         : 58
c bcps              : 378
c conflicts         : 0
c aborted components: 0
c blocks            : 2
c backtracks        : 116
c backtrack dist    : 2.0086
c recomputations    : 0
c splits            : 49
c split ratio       : 2.7551
c ===================Cache Statistics==========================
c tries..................: 437
c hits...................: 190
c hit rate...............: 43.4783 % 
c removed items..........: 0
c ===================Overall Statistics========================
c TOTAL backtracks.......: 494
c TOTAL backtrack dist...: 1.9980
c TOTAL recomputations...: 0
c #decisions.............: 247
c #bcp operations........: 1677
c split ratio............: 0.0000
c cpu time...............: 0.0139 s
c wall clock time........: 0.0114 s
c =========================================================
c model count............: 7761395217915814102792214040965351146510814521325995093791872629172377048579896035947564073121117883362392476835012255180502506380061902829489360354420981760000000000000000
s SATISFIABLE
