c ======================================================
c countAntom, Jan Burchard, University of Freiburg, 2015
c   based on the antom SAT-solver, by Tobias Schubert   
c ======================================================
c cnf file...............: ../../501_Git_Repos/busybox-data/data//busybox//2008/2008-10-18_19-37-41/clean.dimacs
c #variables.............: 722
c #clauses...............: 579
c ======================= Settings ============================
c number of threads......: 4
c memory size............: 4000
c vsads factor...........: 0.5000
c enable IBCP............: no
c split into components..: yes
c only preprocessing.....: no
c Tseitin detection......: yes
c UPLA...................: yes
c self-subsumption.......: yes
c variable elimination...: yes
c simplfication rounds...: 4
c add dependencies.......: yes
c ==================Start Preprocessing========================
c deduce added 				9 new implications
c UPLA removed 12 equivalent variables
c Tseitin detection found 3 AND gates, 2 OR gates, 0 XOR gates, 0 EQUIV gates, 
c subsumption removed 			21 clauses 
c selfSubsumption removed 		3 literals
c
c simplify: round 0
c deduce added 				0 new implications
c variableElimination eliminated 	84 variables!
c selfSubsumption removed 		0 literals
c deduce added				0 new implications
c subsumption removed 			5 clauses 
c
c simplify: round 1
c deduce added 				0 new implications
c variableElimination eliminated 	0 variables!
c selfSubsumption removed 		0 literals
c deduce added				0 new implications
c subsumption removed 			0 clauses 
c
c simplify: round 2
c deduce added 				0 new implications
c variableElimination eliminated 	0 variables!
c selfSubsumption removed 		0 literals
c deduce added				0 new implications
c subsumption removed 			0 clauses 
c
c simplify: round 3
c deduce added 				0 new implications
c variableElimination eliminated 	0 variables!
c selfSubsumption removed 		0 literals
c deduce added				0 new implications
c subsumption removed 			0 clauses 
c subsumption removed 			4 clauses 
c ================Preprocessing Finished=======================
c clauses: 581, variables: 530


c =================Computation Finished========================
c =======================Thread 0==============================
c decisions         : 68
c bcps              : 462
c conflicts         : 0
c aborted components: 0
c blocks            : 1
c backtracks        : 136
c backtrack dist    : 1.9632
c recomputations    : 0
c splits            : 45
c split ratio       : 6.2889
c =======================Thread 1==============================
c decisions         : 67
c bcps              : 482
c conflicts         : 0
c aborted components: 0
c blocks            : 2
c backtracks        : 134
c backtrack dist    : 2.0149
c recomputations    : 0
c splits            : 43
c split ratio       : 4.6744
c =======================Thread 2==============================
c decisions         : 52
c bcps              : 329
c conflicts         : 0
c aborted components: 0
c blocks            : 2
c backtracks        : 104
c backtrack dist    : 1.9904
c recomputations    : 0
c splits            : 37
c split ratio       : 3.1081
c =======================Thread 3==============================
c decisions         : 70
c bcps              : 452
c conflicts         : 0
c aborted components: 0
c blocks            : 3
c backtracks        : 140
c backtrack dist    : 2.0500
c recomputations    : 0
c splits            : 57
c split ratio       : 2.8596
c ===================Cache Statistics==========================
c tries..................: 431
c hits...................: 174
c hit rate...............: 40.3712 % 
c removed items..........: 0
c ===================Overall Statistics========================
c TOTAL backtracks.......: 514
c TOTAL backtrack dist...: 2.0058
c TOTAL recomputations...: 0
c #decisions.............: 257
c #bcp operations........: 1725
c split ratio............: 0.0000
c cpu time...............: 0.0130 s
c wall clock time........: 0.0101 s
c =========================================================
c model count............: 952160892884288938524562450462251722111114839121903824934143712438662645986259604545152748697971555005589157280765775833869477174463748078903868404478190708326400000000000000000
s SATISFIABLE
