c ======================================================
c countAntom, Jan Burchard, University of Freiburg, 2015
c   based on the antom SAT-solver, by Tobias Schubert   
c ======================================================
c cnf file...............: ../../501_Git_Repos/busybox-data/data//busybox//2008/2008-08-05_23-32-27/clean.dimacs
c #variables.............: 712
c #clauses...............: 602
c ======================= Settings ============================
c number of threads......: 4
c memory size............: 4000
c vsads factor...........: 0.5000
c enable IBCP............: no
c split into components..: yes
c only preprocessing.....: no
c Tseitin detection......: yes
c UPLA...................: yes
c self-subsumption.......: yes
c variable elimination...: yes
c simplfication rounds...: 4
c add dependencies.......: yes
c ==================Start Preprocessing========================
c deduce added 				7 new implications
c UPLA removed 10 equivalent variables
c Tseitin detection found 3 AND gates, 2 OR gates, 0 XOR gates, 0 EQUIV gates, 
c subsumption removed 			42 clauses 
c selfSubsumption removed 		2 literals
c
c simplify: round 0
c deduce added 				0 new implications
c variableElimination eliminated 	80 variables!
c selfSubsumption removed 		1 literals
c deduce added				0 new implications
c subsumption removed 			15 clauses 
c
c simplify: round 1
c deduce added 				0 new implications
c variableElimination eliminated 	2 variables!
c selfSubsumption removed 		0 literals
c deduce added				0 new implications
c subsumption removed 			3 clauses 
c
c simplify: round 2
c deduce added 				0 new implications
c variableElimination eliminated 	0 variables!
c selfSubsumption removed 		0 literals
c deduce added				0 new implications
c subsumption removed 			0 clauses 
c
c simplify: round 3
c deduce added 				0 new implications
c variableElimination eliminated 	0 variables!
c selfSubsumption removed 		0 literals
c deduce added				0 new implications
c subsumption removed 			0 clauses 
c subsumption removed 			4 clauses 
c ================Preprocessing Finished=======================
c clauses: 576, variables: 524


c =================Computation Finished========================
c =======================Thread 0==============================
c decisions         : 82
c bcps              : 569
c conflicts         : 0
c aborted components: 0
c blocks            : 1
c backtracks        : 164
c backtrack dist    : 1.9695
c recomputations    : 0
c splits            : 55
c split ratio       : 6.5818
c =======================Thread 1==============================
c decisions         : 47
c bcps              : 343
c conflicts         : 0
c aborted components: 0
c blocks            : 6
c backtracks        : 94
c backtrack dist    : 2.0532
c recomputations    : 0
c splits            : 37
c split ratio       : 3.7568
c =======================Thread 2==============================
c decisions         : 45
c bcps              : 327
c conflicts         : 0
c aborted components: 0
c blocks            : 3
c backtracks        : 90
c backtrack dist    : 2.2778
c recomputations    : 0
c splits            : 28
c split ratio       : 3.5714
c =======================Thread 3==============================
c decisions         : 82
c bcps              : 512
c conflicts         : 0
c aborted components: 0
c blocks            : 3
c backtracks        : 164
c backtrack dist    : 1.9817
c recomputations    : 0
c splits            : 61
c split ratio       : 3.0000
c ===================Cache Statistics==========================
c tries..................: 454
c hits...................: 198
c hit rate...............: 43.6123 % 
c removed items..........: 0
c ===================Overall Statistics========================
c TOTAL backtracks.......: 512
c TOTAL backtrack dist...: 2.0430
c TOTAL recomputations...: 0
c #decisions.............: 256
c #bcp operations........: 1751
c split ratio............: 0.0000
c cpu time...............: 0.0134 s
c wall clock time........: 0.0105 s
c =========================================================
c model count............: 4457664608121580651850464957504210601737278926523231220037002375538306277241465440448836758887990891025010863172218927226237452464885094880378478753417789440000000000000000000
s SATISFIABLE
