c ======================================================
c countAntom, Jan Burchard, University of Freiburg, 2015
c   based on the antom SAT-solver, by Tobias Schubert   
c ======================================================
c cnf file...............: ../../501_Git_Repos/busybox-data/data//busybox//2008/2008-11-13_21-53-32/clean.dimacs
c #variables.............: 731
c #clauses...............: 593
c ======================= Settings ============================
c number of threads......: 4
c memory size............: 4000
c vsads factor...........: 0.5000
c enable IBCP............: no
c split into components..: yes
c only preprocessing.....: no
c Tseitin detection......: yes
c UPLA...................: yes
c self-subsumption.......: yes
c variable elimination...: yes
c simplfication rounds...: 4
c add dependencies.......: yes
c ==================Start Preprocessing========================
c deduce added 				9 new implications
c UPLA removed 12 equivalent variables
c Tseitin detection found 3 AND gates, 3 OR gates, 0 XOR gates, 0 EQUIV gates, 
c subsumption removed 			25 clauses 
c selfSubsumption removed 		2 literals
c
c simplify: round 0
c deduce added 				0 new implications
c variableElimination eliminated 	99 variables!
c selfSubsumption removed 		0 literals
c deduce added				0 new implications
c subsumption removed 			5 clauses 
c
c simplify: round 1
c deduce added 				0 new implications
c variableElimination eliminated 	0 variables!
c selfSubsumption removed 		0 literals
c deduce added				0 new implications
c subsumption removed 			0 clauses 
c
c simplify: round 2
c deduce added 				0 new implications
c variableElimination eliminated 	0 variables!
c selfSubsumption removed 		0 literals
c deduce added				0 new implications
c subsumption removed 			0 clauses 
c
c simplify: round 3
c deduce added 				0 new implications
c variableElimination eliminated 	0 variables!
c selfSubsumption removed 		0 literals
c deduce added				0 new implications
c subsumption removed 			0 clauses 
c subsumption removed 			4 clauses 
c ================Preprocessing Finished=======================
c clauses: 563, variables: 539


c =================Computation Finished========================
c =======================Thread 0==============================
c decisions         : 97
c bcps              : 850
c conflicts         : 0
c aborted components: 0
c blocks            : 7
c backtracks        : 194
c backtrack dist    : 2.3299
c recomputations    : 0
c splits            : 80
c split ratio       : 5.1625
c =======================Thread 1==============================
c decisions         : 80
c bcps              : 590
c conflicts         : 0
c aborted components: 0
c blocks            : 2
c backtracks        : 160
c backtrack dist    : 1.9312
c recomputations    : 0
c splits            : 119
c split ratio       : 2.4202
c =======================Thread 2==============================
c decisions         : 84
c bcps              : 633
c conflicts         : 0
c aborted components: 0
c blocks            : 5
c backtracks        : 168
c backtrack dist    : 2.0774
c recomputations    : 0
c splits            : 74
c split ratio       : 3.7432
c =======================Thread 3==============================
c decisions         : 104
c bcps              : 746
c conflicts         : 0
c aborted components: 0
c blocks            : 7
c backtracks        : 208
c backtrack dist    : 2.0240
c recomputations    : 0
c splits            : 103
c split ratio       : 3.0097
c ===================Cache Statistics==========================
c tries..................: 935
c hits...................: 570
c hit rate...............: 60.9626 % 
c removed items..........: 0
c ===================Overall Statistics========================
c TOTAL backtracks.......: 730
c TOTAL backtrack dist...: 2.0973
c TOTAL recomputations...: 0
c #decisions.............: 365
c #bcp operations........: 2819
c split ratio............: 0.0000
c cpu time...............: 0.0178 s
c wall clock time........: 0.0127 s
c =========================================================
c model count............: 45374305323647642251647141579473177337229921081102011941897762815139589184602705064378194336360207144147668020093736281783194963300147518588060637007402059694080000000000000000000
s SATISFIABLE
