c ======================================================
c countAntom, Jan Burchard, University of Freiburg, 2015
c   based on the antom SAT-solver, by Tobias Schubert   
c ======================================================
c cnf file...............: ../../501_Git_Repos/busybox-data/data//busybox//2008/2008-11-24_22-34-47/clean.dimacs
c #variables.............: 733
c #clauses...............: 596
c ======================= Settings ============================
c number of threads......: 4
c memory size............: 4000
c vsads factor...........: 0.5000
c enable IBCP............: no
c split into components..: yes
c only preprocessing.....: no
c Tseitin detection......: yes
c UPLA...................: yes
c self-subsumption.......: yes
c variable elimination...: yes
c simplfication rounds...: 4
c add dependencies.......: yes
c ==================Start Preprocessing========================
c deduce added 				9 new implications
c UPLA removed 12 equivalent variables
c Tseitin detection found 4 AND gates, 3 OR gates, 0 XOR gates, 0 EQUIV gates, 
c subsumption removed 			25 clauses 
c selfSubsumption removed 		2 literals
c
c simplify: round 0
c deduce added 				0 new implications
c variableElimination eliminated 	99 variables!
c selfSubsumption removed 		0 literals
c deduce added				0 new implications
c subsumption removed 			5 clauses 
c
c simplify: round 1
c deduce added 				0 new implications
c variableElimination eliminated 	0 variables!
c selfSubsumption removed 		0 literals
c deduce added				0 new implications
c subsumption removed 			0 clauses 
c
c simplify: round 2
c deduce added 				0 new implications
c variableElimination eliminated 	0 variables!
c selfSubsumption removed 		0 literals
c deduce added				0 new implications
c subsumption removed 			0 clauses 
c
c simplify: round 3
c deduce added 				0 new implications
c variableElimination eliminated 	0 variables!
c selfSubsumption removed 		0 literals
c deduce added				0 new implications
c subsumption removed 			0 clauses 
c subsumption removed 			4 clauses 
c ================Preprocessing Finished=======================
c clauses: 563, variables: 539


c =================Computation Finished========================
c =======================Thread 0==============================
c decisions         : 115
c bcps              : 840
c conflicts         : 0
c aborted components: 0
c blocks            : 1
c backtracks        : 230
c backtrack dist    : 1.9739
c recomputations    : 0
c splits            : 129
c split ratio       : 3.9457
c =======================Thread 1==============================
c decisions         : 83
c bcps              : 700
c conflicts         : 0
c aborted components: 0
c blocks            : 10
c backtracks        : 166
c backtrack dist    : 2.3494
c recomputations    : 0
c splits            : 71
c split ratio       : 3.5211
c =======================Thread 2==============================
c decisions         : 84
c bcps              : 607
c conflicts         : 0
c aborted components: 0
c blocks            : 4
c backtracks        : 168
c backtrack dist    : 1.9821
c recomputations    : 0
c splits            : 124
c split ratio       : 2.3065
c =======================Thread 3==============================
c decisions         : 95
c bcps              : 714
c conflicts         : 0
c aborted components: 0
c blocks            : 7
c backtracks        : 190
c backtrack dist    : 2.1000
c recomputations    : 0
c splits            : 72
c split ratio       : 3.4028
c ===================Cache Statistics==========================
c tries..................: 933
c hits...................: 556
c hit rate...............: 59.5927 % 
c removed items..........: 0
c ===================Overall Statistics========================
c TOTAL backtracks.......: 754
c TOTAL backtrack dist...: 2.0902
c TOTAL recomputations...: 0
c #decisions.............: 377
c #bcp operations........: 2861
c split ratio............: 0.0000
c cpu time...............: 0.0182 s
c wall clock time........: 0.0130 s
c =========================================================
c model count............: 108455656627255340016132192068009058025573957706048711470877579411797066831489392592903976706421958539670035755346003795481783083010108702966583961627448825610240000000000000000000
s SATISFIABLE
