c ======================================================
c countAntom, Jan Burchard, University of Freiburg, 2015
c   based on the antom SAT-solver, by Tobias Schubert   
c ======================================================
c cnf file...............: ../../501_Git_Repos/busybox-data/data//busybox//2008/2008-09-22_21-34-24/clean.dimacs
c #variables.............: 715
c #clauses...............: 569
c ======================= Settings ============================
c number of threads......: 4
c memory size............: 4000
c vsads factor...........: 0.5000
c enable IBCP............: no
c split into components..: yes
c only preprocessing.....: no
c Tseitin detection......: yes
c UPLA...................: yes
c self-subsumption.......: yes
c variable elimination...: yes
c simplfication rounds...: 4
c add dependencies.......: yes
c ==================Start Preprocessing========================
c deduce added 				9 new implications
c UPLA removed 11 equivalent variables
c Tseitin detection found 3 AND gates, 2 OR gates, 0 XOR gates, 0 EQUIV gates, 
c subsumption removed 			22 clauses 
c selfSubsumption removed 		2 literals
c
c simplify: round 0
c deduce added 				0 new implications
c variableElimination eliminated 	81 variables!
c selfSubsumption removed 		0 literals
c deduce added				0 new implications
c subsumption removed 			5 clauses 
c
c simplify: round 1
c deduce added 				0 new implications
c variableElimination eliminated 	0 variables!
c selfSubsumption removed 		0 literals
c deduce added				0 new implications
c subsumption removed 			0 clauses 
c
c simplify: round 2
c deduce added 				0 new implications
c variableElimination eliminated 	0 variables!
c selfSubsumption removed 		0 literals
c deduce added				0 new implications
c subsumption removed 			0 clauses 
c
c simplify: round 3
c deduce added 				0 new implications
c variableElimination eliminated 	0 variables!
c selfSubsumption removed 		0 literals
c deduce added				0 new implications
c subsumption removed 			0 clauses 
c subsumption removed 			4 clauses 
c ================Preprocessing Finished=======================
c clauses: 568, variables: 522


c =================Computation Finished========================
c =======================Thread 0==============================
c decisions         : 86
c bcps              : 576
c conflicts         : 0
c aborted components: 0
c blocks            : 1
c backtracks        : 172
c backtrack dist    : 1.9767
c recomputations    : 0
c splits            : 57
c split ratio       : 6.1053
c =======================Thread 1==============================
c decisions         : 48
c bcps              : 318
c conflicts         : 0
c aborted components: 0
c blocks            : 4
c backtracks        : 96
c backtrack dist    : 1.9896
c recomputations    : 0
c splits            : 38
c split ratio       : 2.7105
c =======================Thread 2==============================
c decisions         : 47
c bcps              : 327
c conflicts         : 0
c aborted components: 0
c blocks            : 6
c backtracks        : 94
c backtrack dist    : 1.9894
c recomputations    : 0
c splits            : 34
c split ratio       : 3.2059
c =======================Thread 3==============================
c decisions         : 67
c bcps              : 453
c conflicts         : 0
c aborted components: 0
c blocks            : 4
c backtracks        : 134
c backtrack dist    : 1.9701
c recomputations    : 0
c splits            : 38
c split ratio       : 5.2895
c ===================Cache Statistics==========================
c tries..................: 433
c hits...................: 185
c hit rate...............: 42.7252 % 
c removed items..........: 0
c ===================Overall Statistics========================
c TOTAL backtracks.......: 496
c TOTAL backtrack dist...: 1.9798
c TOTAL recomputations...: 0
c #decisions.............: 248
c #bcp operations........: 1674
c split ratio............: 0.0000
c cpu time...............: 0.0131 s
c wall clock time........: 0.0102 s
c =========================================================
c model count............: 85234329420858574721542225947400359987563525433786484047257290787415898727888530292363879149972028824274687662901131584542533987567299298747935204088070799360000000000000000000
s SATISFIABLE
