c ======================================================
c countAntom, Jan Burchard, University of Freiburg, 2015
c   based on the antom SAT-solver, by Tobias Schubert   
c ======================================================
c cnf file...............: ../../501_Git_Repos/busybox-data/data//busybox//2008/2008-09-26_23-45-20/clean.dimacs
c #variables.............: 717
c #clauses...............: 571
c ======================= Settings ============================
c number of threads......: 4
c memory size............: 4000
c vsads factor...........: 0.5000
c enable IBCP............: no
c split into components..: yes
c only preprocessing.....: no
c Tseitin detection......: yes
c UPLA...................: yes
c self-subsumption.......: yes
c variable elimination...: yes
c simplfication rounds...: 4
c add dependencies.......: yes
c ==================Start Preprocessing========================
c deduce added 				9 new implications
c UPLA removed 11 equivalent variables
c Tseitin detection found 3 AND gates, 2 OR gates, 0 XOR gates, 0 EQUIV gates, 
c subsumption removed 			20 clauses 
c selfSubsumption removed 		2 literals
c
c simplify: round 0
c deduce added 				0 new implications
c variableElimination eliminated 	81 variables!
c selfSubsumption removed 		0 literals
c deduce added				0 new implications
c subsumption removed 			5 clauses 
c
c simplify: round 1
c deduce added 				0 new implications
c variableElimination eliminated 	0 variables!
c selfSubsumption removed 		0 literals
c deduce added				0 new implications
c subsumption removed 			0 clauses 
c
c simplify: round 2
c deduce added 				0 new implications
c variableElimination eliminated 	0 variables!
c selfSubsumption removed 		0 literals
c deduce added				0 new implications
c subsumption removed 			0 clauses 
c
c simplify: round 3
c deduce added 				0 new implications
c variableElimination eliminated 	0 variables!
c selfSubsumption removed 		0 literals
c deduce added				0 new implications
c subsumption removed 			0 clauses 
c subsumption removed 			3 clauses 
c ================Preprocessing Finished=======================
c clauses: 573, variables: 524


c =================Computation Finished========================
c =======================Thread 0==============================
c decisions         : 64
c bcps              : 464
c conflicts         : 0
c aborted components: 0
c blocks            : 1
c backtracks        : 128
c backtrack dist    : 1.9609
c recomputations    : 0
c splits            : 39
c split ratio       : 8.2051
c =======================Thread 1==============================
c decisions         : 59
c bcps              : 376
c conflicts         : 0
c aborted components: 0
c blocks            : 4
c backtracks        : 118
c backtrack dist    : 2.0085
c recomputations    : 0
c splits            : 52
c split ratio       : 2.7885
c =======================Thread 2==============================
c decisions         : 69
c bcps              : 464
c conflicts         : 0
c aborted components: 0
c blocks            : 9
c backtracks        : 138
c backtrack dist    : 2.0580
c recomputations    : 0
c splits            : 45
c split ratio       : 3.9333
c =======================Thread 3==============================
c decisions         : 60
c bcps              : 414
c conflicts         : 0
c aborted components: 0
c blocks            : 6
c backtracks        : 120
c backtrack dist    : 2.2250
c recomputations    : 0
c splits            : 31
c split ratio       : 4.1613
c ===================Cache Statistics==========================
c tries..................: 435
c hits...................: 183
c hit rate...............: 42.0690 % 
c removed items..........: 0
c ===================Overall Statistics========================
c TOTAL backtracks.......: 504
c TOTAL backtrack dist...: 2.0615
c TOTAL recomputations...: 0
c #decisions.............: 252
c #bcp operations........: 1718
c split ratio............: 0.0000
c cpu time...............: 0.0132 s
c wall clock time........: 0.0102 s
c =========================================================
c model count............: 227951463729975031490049167603515006803016567761899316549475170996142761921401068196900458040680705208552765075950724847987557640520936490447004992283995013120000000000000000000
s SATISFIABLE
