c ======================================================
c countAntom, Jan Burchard, University of Freiburg, 2015
c   based on the antom SAT-solver, by Tobias Schubert   
c ======================================================
c cnf file...............: ../../501_Git_Repos/busybox-data/data//busybox//2008/2008-07-24_23-38-04/clean.dimacs
c #variables.............: 716
c #clauses...............: 610
c ======================= Settings ============================
c number of threads......: 4
c memory size............: 4000
c vsads factor...........: 0.5000
c enable IBCP............: no
c split into components..: yes
c only preprocessing.....: no
c Tseitin detection......: yes
c UPLA...................: yes
c self-subsumption.......: yes
c variable elimination...: yes
c simplfication rounds...: 4
c add dependencies.......: yes
c ==================Start Preprocessing========================
c deduce added 				7 new implications
c UPLA removed 10 equivalent variables
c Tseitin detection found 3 AND gates, 2 OR gates, 0 XOR gates, 0 EQUIV gates, 
c subsumption removed 			38 clauses 
c selfSubsumption removed 		3 literals
c
c simplify: round 0
c deduce added 				0 new implications
c variableElimination eliminated 	81 variables!
c selfSubsumption removed 		1 literals
c deduce added				0 new implications
c subsumption removed 			16 clauses 
c
c simplify: round 1
c deduce added 				0 new implications
c variableElimination eliminated 	2 variables!
c selfSubsumption removed 		0 literals
c deduce added				0 new implications
c subsumption removed 			3 clauses 
c
c simplify: round 2
c deduce added 				0 new implications
c variableElimination eliminated 	0 variables!
c selfSubsumption removed 		0 literals
c deduce added				0 new implications
c subsumption removed 			0 clauses 
c
c simplify: round 3
c deduce added 				0 new implications
c variableElimination eliminated 	0 variables!
c selfSubsumption removed 		0 literals
c deduce added				0 new implications
c subsumption removed 			0 clauses 
c subsumption removed 			4 clauses 
c ================Preprocessing Finished=======================
c clauses: 590, variables: 531


c =================Computation Finished========================
c =======================Thread 0==============================
c decisions         : 78
c bcps              : 559
c conflicts         : 0
c aborted components: 0
c blocks            : 1
c backtracks        : 156
c backtrack dist    : 1.9744
c recomputations    : 0
c splits            : 43
c split ratio       : 8.2558
c =======================Thread 1==============================
c decisions         : 50
c bcps              : 328
c conflicts         : 0
c aborted components: 0
c blocks            : 5
c backtracks        : 100
c backtrack dist    : 1.9500
c recomputations    : 0
c splits            : 50
c split ratio       : 2.4600
c =======================Thread 2==============================
c decisions         : 53
c bcps              : 356
c conflicts         : 0
c aborted components: 0
c blocks            : 6
c backtracks        : 106
c backtrack dist    : 2.0849
c recomputations    : 0
c splits            : 40
c split ratio       : 2.9750
c =======================Thread 3==============================
c decisions         : 69
c bcps              : 454
c conflicts         : 0
c aborted components: 0
c blocks            : 3
c backtracks        : 138
c backtrack dist    : 1.9783
c recomputations    : 0
c splits            : 38
c split ratio       : 4.5526
c ===================Cache Statistics==========================
c tries..................: 442
c hits...................: 192
c hit rate...............: 43.4389 % 
c removed items..........: 0
c ===================Overall Statistics========================
c TOTAL backtracks.......: 500
c TOTAL backtrack dist...: 1.9940
c TOTAL recomputations...: 0
c #decisions.............: 250
c #bcp operations........: 1697
c split ratio............: 0.0000
c cpu time...............: 0.0140 s
c wall clock time........: 0.0111 s
c =========================================================
c model count............: 18574029918825182590937073852017463335633030175454861678187298492314775267243669422206333761419849823504657414123176725197203474993171988320913290152129880653824000000000000000
s SATISFIABLE
