c ======================================================
c countAntom, Jan Burchard, University of Freiburg, 2015
c   based on the antom SAT-solver, by Tobias Schubert   
c ======================================================
c cnf file...............: ../../501_Git_Repos/busybox-data/data//busybox//2009/2009-05-06_05-28-53/clean.dimacs
c #variables.............: 748
c #clauses...............: 620
c ======================= Settings ============================
c number of threads......: 4
c memory size............: 4000
c vsads factor...........: 0.5000
c enable IBCP............: no
c split into components..: yes
c only preprocessing.....: no
c Tseitin detection......: yes
c UPLA...................: yes
c self-subsumption.......: yes
c variable elimination...: yes
c simplfication rounds...: 4
c add dependencies.......: yes
c ==================Start Preprocessing========================
c deduce added 				8 new implications
c UPLA removed 12 equivalent variables
c Tseitin detection found 4 AND gates, 4 OR gates, 0 XOR gates, 0 EQUIV gates, 
c subsumption removed 			32 clauses 
c selfSubsumption removed 		2 literals
c
c simplify: round 0
c deduce added 				0 new implications
c variableElimination eliminated 	102 variables!
c selfSubsumption removed 		0 literals
c deduce added				0 new implications
c subsumption removed 			5 clauses 
c
c simplify: round 1
c deduce added 				0 new implications
c variableElimination eliminated 	0 variables!
c selfSubsumption removed 		0 literals
c deduce added				0 new implications
c subsumption removed 			0 clauses 
c
c simplify: round 2
c deduce added 				0 new implications
c variableElimination eliminated 	0 variables!
c selfSubsumption removed 		0 literals
c deduce added				0 new implications
c subsumption removed 			0 clauses 
c
c simplify: round 3
c deduce added 				0 new implications
c variableElimination eliminated 	0 variables!
c selfSubsumption removed 		0 literals
c deduce added				0 new implications
c subsumption removed 			0 clauses 
c subsumption removed 			4 clauses 
c ================Preprocessing Finished=======================
c clauses: 578, variables: 549


c =================Computation Finished========================
c =======================Thread 0==============================
c decisions         : 112
c bcps              : 873
c conflicts         : 0
c aborted components: 0
c blocks            : 6
c backtracks        : 224
c backtrack dist    : 2.0446
c recomputations    : 0
c splits            : 75
c split ratio       : 6.0667
c =======================Thread 1==============================
c decisions         : 67
c bcps              : 523
c conflicts         : 0
c aborted components: 0
c blocks            : 3
c backtracks        : 134
c backtrack dist    : 2.0075
c recomputations    : 0
c splits            : 70
c split ratio       : 3.6143
c =======================Thread 2==============================
c decisions         : 103
c bcps              : 747
c conflicts         : 0
c aborted components: 0
c blocks            : 2
c backtracks        : 206
c backtrack dist    : 1.9854
c recomputations    : 0
c splits            : 132
c split ratio       : 2.5455
c =======================Thread 3==============================
c decisions         : 67
c bcps              : 564
c conflicts         : 0
c aborted components: 0
c blocks            : 5
c backtracks        : 134
c backtrack dist    : 2.4925
c recomputations    : 0
c splits            : 67
c split ratio       : 3.2239
c ===================Cache Statistics==========================
c tries..................: 907
c hits...................: 558
c hit rate...............: 61.5215 % 
c removed items..........: 0
c ===================Overall Statistics========================
c TOTAL backtracks.......: 698
c TOTAL backtrack dist...: 2.1060
c TOTAL recomputations...: 0
c #decisions.............: 349
c #bcp operations........: 2707
c split ratio............: 0.0000
c cpu time...............: 0.0177 s
c wall clock time........: 0.0127 s
c =========================================================
c model count............: 360710239999709883240863996966746726004136947796282252376771113791020007780574396007905921273033839975628352600665403105250687485512257180699644302217276316020899840000000000000000000
s SATISFIABLE
