c ======================================================
c countAntom, Jan Burchard, University of Freiburg, 2015
c   based on the antom SAT-solver, by Tobias Schubert   
c ======================================================
c cnf file...............: ../../501_Git_Repos/busybox-data/data//busybox//2009/2009-10-09_23-35-30/clean.dimacs
c #variables.............: 771
c #clauses...............: 654
c ======================= Settings ============================
c number of threads......: 4
c memory size............: 4000
c vsads factor...........: 0.5000
c enable IBCP............: no
c split into components..: yes
c only preprocessing.....: no
c Tseitin detection......: yes
c UPLA...................: yes
c self-subsumption.......: yes
c variable elimination...: yes
c simplfication rounds...: 4
c add dependencies.......: yes
c ==================Start Preprocessing========================
c deduce added 				8 new implications
c UPLA removed 15 equivalent variables
c Tseitin detection found 4 AND gates, 6 OR gates, 0 XOR gates, 0 EQUIV gates, 
c subsumption removed 			37 clauses 
c selfSubsumption removed 		2 literals
c
c simplify: round 0
c deduce added 				0 new implications
c variableElimination eliminated 	107 variables!
c selfSubsumption removed 		0 literals
c deduce added				0 new implications
c subsumption removed 			5 clauses 
c
c simplify: round 1
c deduce added 				0 new implications
c variableElimination eliminated 	1 variables!
c selfSubsumption removed 		0 literals
c deduce added				0 new implications
c subsumption removed 			0 clauses 
c
c simplify: round 2
c deduce added 				0 new implications
c variableElimination eliminated 	0 variables!
c selfSubsumption removed 		0 literals
c deduce added				0 new implications
c subsumption removed 			0 clauses 
c
c simplify: round 3
c deduce added 				0 new implications
c variableElimination eliminated 	0 variables!
c selfSubsumption removed 		0 literals
c deduce added				0 new implications
c subsumption removed 			0 clauses 
c subsumption removed 			4 clauses 
c ================Preprocessing Finished=======================
c clauses: 600, variables: 563


c =================Computation Finished========================
c =======================Thread 0==============================
c decisions         : 96
c bcps              : 679
c conflicts         : 0
c aborted components: 0
c blocks            : 1
c backtracks        : 192
c backtrack dist    : 1.9844
c recomputations    : 0
c splits            : 68
c split ratio       : 5.8382
c =======================Thread 1==============================
c decisions         : 74
c bcps              : 575
c conflicts         : 0
c aborted components: 0
c blocks            : 3
c backtracks        : 148
c backtrack dist    : 2.1351
c recomputations    : 0
c splits            : 59
c split ratio       : 4.2203
c =======================Thread 2==============================
c decisions         : 92
c bcps              : 654
c conflicts         : 0
c aborted components: 0
c blocks            : 2
c backtracks        : 184
c backtrack dist    : 1.9728
c recomputations    : 0
c splits            : 104
c split ratio       : 2.9231
c =======================Thread 3==============================
c decisions         : 84
c bcps              : 656
c conflicts         : 0
c aborted components: 0
c blocks            : 5
c backtracks        : 168
c backtrack dist    : 2.1310
c recomputations    : 0
c splits            : 74
c split ratio       : 3.2703
c ===================Cache Statistics==========================
c tries..................: 806
c hits...................: 460
c hit rate...............: 57.0720 % 
c removed items..........: 0
c ===================Overall Statistics========================
c TOTAL backtracks.......: 692
c TOTAL backtrack dist...: 2.0491
c TOTAL recomputations...: 0
c #decisions.............: 346
c #bcp operations........: 2564
c split ratio............: 0.0000
c cpu time...............: 0.0167 s
c wall clock time........: 0.0123 s
c =========================================================
c model count............: 6625657339139930919104004422237920360192827171943656917629742322298027035683821151364671241258665180617789075028459771873704488310082890542544350375216847262129848320000000000000000000000
s SATISFIABLE
