c ======================================================
c countAntom, Jan Burchard, University of Freiburg, 2015
c   based on the antom SAT-solver, by Tobias Schubert   
c ======================================================
c cnf file...............: ../../501_Git_Repos/busybox-data/data//busybox//2009/2009-05-27_17-06-25/clean.dimacs
c #variables.............: 754
c #clauses...............: 629
c ======================= Settings ============================
c number of threads......: 4
c memory size............: 4000
c vsads factor...........: 0.5000
c enable IBCP............: no
c split into components..: yes
c only preprocessing.....: no
c Tseitin detection......: yes
c UPLA...................: yes
c self-subsumption.......: yes
c variable elimination...: yes
c simplfication rounds...: 4
c add dependencies.......: yes
c ==================Start Preprocessing========================
c deduce added 				8 new implications
c UPLA removed 12 equivalent variables
c Tseitin detection found 4 AND gates, 6 OR gates, 0 XOR gates, 0 EQUIV gates, 
c subsumption removed 			32 clauses 
c selfSubsumption removed 		2 literals
c
c simplify: round 0
c deduce added 				0 new implications
c variableElimination eliminated 	102 variables!
c selfSubsumption removed 		0 literals
c deduce added				0 new implications
c subsumption removed 			5 clauses 
c
c simplify: round 1
c deduce added 				0 new implications
c variableElimination eliminated 	0 variables!
c selfSubsumption removed 		0 literals
c deduce added				0 new implications
c subsumption removed 			0 clauses 
c
c simplify: round 2
c deduce added 				0 new implications
c variableElimination eliminated 	0 variables!
c selfSubsumption removed 		0 literals
c deduce added				0 new implications
c subsumption removed 			0 clauses 
c
c simplify: round 3
c deduce added 				0 new implications
c variableElimination eliminated 	0 variables!
c selfSubsumption removed 		0 literals
c deduce added				0 new implications
c subsumption removed 			0 clauses 
c subsumption removed 			4 clauses 
c ================Preprocessing Finished=======================
c clauses: 579, variables: 550


c =================Computation Finished========================
c =======================Thread 0==============================
c decisions         : 98
c bcps              : 730
c conflicts         : 0
c aborted components: 0
c blocks            : 1
c backtracks        : 196
c backtrack dist    : 1.9796
c recomputations    : 0
c splits            : 90
c split ratio       : 5.1000
c =======================Thread 1==============================
c decisions         : 74
c bcps              : 576
c conflicts         : 0
c aborted components: 0
c blocks            : 5
c backtracks        : 148
c backtrack dist    : 2.1689
c recomputations    : 0
c splits            : 68
c split ratio       : 3.4559
c =======================Thread 2==============================
c decisions         : 74
c bcps              : 570
c conflicts         : 0
c aborted components: 0
c blocks            : 8
c backtracks        : 148
c backtrack dist    : 2.2770
c recomputations    : 0
c splits            : 57
c split ratio       : 3.1404
c =======================Thread 3==============================
c decisions         : 95
c bcps              : 702
c conflicts         : 0
c aborted components: 0
c blocks            : 3
c backtracks        : 190
c backtrack dist    : 1.9789
c recomputations    : 0
c splits            : 118
c split ratio       : 2.6186
c ===================Cache Statistics==========================
c tries..................: 834
c hits...................: 493
c hit rate...............: 59.1127 % 
c removed items..........: 0
c ===================Overall Statistics========================
c TOTAL backtracks.......: 682
c TOTAL backtrack dist...: 2.0850
c TOTAL recomputations...: 0
c #decisions.............: 341
c #bcp operations........: 2578
c split ratio............: 0.0000
c cpu time...............: 0.0170 s
c wall clock time........: 0.0125 s
c =========================================================
c model count............: 5655934494212196038593825048318421639661361552161019054893966199356506528819904328266065778573249934379969708606335062043748975347605336523620302308413308860807249920000000000000000000
s SATISFIABLE
