c ======================================================
c countAntom, Jan Burchard, University of Freiburg, 2015
c   based on the antom SAT-solver, by Tobias Schubert   
c ======================================================
c cnf file...............: ../../501_Git_Repos/busybox-data/data//busybox//2009/2009-05-18_23-50-03/clean.dimacs
c #variables.............: 751
c #clauses...............: 629
c ======================= Settings ============================
c number of threads......: 4
c memory size............: 4000
c vsads factor...........: 0.5000
c enable IBCP............: no
c split into components..: yes
c only preprocessing.....: no
c Tseitin detection......: yes
c UPLA...................: yes
c self-subsumption.......: yes
c variable elimination...: yes
c simplfication rounds...: 4
c add dependencies.......: yes
c ==================Start Preprocessing========================
c deduce added 				8 new implications
c UPLA removed 12 equivalent variables
c Tseitin detection found 4 AND gates, 6 OR gates, 0 XOR gates, 0 EQUIV gates, 
c subsumption removed 			30 clauses 
c selfSubsumption removed 		2 literals
c
c simplify: round 0
c deduce added 				0 new implications
c variableElimination eliminated 	101 variables!
c selfSubsumption removed 		0 literals
c deduce added				0 new implications
c subsumption removed 			5 clauses 
c
c simplify: round 1
c deduce added 				0 new implications
c variableElimination eliminated 	0 variables!
c selfSubsumption removed 		0 literals
c deduce added				0 new implications
c subsumption removed 			0 clauses 
c
c simplify: round 2
c deduce added 				0 new implications
c variableElimination eliminated 	0 variables!
c selfSubsumption removed 		0 literals
c deduce added				0 new implications
c subsumption removed 			0 clauses 
c
c simplify: round 3
c deduce added 				0 new implications
c variableElimination eliminated 	0 variables!
c selfSubsumption removed 		0 literals
c deduce added				0 new implications
c subsumption removed 			0 clauses 
c subsumption removed 			3 clauses 
c ================Preprocessing Finished=======================
c clauses: 582, variables: 550


c =================Computation Finished========================
c =======================Thread 0==============================
c decisions         : 126
c bcps              : 897
c conflicts         : 0
c aborted components: 0
c blocks            : 3
c backtracks        : 252
c backtrack dist    : 1.9722
c recomputations    : 0
c splits            : 111
c split ratio       : 4.9369
c =======================Thread 1==============================
c decisions         : 80
c bcps              : 687
c conflicts         : 0
c aborted components: 0
c blocks            : 11
c backtracks        : 160
c backtrack dist    : 2.2875
c recomputations    : 0
c splits            : 94
c split ratio       : 2.7872
c =======================Thread 2==============================
c decisions         : 67
c bcps              : 650
c conflicts         : 0
c aborted components: 0
c blocks            : 15
c backtracks        : 134
c backtrack dist    : 2.4925
c recomputations    : 0
c splits            : 57
c split ratio       : 3.7719
c =======================Thread 3==============================
c decisions         : 91
c bcps              : 665
c conflicts         : 0
c aborted components: 0
c blocks            : 2
c backtracks        : 182
c backtrack dist    : 1.9560
c recomputations    : 0
c splits            : 113
c split ratio       : 3.0708
c ===================Cache Statistics==========================
c tries..................: 1020
c hits...................: 656
c hit rate...............: 64.3137 % 
c removed items..........: 0
c ===================Overall Statistics========================
c TOTAL backtracks.......: 728
c TOTAL backtrack dist...: 2.1332
c TOTAL recomputations...: 0
c #decisions.............: 364
c #bcp operations........: 2899
c split ratio............: 0.0000
c cpu time...............: 0.0188 s
c wall clock time........: 0.0130 s
c =========================================================
c model count............: 706991811776524504824228131039802704957670194020127381861745774919563316102488041033258222321656241797496213575791882755468621918450667065452537788551663607600906240000000000000000000
s SATISFIABLE
