c ======================================================
c countAntom, Jan Burchard, University of Freiburg, 2015
c   based on the antom SAT-solver, by Tobias Schubert   
c ======================================================
c cnf file...............: ../../501_Git_Repos/busybox-data/data//busybox//2009/2009-06-01_16-37-27/clean.dimacs
c #variables.............: 754
c #clauses...............: 629
c ======================= Settings ============================
c number of threads......: 4
c memory size............: 4000
c vsads factor...........: 0.5000
c enable IBCP............: no
c split into components..: yes
c only preprocessing.....: no
c Tseitin detection......: yes
c UPLA...................: yes
c self-subsumption.......: yes
c variable elimination...: yes
c simplfication rounds...: 4
c add dependencies.......: yes
c ==================Start Preprocessing========================
c deduce added 				8 new implications
c UPLA removed 12 equivalent variables
c Tseitin detection found 4 AND gates, 6 OR gates, 0 XOR gates, 0 EQUIV gates, 
c subsumption removed 			32 clauses 
c selfSubsumption removed 		2 literals
c
c simplify: round 0
c deduce added 				0 new implications
c variableElimination eliminated 	102 variables!
c selfSubsumption removed 		0 literals
c deduce added				0 new implications
c subsumption removed 			5 clauses 
c
c simplify: round 1
c deduce added 				0 new implications
c variableElimination eliminated 	0 variables!
c selfSubsumption removed 		0 literals
c deduce added				0 new implications
c subsumption removed 			0 clauses 
c
c simplify: round 2
c deduce added 				0 new implications
c variableElimination eliminated 	0 variables!
c selfSubsumption removed 		0 literals
c deduce added				0 new implications
c subsumption removed 			0 clauses 
c
c simplify: round 3
c deduce added 				0 new implications
c variableElimination eliminated 	0 variables!
c selfSubsumption removed 		0 literals
c deduce added				0 new implications
c subsumption removed 			0 clauses 
c subsumption removed 			4 clauses 
c ================Preprocessing Finished=======================
c clauses: 579, variables: 550


c =================Computation Finished========================
c =======================Thread 0==============================
c decisions         : 96
c bcps              : 777
c conflicts         : 0
c aborted components: 0
c blocks            : 5
c backtracks        : 192
c backtrack dist    : 2.0833
c recomputations    : 0
c splits            : 72
c split ratio       : 5.8056
c =======================Thread 1==============================
c decisions         : 103
c bcps              : 760
c conflicts         : 0
c aborted components: 0
c blocks            : 5
c backtracks        : 206
c backtrack dist    : 2.0874
c recomputations    : 0
c splits            : 93
c split ratio       : 3.6129
c =======================Thread 2==============================
c decisions         : 60
c bcps              : 498
c conflicts         : 0
c aborted components: 0
c blocks            : 4
c backtracks        : 120
c backtrack dist    : 2.2417
c recomputations    : 0
c splits            : 67
c split ratio       : 2.9701
c =======================Thread 3==============================
c decisions         : 87
c bcps              : 625
c conflicts         : 0
c aborted components: 0
c blocks            : 2
c backtracks        : 174
c backtrack dist    : 1.9368
c recomputations    : 0
c splits            : 108
c split ratio       : 2.5833
c ===================Cache Statistics==========================
c tries..................: 881
c hits...................: 535
c hit rate...............: 60.7264 % 
c removed items..........: 0
c ===================Overall Statistics========================
c TOTAL backtracks.......: 692
c TOTAL backtrack dist...: 2.0751
c TOTAL recomputations...: 0
c #decisions.............: 346
c #bcp operations........: 2660
c split ratio............: 0.0000
c cpu time...............: 0.0174 s
c wall clock time........: 0.0127 s
c =========================================================
c model count............: 5655934494212196038593825048318421639661361552161019054893966199356506528819904328266065778573249934379969708606335062043748975347605336523620302308413308860807249920000000000000000000
s SATISFIABLE
