c ======================================================
c countAntom, Jan Burchard, University of Freiburg, 2015
c   based on the antom SAT-solver, by Tobias Schubert   
c ======================================================
c cnf file...............: ../../501_Git_Repos/busybox-data/data//busybox//2009/2009-11-05_08-42-47/clean.dimacs
c #variables.............: 777
c #clauses...............: 658
c ======================= Settings ============================
c number of threads......: 4
c memory size............: 4000
c vsads factor...........: 0.5000
c enable IBCP............: no
c split into components..: yes
c only preprocessing.....: no
c Tseitin detection......: yes
c UPLA...................: yes
c self-subsumption.......: yes
c variable elimination...: yes
c simplfication rounds...: 4
c add dependencies.......: yes
c ==================Start Preprocessing========================
c deduce added 				8 new implications
c UPLA removed 15 equivalent variables
c Tseitin detection found 4 AND gates, 6 OR gates, 0 XOR gates, 0 EQUIV gates, 
c subsumption removed 			37 clauses 
c selfSubsumption removed 		2 literals
c
c simplify: round 0
c deduce added 				0 new implications
c variableElimination eliminated 	107 variables!
c selfSubsumption removed 		0 literals
c deduce added				0 new implications
c subsumption removed 			6 clauses 
c
c simplify: round 1
c deduce added 				0 new implications
c variableElimination eliminated 	1 variables!
c selfSubsumption removed 		0 literals
c deduce added				0 new implications
c subsumption removed 			0 clauses 
c
c simplify: round 2
c deduce added 				0 new implications
c variableElimination eliminated 	0 variables!
c selfSubsumption removed 		0 literals
c deduce added				0 new implications
c subsumption removed 			0 clauses 
c
c simplify: round 3
c deduce added 				0 new implications
c variableElimination eliminated 	0 variables!
c selfSubsumption removed 		0 literals
c deduce added				0 new implications
c subsumption removed 			0 clauses 
c subsumption removed 			4 clauses 
c ================Preprocessing Finished=======================
c clauses: 604, variables: 566


c =================Computation Finished========================
c =======================Thread 0==============================
c decisions         : 111
c bcps              : 807
c conflicts         : 0
c aborted components: 0
c blocks            : 1
c backtracks        : 222
c backtrack dist    : 1.9820
c recomputations    : 0
c splits            : 92
c split ratio       : 5.3370
c =======================Thread 1==============================
c decisions         : 88
c bcps              : 748
c conflicts         : 0
c aborted components: 0
c blocks            : 10
c backtracks        : 176
c backtrack dist    : 2.7386
c recomputations    : 0
c splits            : 69
c split ratio       : 3.1014
c =======================Thread 2==============================
c decisions         : 72
c bcps              : 559
c conflicts         : 0
c aborted components: 0
c blocks            : 3
c backtracks        : 144
c backtrack dist    : 2.0278
c recomputations    : 0
c splits            : 81
c split ratio       : 3.2840
c =======================Thread 3==============================
c decisions         : 92
c bcps              : 685
c conflicts         : 0
c aborted components: 0
c blocks            : 3
c backtracks        : 184
c backtrack dist    : 2.0000
c recomputations    : 0
c splits            : 120
c split ratio       : 2.5250
c ===================Cache Statistics==========================
c tries..................: 911
c hits...................: 548
c hit rate...............: 60.1537 % 
c removed items..........: 0
c ===================Overall Statistics========================
c TOTAL backtracks.......: 726
c TOTAL backtrack dist...: 2.1791
c TOTAL recomputations...: 0
c #decisions.............: 363
c #bcp operations........: 2799
c split ratio............: 0.0000
c cpu time...............: 0.0173 s
c wall clock time........: 0.0125 s
c =========================================================
c model count............: 267534273111617220067935876430648020508627050442126424951757137337934241354604005458124558502344788059818670580574529716183775004307835842740104662178208991370817830912000000000000000000000
s SATISFIABLE
