c ======================================================
c countAntom, Jan Burchard, University of Freiburg, 2015
c   based on the antom SAT-solver, by Tobias Schubert   
c ======================================================
c cnf file...............: ../../501_Git_Repos/busybox-data/data//busybox//2009/2009-01-27_18-54-41/clean.dimacs
c #variables.............: 738
c #clauses...............: 599
c ======================= Settings ============================
c number of threads......: 4
c memory size............: 4000
c vsads factor...........: 0.5000
c enable IBCP............: no
c split into components..: yes
c only preprocessing.....: no
c Tseitin detection......: yes
c UPLA...................: yes
c self-subsumption.......: yes
c variable elimination...: yes
c simplfication rounds...: 4
c add dependencies.......: yes
c ==================Start Preprocessing========================
c deduce added 				10 new implications
c UPLA removed 12 equivalent variables
c Tseitin detection found 4 AND gates, 3 OR gates, 0 XOR gates, 0 EQUIV gates, 
c subsumption removed 			25 clauses 
c selfSubsumption removed 		2 literals
c
c simplify: round 0
c deduce added 				0 new implications
c variableElimination eliminated 	99 variables!
c selfSubsumption removed 		0 literals
c deduce added				0 new implications
c subsumption removed 			5 clauses 
c
c simplify: round 1
c deduce added 				0 new implications
c variableElimination eliminated 	0 variables!
c selfSubsumption removed 		0 literals
c deduce added				0 new implications
c subsumption removed 			0 clauses 
c
c simplify: round 2
c deduce added 				0 new implications
c variableElimination eliminated 	0 variables!
c selfSubsumption removed 		0 literals
c deduce added				0 new implications
c subsumption removed 			0 clauses 
c
c simplify: round 3
c deduce added 				0 new implications
c variableElimination eliminated 	0 variables!
c selfSubsumption removed 		0 literals
c deduce added				0 new implications
c subsumption removed 			0 clauses 
c subsumption removed 			4 clauses 
c ================Preprocessing Finished=======================
c clauses: 565, variables: 543


c =================Computation Finished========================
c =======================Thread 0==============================
c decisions         : 106
c bcps              : 790
c conflicts         : 0
c aborted components: 0
c blocks            : 1
c backtracks        : 212
c backtrack dist    : 1.9764
c recomputations    : 0
c splits            : 115
c split ratio       : 3.9130
c =======================Thread 1==============================
c decisions         : 95
c bcps              : 671
c conflicts         : 0
c aborted components: 0
c blocks            : 2
c backtracks        : 190
c backtrack dist    : 1.9789
c recomputations    : 0
c splits            : 103
c split ratio       : 2.8350
c =======================Thread 2==============================
c decisions         : 81
c bcps              : 620
c conflicts         : 0
c aborted components: 0
c blocks            : 3
c backtracks        : 162
c backtrack dist    : 1.9383
c recomputations    : 0
c splits            : 94
c split ratio       : 2.7234
c =======================Thread 3==============================
c decisions         : 76
c bcps              : 603
c conflicts         : 0
c aborted components: 0
c blocks            : 7
c backtracks        : 152
c backtrack dist    : 2.2171
c recomputations    : 0
c splits            : 55
c split ratio       : 4.1091
c ===================Cache Statistics==========================
c tries..................: 876
c hits...................: 518
c hit rate...............: 59.1324 % 
c removed items..........: 0
c ===================Overall Statistics========================
c TOTAL backtracks.......: 716
c TOTAL backtrack dist...: 2.0196
c TOTAL recomputations...: 0
c #decisions.............: 358
c #bcp operations........: 2684
c split ratio............: 0.0000
c cpu time...............: 0.0168 s
c wall clock time........: 0.0122 s
c =========================================================
c model count............: 976100909645298060145189728612081522230165619354438403237898214706173601483404533336135790357797626857030321798114034159336047747090978326699255654647039430492160000000000000000000
s SATISFIABLE
