c ======================================================
c countAntom, Jan Burchard, University of Freiburg, 2015
c   based on the antom SAT-solver, by Tobias Schubert   
c ======================================================
c cnf file...............: ../../501_Git_Repos/busybox-data/data//busybox//2009/2009-01-28_23-56-31/clean.dimacs
c #variables.............: 738
c #clauses...............: 599
c ======================= Settings ============================
c number of threads......: 4
c memory size............: 4000
c vsads factor...........: 0.5000
c enable IBCP............: no
c split into components..: yes
c only preprocessing.....: no
c Tseitin detection......: yes
c UPLA...................: yes
c self-subsumption.......: yes
c variable elimination...: yes
c simplfication rounds...: 4
c add dependencies.......: yes
c ==================Start Preprocessing========================
c deduce added 				10 new implications
c UPLA removed 12 equivalent variables
c Tseitin detection found 4 AND gates, 3 OR gates, 0 XOR gates, 0 EQUIV gates, 
c subsumption removed 			25 clauses 
c selfSubsumption removed 		2 literals
c
c simplify: round 0
c deduce added 				0 new implications
c variableElimination eliminated 	99 variables!
c selfSubsumption removed 		0 literals
c deduce added				0 new implications
c subsumption removed 			5 clauses 
c
c simplify: round 1
c deduce added 				0 new implications
c variableElimination eliminated 	0 variables!
c selfSubsumption removed 		0 literals
c deduce added				0 new implications
c subsumption removed 			0 clauses 
c
c simplify: round 2
c deduce added 				0 new implications
c variableElimination eliminated 	0 variables!
c selfSubsumption removed 		0 literals
c deduce added				0 new implications
c subsumption removed 			0 clauses 
c
c simplify: round 3
c deduce added 				0 new implications
c variableElimination eliminated 	0 variables!
c selfSubsumption removed 		0 literals
c deduce added				0 new implications
c subsumption removed 			0 clauses 
c subsumption removed 			4 clauses 
c ================Preprocessing Finished=======================
c clauses: 565, variables: 543


c =================Computation Finished========================
c =======================Thread 0==============================
c decisions         : 95
c bcps              : 685
c conflicts         : 0
c aborted components: 0
c blocks            : 1
c backtracks        : 190
c backtrack dist    : 1.9737
c recomputations    : 0
c splits            : 99
c split ratio       : 4.3131
c =======================Thread 1==============================
c decisions         : 104
c bcps              : 732
c conflicts         : 0
c aborted components: 0
c blocks            : 3
c backtracks        : 208
c backtrack dist    : 1.9952
c recomputations    : 0
c splits            : 111
c split ratio       : 2.9189
c =======================Thread 2==============================
c decisions         : 75
c bcps              : 606
c conflicts         : 0
c aborted components: 0
c blocks            : 11
c backtracks        : 150
c backtrack dist    : 2.3067
c recomputations    : 0
c splits            : 61
c split ratio       : 3.8852
c =======================Thread 3==============================
c decisions         : 70
c bcps              : 558
c conflicts         : 0
c aborted components: 0
c blocks            : 12
c backtracks        : 140
c backtrack dist    : 2.0929
c recomputations    : 0
c splits            : 68
c split ratio       : 2.7206
c ===================Cache Statistics==========================
c tries..................: 825
c hits...................: 481
c hit rate...............: 58.3030 % 
c removed items..........: 0
c ===================Overall Statistics========================
c TOTAL backtracks.......: 688
c TOTAL backtrack dist...: 2.0770
c TOTAL recomputations...: 0
c #decisions.............: 344
c #bcp operations........: 2581
c split ratio............: 0.0000
c cpu time...............: 0.0161 s
c wall clock time........: 0.0119 s
c =========================================================
c model count............: 976100909645298060145189728612081522230165619354438403237898214706173601483404533336135790357797626857030321798114034159336047747090978326699255654647039430492160000000000000000000
s SATISFIABLE
