c ======================================================
c countAntom, Jan Burchard, University of Freiburg, 2015
c   based on the antom SAT-solver, by Tobias Schubert   
c ======================================================
c cnf file...............: ../../501_Git_Repos/busybox-data/data//busybox//2009/2009-04-11_11-07-22/clean.dimacs
c #variables.............: 741
c #clauses...............: 615
c ======================= Settings ============================
c number of threads......: 4
c memory size............: 4000
c vsads factor...........: 0.5000
c enable IBCP............: no
c split into components..: yes
c only preprocessing.....: no
c Tseitin detection......: yes
c UPLA...................: yes
c self-subsumption.......: yes
c variable elimination...: yes
c simplfication rounds...: 4
c add dependencies.......: yes
c ==================Start Preprocessing========================
c deduce added 				8 new implications
c UPLA removed 12 equivalent variables
c Tseitin detection found 4 AND gates, 4 OR gates, 0 XOR gates, 0 EQUIV gates, 
c subsumption removed 			31 clauses 
c selfSubsumption removed 		2 literals
c
c simplify: round 0
c deduce added 				0 new implications
c variableElimination eliminated 	101 variables!
c selfSubsumption removed 		0 literals
c deduce added				0 new implications
c subsumption removed 			5 clauses 
c
c simplify: round 1
c deduce added 				0 new implications
c variableElimination eliminated 	0 variables!
c selfSubsumption removed 		0 literals
c deduce added				0 new implications
c subsumption removed 			0 clauses 
c
c simplify: round 2
c deduce added 				0 new implications
c variableElimination eliminated 	0 variables!
c selfSubsumption removed 		0 literals
c deduce added				0 new implications
c subsumption removed 			0 clauses 
c
c simplify: round 3
c deduce added 				0 new implications
c variableElimination eliminated 	0 variables!
c selfSubsumption removed 		0 literals
c deduce added				0 new implications
c subsumption removed 			0 clauses 
c subsumption removed 			4 clauses 
c ================Preprocessing Finished=======================
c clauses: 574, variables: 544


c =================Computation Finished========================
c =======================Thread 0==============================
c decisions         : 94
c bcps              : 716
c conflicts         : 0
c aborted components: 0
c blocks            : 3
c backtracks        : 188
c backtrack dist    : 1.9787
c recomputations    : 0
c splits            : 100
c split ratio       : 4.2800
c =======================Thread 1==============================
c decisions         : 94
c bcps              : 717
c conflicts         : 0
c aborted components: 0
c blocks            : 7
c backtracks        : 188
c backtrack dist    : 2.2074
c recomputations    : 0
c splits            : 79
c split ratio       : 3.8987
c =======================Thread 2==============================
c decisions         : 90
c bcps              : 665
c conflicts         : 0
c aborted components: 0
c blocks            : 3
c backtracks        : 180
c backtrack dist    : 2.0389
c recomputations    : 0
c splits            : 115
c split ratio       : 2.5130
c =======================Thread 3==============================
c decisions         : 87
c bcps              : 675
c conflicts         : 0
c aborted components: 0
c blocks            : 6
c backtracks        : 174
c backtrack dist    : 2.2989
c recomputations    : 0
c splits            : 81
c split ratio       : 2.7160
c ===================Cache Statistics==========================
c tries..................: 891
c hits...................: 526
c hit rate...............: 59.0348 % 
c removed items..........: 0
c ===================Overall Statistics========================
c TOTAL backtracks.......: 730
c TOTAL backtrack dist...: 2.1288
c TOTAL recomputations...: 0
c #decisions.............: 365
c #bcp operations........: 2773
c split ratio............: 0.0000
c cpu time...............: 0.0169 s
c wall clock time........: 0.0122 s
c =========================================================
c model count............: 4416107651024993600754976914589941384635638867928184361471194941198902052429410323693273608213897544059004374329734690599077539225049966076334406513856469710929920000000000000000000
s SATISFIABLE
