c ======================================================
c countAntom, Jan Burchard, University of Freiburg, 2015
c   based on the antom SAT-solver, by Tobias Schubert   
c ======================================================
c cnf file...............: ../../501_Git_Repos/busybox-data/data//busybox//2009/2009-06-20_03-59-02/clean.dimacs
c #variables.............: 758
c #clauses...............: 637
c ======================= Settings ============================
c number of threads......: 4
c memory size............: 4000
c vsads factor...........: 0.5000
c enable IBCP............: no
c split into components..: yes
c only preprocessing.....: no
c Tseitin detection......: yes
c UPLA...................: yes
c self-subsumption.......: yes
c variable elimination...: yes
c simplfication rounds...: 4
c add dependencies.......: yes
c ==================Start Preprocessing========================
c deduce added 				8 new implications
c UPLA removed 12 equivalent variables
c Tseitin detection found 4 AND gates, 6 OR gates, 0 XOR gates, 0 EQUIV gates, 
c subsumption removed 			36 clauses 
c selfSubsumption removed 		2 literals
c
c simplify: round 0
c deduce added 				0 new implications
c variableElimination eliminated 	107 variables!
c selfSubsumption removed 		0 literals
c deduce added				0 new implications
c subsumption removed 			5 clauses 
c
c simplify: round 1
c deduce added 				0 new implications
c variableElimination eliminated 	0 variables!
c selfSubsumption removed 		0 literals
c deduce added				0 new implications
c subsumption removed 			0 clauses 
c
c simplify: round 2
c deduce added 				0 new implications
c variableElimination eliminated 	0 variables!
c selfSubsumption removed 		0 literals
c deduce added				0 new implications
c subsumption removed 			0 clauses 
c
c simplify: round 3
c deduce added 				0 new implications
c variableElimination eliminated 	0 variables!
c selfSubsumption removed 		0 literals
c deduce added				0 new implications
c subsumption removed 			0 clauses 
c subsumption removed 			3 clauses 
c ================Preprocessing Finished=======================
c clauses: 585, variables: 552


c =================Computation Finished========================
c =======================Thread 0==============================
c decisions         : 97
c bcps              : 704
c conflicts         : 0
c aborted components: 0
c blocks            : 1
c backtracks        : 194
c backtrack dist    : 1.9948
c recomputations    : 0
c splits            : 90
c split ratio       : 5.1667
c =======================Thread 1==============================
c decisions         : 64
c bcps              : 498
c conflicts         : 0
c aborted components: 0
c blocks            : 12
c backtracks        : 128
c backtrack dist    : 2.1875
c recomputations    : 0
c splits            : 47
c split ratio       : 3.6809
c =======================Thread 2==============================
c decisions         : 89
c bcps              : 725
c conflicts         : 0
c aborted components: 0
c blocks            : 12
c backtracks        : 178
c backtrack dist    : 2.4888
c recomputations    : 0
c splits            : 58
c split ratio       : 3.7069
c =======================Thread 3==============================
c decisions         : 90
c bcps              : 660
c conflicts         : 0
c aborted components: 0
c blocks            : 3
c backtracks        : 180
c backtrack dist    : 2.0056
c recomputations    : 0
c splits            : 124
c split ratio       : 2.6452
c ===================Cache Statistics==========================
c tries..................: 821
c hits...................: 481
c hit rate...............: 58.5871 % 
c removed items..........: 0
c ===================Overall Statistics========================
c TOTAL backtracks.......: 680
c TOTAL backtrack dist...: 2.1632
c TOTAL recomputations...: 0
c #decisions.............: 340
c #bcp operations........: 2587
c split ratio............: 0.0000
c cpu time...............: 0.0170 s
c wall clock time........: 0.0127 s
c =========================================================
c model count............: 34079494284422118299759333090201051832042629209657107887774488144593970488427632979892787028030741341478125908361482035425208088632860917617986570714129141097876684800000000000000000000
s SATISFIABLE
