c ======================================================
c countAntom, Jan Burchard, University of Freiburg, 2015
c   based on the antom SAT-solver, by Tobias Schubert   
c ======================================================
c cnf file...............: ../../501_Git_Repos/busybox-data/data//busybox//2009/2009-11-22_15-37-16/clean.dimacs
c #variables.............: 781
c #clauses...............: 661
c ======================= Settings ============================
c number of threads......: 4
c memory size............: 4000
c vsads factor...........: 0.5000
c enable IBCP............: no
c split into components..: yes
c only preprocessing.....: no
c Tseitin detection......: yes
c UPLA...................: yes
c self-subsumption.......: yes
c variable elimination...: yes
c simplfication rounds...: 4
c add dependencies.......: yes
c ==================Start Preprocessing========================
c deduce added 				8 new implications
c UPLA removed 15 equivalent variables
c Tseitin detection found 4 AND gates, 6 OR gates, 0 XOR gates, 0 EQUIV gates, 
c subsumption removed 			35 clauses 
c selfSubsumption removed 		2 literals
c
c simplify: round 0
c deduce added 				0 new implications
c variableElimination eliminated 	108 variables!
c selfSubsumption removed 		0 literals
c deduce added				0 new implications
c subsumption removed 			7 clauses 
c
c simplify: round 1
c deduce added 				0 new implications
c variableElimination eliminated 	1 variables!
c selfSubsumption removed 		0 literals
c deduce added				0 new implications
c subsumption removed 			0 clauses 
c
c simplify: round 2
c deduce added 				0 new implications
c variableElimination eliminated 	0 variables!
c selfSubsumption removed 		0 literals
c deduce added				0 new implications
c subsumption removed 			0 clauses 
c
c simplify: round 3
c deduce added 				0 new implications
c variableElimination eliminated 	0 variables!
c selfSubsumption removed 		0 literals
c deduce added				0 new implications
c subsumption removed 			0 clauses 
c subsumption removed 			3 clauses 
c ================Preprocessing Finished=======================
c clauses: 610, variables: 569


c =================Computation Finished========================
c =======================Thread 0==============================
c decisions         : 130
c bcps              : 934
c conflicts         : 0
c aborted components: 0
c blocks            : 1
c backtracks        : 260
c backtrack dist    : 2.0038
c recomputations    : 0
c splits            : 112
c split ratio       : 4.8125
c =======================Thread 1==============================
c decisions         : 77
c bcps              : 600
c conflicts         : 0
c aborted components: 0
c blocks            : 2
c backtracks        : 154
c backtrack dist    : 1.9286
c recomputations    : 0
c splits            : 102
c split ratio       : 3.1373
c =======================Thread 2==============================
c decisions         : 61
c bcps              : 590
c conflicts         : 0
c aborted components: 0
c blocks            : 10
c backtracks        : 122
c backtrack dist    : 2.5164
c recomputations    : 0
c splits            : 46
c split ratio       : 3.1522
c =======================Thread 3==============================
c decisions         : 99
c bcps              : 696
c conflicts         : 0
c aborted components: 0
c blocks            : 3
c backtracks        : 198
c backtrack dist    : 2.0202
c recomputations    : 0
c splits            : 91
c split ratio       : 3.5055
c ===================Cache Statistics==========================
c tries..................: 941
c hits...................: 574
c hit rate...............: 60.9989 % 
c removed items..........: 0
c ===================Overall Statistics========================
c TOTAL backtracks.......: 734
c TOTAL backtrack dist...: 2.0777
c TOTAL recomputations...: 0
c #decisions.............: 367
c #bcp operations........: 2820
c split ratio............: 0.0000
c cpu time...............: 0.0179 s
c wall clock time........: 0.0129 s
c =========================================================
c model count............: 2129354418643483996459081465468423020374786728008761341452760889016211308740725757727930159508458517210801663804572787536972903095511346503441649352030642992543243960320000000000000000000000
s SATISFIABLE
