c ======================================================
c countAntom, Jan Burchard, University of Freiburg, 2015
c   based on the antom SAT-solver, by Tobias Schubert   
c ======================================================
c cnf file...............: ../../501_Git_Repos/busybox-data/data//busybox//2009/2009-02-20_04-56-00/clean.dimacs
c #variables.............: 739
c #clauses...............: 615
c ======================= Settings ============================
c number of threads......: 4
c memory size............: 4000
c vsads factor...........: 0.5000
c enable IBCP............: no
c split into components..: yes
c only preprocessing.....: no
c Tseitin detection......: yes
c UPLA...................: yes
c self-subsumption.......: yes
c variable elimination...: yes
c simplfication rounds...: 4
c add dependencies.......: yes
c ==================Start Preprocessing========================
c deduce added 				8 new implications
c UPLA removed 12 equivalent variables
c Tseitin detection found 4 AND gates, 4 OR gates, 0 XOR gates, 0 EQUIV gates, 
c subsumption removed 			33 clauses 
c selfSubsumption removed 		2 literals
c
c simplify: round 0
c deduce added 				0 new implications
c variableElimination eliminated 	102 variables!
c selfSubsumption removed 		0 literals
c deduce added				0 new implications
c subsumption removed 			5 clauses 
c
c simplify: round 1
c deduce added 				0 new implications
c variableElimination eliminated 	0 variables!
c selfSubsumption removed 		0 literals
c deduce added				0 new implications
c subsumption removed 			0 clauses 
c
c simplify: round 2
c deduce added 				0 new implications
c variableElimination eliminated 	0 variables!
c selfSubsumption removed 		0 literals
c deduce added				0 new implications
c subsumption removed 			0 clauses 
c
c simplify: round 3
c deduce added 				0 new implications
c variableElimination eliminated 	0 variables!
c selfSubsumption removed 		0 literals
c deduce added				0 new implications
c subsumption removed 			0 clauses 
c subsumption removed 			3 clauses 
c ================Preprocessing Finished=======================
c clauses: 572, variables: 543


c =================Computation Finished========================
c =======================Thread 0==============================
c decisions         : 106
c bcps              : 734
c conflicts         : 0
c aborted components: 0
c blocks            : 4
c backtracks        : 212
c backtrack dist    : 2.0047
c recomputations    : 0
c splits            : 115
c split ratio       : 2.9478
c =======================Thread 1==============================
c decisions         : 87
c bcps              : 696
c conflicts         : 0
c aborted components: 0
c blocks            : 8
c backtracks        : 174
c backtrack dist    : 2.2471
c recomputations    : 0
c splits            : 66
c split ratio       : 3.5303
c =======================Thread 2==============================
c decisions         : 81
c bcps              : 619
c conflicts         : 0
c aborted components: 0
c blocks            : 2
c backtracks        : 162
c backtrack dist    : 1.9815
c recomputations    : 0
c splits            : 76
c split ratio       : 5.5658
c =======================Thread 3==============================
c decisions         : 84
c bcps              : 670
c conflicts         : 0
c aborted components: 0
c blocks            : 5
c backtracks        : 168
c backtrack dist    : 2.2440
c recomputations    : 0
c splits            : 96
c split ratio       : 2.5521
c ===================Cache Statistics==========================
c tries..................: 878
c hits...................: 520
c hit rate...............: 59.2255 % 
c removed items..........: 0
c ===================Overall Statistics========================
c TOTAL backtracks.......: 716
c TOTAL backtrack dist...: 2.1145
c TOTAL recomputations...: 0
c #decisions.............: 358
c #bcp operations........: 2719
c split ratio............: 0.0000
c cpu time...............: 0.0163 s
c wall clock time........: 0.0112 s
c =========================================================
c model count............: 966457949295762383042964195314186952542700129788486005452953306059301482953402677096038320917258269369199335573948969697280941067912951461689686798327812802478080000000000000000000
s SATISFIABLE
