c ======================================================
c countAntom, Jan Burchard, University of Freiburg, 2015
c   based on the antom SAT-solver, by Tobias Schubert   
c ======================================================
c cnf file...............: ../../501_Git_Repos/busybox-data/data//busybox//2009/2009-02-24_17-10-24/clean.dimacs
c #variables.............: 739
c #clauses...............: 615
c ======================= Settings ============================
c number of threads......: 4
c memory size............: 4000
c vsads factor...........: 0.5000
c enable IBCP............: no
c split into components..: yes
c only preprocessing.....: no
c Tseitin detection......: yes
c UPLA...................: yes
c self-subsumption.......: yes
c variable elimination...: yes
c simplfication rounds...: 4
c add dependencies.......: yes
c ==================Start Preprocessing========================
c deduce added 				8 new implications
c UPLA removed 12 equivalent variables
c Tseitin detection found 4 AND gates, 4 OR gates, 0 XOR gates, 0 EQUIV gates, 
c subsumption removed 			33 clauses 
c selfSubsumption removed 		2 literals
c
c simplify: round 0
c deduce added 				0 new implications
c variableElimination eliminated 	102 variables!
c selfSubsumption removed 		0 literals
c deduce added				0 new implications
c subsumption removed 			5 clauses 
c
c simplify: round 1
c deduce added 				0 new implications
c variableElimination eliminated 	0 variables!
c selfSubsumption removed 		0 literals
c deduce added				0 new implications
c subsumption removed 			0 clauses 
c
c simplify: round 2
c deduce added 				0 new implications
c variableElimination eliminated 	0 variables!
c selfSubsumption removed 		0 literals
c deduce added				0 new implications
c subsumption removed 			0 clauses 
c
c simplify: round 3
c deduce added 				0 new implications
c variableElimination eliminated 	0 variables!
c selfSubsumption removed 		0 literals
c deduce added				0 new implications
c subsumption removed 			0 clauses 
c subsumption removed 			3 clauses 
c ================Preprocessing Finished=======================
c clauses: 572, variables: 543


c =================Computation Finished========================
c =======================Thread 0==============================
c decisions         : 68
c bcps              : 575
c conflicts         : 0
c aborted components: 0
c blocks            : 8
c backtracks        : 136
c backtrack dist    : 2.2206
c recomputations    : 0
c splits            : 69
c split ratio       : 2.8841
c =======================Thread 1==============================
c decisions         : 90
c bcps              : 662
c conflicts         : 0
c aborted components: 0
c blocks            : 4
c backtracks        : 180
c backtrack dist    : 2.0167
c recomputations    : 0
c splits            : 104
c split ratio       : 2.8365
c =======================Thread 2==============================
c decisions         : 124
c bcps              : 921
c conflicts         : 0
c aborted components: 0
c blocks            : 3
c backtracks        : 248
c backtrack dist    : 2.0040
c recomputations    : 0
c splits            : 115
c split ratio       : 4.7304
c =======================Thread 3==============================
c decisions         : 82
c bcps              : 641
c conflicts         : 0
c aborted components: 0
c blocks            : 3
c backtracks        : 164
c backtrack dist    : 2.0183
c recomputations    : 0
c splits            : 87
c split ratio       : 3.0230
c ===================Cache Statistics==========================
c tries..................: 949
c hits...................: 585
c hit rate...............: 61.6438 % 
c removed items..........: 0
c ===================Overall Statistics========================
c TOTAL backtracks.......: 728
c TOTAL backtrack dist...: 2.0508
c TOTAL recomputations...: 0
c #decisions.............: 364
c #bcp operations........: 2799
c split ratio............: 0.0000
c cpu time...............: 0.0172 s
c wall clock time........: 0.0123 s
c =========================================================
c model count............: 966457949295762383042964195314186952542700129788486005452953306059301482953402677096038320917258269369199335573948969697280941067912951461689686798327812802478080000000000000000000
s SATISFIABLE
