c ======================================================
c countAntom, Jan Burchard, University of Freiburg, 2015
c   based on the antom SAT-solver, by Tobias Schubert   
c ======================================================
c cnf file...............: ../../501_Git_Repos/busybox-data/data//busybox//2009/2009-03-10_16-01-57/clean.dimacs
c #variables.............: 741
c #clauses...............: 616
c ======================= Settings ============================
c number of threads......: 4
c memory size............: 4000
c vsads factor...........: 0.5000
c enable IBCP............: no
c split into components..: yes
c only preprocessing.....: no
c Tseitin detection......: yes
c UPLA...................: yes
c self-subsumption.......: yes
c variable elimination...: yes
c simplfication rounds...: 4
c add dependencies.......: yes
c ==================Start Preprocessing========================
c deduce added 				8 new implications
c UPLA removed 12 equivalent variables
c Tseitin detection found 4 AND gates, 4 OR gates, 0 XOR gates, 0 EQUIV gates, 
c subsumption removed 			32 clauses 
c selfSubsumption removed 		2 literals
c
c simplify: round 0
c deduce added 				0 new implications
c variableElimination eliminated 	101 variables!
c selfSubsumption removed 		0 literals
c deduce added				0 new implications
c subsumption removed 			5 clauses 
c
c simplify: round 1
c deduce added 				0 new implications
c variableElimination eliminated 	0 variables!
c selfSubsumption removed 		0 literals
c deduce added				0 new implications
c subsumption removed 			0 clauses 
c
c simplify: round 2
c deduce added 				0 new implications
c variableElimination eliminated 	0 variables!
c selfSubsumption removed 		0 literals
c deduce added				0 new implications
c subsumption removed 			0 clauses 
c
c simplify: round 3
c deduce added 				0 new implications
c variableElimination eliminated 	0 variables!
c selfSubsumption removed 		0 literals
c deduce added				0 new implications
c subsumption removed 			0 clauses 
c subsumption removed 			4 clauses 
c ================Preprocessing Finished=======================
c clauses: 573, variables: 545


c =================Computation Finished========================
c =======================Thread 0==============================
c decisions         : 82
c bcps              : 636
c conflicts         : 0
c aborted components: 0
c blocks            : 1
c backtracks        : 164
c backtrack dist    : 1.9634
c recomputations    : 0
c splits            : 87
c split ratio       : 4.4483
c =======================Thread 1==============================
c decisions         : 90
c bcps              : 665
c conflicts         : 0
c aborted components: 0
c blocks            : 3
c backtracks        : 180
c backtrack dist    : 2.0333
c recomputations    : 0
c splits            : 89
c split ratio       : 3.0449
c =======================Thread 2==============================
c decisions         : 70
c bcps              : 488
c conflicts         : 0
c aborted components: 0
c blocks            : 4
c backtracks        : 140
c backtrack dist    : 2.0071
c recomputations    : 0
c splits            : 57
c split ratio       : 3.2632
c =======================Thread 3==============================
c decisions         : 87
c bcps              : 660
c conflicts         : 0
c aborted components: 0
c blocks            : 3
c backtracks        : 174
c backtrack dist    : 2.1092
c recomputations    : 0
c splits            : 74
c split ratio       : 3.9189
c ===================Cache Statistics==========================
c tries..................: 784
c hits...................: 455
c hit rate...............: 58.0357 % 
c removed items..........: 0
c ===================Overall Statistics========================
c TOTAL backtracks.......: 658
c TOTAL backtrack dist...: 2.0304
c TOTAL recomputations...: 0
c #decisions.............: 329
c #bcp operations........: 2449
c split ratio............: 0.0000
c cpu time...............: 0.0161 s
c wall clock time........: 0.0120 s
c =========================================================
c model count............: 2899373847887287149128892585942560857628100389365458016358859918177904448860208031288114962751774808107598006721846909091842823203738854385069060394983438407434240000000000000000000
s SATISFIABLE
