c ======================================================
c countAntom, Jan Burchard, University of Freiburg, 2015
c   based on the antom SAT-solver, by Tobias Schubert   
c ======================================================
c cnf file...............: ../../501_Git_Repos/busybox-data/data//busybox//2009/2009-03-20_23-01-48/clean.dimacs
c #variables.............: 742
c #clauses...............: 617
c ======================= Settings ============================
c number of threads......: 4
c memory size............: 4000
c vsads factor...........: 0.5000
c enable IBCP............: no
c split into components..: yes
c only preprocessing.....: no
c Tseitin detection......: yes
c UPLA...................: yes
c self-subsumption.......: yes
c variable elimination...: yes
c simplfication rounds...: 4
c add dependencies.......: yes
c ==================Start Preprocessing========================
c deduce added 				8 new implications
c UPLA removed 12 equivalent variables
c Tseitin detection found 4 AND gates, 4 OR gates, 0 XOR gates, 0 EQUIV gates, 
c subsumption removed 			32 clauses 
c selfSubsumption removed 		2 literals
c
c simplify: round 0
c deduce added 				0 new implications
c variableElimination eliminated 	103 variables!
c selfSubsumption removed 		0 literals
c deduce added				0 new implications
c subsumption removed 			5 clauses 
c
c simplify: round 1
c deduce added 				0 new implications
c variableElimination eliminated 	0 variables!
c selfSubsumption removed 		0 literals
c deduce added				0 new implications
c subsumption removed 			0 clauses 
c
c simplify: round 2
c deduce added 				0 new implications
c variableElimination eliminated 	0 variables!
c selfSubsumption removed 		0 literals
c deduce added				0 new implications
c subsumption removed 			0 clauses 
c
c simplify: round 3
c deduce added 				0 new implications
c variableElimination eliminated 	0 variables!
c selfSubsumption removed 		0 literals
c deduce added				0 new implications
c subsumption removed 			0 clauses 
c subsumption removed 			4 clauses 
c ================Preprocessing Finished=======================
c clauses: 575, variables: 546


c =================Computation Finished========================
c =======================Thread 0==============================
c decisions         : 83
c bcps              : 675
c conflicts         : 0
c aborted components: 0
c blocks            : 1
c backtracks        : 166
c backtrack dist    : 1.9699
c recomputations    : 0
c splits            : 99
c split ratio       : 4.1616
c =======================Thread 1==============================
c decisions         : 93
c bcps              : 678
c conflicts         : 0
c aborted components: 0
c blocks            : 4
c backtracks        : 186
c backtrack dist    : 2.0376
c recomputations    : 0
c splits            : 89
c split ratio       : 3.4607
c =======================Thread 2==============================
c decisions         : 83
c bcps              : 625
c conflicts         : 0
c aborted components: 0
c blocks            : 5
c backtracks        : 166
c backtrack dist    : 2.1446
c recomputations    : 0
c splits            : 61
c split ratio       : 3.8197
c =======================Thread 3==============================
c decisions         : 92
c bcps              : 681
c conflicts         : 0
c aborted components: 0
c blocks            : 7
c backtracks        : 184
c backtrack dist    : 2.0272
c recomputations    : 0
c splits            : 99
c split ratio       : 2.8384
c ===================Cache Statistics==========================
c tries..................: 881
c hits...................: 530
c hit rate...............: 60.1589 % 
c removed items..........: 0
c ===================Overall Statistics========================
c TOTAL backtracks.......: 702
c TOTAL backtrack dist...: 2.0442
c TOTAL recomputations...: 0
c #decisions.............: 351
c #bcp operations........: 2659
c split ratio............: 0.0000
c cpu time...............: 0.0162 s
c wall clock time........: 0.0119 s
c =========================================================
c model count............: 3865831797183049532171856781256747810170800519153944021811813224237205931813610708384153283669033077476797342295795878789123764271651805846758747193311251209912320000000000000000000
s SATISFIABLE
