c ======================================================
c countAntom, Jan Burchard, University of Freiburg, 2015
c   based on the antom SAT-solver, by Tobias Schubert   
c ======================================================
c cnf file...............: ../../501_Git_Repos/busybox-data/data//busybox//2009/2009-04-14_21-23-33/clean.dimacs
c #variables.............: 742
c #clauses...............: 616
c ======================= Settings ============================
c number of threads......: 4
c memory size............: 4000
c vsads factor...........: 0.5000
c enable IBCP............: no
c split into components..: yes
c only preprocessing.....: no
c Tseitin detection......: yes
c UPLA...................: yes
c self-subsumption.......: yes
c variable elimination...: yes
c simplfication rounds...: 4
c add dependencies.......: yes
c ==================Start Preprocessing========================
c deduce added 				8 new implications
c UPLA removed 12 equivalent variables
c Tseitin detection found 4 AND gates, 4 OR gates, 0 XOR gates, 0 EQUIV gates, 
c subsumption removed 			31 clauses 
c selfSubsumption removed 		2 literals
c
c simplify: round 0
c deduce added 				0 new implications
c variableElimination eliminated 	102 variables!
c selfSubsumption removed 		0 literals
c deduce added				0 new implications
c subsumption removed 			5 clauses 
c
c simplify: round 1
c deduce added 				0 new implications
c variableElimination eliminated 	0 variables!
c selfSubsumption removed 		0 literals
c deduce added				0 new implications
c subsumption removed 			0 clauses 
c
c simplify: round 2
c deduce added 				0 new implications
c variableElimination eliminated 	0 variables!
c selfSubsumption removed 		0 literals
c deduce added				0 new implications
c subsumption removed 			0 clauses 
c
c simplify: round 3
c deduce added 				0 new implications
c variableElimination eliminated 	0 variables!
c selfSubsumption removed 		0 literals
c deduce added				0 new implications
c subsumption removed 			0 clauses 
c subsumption removed 			5 clauses 
c ================Preprocessing Finished=======================
c clauses: 574, variables: 545


c =================Computation Finished========================
c =======================Thread 0==============================
c decisions         : 118
c bcps              : 824
c conflicts         : 0
c aborted components: 0
c blocks            : 1
c backtracks        : 236
c backtrack dist    : 1.9788
c recomputations    : 0
c splits            : 87
c split ratio       : 5.4253
c =======================Thread 1==============================
c decisions         : 72
c bcps              : 580
c conflicts         : 0
c aborted components: 0
c blocks            : 6
c backtracks        : 144
c backtrack dist    : 2.1597
c recomputations    : 0
c splits            : 67
c split ratio       : 2.9552
c =======================Thread 2==============================
c decisions         : 79
c bcps              : 609
c conflicts         : 0
c aborted components: 0
c blocks            : 3
c backtracks        : 158
c backtrack dist    : 2.2089
c recomputations    : 0
c splits            : 65
c split ratio       : 3.8154
c =======================Thread 3==============================
c decisions         : 68
c bcps              : 530
c conflicts         : 0
c aborted components: 0
c blocks            : 2
c backtracks        : 136
c backtrack dist    : 1.9338
c recomputations    : 0
c splits            : 103
c split ratio       : 2.4951
c ===================Cache Statistics==========================
c tries..................: 824
c hits...................: 487
c hit rate...............: 59.1019 % 
c removed items..........: 0
c ===================Overall Statistics========================
c TOTAL backtracks.......: 674
c TOTAL backtrack dist...: 2.0623
c TOTAL recomputations...: 0
c #decisions.............: 337
c #bcp operations........: 2543
c split ratio............: 0.0000
c cpu time...............: 0.0167 s
c wall clock time........: 0.0121 s
c =========================================================
c model count............: 8817886821993123549044010396178415409580168765568281435147084519194787369807858810925266497544131597699312603889409658615243594002589757994792911863581825008926720000000000000000000
s SATISFIABLE
