c ======================================================
c countAntom, Jan Burchard, University of Freiburg, 2015
c   based on the antom SAT-solver, by Tobias Schubert   
c ======================================================
c cnf file...............: ../../501_Git_Repos/busybox-data/data//busybox//2009/2009-07-22_00-31-27/clean.dimacs
c #variables.............: 761
c #clauses...............: 644
c ======================= Settings ============================
c number of threads......: 4
c memory size............: 4000
c vsads factor...........: 0.5000
c enable IBCP............: no
c split into components..: yes
c only preprocessing.....: no
c Tseitin detection......: yes
c UPLA...................: yes
c self-subsumption.......: yes
c variable elimination...: yes
c simplfication rounds...: 4
c add dependencies.......: yes
c ==================Start Preprocessing========================
c deduce added 				8 new implications
c UPLA removed 12 equivalent variables
c Tseitin detection found 4 AND gates, 6 OR gates, 0 XOR gates, 0 EQUIV gates, 
c subsumption removed 			34 clauses 
c selfSubsumption removed 		2 literals
c
c simplify: round 0
c deduce added 				0 new implications
c variableElimination eliminated 	106 variables!
c selfSubsumption removed 		0 literals
c deduce added				0 new implications
c subsumption removed 			5 clauses 
c
c simplify: round 1
c deduce added 				0 new implications
c variableElimination eliminated 	0 variables!
c selfSubsumption removed 		0 literals
c deduce added				0 new implications
c subsumption removed 			0 clauses 
c
c simplify: round 2
c deduce added 				0 new implications
c variableElimination eliminated 	0 variables!
c selfSubsumption removed 		0 literals
c deduce added				0 new implications
c subsumption removed 			0 clauses 
c
c simplify: round 3
c deduce added 				0 new implications
c variableElimination eliminated 	0 variables!
c selfSubsumption removed 		0 literals
c deduce added				0 new implications
c subsumption removed 			0 clauses 
c subsumption removed 			4 clauses 
c ================Preprocessing Finished=======================
c clauses: 593, variables: 558


c =================Computation Finished========================
c =======================Thread 0==============================
c decisions         : 100
c bcps              : 700
c conflicts         : 0
c aborted components: 0
c blocks            : 1
c backtracks        : 200
c backtrack dist    : 1.9800
c recomputations    : 0
c splits            : 82
c split ratio       : 5.2073
c =======================Thread 1==============================
c decisions         : 69
c bcps              : 592
c conflicts         : 0
c aborted components: 0
c blocks            : 10
c backtracks        : 138
c backtrack dist    : 2.1377
c recomputations    : 0
c splits            : 56
c split ratio       : 3.3036
c =======================Thread 2==============================
c decisions         : 70
c bcps              : 544
c conflicts         : 0
c aborted components: 0
c blocks            : 2
c backtracks        : 140
c backtrack dist    : 1.9643
c recomputations    : 0
c splits            : 97
c split ratio       : 2.8351
c =======================Thread 3==============================
c decisions         : 95
c bcps              : 706
c conflicts         : 0
c aborted components: 0
c blocks            : 7
c backtracks        : 190
c backtrack dist    : 2.0842
c recomputations    : 0
c splits            : 77
c split ratio       : 4.0649
c ===================Cache Statistics==========================
c tries..................: 845
c hits...................: 511
c hit rate...............: 60.4734 % 
c removed items..........: 0
c ===================Overall Statistics========================
c TOTAL backtracks.......: 668
c TOTAL backtrack dist...: 2.0389
c TOTAL recomputations...: 0
c #decisions.............: 334
c #bcp operations........: 2542
c split ratio............: 0.0000
c cpu time...............: 0.0217 s
c wall clock time........: 0.0142 s
c =========================================================
c model count............: 116840390719839997072622128138893146867807919720197159026130192905887002114130204407550326303474483477495562170994555934569888826384420685961383262175792947250436505600000000000000000000
s SATISFIABLE
