c ======================================================
c countAntom, Jan Burchard, University of Freiburg, 2015
c   based on the antom SAT-solver, by Tobias Schubert   
c ======================================================
c cnf file...............: ../../501_Git_Repos/busybox-data/data//busybox//2009/2009-03-29_23-49-46/clean.dimacs
c #variables.............: 743
c #clauses...............: 617
c ======================= Settings ============================
c number of threads......: 4
c memory size............: 4000
c vsads factor...........: 0.5000
c enable IBCP............: no
c split into components..: yes
c only preprocessing.....: no
c Tseitin detection......: yes
c UPLA...................: yes
c self-subsumption.......: yes
c variable elimination...: yes
c simplfication rounds...: 4
c add dependencies.......: yes
c ==================Start Preprocessing========================
c deduce added 				8 new implications
c UPLA removed 12 equivalent variables
c Tseitin detection found 4 AND gates, 4 OR gates, 0 XOR gates, 0 EQUIV gates, 
c subsumption removed 			31 clauses 
c selfSubsumption removed 		2 literals
c
c simplify: round 0
c deduce added 				0 new implications
c variableElimination eliminated 	103 variables!
c selfSubsumption removed 		0 literals
c deduce added				0 new implications
c subsumption removed 			5 clauses 
c
c simplify: round 1
c deduce added 				0 new implications
c variableElimination eliminated 	0 variables!
c selfSubsumption removed 		0 literals
c deduce added				0 new implications
c subsumption removed 			0 clauses 
c
c simplify: round 2
c deduce added 				0 new implications
c variableElimination eliminated 	0 variables!
c selfSubsumption removed 		0 literals
c deduce added				0 new implications
c subsumption removed 			0 clauses 
c
c simplify: round 3
c deduce added 				0 new implications
c variableElimination eliminated 	0 variables!
c selfSubsumption removed 		0 literals
c deduce added				0 new implications
c subsumption removed 			0 clauses 
c subsumption removed 			5 clauses 
c ================Preprocessing Finished=======================
c clauses: 575, variables: 546


c =================Computation Finished========================
c =======================Thread 0==============================
c decisions         : 89
c bcps              : 705
c conflicts         : 0
c aborted components: 0
c blocks            : 1
c backtracks        : 178
c backtrack dist    : 1.9663
c recomputations    : 0
c splits            : 102
c split ratio       : 4.1275
c =======================Thread 1==============================
c decisions         : 126
c bcps              : 884
c conflicts         : 0
c aborted components: 0
c blocks            : 3
c backtracks        : 252
c backtrack dist    : 2.0595
c recomputations    : 0
c splits            : 104
c split ratio       : 3.5577
c =======================Thread 2==============================
c decisions         : 75
c bcps              : 569
c conflicts         : 0
c aborted components: 0
c blocks            : 4
c backtracks        : 150
c backtrack dist    : 2.0867
c recomputations    : 0
c splits            : 70
c split ratio       : 3.2857
c =======================Thread 3==============================
c decisions         : 75
c bcps              : 582
c conflicts         : 0
c aborted components: 0
c blocks            : 4
c backtracks        : 150
c backtrack dist    : 2.0333
c recomputations    : 0
c splits            : 101
c split ratio       : 2.2178
c ===================Cache Statistics==========================
c tries..................: 893
c hits...................: 528
c hit rate...............: 59.1265 % 
c removed items..........: 0
c ===================Overall Statistics========================
c TOTAL backtracks.......: 730
c TOTAL backtrack dist...: 2.0370
c TOTAL recomputations...: 0
c #decisions.............: 365
c #bcp operations........: 2740
c split ratio............: 0.0000
c cpu time...............: 0.0171 s
c wall clock time........: 0.0124 s
c =========================================================
c model count............: 7731663594366099064343713562513495620341601038307888043623626448474411863627221416768306567338066154953594684591591757578247528543303611693517494386622502419824640000000000000000000
s SATISFIABLE
