c ======================================================
c countAntom, Jan Burchard, University of Freiburg, 2015
c   based on the antom SAT-solver, by Tobias Schubert   
c ======================================================
c cnf file...............: ../../501_Git_Repos/busybox-data/data//busybox//2009/2009-06-05_21-53-11/clean.dimacs
c #variables.............: 755
c #clauses...............: 630
c ======================= Settings ============================
c number of threads......: 4
c memory size............: 4000
c vsads factor...........: 0.5000
c enable IBCP............: no
c split into components..: yes
c only preprocessing.....: no
c Tseitin detection......: yes
c UPLA...................: yes
c self-subsumption.......: yes
c variable elimination...: yes
c simplfication rounds...: 4
c add dependencies.......: yes
c ==================Start Preprocessing========================
c deduce added 				8 new implications
c UPLA removed 12 equivalent variables
c Tseitin detection found 4 AND gates, 6 OR gates, 0 XOR gates, 0 EQUIV gates, 
c subsumption removed 			29 clauses 
c selfSubsumption removed 		2 literals
c
c simplify: round 0
c deduce added 				0 new implications
c variableElimination eliminated 	102 variables!
c selfSubsumption removed 		0 literals
c deduce added				0 new implications
c subsumption removed 			5 clauses 
c
c simplify: round 1
c deduce added 				0 new implications
c variableElimination eliminated 	0 variables!
c selfSubsumption removed 		0 literals
c deduce added				0 new implications
c subsumption removed 			0 clauses 
c
c simplify: round 2
c deduce added 				0 new implications
c variableElimination eliminated 	0 variables!
c selfSubsumption removed 		0 literals
c deduce added				0 new implications
c subsumption removed 			0 clauses 
c
c simplify: round 3
c deduce added 				0 new implications
c variableElimination eliminated 	0 variables!
c selfSubsumption removed 		0 literals
c deduce added				0 new implications
c subsumption removed 			0 clauses 
c subsumption removed 			4 clauses 
c ================Preprocessing Finished=======================
c clauses: 584, variables: 551


c =================Computation Finished========================
c =======================Thread 0==============================
c decisions         : 107
c bcps              : 772
c conflicts         : 0
c aborted components: 0
c blocks            : 1
c backtracks        : 214
c backtrack dist    : 1.9766
c recomputations    : 0
c splits            : 80
c split ratio       : 5.7750
c =======================Thread 1==============================
c decisions         : 84
c bcps              : 673
c conflicts         : 0
c aborted components: 0
c blocks            : 2
c backtracks        : 168
c backtrack dist    : 1.9643
c recomputations    : 0
c splits            : 127
c split ratio       : 2.6929
c =======================Thread 2==============================
c decisions         : 86
c bcps              : 713
c conflicts         : 0
c aborted components: 0
c blocks            : 8
c backtracks        : 172
c backtrack dist    : 2.2442
c recomputations    : 0
c splits            : 74
c split ratio       : 3.2027
c =======================Thread 3==============================
c decisions         : 76
c bcps              : 587
c conflicts         : 0
c aborted components: 0
c blocks            : 5
c backtracks        : 152
c backtrack dist    : 2.0921
c recomputations    : 0
c splits            : 64
c split ratio       : 4.1562
c ===================Cache Statistics==========================
c tries..................: 947
c hits...................: 594
c hit rate...............: 62.7244 % 
c removed items..........: 0
c ===================Overall Statistics========================
c TOTAL backtracks.......: 706
c TOTAL backtrack dist...: 2.0637
c TOTAL recomputations...: 0
c #decisions.............: 353
c #bcp operations........: 2745
c split ratio............: 0.0000
c cpu time...............: 0.0183 s
c wall clock time........: 0.0129 s
c =========================================================
c model count............: 8481602242947374841236857248055494701708467297941202117685277043696034558568127825245735339202809439099815564102102335463685833013244437977333794159436761698853191680000000000000000000
s SATISFIABLE
