c ======================================================
c countAntom, Jan Burchard, University of Freiburg, 2015
c   based on the antom SAT-solver, by Tobias Schubert   
c ======================================================
c cnf file...............: ../../501_Git_Repos/busybox-data/data//busybox//2009/2009-10-22_22-28-08/clean.dimacs
c #variables.............: 773
c #clauses...............: 656
c ======================= Settings ============================
c number of threads......: 4
c memory size............: 4000
c vsads factor...........: 0.5000
c enable IBCP............: no
c split into components..: yes
c only preprocessing.....: no
c Tseitin detection......: yes
c UPLA...................: yes
c self-subsumption.......: yes
c variable elimination...: yes
c simplfication rounds...: 4
c add dependencies.......: yes
c ==================Start Preprocessing========================
c deduce added 				8 new implications
c UPLA removed 15 equivalent variables
c Tseitin detection found 4 AND gates, 6 OR gates, 0 XOR gates, 0 EQUIV gates, 
c subsumption removed 			36 clauses 
c selfSubsumption removed 		3 literals
c
c simplify: round 0
c deduce added 				0 new implications
c variableElimination eliminated 	107 variables!
c selfSubsumption removed 		0 literals
c deduce added				0 new implications
c subsumption removed 			6 clauses 
c
c simplify: round 1
c deduce added 				0 new implications
c variableElimination eliminated 	1 variables!
c selfSubsumption removed 		0 literals
c deduce added				0 new implications
c subsumption removed 			0 clauses 
c
c simplify: round 2
c deduce added 				0 new implications
c variableElimination eliminated 	0 variables!
c selfSubsumption removed 		0 literals
c deduce added				0 new implications
c subsumption removed 			0 clauses 
c
c simplify: round 3
c deduce added 				0 new implications
c variableElimination eliminated 	0 variables!
c selfSubsumption removed 		0 literals
c deduce added				0 new implications
c subsumption removed 			0 clauses 
c subsumption removed 			4 clauses 
c ================Preprocessing Finished=======================
c clauses: 605, variables: 564


c =================Computation Finished========================
c =======================Thread 0==============================
c decisions         : 94
c bcps              : 718
c conflicts         : 0
c aborted components: 0
c blocks            : 1
c backtracks        : 188
c backtrack dist    : 1.9787
c recomputations    : 0
c splits            : 112
c split ratio       : 3.9107
c =======================Thread 1==============================
c decisions         : 94
c bcps              : 697
c conflicts         : 0
c aborted components: 0
c blocks            : 4
c backtracks        : 188
c backtrack dist    : 2.0213
c recomputations    : 0
c splits            : 85
c split ratio       : 3.2706
c =======================Thread 2==============================
c decisions         : 91
c bcps              : 659
c conflicts         : 0
c aborted components: 0
c blocks            : 6
c backtracks        : 182
c backtrack dist    : 2.0440
c recomputations    : 0
c splits            : 72
c split ratio       : 3.8333
c =======================Thread 3==============================
c decisions         : 65
c bcps              : 498
c conflicts         : 0
c aborted components: 0
c blocks            : 6
c backtracks        : 130
c backtrack dist    : 1.9923
c recomputations    : 0
c splits            : 63
c split ratio       : 3.2540
c ===================Cache Statistics==========================
c tries..................: 842
c hits...................: 498
c hit rate...............: 59.1449 % 
c removed items..........: 0
c ===================Overall Statistics========================
c TOTAL backtracks.......: 688
c TOTAL backtrack dist...: 2.0102
c TOTAL recomputations...: 0
c #decisions.............: 344
c #bcp operations........: 2572
c split ratio............: 0.0000
c cpu time...............: 0.0173 s
c wall clock time........: 0.0128 s
c =========================================================
c model count............: 18551840549591806573491212382266177008539916081442239369363278502434475699914699223821079475524262505729809410079687361246372567268232093519124181050607172333963575296000000000000000000000
s SATISFIABLE
