c ======================================================
c countAntom, Jan Burchard, University of Freiburg, 2015
c   based on the antom SAT-solver, by Tobias Schubert   
c ======================================================
c cnf file...............: ../../501_Git_Repos/busybox-data/data//busybox//2009/2009-04-08_21-51-33/clean.dimacs
c #variables.............: 741
c #clauses...............: 615
c ======================= Settings ============================
c number of threads......: 4
c memory size............: 4000
c vsads factor...........: 0.5000
c enable IBCP............: no
c split into components..: yes
c only preprocessing.....: no
c Tseitin detection......: yes
c UPLA...................: yes
c self-subsumption.......: yes
c variable elimination...: yes
c simplfication rounds...: 4
c add dependencies.......: yes
c ==================Start Preprocessing========================
c deduce added 				8 new implications
c UPLA removed 12 equivalent variables
c Tseitin detection found 4 AND gates, 4 OR gates, 0 XOR gates, 0 EQUIV gates, 
c subsumption removed 			31 clauses 
c selfSubsumption removed 		2 literals
c
c simplify: round 0
c deduce added 				0 new implications
c variableElimination eliminated 	101 variables!
c selfSubsumption removed 		0 literals
c deduce added				0 new implications
c subsumption removed 			5 clauses 
c
c simplify: round 1
c deduce added 				0 new implications
c variableElimination eliminated 	0 variables!
c selfSubsumption removed 		0 literals
c deduce added				0 new implications
c subsumption removed 			0 clauses 
c
c simplify: round 2
c deduce added 				0 new implications
c variableElimination eliminated 	0 variables!
c selfSubsumption removed 		0 literals
c deduce added				0 new implications
c subsumption removed 			0 clauses 
c
c simplify: round 3
c deduce added 				0 new implications
c variableElimination eliminated 	0 variables!
c selfSubsumption removed 		0 literals
c deduce added				0 new implications
c subsumption removed 			0 clauses 
c subsumption removed 			4 clauses 
c ================Preprocessing Finished=======================
c clauses: 574, variables: 544


c =================Computation Finished========================
c =======================Thread 0==============================
c decisions         : 104
c bcps              : 804
c conflicts         : 0
c aborted components: 0
c blocks            : 1
c backtracks        : 208
c backtrack dist    : 1.9808
c recomputations    : 0
c splits            : 120
c split ratio       : 4.0750
c =======================Thread 1==============================
c decisions         : 80
c bcps              : 689
c conflicts         : 0
c aborted components: 0
c blocks            : 10
c backtracks        : 160
c backtrack dist    : 2.5000
c recomputations    : 0
c splits            : 82
c split ratio       : 2.8171
c =======================Thread 2==============================
c decisions         : 76
c bcps              : 561
c conflicts         : 0
c aborted components: 0
c blocks            : 2
c backtracks        : 152
c backtrack dist    : 1.9605
c recomputations    : 0
c splits            : 84
c split ratio       : 3.0833
c =======================Thread 3==============================
c decisions         : 90
c bcps              : 685
c conflicts         : 0
c aborted components: 0
c blocks            : 5
c backtracks        : 180
c backtrack dist    : 2.3222
c recomputations    : 0
c splits            : 67
c split ratio       : 4.2239
c ===================Cache Statistics==========================
c tries..................: 916
c hits...................: 566
c hit rate...............: 61.7904 % 
c removed items..........: 0
c ===================Overall Statistics========================
c TOTAL backtracks.......: 700
c TOTAL backtrack dist...: 2.1829
c TOTAL recomputations...: 0
c #decisions.............: 350
c #bcp operations........: 2739
c split ratio............: 0.0000
c cpu time...............: 0.0178 s
c wall clock time........: 0.0126 s
c =========================================================
c model count............: 4416107651024993600754976914589941384635638867928184361471194941198902052429410323693273608213897544059004374329734690599077539225049966076334406513856469710929920000000000000000000
s SATISFIABLE
