c ======================================================
c countAntom, Jan Burchard, University of Freiburg, 2015
c   based on the antom SAT-solver, by Tobias Schubert   
c ======================================================
c cnf file...............: ../../501_Git_Repos/busybox-data/data//busybox//2009/2009-12-07_01-37-34/clean.dimacs
c #variables.............: 784
c #clauses...............: 667
c ======================= Settings ============================
c number of threads......: 4
c memory size............: 4000
c vsads factor...........: 0.5000
c enable IBCP............: no
c split into components..: yes
c only preprocessing.....: no
c Tseitin detection......: yes
c UPLA...................: yes
c self-subsumption.......: yes
c variable elimination...: yes
c simplfication rounds...: 4
c add dependencies.......: yes
c ==================Start Preprocessing========================
c deduce added 				8 new implications
c UPLA removed 15 equivalent variables
c Tseitin detection found 4 AND gates, 6 OR gates, 0 XOR gates, 0 EQUIV gates, 
c subsumption removed 			37 clauses 
c selfSubsumption removed 		3 literals
c
c simplify: round 0
c deduce added 				0 new implications
c variableElimination eliminated 	111 variables!
c selfSubsumption removed 		0 literals
c deduce added				0 new implications
c subsumption removed 			7 clauses 
c
c simplify: round 1
c deduce added 				0 new implications
c variableElimination eliminated 	1 variables!
c selfSubsumption removed 		0 literals
c deduce added				0 new implications
c subsumption removed 			0 clauses 
c
c simplify: round 2
c deduce added 				0 new implications
c variableElimination eliminated 	0 variables!
c selfSubsumption removed 		0 literals
c deduce added				0 new implications
c subsumption removed 			0 clauses 
c
c simplify: round 3
c deduce added 				0 new implications
c variableElimination eliminated 	0 variables!
c selfSubsumption removed 		0 literals
c deduce added				0 new implications
c subsumption removed 			0 clauses 
c subsumption removed 			4 clauses 
c ================Preprocessing Finished=======================
c clauses: 608, variables: 571


c =================Computation Finished========================
c =======================Thread 0==============================
c decisions         : 103
c bcps              : 747
c conflicts         : 0
c aborted components: 0
c blocks            : 1
c backtracks        : 206
c backtrack dist    : 1.9806
c recomputations    : 0
c splits            : 80
c split ratio       : 5.5625
c =======================Thread 1==============================
c decisions         : 57
c bcps              : 498
c conflicts         : 0
c aborted components: 0
c blocks            : 6
c backtracks        : 114
c backtrack dist    : 2.2193
c recomputations    : 0
c splits            : 59
c split ratio       : 2.9153
c =======================Thread 2==============================
c decisions         : 112
c bcps              : 789
c conflicts         : 0
c aborted components: 0
c blocks            : 7
c backtracks        : 224
c backtrack dist    : 2.0848
c recomputations    : 0
c splits            : 90
c split ratio       : 3.2889
c =======================Thread 3==============================
c decisions         : 99
c bcps              : 701
c conflicts         : 0
c aborted components: 0
c blocks            : 2
c backtracks        : 198
c backtrack dist    : 1.9697
c recomputations    : 0
c splits            : 120
c split ratio       : 2.7417
c ===================Cache Statistics==========================
c tries..................: 850
c hits...................: 479
c hit rate...............: 56.3529 % 
c removed items..........: 0
c ===================Overall Statistics========================
c TOTAL backtracks.......: 742
c TOTAL backtrack dist...: 2.0458
c TOTAL recomputations...: 0
c #decisions.............: 371
c #bcp operations........: 2735
c split ratio............: 0.0000
c cpu time...............: 0.0170 s
c wall clock time........: 0.0125 s
c =========================================================
c model count............: 7540606193987540597045803984354013831416894634900337106199097930142543811290175207059194435542636045590389907522819219856858518145138901353824646866310091259554991964160000000000000000000000
s SATISFIABLE
