c ======================================================
c countAntom, Jan Burchard, University of Freiburg, 2015
c   based on the antom SAT-solver, by Tobias Schubert   
c ======================================================
c cnf file...............: ../../501_Git_Repos/busybox-data/data//busybox//2009/2009-03-17_13-03-06/clean.dimacs
c #variables.............: 741
c #clauses...............: 616
c ======================= Settings ============================
c number of threads......: 4
c memory size............: 4000
c vsads factor...........: 0.5000
c enable IBCP............: no
c split into components..: yes
c only preprocessing.....: no
c Tseitin detection......: yes
c UPLA...................: yes
c self-subsumption.......: yes
c variable elimination...: yes
c simplfication rounds...: 4
c add dependencies.......: yes
c ==================Start Preprocessing========================
c deduce added 				8 new implications
c UPLA removed 12 equivalent variables
c Tseitin detection found 4 AND gates, 4 OR gates, 0 XOR gates, 0 EQUIV gates, 
c subsumption removed 			32 clauses 
c selfSubsumption removed 		2 literals
c
c simplify: round 0
c deduce added 				0 new implications
c variableElimination eliminated 	101 variables!
c selfSubsumption removed 		0 literals
c deduce added				0 new implications
c subsumption removed 			5 clauses 
c
c simplify: round 1
c deduce added 				0 new implications
c variableElimination eliminated 	0 variables!
c selfSubsumption removed 		0 literals
c deduce added				0 new implications
c subsumption removed 			0 clauses 
c
c simplify: round 2
c deduce added 				0 new implications
c variableElimination eliminated 	0 variables!
c selfSubsumption removed 		0 literals
c deduce added				0 new implications
c subsumption removed 			0 clauses 
c
c simplify: round 3
c deduce added 				0 new implications
c variableElimination eliminated 	0 variables!
c selfSubsumption removed 		0 literals
c deduce added				0 new implications
c subsumption removed 			0 clauses 
c subsumption removed 			4 clauses 
c ================Preprocessing Finished=======================
c clauses: 573, variables: 545


c =================Computation Finished========================
c =======================Thread 0==============================
c decisions         : 101
c bcps              : 765
c conflicts         : 0
c aborted components: 0
c blocks            : 11
c backtracks        : 202
c backtrack dist    : 2.1485
c recomputations    : 0
c splits            : 93
c split ratio       : 2.7204
c =======================Thread 1==============================
c decisions         : 90
c bcps              : 667
c conflicts         : 0
c aborted components: 0
c blocks            : 5
c backtracks        : 180
c backtrack dist    : 2.2000
c recomputations    : 0
c splits            : 74
c split ratio       : 4.1216
c =======================Thread 2==============================
c decisions         : 78
c bcps              : 611
c conflicts         : 0
c aborted components: 0
c blocks            : 1
c backtracks        : 156
c backtrack dist    : 1.9744
c recomputations    : 0
c splits            : 83
c split ratio       : 4.7711
c =======================Thread 3==============================
c decisions         : 75
c bcps              : 563
c conflicts         : 0
c aborted components: 0
c blocks            : 4
c backtracks        : 150
c backtrack dist    : 2.0200
c recomputations    : 0
c splits            : 87
c split ratio       : 2.7816
c ===================Cache Statistics==========================
c tries..................: 846
c hits...................: 502
c hit rate...............: 59.3381 % 
c removed items..........: 0
c ===================Overall Statistics========================
c TOTAL backtracks.......: 688
c TOTAL backtrack dist...: 2.0945
c TOTAL recomputations...: 0
c #decisions.............: 344
c #bcp operations........: 2606
c split ratio............: 0.0000
c cpu time...............: 0.0171 s
c wall clock time........: 0.0130 s
c =========================================================
c model count............: 2899373847887287149128892585942560857628100389365458016358859918177904448860208031288114962751774808107598006721846909091842823203738854385069060394983438407434240000000000000000000
s SATISFIABLE
