c ======================================================
c countAntom, Jan Burchard, University of Freiburg, 2015
c   based on the antom SAT-solver, by Tobias Schubert   
c ======================================================
c cnf file...............: ../../501_Git_Repos/busybox-data/data//busybox//2009/2009-08-20_23-34-01/clean.dimacs
c #variables.............: 764
c #clauses...............: 648
c ======================= Settings ============================
c number of threads......: 4
c memory size............: 4000
c vsads factor...........: 0.5000
c enable IBCP............: no
c split into components..: yes
c only preprocessing.....: no
c Tseitin detection......: yes
c UPLA...................: yes
c self-subsumption.......: yes
c variable elimination...: yes
c simplfication rounds...: 4
c add dependencies.......: yes
c ==================Start Preprocessing========================
c deduce added 				8 new implications
c UPLA removed 13 equivalent variables
c Tseitin detection found 4 AND gates, 6 OR gates, 0 XOR gates, 0 EQUIV gates, 
c subsumption removed 			35 clauses 
c selfSubsumption removed 		2 literals
c
c simplify: round 0
c deduce added 				0 new implications
c variableElimination eliminated 	105 variables!
c selfSubsumption removed 		0 literals
c deduce added				0 new implications
c subsumption removed 			5 clauses 
c
c simplify: round 1
c deduce added 				0 new implications
c variableElimination eliminated 	1 variables!
c selfSubsumption removed 		0 literals
c deduce added				0 new implications
c subsumption removed 			0 clauses 
c
c simplify: round 2
c deduce added 				0 new implications
c variableElimination eliminated 	0 variables!
c selfSubsumption removed 		0 literals
c deduce added				0 new implications
c subsumption removed 			0 clauses 
c
c simplify: round 3
c deduce added 				0 new implications
c variableElimination eliminated 	0 variables!
c selfSubsumption removed 		0 literals
c deduce added				0 new implications
c subsumption removed 			0 clauses 
c subsumption removed 			3 clauses 
c ================Preprocessing Finished=======================
c clauses: 601, variables: 560


c =================Computation Finished========================
c =======================Thread 0==============================
c decisions         : 116
c bcps              : 840
c conflicts         : 0
c aborted components: 0
c blocks            : 1
c backtracks        : 232
c backtrack dist    : 1.9871
c recomputations    : 0
c splits            : 105
c split ratio       : 4.8571
c =======================Thread 1==============================
c decisions         : 82
c bcps              : 649
c conflicts         : 0
c aborted components: 0
c blocks            : 3
c backtracks        : 164
c backtrack dist    : 2.0671
c recomputations    : 0
c splits            : 120
c split ratio       : 2.7417
c =======================Thread 2==============================
c decisions         : 88
c bcps              : 734
c conflicts         : 0
c aborted components: 0
c blocks            : 14
c backtracks        : 176
c backtrack dist    : 2.2273
c recomputations    : 0
c splits            : 75
c split ratio       : 3.2667
c =======================Thread 3==============================
c decisions         : 79
c bcps              : 617
c conflicts         : 0
c aborted components: 0
c blocks            : 13
c backtracks        : 158
c backtrack dist    : 2.1392
c recomputations    : 0
c splits            : 67
c split ratio       : 3.6866
c ===================Cache Statistics==========================
c tries..................: 969
c hits...................: 604
c hit rate...............: 62.3323 % 
c removed items..........: 0
c ===================Overall Statistics========================
c TOTAL backtracks.......: 730
c TOTAL backtrack dist...: 2.0959
c TOTAL recomputations...: 0
c #decisions.............: 365
c #bcp operations........: 2840
c split ratio............: 0.0000
c cpu time...............: 0.0179 s
c wall clock time........: 0.0127 s
c =========================================================
c model count............: 234885321550193808548054793681280037517758189128231402165931831099463560951086493396621789991520868846511697147875653682898230114896515811984224083755460048596238336000000000000000000000
s SATISFIABLE
