c ======================================================
c countAntom, Jan Burchard, University of Freiburg, 2015
c   based on the antom SAT-solver, by Tobias Schubert   
c ======================================================
c cnf file...............: ../../501_Git_Repos/busybox-data/data//busybox//2009/2009-08-01_06-53-03/clean.dimacs
c #variables.............: 763
c #clauses...............: 648
c ======================= Settings ============================
c number of threads......: 4
c memory size............: 4000
c vsads factor...........: 0.5000
c enable IBCP............: no
c split into components..: yes
c only preprocessing.....: no
c Tseitin detection......: yes
c UPLA...................: yes
c self-subsumption.......: yes
c variable elimination...: yes
c simplfication rounds...: 4
c add dependencies.......: yes
c ==================Start Preprocessing========================
c deduce added 				8 new implications
c UPLA removed 13 equivalent variables
c Tseitin detection found 4 AND gates, 6 OR gates, 0 XOR gates, 0 EQUIV gates, 
c subsumption removed 			36 clauses 
c selfSubsumption removed 		3 literals
c
c simplify: round 0
c deduce added 				0 new implications
c variableElimination eliminated 	105 variables!
c selfSubsumption removed 		0 literals
c deduce added				0 new implications
c subsumption removed 			5 clauses 
c
c simplify: round 1
c deduce added 				0 new implications
c variableElimination eliminated 	1 variables!
c selfSubsumption removed 		0 literals
c deduce added				0 new implications
c subsumption removed 			0 clauses 
c
c simplify: round 2
c deduce added 				0 new implications
c variableElimination eliminated 	0 variables!
c selfSubsumption removed 		0 literals
c deduce added				0 new implications
c subsumption removed 			0 clauses 
c
c simplify: round 3
c deduce added 				0 new implications
c variableElimination eliminated 	0 variables!
c selfSubsumption removed 		0 literals
c deduce added				0 new implications
c subsumption removed 			0 clauses 
c subsumption removed 			4 clauses 
c ================Preprocessing Finished=======================
c clauses: 601, variables: 560


c =================Computation Finished========================
c =======================Thread 0==============================
c decisions         : 82
c bcps              : 660
c conflicts         : 0
c aborted components: 0
c blocks            : 1
c backtracks        : 164
c backtrack dist    : 1.9695
c recomputations    : 0
c splits            : 110
c split ratio       : 3.8364
c =======================Thread 1==============================
c decisions         : 100
c bcps              : 739
c conflicts         : 0
c aborted components: 0
c blocks            : 14
c backtracks        : 200
c backtrack dist    : 2.0750
c recomputations    : 0
c splits            : 61
c split ratio       : 4.4098
c =======================Thread 2==============================
c decisions         : 90
c bcps              : 658
c conflicts         : 0
c aborted components: 0
c blocks            : 5
c backtracks        : 180
c backtrack dist    : 2.1389
c recomputations    : 0
c splits            : 80
c split ratio       : 3.3625
c =======================Thread 3==============================
c decisions         : 71
c bcps              : 526
c conflicts         : 0
c aborted components: 0
c blocks            : 5
c backtracks        : 142
c backtrack dist    : 1.9859
c recomputations    : 0
c splits            : 77
c split ratio       : 3.1039
c ===================Cache Statistics==========================
c tries..................: 842
c hits...................: 499
c hit rate...............: 59.2637 % 
c removed items..........: 0
c ===================Overall Statistics========================
c TOTAL backtracks.......: 686
c TOTAL backtrack dist...: 2.0481
c TOTAL recomputations...: 0
c #decisions.............: 343
c #bcp operations........: 2583
c split ratio............: 0.0000
c cpu time...............: 0.0183 s
c wall clock time........: 0.0133 s
c =========================================================
c model count............: 117442660775096904274027396840640018758879094564115701082965915549731780475543246698310894995760434423255848573937826841449115057448257905992112041877730024298119168000000000000000000000
s SATISFIABLE
