c ======================================================
c countAntom, Jan Burchard, University of Freiburg, 2015
c   based on the antom SAT-solver, by Tobias Schubert   
c ======================================================
c cnf file...............: ../../501_Git_Repos/busybox-data/data//busybox//2009/2009-07-16_16-09-25/clean.dimacs
c #variables.............: 761
c #clauses...............: 644
c ======================= Settings ============================
c number of threads......: 4
c memory size............: 4000
c vsads factor...........: 0.5000
c enable IBCP............: no
c split into components..: yes
c only preprocessing.....: no
c Tseitin detection......: yes
c UPLA...................: yes
c self-subsumption.......: yes
c variable elimination...: yes
c simplfication rounds...: 4
c add dependencies.......: yes
c ==================Start Preprocessing========================
c deduce added 				8 new implications
c UPLA removed 12 equivalent variables
c Tseitin detection found 4 AND gates, 6 OR gates, 0 XOR gates, 0 EQUIV gates, 
c subsumption removed 			34 clauses 
c selfSubsumption removed 		2 literals
c
c simplify: round 0
c deduce added 				0 new implications
c variableElimination eliminated 	106 variables!
c selfSubsumption removed 		0 literals
c deduce added				0 new implications
c subsumption removed 			5 clauses 
c
c simplify: round 1
c deduce added 				0 new implications
c variableElimination eliminated 	0 variables!
c selfSubsumption removed 		0 literals
c deduce added				0 new implications
c subsumption removed 			0 clauses 
c
c simplify: round 2
c deduce added 				0 new implications
c variableElimination eliminated 	0 variables!
c selfSubsumption removed 		0 literals
c deduce added				0 new implications
c subsumption removed 			0 clauses 
c
c simplify: round 3
c deduce added 				0 new implications
c variableElimination eliminated 	0 variables!
c selfSubsumption removed 		0 literals
c deduce added				0 new implications
c subsumption removed 			0 clauses 
c subsumption removed 			4 clauses 
c ================Preprocessing Finished=======================
c clauses: 593, variables: 558


c =================Computation Finished========================
c =======================Thread 0==============================
c decisions         : 112
c bcps              : 850
c conflicts         : 0
c aborted components: 0
c blocks            : 1
c backtracks        : 224
c backtrack dist    : 1.9821
c recomputations    : 0
c splits            : 101
c split ratio       : 5.0990
c =======================Thread 1==============================
c decisions         : 78
c bcps              : 641
c conflicts         : 0
c aborted components: 0
c blocks            : 7
c backtracks        : 156
c backtrack dist    : 2.1410
c recomputations    : 0
c splits            : 67
c split ratio       : 2.9701
c =======================Thread 2==============================
c decisions         : 81
c bcps              : 564
c conflicts         : 0
c aborted components: 0
c blocks            : 2
c backtracks        : 162
c backtrack dist    : 2.0000
c recomputations    : 0
c splits            : 61
c split ratio       : 4.2295
c =======================Thread 3==============================
c decisions         : 61
c bcps              : 448
c conflicts         : 0
c aborted components: 0
c blocks            : 2
c backtracks        : 122
c backtrack dist    : 1.9262
c recomputations    : 0
c splits            : 77
c split ratio       : 2.7403
c ===================Cache Statistics==========================
c tries..................: 826
c hits...................: 494
c hit rate...............: 59.8063 % 
c removed items..........: 0
c ===================Overall Statistics========================
c TOTAL backtracks.......: 664
c TOTAL backtrack dist...: 2.0136
c TOTAL recomputations...: 0
c #decisions.............: 332
c #bcp operations........: 2503
c split ratio............: 0.0000
c cpu time...............: 0.0163 s
c wall clock time........: 0.0127 s
c =========================================================
c model count............: 116840390719839997072622128138893146867807919720197159026130192905887002114130204407550326303474483477495562170994555934569888826384420685961383262175792947250436505600000000000000000000
s SATISFIABLE
