c ======================================================
c countAntom, Jan Burchard, University of Freiburg, 2015
c   based on the antom SAT-solver, by Tobias Schubert   
c ======================================================
c cnf file...............: ../../501_Git_Repos/busybox-data/data//busybox//2009/2009-12-30_18-38-05/clean.dimacs
c #variables.............: 784
c #clauses...............: 667
c ======================= Settings ============================
c number of threads......: 4
c memory size............: 4000
c vsads factor...........: 0.5000
c enable IBCP............: no
c split into components..: yes
c only preprocessing.....: no
c Tseitin detection......: yes
c UPLA...................: yes
c self-subsumption.......: yes
c variable elimination...: yes
c simplfication rounds...: 4
c add dependencies.......: yes
c ==================Start Preprocessing========================
c deduce added 				8 new implications
c UPLA removed 15 equivalent variables
c Tseitin detection found 4 AND gates, 6 OR gates, 0 XOR gates, 0 EQUIV gates, 
c subsumption removed 			38 clauses 
c selfSubsumption removed 		3 literals
c
c simplify: round 0
c deduce added 				0 new implications
c variableElimination eliminated 	111 variables!
c selfSubsumption removed 		0 literals
c deduce added				0 new implications
c subsumption removed 			7 clauses 
c
c simplify: round 1
c deduce added 				0 new implications
c variableElimination eliminated 	1 variables!
c selfSubsumption removed 		0 literals
c deduce added				0 new implications
c subsumption removed 			0 clauses 
c
c simplify: round 2
c deduce added 				0 new implications
c variableElimination eliminated 	0 variables!
c selfSubsumption removed 		0 literals
c deduce added				0 new implications
c subsumption removed 			0 clauses 
c
c simplify: round 3
c deduce added 				0 new implications
c variableElimination eliminated 	0 variables!
c selfSubsumption removed 		0 literals
c deduce added				0 new implications
c subsumption removed 			0 clauses 
c subsumption removed 			3 clauses 
c ================Preprocessing Finished=======================
c clauses: 608, variables: 571


c =================Computation Finished========================
c =======================Thread 0==============================
c decisions         : 86
c bcps              : 629
c conflicts         : 0
c aborted components: 0
c blocks            : 1
c backtracks        : 172
c backtrack dist    : 1.9709
c recomputations    : 0
c splits            : 76
c split ratio       : 5.7763
c =======================Thread 1==============================
c decisions         : 87
c bcps              : 744
c conflicts         : 0
c aborted components: 0
c blocks            : 13
c backtracks        : 174
c backtrack dist    : 2.6609
c recomputations    : 0
c splits            : 68
c split ratio       : 3.3382
c =======================Thread 2==============================
c decisions         : 86
c bcps              : 665
c conflicts         : 0
c aborted components: 0
c blocks            : 2
c backtracks        : 172
c backtrack dist    : 1.9651
c recomputations    : 0
c splits            : 126
c split ratio       : 2.5476
c =======================Thread 3==============================
c decisions         : 109
c bcps              : 800
c conflicts         : 0
c aborted components: 0
c blocks            : 8
c backtracks        : 218
c backtrack dist    : 2.1927
c recomputations    : 0
c splits            : 94
c split ratio       : 3.1915
c ===================Cache Statistics==========================
c tries..................: 916
c hits...................: 548
c hit rate...............: 59.8253 % 
c removed items..........: 0
c ===================Overall Statistics========================
c TOTAL backtracks.......: 736
c TOTAL backtrack dist...: 2.1984
c TOTAL recomputations...: 0
c #decisions.............: 368
c #bcp operations........: 2838
c split ratio............: 0.0000
c cpu time...............: 0.0181 s
c wall clock time........: 0.0138 s
c =========================================================
c model count............: 7540606193987540597045803984354013831416894634900337106199097930142543811290175207059194435542636045590389907522819219856858518145138901353824646866310091259554991964160000000000000000000000
s SATISFIABLE
