c ======================================================
c countAntom, Jan Burchard, University of Freiburg, 2015
c   based on the antom SAT-solver, by Tobias Schubert   
c ======================================================
c cnf file...............: ../../501_Git_Repos/busybox-data/data//busybox//2009/2009-11-07_18-21-03/clean.dimacs
c #variables.............: 777
c #clauses...............: 658
c ======================= Settings ============================
c number of threads......: 4
c memory size............: 4000
c vsads factor...........: 0.5000
c enable IBCP............: no
c split into components..: yes
c only preprocessing.....: no
c Tseitin detection......: yes
c UPLA...................: yes
c self-subsumption.......: yes
c variable elimination...: yes
c simplfication rounds...: 4
c add dependencies.......: yes
c ==================Start Preprocessing========================
c deduce added 				8 new implications
c UPLA removed 15 equivalent variables
c Tseitin detection found 4 AND gates, 6 OR gates, 0 XOR gates, 0 EQUIV gates, 
c subsumption removed 			37 clauses 
c selfSubsumption removed 		2 literals
c
c simplify: round 0
c deduce added 				0 new implications
c variableElimination eliminated 	107 variables!
c selfSubsumption removed 		0 literals
c deduce added				0 new implications
c subsumption removed 			6 clauses 
c
c simplify: round 1
c deduce added 				0 new implications
c variableElimination eliminated 	1 variables!
c selfSubsumption removed 		0 literals
c deduce added				0 new implications
c subsumption removed 			0 clauses 
c
c simplify: round 2
c deduce added 				0 new implications
c variableElimination eliminated 	0 variables!
c selfSubsumption removed 		0 literals
c deduce added				0 new implications
c subsumption removed 			0 clauses 
c
c simplify: round 3
c deduce added 				0 new implications
c variableElimination eliminated 	0 variables!
c selfSubsumption removed 		0 literals
c deduce added				0 new implications
c subsumption removed 			0 clauses 
c subsumption removed 			4 clauses 
c ================Preprocessing Finished=======================
c clauses: 604, variables: 566


c =================Computation Finished========================
c =======================Thread 0==============================
c decisions         : 105
c bcps              : 759
c conflicts         : 0
c aborted components: 0
c blocks            : 1
c backtracks        : 210
c backtrack dist    : 1.9810
c recomputations    : 0
c splits            : 84
c split ratio       : 5.6905
c =======================Thread 1==============================
c decisions         : 88
c bcps              : 703
c conflicts         : 0
c aborted components: 0
c blocks            : 8
c backtracks        : 176
c backtrack dist    : 2.3693
c recomputations    : 0
c splits            : 55
c split ratio       : 4.1455
c =======================Thread 2==============================
c decisions         : 102
c bcps              : 733
c conflicts         : 0
c aborted components: 0
c blocks            : 3
c backtracks        : 204
c backtrack dist    : 1.9804
c recomputations    : 0
c splits            : 129
c split ratio       : 2.6357
c =======================Thread 3==============================
c decisions         : 75
c bcps              : 629
c conflicts         : 0
c aborted components: 0
c blocks            : 7
c backtracks        : 150
c backtrack dist    : 2.2733
c recomputations    : 0
c splits            : 88
c split ratio       : 2.8977
c ===================Cache Statistics==========================
c tries..................: 918
c hits...................: 548
c hit rate...............: 59.6950 % 
c removed items..........: 0
c ===================Overall Statistics========================
c TOTAL backtracks.......: 740
c TOTAL backtrack dist...: 2.1324
c TOTAL recomputations...: 0
c #decisions.............: 370
c #bcp operations........: 2824
c split ratio............: 0.0000
c cpu time...............: 0.0175 s
c wall clock time........: 0.0125 s
c =========================================================
c model count............: 267534273111617220067935876430648020508627050442126424951757137337934241354604005458124558502344788059818670580574529716183775004307835842740104662178208991370817830912000000000000000000000
s SATISFIABLE
