c ======================================================
c countAntom, Jan Burchard, University of Freiburg, 2015
c   based on the antom SAT-solver, by Tobias Schubert   
c ======================================================
c cnf file...............: ../../501_Git_Repos/busybox-data/data//busybox//2009/2009-06-09_23-01-24/clean.dimacs
c #variables.............: 755
c #clauses...............: 630
c ======================= Settings ============================
c number of threads......: 4
c memory size............: 4000
c vsads factor...........: 0.5000
c enable IBCP............: no
c split into components..: yes
c only preprocessing.....: no
c Tseitin detection......: yes
c UPLA...................: yes
c self-subsumption.......: yes
c variable elimination...: yes
c simplfication rounds...: 4
c add dependencies.......: yes
c ==================Start Preprocessing========================
c deduce added 				8 new implications
c UPLA removed 12 equivalent variables
c Tseitin detection found 4 AND gates, 6 OR gates, 0 XOR gates, 0 EQUIV gates, 
c subsumption removed 			29 clauses 
c selfSubsumption removed 		2 literals
c
c simplify: round 0
c deduce added 				0 new implications
c variableElimination eliminated 	102 variables!
c selfSubsumption removed 		0 literals
c deduce added				0 new implications
c subsumption removed 			5 clauses 
c
c simplify: round 1
c deduce added 				0 new implications
c variableElimination eliminated 	0 variables!
c selfSubsumption removed 		0 literals
c deduce added				0 new implications
c subsumption removed 			0 clauses 
c
c simplify: round 2
c deduce added 				0 new implications
c variableElimination eliminated 	0 variables!
c selfSubsumption removed 		0 literals
c deduce added				0 new implications
c subsumption removed 			0 clauses 
c
c simplify: round 3
c deduce added 				0 new implications
c variableElimination eliminated 	0 variables!
c selfSubsumption removed 		0 literals
c deduce added				0 new implications
c subsumption removed 			0 clauses 
c subsumption removed 			4 clauses 
c ================Preprocessing Finished=======================
c clauses: 584, variables: 551


c =================Computation Finished========================
c =======================Thread 0==============================
c decisions         : 99
c bcps              : 723
c conflicts         : 0
c aborted components: 0
c blocks            : 1
c backtracks        : 198
c backtrack dist    : 1.9747
c recomputations    : 0
c splits            : 76
c split ratio       : 5.8026
c =======================Thread 1==============================
c decisions         : 81
c bcps              : 655
c conflicts         : 0
c aborted components: 0
c blocks            : 2
c backtracks        : 162
c backtrack dist    : 1.9691
c recomputations    : 0
c splits            : 124
c split ratio       : 2.7258
c =======================Thread 2==============================
c decisions         : 94
c bcps              : 668
c conflicts         : 0
c aborted components: 0
c blocks            : 4
c backtracks        : 188
c backtrack dist    : 2.0213
c recomputations    : 0
c splits            : 66
c split ratio       : 4.3636
c =======================Thread 3==============================
c decisions         : 68
c bcps              : 564
c conflicts         : 0
c aborted components: 0
c blocks            : 8
c backtracks        : 136
c backtrack dist    : 2.2059
c recomputations    : 0
c splits            : 52
c split ratio       : 3.3846
c ===================Cache Statistics==========================
c tries..................: 878
c hits...................: 536
c hit rate...............: 61.0478 % 
c removed items..........: 0
c ===================Overall Statistics========================
c TOTAL backtracks.......: 684
c TOTAL backtrack dist...: 2.0322
c TOTAL recomputations...: 0
c #decisions.............: 342
c #bcp operations........: 2610
c split ratio............: 0.0000
c cpu time...............: 0.0174 s
c wall clock time........: 0.0126 s
c =========================================================
c model count............: 8481602242947374841236857248055494701708467297941202117685277043696034558568127825245735339202809439099815564102102335463685833013244437977333794159436761698853191680000000000000000000
s SATISFIABLE
