c ======================================================
c countAntom, Jan Burchard, University of Freiburg, 2015
c   based on the antom SAT-solver, by Tobias Schubert   
c ======================================================
c cnf file...............: ../../501_Git_Repos/busybox-data/data//busybox//2009/2009-09-06_16-52-50/clean.dimacs
c #variables.............: 767
c #clauses...............: 650
c ======================= Settings ============================
c number of threads......: 4
c memory size............: 4000
c vsads factor...........: 0.5000
c enable IBCP............: no
c split into components..: yes
c only preprocessing.....: no
c Tseitin detection......: yes
c UPLA...................: yes
c self-subsumption.......: yes
c variable elimination...: yes
c simplfication rounds...: 4
c add dependencies.......: yes
c ==================Start Preprocessing========================
c deduce added 				8 new implications
c UPLA removed 15 equivalent variables
c Tseitin detection found 4 AND gates, 6 OR gates, 0 XOR gates, 0 EQUIV gates, 
c subsumption removed 			37 clauses 
c selfSubsumption removed 		2 literals
c
c simplify: round 0
c deduce added 				0 new implications
c variableElimination eliminated 	107 variables!
c selfSubsumption removed 		0 literals
c deduce added				0 new implications
c subsumption removed 			5 clauses 
c
c simplify: round 1
c deduce added 				0 new implications
c variableElimination eliminated 	1 variables!
c selfSubsumption removed 		0 literals
c deduce added				0 new implications
c subsumption removed 			0 clauses 
c
c simplify: round 2
c deduce added 				0 new implications
c variableElimination eliminated 	0 variables!
c selfSubsumption removed 		0 literals
c deduce added				0 new implications
c subsumption removed 			0 clauses 
c
c simplify: round 3
c deduce added 				0 new implications
c variableElimination eliminated 	0 variables!
c selfSubsumption removed 		0 literals
c deduce added				0 new implications
c subsumption removed 			0 clauses 
c subsumption removed 			4 clauses 
c ================Preprocessing Finished=======================
c clauses: 596, variables: 560


c =================Computation Finished========================
c =======================Thread 0==============================
c decisions         : 98
c bcps              : 742
c conflicts         : 0
c aborted components: 0
c blocks            : 1
c backtracks        : 196
c backtrack dist    : 1.9745
c recomputations    : 0
c splits            : 98
c split ratio       : 5.0306
c =======================Thread 1==============================
c decisions         : 81
c bcps              : 677
c conflicts         : 0
c aborted components: 0
c blocks            : 6
c backtracks        : 162
c backtrack dist    : 2.4877
c recomputations    : 0
c splits            : 69
c split ratio       : 3.2609
c =======================Thread 2==============================
c decisions         : 105
c bcps              : 801
c conflicts         : 0
c aborted components: 0
c blocks            : 5
c backtracks        : 210
c backtrack dist    : 2.2000
c recomputations    : 0
c splits            : 98
c split ratio       : 3.2245
c =======================Thread 3==============================
c decisions         : 94
c bcps              : 702
c conflicts         : 0
c aborted components: 0
c blocks            : 7
c backtracks        : 188
c backtrack dist    : 1.9947
c recomputations    : 0
c splits            : 116
c split ratio       : 2.6466
c ===================Cache Statistics==========================
c tries..................: 967
c hits...................: 589
c hit rate...............: 60.9100 % 
c removed items..........: 0
c ===================Overall Statistics========================
c TOTAL backtracks.......: 756
c TOTAL backtrack dist...: 2.1521
c TOTAL recomputations...: 0
c #decisions.............: 378
c #bcp operations........: 2922
c split ratio............: 0.0000
c cpu time...............: 0.0179 s
c wall clock time........: 0.0132 s
c =========================================================
c model count............: 536811991807283183467400293012571258305189514773949191947969364988357065305019689079230869777081931292862478670315193481009591969141103113699580604704194634104963072000000000000000000000
s SATISFIABLE
