c ======================================================
c countAntom, Jan Burchard, University of Freiburg, 2015
c   based on the antom SAT-solver, by Tobias Schubert   
c ======================================================
c cnf file...............: ../../501_Git_Repos/busybox-data/data//busybox//2009/2009-09-23_23-47-52/clean.dimacs
c #variables.............: 769
c #clauses...............: 651
c ======================= Settings ============================
c number of threads......: 4
c memory size............: 4000
c vsads factor...........: 0.5000
c enable IBCP............: no
c split into components..: yes
c only preprocessing.....: no
c Tseitin detection......: yes
c UPLA...................: yes
c self-subsumption.......: yes
c variable elimination...: yes
c simplfication rounds...: 4
c add dependencies.......: yes
c ==================Start Preprocessing========================
c deduce added 				8 new implications
c UPLA removed 15 equivalent variables
c Tseitin detection found 4 AND gates, 6 OR gates, 0 XOR gates, 0 EQUIV gates, 
c subsumption removed 			35 clauses 
c selfSubsumption removed 		2 literals
c
c simplify: round 0
c deduce added 				0 new implications
c variableElimination eliminated 	106 variables!
c selfSubsumption removed 		0 literals
c deduce added				0 new implications
c subsumption removed 			5 clauses 
c
c simplify: round 1
c deduce added 				0 new implications
c variableElimination eliminated 	1 variables!
c selfSubsumption removed 		0 literals
c deduce added				0 new implications
c subsumption removed 			0 clauses 
c
c simplify: round 2
c deduce added 				0 new implications
c variableElimination eliminated 	0 variables!
c selfSubsumption removed 		0 literals
c deduce added				0 new implications
c subsumption removed 			0 clauses 
c
c simplify: round 3
c deduce added 				0 new implications
c variableElimination eliminated 	0 variables!
c selfSubsumption removed 		0 literals
c deduce added				0 new implications
c subsumption removed 			0 clauses 
c subsumption removed 			3 clauses 
c ================Preprocessing Finished=======================
c clauses: 600, variables: 561


c =================Computation Finished========================
c =======================Thread 0==============================
c decisions         : 112
c bcps              : 897
c conflicts         : 0
c aborted components: 0
c blocks            : 3
c backtracks        : 224
c backtrack dist    : 2.0045
c recomputations    : 0
c splits            : 117
c split ratio       : 4.4701
c =======================Thread 1==============================
c decisions         : 96
c bcps              : 746
c conflicts         : 0
c aborted components: 0
c blocks            : 6
c backtracks        : 192
c backtrack dist    : 2.1823
c recomputations    : 0
c splits            : 82
c split ratio       : 4.0488
c =======================Thread 2==============================
c decisions         : 95
c bcps              : 725
c conflicts         : 0
c aborted components: 0
c blocks            : 2
c backtracks        : 190
c backtrack dist    : 1.9947
c recomputations    : 0
c splits            : 111
c split ratio       : 3.0721
c =======================Thread 3==============================
c decisions         : 56
c bcps              : 484
c conflicts         : 0
c aborted components: 0
c blocks            : 6
c backtracks        : 112
c backtrack dist    : 2.2411
c recomputations    : 0
c splits            : 53
c split ratio       : 3.1509
c ===================Cache Statistics==========================
c tries..................: 1009
c hits...................: 650
c hit rate...............: 64.4202 % 
c removed items..........: 0
c ===================Overall Statistics========================
c TOTAL backtracks.......: 718
c TOTAL backtrack dist...: 2.0864
c TOTAL recomputations...: 0
c #decisions.............: 359
c #bcp operations........: 2852
c split ratio............: 0.0000
c cpu time...............: 0.0177 s
c wall clock time........: 0.0129 s
c =========================================================
c model count............: 2143746741202455203053437828182686077096779779586913781618174915705520092224724317955983476812253000750568892067103466703979248787562035546841158986943464773206933504000000000000000000000
s SATISFIABLE
