c ======================================================
c countAntom, Jan Burchard, University of Freiburg, 2015
c   based on the antom SAT-solver, by Tobias Schubert   
c ======================================================
c cnf file...............: ../../501_Git_Repos/busybox-data/data//busybox//2009/2009-04-10_23-48-03/clean.dimacs
c #variables.............: 741
c #clauses...............: 615
c ======================= Settings ============================
c number of threads......: 4
c memory size............: 4000
c vsads factor...........: 0.5000
c enable IBCP............: no
c split into components..: yes
c only preprocessing.....: no
c Tseitin detection......: yes
c UPLA...................: yes
c self-subsumption.......: yes
c variable elimination...: yes
c simplfication rounds...: 4
c add dependencies.......: yes
c ==================Start Preprocessing========================
c deduce added 				8 new implications
c UPLA removed 12 equivalent variables
c Tseitin detection found 4 AND gates, 4 OR gates, 0 XOR gates, 0 EQUIV gates, 
c subsumption removed 			31 clauses 
c selfSubsumption removed 		2 literals
c
c simplify: round 0
c deduce added 				0 new implications
c variableElimination eliminated 	101 variables!
c selfSubsumption removed 		0 literals
c deduce added				0 new implications
c subsumption removed 			5 clauses 
c
c simplify: round 1
c deduce added 				0 new implications
c variableElimination eliminated 	0 variables!
c selfSubsumption removed 		0 literals
c deduce added				0 new implications
c subsumption removed 			0 clauses 
c
c simplify: round 2
c deduce added 				0 new implications
c variableElimination eliminated 	0 variables!
c selfSubsumption removed 		0 literals
c deduce added				0 new implications
c subsumption removed 			0 clauses 
c
c simplify: round 3
c deduce added 				0 new implications
c variableElimination eliminated 	0 variables!
c selfSubsumption removed 		0 literals
c deduce added				0 new implications
c subsumption removed 			0 clauses 
c subsumption removed 			4 clauses 
c ================Preprocessing Finished=======================
c clauses: 574, variables: 544


c =================Computation Finished========================
c =======================Thread 0==============================
c decisions         : 90
c bcps              : 690
c conflicts         : 0
c aborted components: 0
c blocks            : 1
c backtracks        : 180
c backtrack dist    : 1.9778
c recomputations    : 0
c splits            : 99
c split ratio       : 4.2323
c =======================Thread 1==============================
c decisions         : 81
c bcps              : 598
c conflicts         : 0
c aborted components: 0
c blocks            : 5
c backtracks        : 162
c backtrack dist    : 2.0185
c recomputations    : 0
c splits            : 83
c split ratio       : 3.0000
c =======================Thread 2==============================
c decisions         : 93
c bcps              : 697
c conflicts         : 0
c aborted components: 0
c blocks            : 4
c backtracks        : 186
c backtrack dist    : 2.0968
c recomputations    : 0
c splits            : 81
c split ratio       : 3.7407
c =======================Thread 3==============================
c decisions         : 97
c bcps              : 756
c conflicts         : 0
c aborted components: 0
c blocks            : 5
c backtracks        : 194
c backtrack dist    : 2.1082
c recomputations    : 0
c splits            : 112
c split ratio       : 2.5268
c ===================Cache Statistics==========================
c tries..................: 908
c hits...................: 547
c hit rate...............: 60.2423 % 
c removed items..........: 0
c ===================Overall Statistics========================
c TOTAL backtracks.......: 722
c TOTAL backtrack dist...: 2.0526
c TOTAL recomputations...: 0
c #decisions.............: 361
c #bcp operations........: 2741
c split ratio............: 0.0000
c cpu time...............: 0.0175 s
c wall clock time........: 0.0126 s
c =========================================================
c model count............: 4416107651024993600754976914589941384635638867928184361471194941198902052429410323693273608213897544059004374329734690599077539225049966076334406513856469710929920000000000000000000
s SATISFIABLE
