c ======================================================
c countAntom, Jan Burchard, University of Freiburg, 2015
c   based on the antom SAT-solver, by Tobias Schubert   
c ======================================================
c cnf file...............: ../../501_Git_Repos/busybox-data/data//busybox//2009/2009-07-04_16-50-43/clean.dimacs
c #variables.............: 759
c #clauses...............: 641
c ======================= Settings ============================
c number of threads......: 4
c memory size............: 4000
c vsads factor...........: 0.5000
c enable IBCP............: no
c split into components..: yes
c only preprocessing.....: no
c Tseitin detection......: yes
c UPLA...................: yes
c self-subsumption.......: yes
c variable elimination...: yes
c simplfication rounds...: 4
c add dependencies.......: yes
c ==================Start Preprocessing========================
c deduce added 				8 new implications
c UPLA removed 12 equivalent variables
c Tseitin detection found 4 AND gates, 6 OR gates, 0 XOR gates, 0 EQUIV gates, 
c subsumption removed 			36 clauses 
c selfSubsumption removed 		2 literals
c
c simplify: round 0
c deduce added 				0 new implications
c variableElimination eliminated 	106 variables!
c selfSubsumption removed 		0 literals
c deduce added				0 new implications
c subsumption removed 			5 clauses 
c
c simplify: round 1
c deduce added 				0 new implications
c variableElimination eliminated 	0 variables!
c selfSubsumption removed 		0 literals
c deduce added				0 new implications
c subsumption removed 			0 clauses 
c
c simplify: round 2
c deduce added 				0 new implications
c variableElimination eliminated 	0 variables!
c selfSubsumption removed 		0 literals
c deduce added				0 new implications
c subsumption removed 			0 clauses 
c
c simplify: round 3
c deduce added 				0 new implications
c variableElimination eliminated 	0 variables!
c selfSubsumption removed 		0 literals
c deduce added				0 new implications
c subsumption removed 			0 clauses 
c subsumption removed 			4 clauses 
c ================Preprocessing Finished=======================
c clauses: 588, variables: 555


c =================Computation Finished========================
c =======================Thread 0==============================
c decisions         : 99
c bcps              : 825
c conflicts         : 0
c aborted components: 0
c blocks            : 4
c backtracks        : 198
c backtrack dist    : 2.2626
c recomputations    : 0
c splits            : 83
c split ratio       : 5.2892
c =======================Thread 1==============================
c decisions         : 99
c bcps              : 724
c conflicts         : 0
c aborted components: 0
c blocks            : 2
c backtracks        : 198
c backtrack dist    : 1.9343
c recomputations    : 0
c splits            : 107
c split ratio       : 2.9813
c =======================Thread 2==============================
c decisions         : 81
c bcps              : 638
c conflicts         : 0
c aborted components: 0
c blocks            : 3
c backtracks        : 162
c backtrack dist    : 2.1173
c recomputations    : 0
c splits            : 77
c split ratio       : 3.5714
c =======================Thread 3==============================
c decisions         : 81
c bcps              : 626
c conflicts         : 0
c aborted components: 0
c blocks            : 2
c backtracks        : 162
c backtrack dist    : 2.1420
c recomputations    : 0
c splits            : 99
c split ratio       : 2.7071
c ===================Cache Statistics==========================
c tries..................: 948
c hits...................: 588
c hit rate...............: 62.0253 % 
c removed items..........: 0
c ===================Overall Statistics========================
c TOTAL backtracks.......: 720
c TOTAL backtrack dist...: 2.1125
c TOTAL recomputations...: 0
c #decisions.............: 360
c #bcp operations........: 2813
c split ratio............: 0.0000
c cpu time...............: 0.0180 s
c wall clock time........: 0.0128 s
c =========================================================
c model count............: 46736156287935998829048851255557258747123167888078863610452077162354800845652081763020130521389793390998224868397822373827955530553768274384553304870317178900174602240000000000000000000
s SATISFIABLE
