c ======================================================
c countAntom, Jan Burchard, University of Freiburg, 2015
c   based on the antom SAT-solver, by Tobias Schubert   
c ======================================================
c cnf file...............: ../../501_Git_Repos/busybox-data/data//busybox//2009/2009-07-02_14-25-51/clean.dimacs
c #variables.............: 758
c #clauses...............: 637
c ======================= Settings ============================
c number of threads......: 4
c memory size............: 4000
c vsads factor...........: 0.5000
c enable IBCP............: no
c split into components..: yes
c only preprocessing.....: no
c Tseitin detection......: yes
c UPLA...................: yes
c self-subsumption.......: yes
c variable elimination...: yes
c simplfication rounds...: 4
c add dependencies.......: yes
c ==================Start Preprocessing========================
c deduce added 				8 new implications
c UPLA removed 12 equivalent variables
c Tseitin detection found 4 AND gates, 6 OR gates, 0 XOR gates, 0 EQUIV gates, 
c subsumption removed 			36 clauses 
c selfSubsumption removed 		2 literals
c
c simplify: round 0
c deduce added 				0 new implications
c variableElimination eliminated 	107 variables!
c selfSubsumption removed 		0 literals
c deduce added				0 new implications
c subsumption removed 			5 clauses 
c
c simplify: round 1
c deduce added 				0 new implications
c variableElimination eliminated 	0 variables!
c selfSubsumption removed 		0 literals
c deduce added				0 new implications
c subsumption removed 			0 clauses 
c
c simplify: round 2
c deduce added 				0 new implications
c variableElimination eliminated 	0 variables!
c selfSubsumption removed 		0 literals
c deduce added				0 new implications
c subsumption removed 			0 clauses 
c
c simplify: round 3
c deduce added 				0 new implications
c variableElimination eliminated 	0 variables!
c selfSubsumption removed 		0 literals
c deduce added				0 new implications
c subsumption removed 			0 clauses 
c subsumption removed 			3 clauses 
c ================Preprocessing Finished=======================
c clauses: 585, variables: 552


c =================Computation Finished========================
c =======================Thread 0==============================
c decisions         : 102
c bcps              : 768
c conflicts         : 0
c aborted components: 0
c blocks            : 1
c backtracks        : 204
c backtrack dist    : 1.9657
c recomputations    : 0
c splits            : 99
c split ratio       : 4.7980
c =======================Thread 1==============================
c decisions         : 89
c bcps              : 723
c conflicts         : 0
c aborted components: 0
c blocks            : 6
c backtracks        : 178
c backtrack dist    : 2.4719
c recomputations    : 0
c splits            : 79
c split ratio       : 3.1646
c =======================Thread 2==============================
c decisions         : 77
c bcps              : 571
c conflicts         : 0
c aborted components: 0
c blocks            : 3
c backtracks        : 154
c backtrack dist    : 1.9935
c recomputations    : 0
c splits            : 108
c split ratio       : 2.4167
c =======================Thread 3==============================
c decisions         : 97
c bcps              : 707
c conflicts         : 0
c aborted components: 0
c blocks            : 9
c backtracks        : 194
c backtrack dist    : 2.1649
c recomputations    : 0
c splits            : 79
c split ratio       : 3.2532
c ===================Cache Statistics==========================
c tries..................: 879
c hits...................: 514
c hit rate...............: 58.4755 % 
c removed items..........: 0
c ===================Overall Statistics========================
c TOTAL backtracks.......: 730
c TOTAL backtrack dist...: 2.1479
c TOTAL recomputations...: 0
c #decisions.............: 365
c #bcp operations........: 2769
c split ratio............: 0.0000
c cpu time...............: 0.0170 s
c wall clock time........: 0.0124 s
c =========================================================
c model count............: 38946796906613332357540709379631048955935973240065719675376730968629000704710068135850108767824827825831854056998185311523296275461473561987127754058597649083478835200000000000000000000
s SATISFIABLE
