c ======================================================
c countAntom, Jan Burchard, University of Freiburg, 2015
c   based on the antom SAT-solver, by Tobias Schubert   
c ======================================================
c cnf file...............: ../../501_Git_Repos/busybox-data/data//busybox//2009/2009-08-31_05-15-21/clean.dimacs
c #variables.............: 766
c #clauses...............: 649
c ======================= Settings ============================
c number of threads......: 4
c memory size............: 4000
c vsads factor...........: 0.5000
c enable IBCP............: no
c split into components..: yes
c only preprocessing.....: no
c Tseitin detection......: yes
c UPLA...................: yes
c self-subsumption.......: yes
c variable elimination...: yes
c simplfication rounds...: 4
c add dependencies.......: yes
c ==================Start Preprocessing========================
c deduce added 				8 new implications
c UPLA removed 15 equivalent variables
c Tseitin detection found 4 AND gates, 6 OR gates, 0 XOR gates, 0 EQUIV gates, 
c subsumption removed 			35 clauses 
c selfSubsumption removed 		2 literals
c
c simplify: round 0
c deduce added 				0 new implications
c variableElimination eliminated 	105 variables!
c selfSubsumption removed 		0 literals
c deduce added				0 new implications
c subsumption removed 			5 clauses 
c
c simplify: round 1
c deduce added 				0 new implications
c variableElimination eliminated 	1 variables!
c selfSubsumption removed 		0 literals
c deduce added				0 new implications
c subsumption removed 			0 clauses 
c
c simplify: round 2
c deduce added 				0 new implications
c variableElimination eliminated 	0 variables!
c selfSubsumption removed 		0 literals
c deduce added				0 new implications
c subsumption removed 			0 clauses 
c
c simplify: round 3
c deduce added 				0 new implications
c variableElimination eliminated 	0 variables!
c selfSubsumption removed 		0 literals
c deduce added				0 new implications
c subsumption removed 			0 clauses 
c subsumption removed 			3 clauses 
c ================Preprocessing Finished=======================
c clauses: 598, variables: 559


c =================Computation Finished========================
c =======================Thread 0==============================
c decisions         : 117
c bcps              : 822
c conflicts         : 0
c aborted components: 0
c blocks            : 1
c backtracks        : 234
c backtrack dist    : 1.9829
c recomputations    : 0
c splits            : 92
c split ratio       : 5.4239
c =======================Thread 1==============================
c decisions         : 74
c bcps              : 639
c conflicts         : 0
c aborted components: 0
c blocks            : 10
c backtracks        : 148
c backtrack dist    : 2.0608
c recomputations    : 0
c splits            : 71
c split ratio       : 3.1408
c =======================Thread 2==============================
c decisions         : 77
c bcps              : 596
c conflicts         : 0
c aborted components: 0
c blocks            : 2
c backtracks        : 154
c backtrack dist    : 1.9545
c recomputations    : 0
c splits            : 104
c split ratio       : 2.7308
c =======================Thread 3==============================
c decisions         : 83
c bcps              : 679
c conflicts         : 0
c aborted components: 0
c blocks            : 7
c backtracks        : 166
c backtrack dist    : 2.2169
c recomputations    : 0
c splits            : 77
c split ratio       : 3.9221
c ===================Cache Statistics==========================
c tries..................: 951
c hits...................: 600
c hit rate...............: 63.0915 % 
c removed items..........: 0
c ===================Overall Statistics========================
c TOTAL backtracks.......: 702
c TOTAL backtrack dist...: 2.0484
c TOTAL recomputations...: 0
c #decisions.............: 351
c #bcp operations........: 2736
c split ratio............: 0.0000
c cpu time...............: 0.0174 s
c wall clock time........: 0.0126 s
c =========================================================
c model count............: 402608993855462387600550219759428443728892136080461893960977023741267798978764766809423152332811448469646859002736395110757193976855827335274685453528145975578722304000000000000000000000
s SATISFIABLE
