c ======================================================
c countAntom, Jan Burchard, University of Freiburg, 2015
c   based on the antom SAT-solver, by Tobias Schubert   
c ======================================================
c cnf file...............: ../../501_Git_Repos/busybox-data/data//busybox//2009/2009-01-25_01-00-15/clean.dimacs
c #variables.............: 738
c #clauses...............: 599
c ======================= Settings ============================
c number of threads......: 4
c memory size............: 4000
c vsads factor...........: 0.5000
c enable IBCP............: no
c split into components..: yes
c only preprocessing.....: no
c Tseitin detection......: yes
c UPLA...................: yes
c self-subsumption.......: yes
c variable elimination...: yes
c simplfication rounds...: 4
c add dependencies.......: yes
c ==================Start Preprocessing========================
c deduce added 				10 new implications
c UPLA removed 12 equivalent variables
c Tseitin detection found 4 AND gates, 3 OR gates, 0 XOR gates, 0 EQUIV gates, 
c subsumption removed 			25 clauses 
c selfSubsumption removed 		2 literals
c
c simplify: round 0
c deduce added 				0 new implications
c variableElimination eliminated 	99 variables!
c selfSubsumption removed 		0 literals
c deduce added				0 new implications
c subsumption removed 			5 clauses 
c
c simplify: round 1
c deduce added 				0 new implications
c variableElimination eliminated 	0 variables!
c selfSubsumption removed 		0 literals
c deduce added				0 new implications
c subsumption removed 			0 clauses 
c
c simplify: round 2
c deduce added 				0 new implications
c variableElimination eliminated 	0 variables!
c selfSubsumption removed 		0 literals
c deduce added				0 new implications
c subsumption removed 			0 clauses 
c
c simplify: round 3
c deduce added 				0 new implications
c variableElimination eliminated 	0 variables!
c selfSubsumption removed 		0 literals
c deduce added				0 new implications
c subsumption removed 			0 clauses 
c subsumption removed 			4 clauses 
c ================Preprocessing Finished=======================
c clauses: 565, variables: 543


c =================Computation Finished========================
c =======================Thread 0==============================
c decisions         : 100
c bcps              : 718
c conflicts         : 0
c aborted components: 0
c blocks            : 1
c backtracks        : 200
c backtrack dist    : 1.9750
c recomputations    : 0
c splits            : 106
c split ratio       : 4.1321
c =======================Thread 1==============================
c decisions         : 80
c bcps              : 652
c conflicts         : 0
c aborted components: 0
c blocks            : 7
c backtracks        : 160
c backtrack dist    : 2.3188
c recomputations    : 0
c splits            : 66
c split ratio       : 3.0303
c =======================Thread 2==============================
c decisions         : 83
c bcps              : 601
c conflicts         : 0
c aborted components: 0
c blocks            : 2
c backtracks        : 166
c backtrack dist    : 1.9639
c recomputations    : 0
c splits            : 100
c split ratio       : 2.8500
c =======================Thread 3==============================
c decisions         : 72
c bcps              : 540
c conflicts         : 0
c aborted components: 0
c blocks            : 7
c backtracks        : 144
c backtrack dist    : 2.2014
c recomputations    : 0
c splits            : 49
c split ratio       : 4.4490
c ===================Cache Statistics==========================
c tries..................: 793
c hits...................: 458
c hit rate...............: 57.7554 % 
c removed items..........: 0
c ===================Overall Statistics========================
c TOTAL backtracks.......: 670
c TOTAL backtrack dist...: 2.1030
c TOTAL recomputations...: 0
c #decisions.............: 335
c #bcp operations........: 2511
c split ratio............: 0.0000
c cpu time...............: 0.0159 s
c wall clock time........: 0.0117 s
c =========================================================
c model count............: 976100909645298060145189728612081522230165619354438403237898214706173601483404533336135790357797626857030321798114034159336047747090978326699255654647039430492160000000000000000000
s SATISFIABLE
