c ======================================================
c countAntom, Jan Burchard, University of Freiburg, 2015
c   based on the antom SAT-solver, by Tobias Schubert   
c ======================================================
c cnf file...............: ../../501_Git_Repos/busybox-data/data//busybox//2009/2009-06-14_19-42-12/clean.dimacs
c #variables.............: 756
c #clauses...............: 631
c ======================= Settings ============================
c number of threads......: 4
c memory size............: 4000
c vsads factor...........: 0.5000
c enable IBCP............: no
c split into components..: yes
c only preprocessing.....: no
c Tseitin detection......: yes
c UPLA...................: yes
c self-subsumption.......: yes
c variable elimination...: yes
c simplfication rounds...: 4
c add dependencies.......: yes
c ==================Start Preprocessing========================
c deduce added 				8 new implications
c UPLA removed 12 equivalent variables
c Tseitin detection found 4 AND gates, 6 OR gates, 0 XOR gates, 0 EQUIV gates, 
c subsumption removed 			30 clauses 
c selfSubsumption removed 		2 literals
c
c simplify: round 0
c deduce added 				0 new implications
c variableElimination eliminated 	102 variables!
c selfSubsumption removed 		0 literals
c deduce added				0 new implications
c subsumption removed 			5 clauses 
c
c simplify: round 1
c deduce added 				0 new implications
c variableElimination eliminated 	0 variables!
c selfSubsumption removed 		0 literals
c deduce added				0 new implications
c subsumption removed 			0 clauses 
c
c simplify: round 2
c deduce added 				0 new implications
c variableElimination eliminated 	0 variables!
c selfSubsumption removed 		0 literals
c deduce added				0 new implications
c subsumption removed 			0 clauses 
c
c simplify: round 3
c deduce added 				0 new implications
c variableElimination eliminated 	0 variables!
c selfSubsumption removed 		0 literals
c deduce added				0 new implications
c subsumption removed 			0 clauses 
c subsumption removed 			3 clauses 
c ================Preprocessing Finished=======================
c clauses: 585, variables: 552


c =================Computation Finished========================
c =======================Thread 0==============================
c decisions         : 116
c bcps              : 871
c conflicts         : 0
c aborted components: 0
c blocks            : 2
c backtracks        : 232
c backtrack dist    : 1.9784
c recomputations    : 0
c splits            : 102
c split ratio       : 5.2255
c =======================Thread 1==============================
c decisions         : 89
c bcps              : 713
c conflicts         : 0
c aborted components: 0
c blocks            : 10
c backtracks        : 178
c backtrack dist    : 2.2921
c recomputations    : 0
c splits            : 84
c split ratio       : 3.2024
c =======================Thread 2==============================
c decisions         : 78
c bcps              : 614
c conflicts         : 0
c aborted components: 0
c blocks            : 3
c backtracks        : 156
c backtrack dist    : 1.9551
c recomputations    : 0
c splits            : 116
c split ratio       : 2.9224
c =======================Thread 3==============================
c decisions         : 77
c bcps              : 667
c conflicts         : 0
c aborted components: 0
c blocks            : 15
c backtracks        : 154
c backtrack dist    : 2.2727
c recomputations    : 0
c splits            : 64
c split ratio       : 3.4844
c ===================Cache Statistics==========================
c tries..................: 1011
c hits...................: 651
c hit rate...............: 64.3917 % 
c removed items..........: 0
c ===================Overall Statistics========================
c TOTAL backtracks.......: 720
c TOTAL backtrack dist...: 2.1139
c TOTAL recomputations...: 0
c #decisions.............: 360
c #bcp operations........: 2865
c split ratio............: 0.0000
c cpu time...............: 0.0182 s
c wall clock time........: 0.0129 s
c =========================================================
c model count............: 16958605489152911249165953847266713887849784535281751306059209576714618647812798316184744021091487953259353130589404155723496406010161742338474269712507120212991016960000000000000000000
s SATISFIABLE
