c ======================================================
c countAntom, Jan Burchard, University of Freiburg, 2015
c   based on the antom SAT-solver, by Tobias Schubert   
c ======================================================
c cnf file...............: ../../501_Git_Repos/busybox-data/data//busybox//2009/2009-09-12_22-41-57/clean.dimacs
c #variables.............: 767
c #clauses...............: 650
c ======================= Settings ============================
c number of threads......: 4
c memory size............: 4000
c vsads factor...........: 0.5000
c enable IBCP............: no
c split into components..: yes
c only preprocessing.....: no
c Tseitin detection......: yes
c UPLA...................: yes
c self-subsumption.......: yes
c variable elimination...: yes
c simplfication rounds...: 4
c add dependencies.......: yes
c ==================Start Preprocessing========================
c deduce added 				8 new implications
c UPLA removed 15 equivalent variables
c Tseitin detection found 4 AND gates, 6 OR gates, 0 XOR gates, 0 EQUIV gates, 
c subsumption removed 			37 clauses 
c selfSubsumption removed 		2 literals
c
c simplify: round 0
c deduce added 				0 new implications
c variableElimination eliminated 	107 variables!
c selfSubsumption removed 		0 literals
c deduce added				0 new implications
c subsumption removed 			5 clauses 
c
c simplify: round 1
c deduce added 				0 new implications
c variableElimination eliminated 	1 variables!
c selfSubsumption removed 		0 literals
c deduce added				0 new implications
c subsumption removed 			0 clauses 
c
c simplify: round 2
c deduce added 				0 new implications
c variableElimination eliminated 	0 variables!
c selfSubsumption removed 		0 literals
c deduce added				0 new implications
c subsumption removed 			0 clauses 
c
c simplify: round 3
c deduce added 				0 new implications
c variableElimination eliminated 	0 variables!
c selfSubsumption removed 		0 literals
c deduce added				0 new implications
c subsumption removed 			0 clauses 
c subsumption removed 			4 clauses 
c ================Preprocessing Finished=======================
c clauses: 596, variables: 560


c =================Computation Finished========================
c =======================Thread 0==============================
c decisions         : 112
c bcps              : 841
c conflicts         : 0
c aborted components: 0
c blocks            : 1
c backtracks        : 224
c backtrack dist    : 1.9777
c recomputations    : 0
c splits            : 123
c split ratio       : 4.7561
c =======================Thread 1==============================
c decisions         : 90
c bcps              : 744
c conflicts         : 0
c aborted components: 0
c blocks            : 18
c backtracks        : 180
c backtrack dist    : 2.2667
c recomputations    : 0
c splits            : 74
c split ratio       : 3.2432
c =======================Thread 2==============================
c decisions         : 90
c bcps              : 745
c conflicts         : 0
c aborted components: 0
c blocks            : 22
c backtracks        : 180
c backtrack dist    : 2.7944
c recomputations    : 0
c splits            : 65
c split ratio       : 3.2000
c =======================Thread 3==============================
c decisions         : 89
c bcps              : 666
c conflicts         : 0
c aborted components: 0
c blocks            : 7
c backtracks        : 178
c backtrack dist    : 2.0000
c recomputations    : 0
c splits            : 114
c split ratio       : 3.0088
c ===================Cache Statistics==========================
c tries..................: 991
c hits...................: 610
c hit rate...............: 61.5540 % 
c removed items..........: 0
c ===================Overall Statistics========================
c TOTAL backtracks.......: 762
c TOTAL backtrack dist...: 2.2441
c TOTAL recomputations...: 0
c #decisions.............: 381
c #bcp operations........: 2996
c split ratio............: 0.0000
c cpu time...............: 0.0190 s
c wall clock time........: 0.0130 s
c =========================================================
c model count............: 536811991807283183467400293012571258305189514773949191947969364988357065305019689079230869777081931292862478670315193481009591969141103113699580604704194634104963072000000000000000000000
s SATISFIABLE
