c ======================================================
c countAntom, Jan Burchard, University of Freiburg, 2015
c   based on the antom SAT-solver, by Tobias Schubert   
c ======================================================
c cnf file...............: ../../501_Git_Repos/busybox-data/data//busybox//2009/2009-05-21_18-35-37/clean.dimacs
c #variables.............: 752
c #clauses...............: 629
c ======================= Settings ============================
c number of threads......: 4
c memory size............: 4000
c vsads factor...........: 0.5000
c enable IBCP............: no
c split into components..: yes
c only preprocessing.....: no
c Tseitin detection......: yes
c UPLA...................: yes
c self-subsumption.......: yes
c variable elimination...: yes
c simplfication rounds...: 4
c add dependencies.......: yes
c ==================Start Preprocessing========================
c deduce added 				8 new implications
c UPLA removed 12 equivalent variables
c Tseitin detection found 4 AND gates, 6 OR gates, 0 XOR gates, 0 EQUIV gates, 
c subsumption removed 			30 clauses 
c selfSubsumption removed 		2 literals
c
c simplify: round 0
c deduce added 				0 new implications
c variableElimination eliminated 	101 variables!
c selfSubsumption removed 		0 literals
c deduce added				0 new implications
c subsumption removed 			5 clauses 
c
c simplify: round 1
c deduce added 				0 new implications
c variableElimination eliminated 	0 variables!
c selfSubsumption removed 		0 literals
c deduce added				0 new implications
c subsumption removed 			0 clauses 
c
c simplify: round 2
c deduce added 				0 new implications
c variableElimination eliminated 	0 variables!
c selfSubsumption removed 		0 literals
c deduce added				0 new implications
c subsumption removed 			0 clauses 
c
c simplify: round 3
c deduce added 				0 new implications
c variableElimination eliminated 	0 variables!
c selfSubsumption removed 		0 literals
c deduce added				0 new implications
c subsumption removed 			0 clauses 
c subsumption removed 			3 clauses 
c ================Preprocessing Finished=======================
c clauses: 582, variables: 550


c =================Computation Finished========================
c =======================Thread 0==============================
c decisions         : 84
c bcps              : 613
c conflicts         : 0
c aborted components: 0
c blocks            : 1
c backtracks        : 168
c backtrack dist    : 1.9643
c recomputations    : 0
c splits            : 74
c split ratio       : 5.7297
c =======================Thread 1==============================
c decisions         : 90
c bcps              : 710
c conflicts         : 0
c aborted components: 0
c blocks            : 7
c backtracks        : 180
c backtrack dist    : 2.2389
c recomputations    : 0
c splits            : 85
c split ratio       : 3.2588
c =======================Thread 2==============================
c decisions         : 76
c bcps              : 614
c conflicts         : 0
c aborted components: 0
c blocks            : 3
c backtracks        : 152
c backtrack dist    : 2.0066
c recomputations    : 0
c splits            : 107
c split ratio       : 3.0093
c =======================Thread 3==============================
c decisions         : 95
c bcps              : 790
c conflicts         : 0
c aborted components: 0
c blocks            : 14
c backtracks        : 190
c backtrack dist    : 2.2947
c recomputations    : 0
c splits            : 68
c split ratio       : 4.0735
c ===================Cache Statistics==========================
c tries..................: 945
c hits...................: 600
c hit rate...............: 63.4921 % 
c removed items..........: 0
c ===================Overall Statistics========================
c TOTAL backtracks.......: 690
c TOTAL backtrack dist...: 2.1362
c TOTAL recomputations...: 0
c #decisions.............: 345
c #bcp operations........: 2727
c split ratio............: 0.0000
c cpu time...............: 0.0178 s
c wall clock time........: 0.0127 s
c =========================================================
c model count............: 1413983623553049009648456262079605409915340388040254763723491549839126632204976082066516444643312483594992427151583765510937243836901334130905075577103327215201812480000000000000000000
s SATISFIABLE
