c ======================================================
c countAntom, Jan Burchard, University of Freiburg, 2015
c   based on the antom SAT-solver, by Tobias Schubert   
c ======================================================
c cnf file...............: ../../501_Git_Repos/busybox-data/data//busybox//2009/2009-09-24_03-09-26/clean.dimacs
c #variables.............: 769
c #clauses...............: 651
c ======================= Settings ============================
c number of threads......: 4
c memory size............: 4000
c vsads factor...........: 0.5000
c enable IBCP............: no
c split into components..: yes
c only preprocessing.....: no
c Tseitin detection......: yes
c UPLA...................: yes
c self-subsumption.......: yes
c variable elimination...: yes
c simplfication rounds...: 4
c add dependencies.......: yes
c ==================Start Preprocessing========================
c deduce added 				8 new implications
c UPLA removed 15 equivalent variables
c Tseitin detection found 4 AND gates, 6 OR gates, 0 XOR gates, 0 EQUIV gates, 
c subsumption removed 			35 clauses 
c selfSubsumption removed 		2 literals
c
c simplify: round 0
c deduce added 				0 new implications
c variableElimination eliminated 	106 variables!
c selfSubsumption removed 		0 literals
c deduce added				0 new implications
c subsumption removed 			5 clauses 
c
c simplify: round 1
c deduce added 				0 new implications
c variableElimination eliminated 	1 variables!
c selfSubsumption removed 		0 literals
c deduce added				0 new implications
c subsumption removed 			0 clauses 
c
c simplify: round 2
c deduce added 				0 new implications
c variableElimination eliminated 	0 variables!
c selfSubsumption removed 		0 literals
c deduce added				0 new implications
c subsumption removed 			0 clauses 
c
c simplify: round 3
c deduce added 				0 new implications
c variableElimination eliminated 	0 variables!
c selfSubsumption removed 		0 literals
c deduce added				0 new implications
c subsumption removed 			0 clauses 
c subsumption removed 			3 clauses 
c ================Preprocessing Finished=======================
c clauses: 600, variables: 561


c =================Computation Finished========================
c =======================Thread 0==============================
c decisions         : 102
c bcps              : 789
c conflicts         : 0
c aborted components: 0
c blocks            : 1
c backtracks        : 204
c backtrack dist    : 1.9804
c recomputations    : 0
c splits            : 102
c split ratio       : 4.6078
c =======================Thread 1==============================
c decisions         : 97
c bcps              : 758
c conflicts         : 0
c aborted components: 0
c blocks            : 7
c backtracks        : 194
c backtrack dist    : 2.1134
c recomputations    : 0
c splits            : 94
c split ratio       : 3.4787
c =======================Thread 2==============================
c decisions         : 66
c bcps              : 559
c conflicts         : 0
c aborted components: 0
c blocks            : 5
c backtracks        : 132
c backtrack dist    : 2.0227
c recomputations    : 0
c splits            : 80
c split ratio       : 3.0750
c =======================Thread 3==============================
c decisions         : 93
c bcps              : 675
c conflicts         : 0
c aborted components: 0
c blocks            : 6
c backtracks        : 186
c backtrack dist    : 2.0000
c recomputations    : 0
c splits            : 84
c split ratio       : 3.3929
c ===================Cache Statistics==========================
c tries..................: 973
c hits...................: 615
c hit rate...............: 63.2066 % 
c removed items..........: 0
c ===================Overall Statistics========================
c TOTAL backtracks.......: 716
c TOTAL backtrack dist...: 2.0293
c TOTAL recomputations...: 0
c #decisions.............: 358
c #bcp operations........: 2781
c split ratio............: 0.0000
c cpu time...............: 0.0171 s
c wall clock time........: 0.0125 s
c =========================================================
c model count............: 2143746741202455203053437828182686077096779779586913781618174915705520092224724317955983476812253000750568892067103466703979248787562035546841158986943464773206933504000000000000000000000
s SATISFIABLE
