c ======================================================
c countAntom, Jan Burchard, University of Freiburg, 2015
c   based on the antom SAT-solver, by Tobias Schubert   
c ======================================================
c cnf file...............: ../../501_Git_Repos/busybox-data/data//busybox//2009/2009-11-16_05-51-18/clean.dimacs
c #variables.............: 778
c #clauses...............: 660
c ======================= Settings ============================
c number of threads......: 4
c memory size............: 4000
c vsads factor...........: 0.5000
c enable IBCP............: no
c split into components..: yes
c only preprocessing.....: no
c Tseitin detection......: yes
c UPLA...................: yes
c self-subsumption.......: yes
c variable elimination...: yes
c simplfication rounds...: 4
c add dependencies.......: yes
c ==================Start Preprocessing========================
c deduce added 				8 new implications
c UPLA removed 15 equivalent variables
c Tseitin detection found 4 AND gates, 6 OR gates, 0 XOR gates, 0 EQUIV gates, 
c subsumption removed 			36 clauses 
c selfSubsumption removed 		2 literals
c
c simplify: round 0
c deduce added 				0 new implications
c variableElimination eliminated 	108 variables!
c selfSubsumption removed 		0 literals
c deduce added				0 new implications
c subsumption removed 			7 clauses 
c
c simplify: round 1
c deduce added 				0 new implications
c variableElimination eliminated 	1 variables!
c selfSubsumption removed 		0 literals
c deduce added				0 new implications
c subsumption removed 			0 clauses 
c
c simplify: round 2
c deduce added 				0 new implications
c variableElimination eliminated 	0 variables!
c selfSubsumption removed 		0 literals
c deduce added				0 new implications
c subsumption removed 			0 clauses 
c
c simplify: round 3
c deduce added 				0 new implications
c variableElimination eliminated 	0 variables!
c selfSubsumption removed 		0 literals
c deduce added				0 new implications
c subsumption removed 			0 clauses 
c subsumption removed 			5 clauses 
c ================Preprocessing Finished=======================
c clauses: 606, variables: 567


c =================Computation Finished========================
c =======================Thread 0==============================
c decisions         : 90
c bcps              : 670
c conflicts         : 0
c aborted components: 0
c blocks            : 1
c backtracks        : 180
c backtrack dist    : 1.9722
c recomputations    : 0
c splits            : 74
c split ratio       : 5.5811
c =======================Thread 1==============================
c decisions         : 81
c bcps              : 650
c conflicts         : 0
c aborted components: 0
c blocks            : 6
c backtracks        : 162
c backtrack dist    : 2.2531
c recomputations    : 0
c splits            : 89
c split ratio       : 2.6067
c =======================Thread 2==============================
c decisions         : 86
c bcps              : 617
c conflicts         : 0
c aborted components: 0
c blocks            : 2
c backtracks        : 172
c backtrack dist    : 1.9360
c recomputations    : 0
c splits            : 85
c split ratio       : 3.1765
c =======================Thread 3==============================
c decisions         : 92
c bcps              : 646
c conflicts         : 0
c aborted components: 0
c blocks            : 3
c backtracks        : 184
c backtrack dist    : 2.0815
c recomputations    : 0
c splits            : 72
c split ratio       : 3.7361
c ===================Cache Statistics==========================
c tries..................: 807
c hits...................: 458
c hit rate...............: 56.7534 % 
c removed items..........: 0
c ===================Overall Statistics========================
c TOTAL backtracks.......: 698
c TOTAL backtrack dist...: 2.0573
c TOTAL recomputations...: 0
c #decisions.............: 349
c #bcp operations........: 2583
c split ratio............: 0.0000
c cpu time...............: 0.0166 s
c wall clock time........: 0.0124 s
c =========================================================
c model count............: 354892403107247332743180244244737170062464454668126890242126814836035218123454292954655026584743086201800277300762131256162150515918557750573608225338440498757207326720000000000000000000000
s SATISFIABLE
