c ======================================================
c countAntom, Jan Burchard, University of Freiburg, 2015
c   based on the antom SAT-solver, by Tobias Schubert   
c ======================================================
c cnf file...............: ../../501_Git_Repos/busybox-data/data//busybox//2009/2009-08-09_22-06-56/clean.dimacs
c #variables.............: 763
c #clauses...............: 648
c ======================= Settings ============================
c number of threads......: 4
c memory size............: 4000
c vsads factor...........: 0.5000
c enable IBCP............: no
c split into components..: yes
c only preprocessing.....: no
c Tseitin detection......: yes
c UPLA...................: yes
c self-subsumption.......: yes
c variable elimination...: yes
c simplfication rounds...: 4
c add dependencies.......: yes
c ==================Start Preprocessing========================
c deduce added 				8 new implications
c UPLA removed 13 equivalent variables
c Tseitin detection found 4 AND gates, 6 OR gates, 0 XOR gates, 0 EQUIV gates, 
c subsumption removed 			36 clauses 
c selfSubsumption removed 		3 literals
c
c simplify: round 0
c deduce added 				0 new implications
c variableElimination eliminated 	105 variables!
c selfSubsumption removed 		0 literals
c deduce added				0 new implications
c subsumption removed 			5 clauses 
c
c simplify: round 1
c deduce added 				0 new implications
c variableElimination eliminated 	1 variables!
c selfSubsumption removed 		0 literals
c deduce added				0 new implications
c subsumption removed 			0 clauses 
c
c simplify: round 2
c deduce added 				0 new implications
c variableElimination eliminated 	0 variables!
c selfSubsumption removed 		0 literals
c deduce added				0 new implications
c subsumption removed 			0 clauses 
c
c simplify: round 3
c deduce added 				0 new implications
c variableElimination eliminated 	0 variables!
c selfSubsumption removed 		0 literals
c deduce added				0 new implications
c subsumption removed 			0 clauses 
c subsumption removed 			4 clauses 
c ================Preprocessing Finished=======================
c clauses: 601, variables: 560


c =================Computation Finished========================
c =======================Thread 0==============================
c decisions         : 87
c bcps              : 699
c conflicts         : 0
c aborted components: 0
c blocks            : 1
c backtracks        : 174
c backtrack dist    : 1.9713
c recomputations    : 0
c splits            : 122
c split ratio       : 3.5820
c =======================Thread 1==============================
c decisions         : 83
c bcps              : 596
c conflicts         : 0
c aborted components: 0
c blocks            : 4
c backtracks        : 166
c backtrack dist    : 2.0060
c recomputations    : 0
c splits            : 74
c split ratio       : 3.4189
c =======================Thread 2==============================
c decisions         : 91
c bcps              : 677
c conflicts         : 0
c aborted components: 0
c blocks            : 8
c backtracks        : 182
c backtrack dist    : 2.1319
c recomputations    : 0
c splits            : 70
c split ratio       : 3.1000
c =======================Thread 3==============================
c decisions         : 90
c bcps              : 661
c conflicts         : 0
c aborted components: 0
c blocks            : 7
c backtracks        : 180
c backtrack dist    : 2.1722
c recomputations    : 0
c splits            : 79
c split ratio       : 3.7215
c ===================Cache Statistics==========================
c tries..................: 845
c hits...................: 494
c hit rate...............: 58.4615 % 
c removed items..........: 0
c ===================Overall Statistics========================
c TOTAL backtracks.......: 702
c TOTAL backtrack dist...: 2.0726
c TOTAL recomputations...: 0
c #decisions.............: 351
c #bcp operations........: 2633
c split ratio............: 0.0000
c cpu time...............: 0.0170 s
c wall clock time........: 0.0126 s
c =========================================================
c model count............: 117442660775096904274027396840640018758879094564115701082965915549731780475543246698310894995760434423255848573937826841449115057448257905992112041877730024298119168000000000000000000000
s SATISFIABLE
