c ======================================================
c countAntom, Jan Burchard, University of Freiburg, 2015
c   based on the antom SAT-solver, by Tobias Schubert   
c ======================================================
c cnf file...............: ../../501_Git_Repos/busybox-data/data//busybox//2009/2009-12-05_17-56-25/clean.dimacs
c #variables.............: 783
c #clauses...............: 667
c ======================= Settings ============================
c number of threads......: 4
c memory size............: 4000
c vsads factor...........: 0.5000
c enable IBCP............: no
c split into components..: yes
c only preprocessing.....: no
c Tseitin detection......: yes
c UPLA...................: yes
c self-subsumption.......: yes
c variable elimination...: yes
c simplfication rounds...: 4
c add dependencies.......: yes
c ==================Start Preprocessing========================
c deduce added 				8 new implications
c UPLA removed 15 equivalent variables
c Tseitin detection found 4 AND gates, 6 OR gates, 0 XOR gates, 0 EQUIV gates, 
c subsumption removed 			39 clauses 
c selfSubsumption removed 		3 literals
c
c simplify: round 0
c deduce added 				0 new implications
c variableElimination eliminated 	111 variables!
c selfSubsumption removed 		0 literals
c deduce added				0 new implications
c subsumption removed 			7 clauses 
c
c simplify: round 1
c deduce added 				0 new implications
c variableElimination eliminated 	1 variables!
c selfSubsumption removed 		0 literals
c deduce added				0 new implications
c subsumption removed 			0 clauses 
c
c simplify: round 2
c deduce added 				0 new implications
c variableElimination eliminated 	0 variables!
c selfSubsumption removed 		0 literals
c deduce added				0 new implications
c subsumption removed 			0 clauses 
c
c simplify: round 3
c deduce added 				0 new implications
c variableElimination eliminated 	0 variables!
c selfSubsumption removed 		0 literals
c deduce added				0 new implications
c subsumption removed 			0 clauses 
c subsumption removed 			2 clauses 
c ================Preprocessing Finished=======================
c clauses: 608, variables: 571


c =================Computation Finished========================
c =======================Thread 0==============================
c decisions         : 93
c bcps              : 701
c conflicts         : 0
c aborted components: 0
c blocks            : 1
c backtracks        : 186
c backtrack dist    : 2.0323
c recomputations    : 0
c splits            : 98
c split ratio       : 4.6224
c =======================Thread 1==============================
c decisions         : 93
c bcps              : 651
c conflicts         : 0
c aborted components: 0
c blocks            : 2
c backtracks        : 186
c backtrack dist    : 1.9624
c recomputations    : 0
c splits            : 105
c split ratio       : 3.0952
c =======================Thread 2==============================
c decisions         : 72
c bcps              : 670
c conflicts         : 0
c aborted components: 0
c blocks            : 17
c backtracks        : 144
c backtrack dist    : 2.5556
c recomputations    : 0
c splits            : 58
c split ratio       : 3.2586
c =======================Thread 3==============================
c decisions         : 110
c bcps              : 821
c conflicts         : 0
c aborted components: 0
c blocks            : 12
c backtracks        : 220
c backtrack dist    : 2.3091
c recomputations    : 0
c splits            : 105
c split ratio       : 3.0476
c ===================Cache Statistics==========================
c tries..................: 918
c hits...................: 550
c hit rate...............: 59.9129 % 
c removed items..........: 0
c ===================Overall Statistics========================
c TOTAL backtracks.......: 736
c TOTAL backtrack dist...: 2.1997
c TOTAL recomputations...: 0
c #decisions.............: 368
c #bcp operations........: 2843
c split ratio............: 0.0000
c cpu time...............: 0.0179 s
c wall clock time........: 0.0130 s
c =========================================================
c model count............: 3770303096993770298522901992177006915708447317450168553099548965071271905645087603529597217771318022795194953761409609928429259072569450676912323433155045629777495982080000000000000000000000
s SATISFIABLE
