c ======================================================
c countAntom, Jan Burchard, University of Freiburg, 2015
c   based on the antom SAT-solver, by Tobias Schubert   
c ======================================================
c cnf file...............: ../../501_Git_Repos/busybox-data/data//busybox//2009/2009-07-30_12-57-19/clean.dimacs
c #variables.............: 763
c #clauses...............: 648
c ======================= Settings ============================
c number of threads......: 4
c memory size............: 4000
c vsads factor...........: 0.5000
c enable IBCP............: no
c split into components..: yes
c only preprocessing.....: no
c Tseitin detection......: yes
c UPLA...................: yes
c self-subsumption.......: yes
c variable elimination...: yes
c simplfication rounds...: 4
c add dependencies.......: yes
c ==================Start Preprocessing========================
c deduce added 				8 new implications
c UPLA removed 13 equivalent variables
c Tseitin detection found 4 AND gates, 6 OR gates, 0 XOR gates, 0 EQUIV gates, 
c subsumption removed 			36 clauses 
c selfSubsumption removed 		3 literals
c
c simplify: round 0
c deduce added 				0 new implications
c variableElimination eliminated 	105 variables!
c selfSubsumption removed 		0 literals
c deduce added				0 new implications
c subsumption removed 			5 clauses 
c
c simplify: round 1
c deduce added 				0 new implications
c variableElimination eliminated 	1 variables!
c selfSubsumption removed 		0 literals
c deduce added				0 new implications
c subsumption removed 			0 clauses 
c
c simplify: round 2
c deduce added 				0 new implications
c variableElimination eliminated 	0 variables!
c selfSubsumption removed 		0 literals
c deduce added				0 new implications
c subsumption removed 			0 clauses 
c
c simplify: round 3
c deduce added 				0 new implications
c variableElimination eliminated 	0 variables!
c selfSubsumption removed 		0 literals
c deduce added				0 new implications
c subsumption removed 			0 clauses 
c subsumption removed 			4 clauses 
c ================Preprocessing Finished=======================
c clauses: 601, variables: 560


c =================Computation Finished========================
c =======================Thread 0==============================
c decisions         : 76
c bcps              : 633
c conflicts         : 0
c aborted components: 0
c blocks            : 1
c backtracks        : 152
c backtrack dist    : 1.9671
c recomputations    : 0
c splits            : 96
c split ratio       : 4.1250
c =======================Thread 1==============================
c decisions         : 114
c bcps              : 771
c conflicts         : 0
c aborted components: 0
c blocks            : 5
c backtracks        : 228
c backtrack dist    : 1.9868
c recomputations    : 0
c splits            : 69
c split ratio       : 4.4058
c =======================Thread 2==============================
c decisions         : 85
c bcps              : 629
c conflicts         : 0
c aborted components: 0
c blocks            : 4
c backtracks        : 170
c backtrack dist    : 2.0294
c recomputations    : 0
c splits            : 90
c split ratio       : 2.9111
c =======================Thread 3==============================
c decisions         : 73
c bcps              : 564
c conflicts         : 0
c aborted components: 0
c blocks            : 5
c backtracks        : 146
c backtrack dist    : 2.0616
c recomputations    : 0
c splits            : 82
c split ratio       : 2.9634
c ===================Cache Statistics==========================
c tries..................: 847
c hits...................: 499
c hit rate...............: 58.9138 % 
c removed items..........: 0
c ===================Overall Statistics========================
c TOTAL backtracks.......: 696
c TOTAL backtrack dist...: 2.0086
c TOTAL recomputations...: 0
c #decisions.............: 348
c #bcp operations........: 2597
c split ratio............: 0.0000
c cpu time...............: 0.0173 s
c wall clock time........: 0.0127 s
c =========================================================
c model count............: 117442660775096904274027396840640018758879094564115701082965915549731780475543246698310894995760434423255848573937826841449115057448257905992112041877730024298119168000000000000000000000
s SATISFIABLE
