c ======================================================
c countAntom, Jan Burchard, University of Freiburg, 2015
c   based on the antom SAT-solver, by Tobias Schubert   
c ======================================================
c cnf file...............: ../../501_Git_Repos/busybox-data/data//busybox//2009/2009-02-01_00-40-45/clean.dimacs
c #variables.............: 739
c #clauses...............: 613
c ======================= Settings ============================
c number of threads......: 4
c memory size............: 4000
c vsads factor...........: 0.5000
c enable IBCP............: no
c split into components..: yes
c only preprocessing.....: no
c Tseitin detection......: yes
c UPLA...................: yes
c self-subsumption.......: yes
c variable elimination...: yes
c simplfication rounds...: 4
c add dependencies.......: yes
c ==================Start Preprocessing========================
c deduce added 				8 new implications
c UPLA removed 12 equivalent variables
c Tseitin detection found 4 AND gates, 3 OR gates, 0 XOR gates, 0 EQUIV gates, 
c subsumption removed 			30 clauses 
c selfSubsumption removed 		2 literals
c
c simplify: round 0
c deduce added 				0 new implications
c variableElimination eliminated 	101 variables!
c selfSubsumption removed 		0 literals
c deduce added				0 new implications
c subsumption removed 			5 clauses 
c
c simplify: round 1
c deduce added 				0 new implications
c variableElimination eliminated 	0 variables!
c selfSubsumption removed 		0 literals
c deduce added				0 new implications
c subsumption removed 			0 clauses 
c
c simplify: round 2
c deduce added 				0 new implications
c variableElimination eliminated 	0 variables!
c selfSubsumption removed 		0 literals
c deduce added				0 new implications
c subsumption removed 			0 clauses 
c
c simplify: round 3
c deduce added 				0 new implications
c variableElimination eliminated 	0 variables!
c selfSubsumption removed 		0 literals
c deduce added				0 new implications
c subsumption removed 			0 clauses 
c subsumption removed 			3 clauses 
c ================Preprocessing Finished=======================
c clauses: 577, variables: 545


c =================Computation Finished========================
c =======================Thread 0==============================
c decisions         : 88
c bcps              : 676
c conflicts         : 0
c aborted components: 0
c blocks            : 1
c backtracks        : 176
c backtrack dist    : 1.9773
c recomputations    : 0
c splits            : 76
c split ratio       : 5.5658
c =======================Thread 1==============================
c decisions         : 86
c bcps              : 694
c conflicts         : 0
c aborted components: 0
c blocks            : 7
c backtracks        : 172
c backtrack dist    : 2.2558
c recomputations    : 0
c splits            : 79
c split ratio       : 2.9241
c =======================Thread 2==============================
c decisions         : 86
c bcps              : 622
c conflicts         : 0
c aborted components: 0
c blocks            : 2
c backtracks        : 172
c backtrack dist    : 2.1047
c recomputations    : 0
c splits            : 67
c split ratio       : 3.9552
c =======================Thread 3==============================
c decisions         : 66
c bcps              : 504
c conflicts         : 0
c aborted components: 0
c blocks            : 2
c backtracks        : 132
c backtrack dist    : 1.9621
c recomputations    : 0
c splits            : 85
c split ratio       : 2.9882
c ===================Cache Statistics==========================
c tries..................: 829
c hits...................: 503
c hit rate...............: 60.6755 % 
c removed items..........: 0
c ===================Overall Statistics========================
c TOTAL backtracks.......: 652
c TOTAL backtrack dist...: 2.0813
c TOTAL recomputations...: 0
c #decisions.............: 326
c #bcp operations........: 2496
c split ratio............: 0.0000
c cpu time...............: 0.0169 s
c wall clock time........: 0.0123 s
c =========================================================
c model count............: 1931407379419887259764841557857331989966967324931100284570652262525378249752351551886515707930899590347083583735451609056845002415116361375832511442443875637002240000000000000000000
s SATISFIABLE
