c ======================================================
c countAntom, Jan Burchard, University of Freiburg, 2015
c   based on the antom SAT-solver, by Tobias Schubert   
c ======================================================
c cnf file...............: ../../501_Git_Repos/busybox-data/data//busybox//2009/2009-08-28_21-15-24/clean.dimacs
c #variables.............: 766
c #clauses...............: 649
c ======================= Settings ============================
c number of threads......: 4
c memory size............: 4000
c vsads factor...........: 0.5000
c enable IBCP............: no
c split into components..: yes
c only preprocessing.....: no
c Tseitin detection......: yes
c UPLA...................: yes
c self-subsumption.......: yes
c variable elimination...: yes
c simplfication rounds...: 4
c add dependencies.......: yes
c ==================Start Preprocessing========================
c deduce added 				8 new implications
c UPLA removed 15 equivalent variables
c Tseitin detection found 4 AND gates, 6 OR gates, 0 XOR gates, 0 EQUIV gates, 
c subsumption removed 			35 clauses 
c selfSubsumption removed 		2 literals
c
c simplify: round 0
c deduce added 				0 new implications
c variableElimination eliminated 	105 variables!
c selfSubsumption removed 		0 literals
c deduce added				0 new implications
c subsumption removed 			5 clauses 
c
c simplify: round 1
c deduce added 				0 new implications
c variableElimination eliminated 	1 variables!
c selfSubsumption removed 		0 literals
c deduce added				0 new implications
c subsumption removed 			0 clauses 
c
c simplify: round 2
c deduce added 				0 new implications
c variableElimination eliminated 	0 variables!
c selfSubsumption removed 		0 literals
c deduce added				0 new implications
c subsumption removed 			0 clauses 
c
c simplify: round 3
c deduce added 				0 new implications
c variableElimination eliminated 	0 variables!
c selfSubsumption removed 		0 literals
c deduce added				0 new implications
c subsumption removed 			0 clauses 
c subsumption removed 			3 clauses 
c ================Preprocessing Finished=======================
c clauses: 598, variables: 559


c =================Computation Finished========================
c =======================Thread 0==============================
c decisions         : 111
c bcps              : 778
c conflicts         : 0
c aborted components: 0
c blocks            : 1
c backtracks        : 222
c backtrack dist    : 1.9820
c recomputations    : 0
c splits            : 74
c split ratio       : 6.2027
c =======================Thread 1==============================
c decisions         : 78
c bcps              : 626
c conflicts         : 0
c aborted components: 0
c blocks            : 2
c backtracks        : 156
c backtrack dist    : 1.9615
c recomputations    : 0
c splits            : 112
c split ratio       : 2.7232
c =======================Thread 2==============================
c decisions         : 86
c bcps              : 643
c conflicts         : 0
c aborted components: 0
c blocks            : 3
c backtracks        : 172
c backtrack dist    : 1.9593
c recomputations    : 0
c splits            : 74
c split ratio       : 4.0811
c =======================Thread 3==============================
c decisions         : 62
c bcps              : 560
c conflicts         : 0
c aborted components: 0
c blocks            : 6
c backtracks        : 124
c backtrack dist    : 2.0806
c recomputations    : 0
c splits            : 65
c split ratio       : 3.0154
c ===================Cache Statistics==========================
c tries..................: 914
c hits...................: 577
c hit rate...............: 63.1291 % 
c removed items..........: 0
c ===================Overall Statistics========================
c TOTAL backtracks.......: 674
c TOTAL backtrack dist...: 1.9896
c TOTAL recomputations...: 0
c #decisions.............: 337
c #bcp operations........: 2607
c split ratio............: 0.0000
c cpu time...............: 0.0171 s
c wall clock time........: 0.0125 s
c =========================================================
c model count............: 402608993855462387600550219759428443728892136080461893960977023741267798978764766809423152332811448469646859002736395110757193976855827335274685453528145975578722304000000000000000000000
s SATISFIABLE
