c ======================================================
c countAntom, Jan Burchard, University of Freiburg, 2015
c   based on the antom SAT-solver, by Tobias Schubert   
c ======================================================
c cnf file...............: ../../501_Git_Repos/busybox-data/data//busybox//2009/2009-08-14_22-33-10/clean.dimacs
c #variables.............: 764
c #clauses...............: 648
c ======================= Settings ============================
c number of threads......: 4
c memory size............: 4000
c vsads factor...........: 0.5000
c enable IBCP............: no
c split into components..: yes
c only preprocessing.....: no
c Tseitin detection......: yes
c UPLA...................: yes
c self-subsumption.......: yes
c variable elimination...: yes
c simplfication rounds...: 4
c add dependencies.......: yes
c ==================Start Preprocessing========================
c deduce added 				8 new implications
c UPLA removed 13 equivalent variables
c Tseitin detection found 4 AND gates, 6 OR gates, 0 XOR gates, 0 EQUIV gates, 
c subsumption removed 			35 clauses 
c selfSubsumption removed 		2 literals
c
c simplify: round 0
c deduce added 				0 new implications
c variableElimination eliminated 	105 variables!
c selfSubsumption removed 		0 literals
c deduce added				0 new implications
c subsumption removed 			5 clauses 
c
c simplify: round 1
c deduce added 				0 new implications
c variableElimination eliminated 	1 variables!
c selfSubsumption removed 		0 literals
c deduce added				0 new implications
c subsumption removed 			0 clauses 
c
c simplify: round 2
c deduce added 				0 new implications
c variableElimination eliminated 	0 variables!
c selfSubsumption removed 		0 literals
c deduce added				0 new implications
c subsumption removed 			0 clauses 
c
c simplify: round 3
c deduce added 				0 new implications
c variableElimination eliminated 	0 variables!
c selfSubsumption removed 		0 literals
c deduce added				0 new implications
c subsumption removed 			0 clauses 
c subsumption removed 			3 clauses 
c ================Preprocessing Finished=======================
c clauses: 601, variables: 560


c =================Computation Finished========================
c =======================Thread 0==============================
c decisions         : 108
c bcps              : 804
c conflicts         : 0
c aborted components: 0
c blocks            : 1
c backtracks        : 216
c backtrack dist    : 1.9676
c recomputations    : 0
c splits            : 96
c split ratio       : 4.9479
c =======================Thread 1==============================
c decisions         : 75
c bcps              : 613
c conflicts         : 0
c aborted components: 0
c blocks            : 2
c backtracks        : 150
c backtrack dist    : 1.9867
c recomputations    : 0
c splits            : 111
c split ratio       : 2.7207
c =======================Thread 2==============================
c decisions         : 82
c bcps              : 645
c conflicts         : 0
c aborted components: 0
c blocks            : 7
c backtracks        : 164
c backtrack dist    : 2.3537
c recomputations    : 0
c splits            : 65
c split ratio       : 3.9692
c =======================Thread 3==============================
c decisions         : 93
c bcps              : 747
c conflicts         : 0
c aborted components: 0
c blocks            : 4
c backtracks        : 186
c backtrack dist    : 2.1398
c recomputations    : 0
c splits            : 84
c split ratio       : 3.5000
c ===================Cache Statistics==========================
c tries..................: 970
c hits...................: 612
c hit rate...............: 63.0928 % 
c removed items..........: 0
c ===================Overall Statistics========================
c TOTAL backtracks.......: 716
c TOTAL backtrack dist...: 2.1047
c TOTAL recomputations...: 0
c #decisions.............: 358
c #bcp operations........: 2809
c split ratio............: 0.0000
c cpu time...............: 0.0173 s
c wall clock time........: 0.0124 s
c =========================================================
c model count............: 234885321550193808548054793681280037517758189128231402165931831099463560951086493396621789991520868846511697147875653682898230114896515811984224083755460048596238336000000000000000000000
s SATISFIABLE
