c ======================================================
c countAntom, Jan Burchard, University of Freiburg, 2015
c   based on the antom SAT-solver, by Tobias Schubert   
c ======================================================
c cnf file...............: ../../501_Git_Repos/busybox-data/data//busybox//2009/2009-09-21_23-58-43/clean.dimacs
c #variables.............: 769
c #clauses...............: 651
c ======================= Settings ============================
c number of threads......: 4
c memory size............: 4000
c vsads factor...........: 0.5000
c enable IBCP............: no
c split into components..: yes
c only preprocessing.....: no
c Tseitin detection......: yes
c UPLA...................: yes
c self-subsumption.......: yes
c variable elimination...: yes
c simplfication rounds...: 4
c add dependencies.......: yes
c ==================Start Preprocessing========================
c deduce added 				8 new implications
c UPLA removed 15 equivalent variables
c Tseitin detection found 4 AND gates, 6 OR gates, 0 XOR gates, 0 EQUIV gates, 
c subsumption removed 			35 clauses 
c selfSubsumption removed 		2 literals
c
c simplify: round 0
c deduce added 				0 new implications
c variableElimination eliminated 	106 variables!
c selfSubsumption removed 		0 literals
c deduce added				0 new implications
c subsumption removed 			5 clauses 
c
c simplify: round 1
c deduce added 				0 new implications
c variableElimination eliminated 	1 variables!
c selfSubsumption removed 		0 literals
c deduce added				0 new implications
c subsumption removed 			0 clauses 
c
c simplify: round 2
c deduce added 				0 new implications
c variableElimination eliminated 	0 variables!
c selfSubsumption removed 		0 literals
c deduce added				0 new implications
c subsumption removed 			0 clauses 
c
c simplify: round 3
c deduce added 				0 new implications
c variableElimination eliminated 	0 variables!
c selfSubsumption removed 		0 literals
c deduce added				0 new implications
c subsumption removed 			0 clauses 
c subsumption removed 			3 clauses 
c ================Preprocessing Finished=======================
c clauses: 600, variables: 561


c =================Computation Finished========================
c =======================Thread 0==============================
c decisions         : 104
c bcps              : 783
c conflicts         : 0
c aborted components: 0
c blocks            : 1
c backtracks        : 208
c backtrack dist    : 1.9808
c recomputations    : 0
c splits            : 114
c split ratio       : 4.6579
c =======================Thread 1==============================
c decisions         : 93
c bcps              : 697
c conflicts         : 0
c aborted components: 0
c blocks            : 3
c backtracks        : 186
c backtrack dist    : 2.0161
c recomputations    : 0
c splits            : 103
c split ratio       : 3.2039
c =======================Thread 2==============================
c decisions         : 90
c bcps              : 730
c conflicts         : 0
c aborted components: 0
c blocks            : 9
c backtracks        : 180
c backtrack dist    : 2.4167
c recomputations    : 0
c splits            : 78
c split ratio       : 3.7308
c =======================Thread 3==============================
c decisions         : 74
c bcps              : 692
c conflicts         : 0
c aborted components: 0
c blocks            : 15
c backtracks        : 148
c backtrack dist    : 2.6216
c recomputations    : 0
c splits            : 72
c split ratio       : 2.9167
c ===================Cache Statistics==========================
c tries..................: 1008
c hits...................: 647
c hit rate...............: 64.1865 % 
c removed items..........: 0
c ===================Overall Statistics========================
c TOTAL backtracks.......: 722
c TOTAL backtrack dist...: 2.2299
c TOTAL recomputations...: 0
c #decisions.............: 361
c #bcp operations........: 2902
c split ratio............: 0.0000
c cpu time...............: 0.0183 s
c wall clock time........: 0.0129 s
c =========================================================
c model count............: 2143746741202455203053437828182686077096779779586913781618174915705520092224724317955983476812253000750568892067103466703979248787562035546841158986943464773206933504000000000000000000000
s SATISFIABLE
