c ======================================================
c countAntom, Jan Burchard, University of Freiburg, 2015
c   based on the antom SAT-solver, by Tobias Schubert   
c ======================================================
c cnf file...............: ../../501_Git_Repos/busybox-data/data//busybox//2009/2009-10-29_21-37-48/clean.dimacs
c #variables.............: 775
c #clauses...............: 657
c ======================= Settings ============================
c number of threads......: 4
c memory size............: 4000
c vsads factor...........: 0.5000
c enable IBCP............: no
c split into components..: yes
c only preprocessing.....: no
c Tseitin detection......: yes
c UPLA...................: yes
c self-subsumption.......: yes
c variable elimination...: yes
c simplfication rounds...: 4
c add dependencies.......: yes
c ==================Start Preprocessing========================
c deduce added 				8 new implications
c UPLA removed 15 equivalent variables
c Tseitin detection found 4 AND gates, 6 OR gates, 0 XOR gates, 0 EQUIV gates, 
c subsumption removed 			34 clauses 
c selfSubsumption removed 		3 literals
c
c simplify: round 0
c deduce added 				0 new implications
c variableElimination eliminated 	107 variables!
c selfSubsumption removed 		0 literals
c deduce added				0 new implications
c subsumption removed 			6 clauses 
c
c simplify: round 1
c deduce added 				0 new implications
c variableElimination eliminated 	1 variables!
c selfSubsumption removed 		0 literals
c deduce added				0 new implications
c subsumption removed 			0 clauses 
c
c simplify: round 2
c deduce added 				0 new implications
c variableElimination eliminated 	0 variables!
c selfSubsumption removed 		0 literals
c deduce added				0 new implications
c subsumption removed 			0 clauses 
c
c simplify: round 3
c deduce added 				0 new implications
c variableElimination eliminated 	0 variables!
c selfSubsumption removed 		0 literals
c deduce added				0 new implications
c subsumption removed 			0 clauses 
c subsumption removed 			3 clauses 
c ================Preprocessing Finished=======================
c clauses: 609, variables: 565


c =================Computation Finished========================
c =======================Thread 0==============================
c decisions         : 112
c bcps              : 798
c conflicts         : 0
c aborted components: 0
c blocks            : 1
c backtracks        : 224
c backtrack dist    : 1.9821
c recomputations    : 0
c splits            : 104
c split ratio       : 4.7885
c =======================Thread 1==============================
c decisions         : 95
c bcps              : 680
c conflicts         : 0
c aborted components: 0
c blocks            : 2
c backtracks        : 190
c backtrack dist    : 1.9684
c recomputations    : 0
c splits            : 116
c split ratio       : 2.8879
c =======================Thread 2==============================
c decisions         : 62
c bcps              : 608
c conflicts         : 0
c aborted components: 0
c blocks            : 12
c backtracks        : 124
c backtrack dist    : 2.7581
c recomputations    : 0
c splits            : 63
c split ratio       : 2.9206
c =======================Thread 3==============================
c decisions         : 87
c bcps              : 708
c conflicts         : 0
c aborted components: 0
c blocks            : 11
c backtracks        : 174
c backtrack dist    : 2.4483
c recomputations    : 0
c splits            : 74
c split ratio       : 3.5270
c ===================Cache Statistics==========================
c tries..................: 924
c hits...................: 568
c hit rate...............: 61.4719 % 
c removed items..........: 0
c ===================Overall Statistics========================
c TOTAL backtracks.......: 712
c TOTAL backtrack dist...: 2.2275
c TOTAL recomputations...: 0
c #decisions.............: 356
c #bcp operations........: 2794
c split ratio............: 0.0000
c cpu time...............: 0.0182 s
c wall clock time........: 0.0131 s
c =========================================================
c model count............: 66883641499476843796354886168723792219457928677109370543636285275118807035016746958169613366770886408762891449208080760976412147157245876250438985464173102205809721344000000000000000000000
s SATISFIABLE
