c ======================================================
c countAntom, Jan Burchard, University of Freiburg, 2015
c   based on the antom SAT-solver, by Tobias Schubert   
c ======================================================
c cnf file...............: ../../501_Git_Repos/busybox-data/data//busybox//2009/2009-07-12_02-50-35/clean.dimacs
c #variables.............: 761
c #clauses...............: 644
c ======================= Settings ============================
c number of threads......: 4
c memory size............: 4000
c vsads factor...........: 0.5000
c enable IBCP............: no
c split into components..: yes
c only preprocessing.....: no
c Tseitin detection......: yes
c UPLA...................: yes
c self-subsumption.......: yes
c variable elimination...: yes
c simplfication rounds...: 4
c add dependencies.......: yes
c ==================Start Preprocessing========================
c deduce added 				8 new implications
c UPLA removed 12 equivalent variables
c Tseitin detection found 4 AND gates, 6 OR gates, 0 XOR gates, 0 EQUIV gates, 
c subsumption removed 			34 clauses 
c selfSubsumption removed 		2 literals
c
c simplify: round 0
c deduce added 				0 new implications
c variableElimination eliminated 	106 variables!
c selfSubsumption removed 		0 literals
c deduce added				0 new implications
c subsumption removed 			5 clauses 
c
c simplify: round 1
c deduce added 				0 new implications
c variableElimination eliminated 	0 variables!
c selfSubsumption removed 		0 literals
c deduce added				0 new implications
c subsumption removed 			0 clauses 
c
c simplify: round 2
c deduce added 				0 new implications
c variableElimination eliminated 	0 variables!
c selfSubsumption removed 		0 literals
c deduce added				0 new implications
c subsumption removed 			0 clauses 
c
c simplify: round 3
c deduce added 				0 new implications
c variableElimination eliminated 	0 variables!
c selfSubsumption removed 		0 literals
c deduce added				0 new implications
c subsumption removed 			0 clauses 
c subsumption removed 			4 clauses 
c ================Preprocessing Finished=======================
c clauses: 593, variables: 558


c =================Computation Finished========================
c =======================Thread 0==============================
c decisions         : 107
c bcps              : 783
c conflicts         : 0
c aborted components: 0
c blocks            : 1
c backtracks        : 214
c backtrack dist    : 1.9813
c recomputations    : 0
c splits            : 95
c split ratio       : 5.0316
c =======================Thread 1==============================
c decisions         : 75
c bcps              : 634
c conflicts         : 0
c aborted components: 0
c blocks            : 8
c backtracks        : 150
c backtrack dist    : 2.0533
c recomputations    : 0
c splits            : 67
c split ratio       : 3.2239
c =======================Thread 2==============================
c decisions         : 88
c bcps              : 715
c conflicts         : 0
c aborted components: 0
c blocks            : 6
c backtracks        : 176
c backtrack dist    : 2.0966
c recomputations    : 0
c splits            : 77
c split ratio       : 4.1299
c =======================Thread 3==============================
c decisions         : 87
c bcps              : 642
c conflicts         : 0
c aborted components: 0
c blocks            : 2
c backtracks        : 174
c backtrack dist    : 1.9483
c recomputations    : 0
c splits            : 119
c split ratio       : 2.6218
c ===================Cache Statistics==========================
c tries..................: 969
c hits...................: 612
c hit rate...............: 63.1579 % 
c removed items..........: 0
c ===================Overall Statistics========================
c TOTAL backtracks.......: 714
c TOTAL backtrack dist...: 2.0168
c TOTAL recomputations...: 0
c #decisions.............: 357
c #bcp operations........: 2774
c split ratio............: 0.0000
c cpu time...............: 0.0188 s
c wall clock time........: 0.0131 s
c =========================================================
c model count............: 116840390719839997072622128138893146867807919720197159026130192905887002114130204407550326303474483477495562170994555934569888826384420685961383262175792947250436505600000000000000000000
s SATISFIABLE
