c ======================================================
c countAntom, Jan Burchard, University of Freiburg, 2015
c   based on the antom SAT-solver, by Tobias Schubert   
c ======================================================
c cnf file...............: ../../501_Git_Repos/busybox-data/data//busybox//2009/2009-10-03_11-45-07/clean.dimacs
c #variables.............: 770
c #clauses...............: 653
c ======================= Settings ============================
c number of threads......: 4
c memory size............: 4000
c vsads factor...........: 0.5000
c enable IBCP............: no
c split into components..: yes
c only preprocessing.....: no
c Tseitin detection......: yes
c UPLA...................: yes
c self-subsumption.......: yes
c variable elimination...: yes
c simplfication rounds...: 4
c add dependencies.......: yes
c ==================Start Preprocessing========================
c deduce added 				8 new implications
c UPLA removed 15 equivalent variables
c Tseitin detection found 4 AND gates, 6 OR gates, 0 XOR gates, 0 EQUIV gates, 
c subsumption removed 			37 clauses 
c selfSubsumption removed 		2 literals
c
c simplify: round 0
c deduce added 				0 new implications
c variableElimination eliminated 	106 variables!
c selfSubsumption removed 		0 literals
c deduce added				0 new implications
c subsumption removed 			5 clauses 
c
c simplify: round 1
c deduce added 				0 new implications
c variableElimination eliminated 	1 variables!
c selfSubsumption removed 		0 literals
c deduce added				0 new implications
c subsumption removed 			0 clauses 
c
c simplify: round 2
c deduce added 				0 new implications
c variableElimination eliminated 	0 variables!
c selfSubsumption removed 		0 literals
c deduce added				0 new implications
c subsumption removed 			0 clauses 
c
c simplify: round 3
c deduce added 				0 new implications
c variableElimination eliminated 	0 variables!
c selfSubsumption removed 		0 literals
c deduce added				0 new implications
c subsumption removed 			0 clauses 
c subsumption removed 			4 clauses 
c ================Preprocessing Finished=======================
c clauses: 599, variables: 562


c =================Computation Finished========================
c =======================Thread 0==============================
c decisions         : 99
c bcps              : 710
c conflicts         : 0
c aborted components: 0
c blocks            : 1
c backtracks        : 198
c backtrack dist    : 1.9798
c recomputations    : 0
c splits            : 91
c split ratio       : 4.8901
c =======================Thread 1==============================
c decisions         : 85
c bcps              : 636
c conflicts         : 0
c aborted components: 0
c blocks            : 6
c backtracks        : 170
c backtrack dist    : 2.3235
c recomputations    : 0
c splits            : 64
c split ratio       : 3.5000
c =======================Thread 2==============================
c decisions         : 97
c bcps              : 684
c conflicts         : 0
c aborted components: 0
c blocks            : 2
c backtracks        : 194
c backtrack dist    : 1.9691
c recomputations    : 0
c splits            : 108
c split ratio       : 2.8889
c =======================Thread 3==============================
c decisions         : 58
c bcps              : 512
c conflicts         : 0
c aborted components: 0
c blocks            : 7
c backtracks        : 116
c backtrack dist    : 2.3362
c recomputations    : 0
c splits            : 54
c split ratio       : 3.1852
c ===================Cache Statistics==========================
c tries..................: 793
c hits...................: 454
c hit rate...............: 57.2509 % 
c removed items..........: 0
c ===================Overall Statistics========================
c TOTAL backtracks.......: 678
c TOTAL backtrack dist...: 2.1239
c TOTAL recomputations...: 0
c #decisions.............: 339
c #bcp operations........: 2542
c split ratio............: 0.0000
c cpu time...............: 0.0170 s
c wall clock time........: 0.0125 s
c =========================================================
c model count............: 3313012132663615347908543827775235032263311641780426958197700389542244082514223310867658695843615037981019672426257049131167680811378205877857205341000820299036360704000000000000000000000
s SATISFIABLE
