c ======================================================
c countAntom, Jan Burchard, University of Freiburg, 2015
c   based on the antom SAT-solver, by Tobias Schubert   
c ======================================================
c cnf file...............: ../../501_Git_Repos/busybox-data/data//busybox//2009/2009-06-15_18-13-51/clean.dimacs
c #variables.............: 756
c #clauses...............: 631
c ======================= Settings ============================
c number of threads......: 4
c memory size............: 4000
c vsads factor...........: 0.5000
c enable IBCP............: no
c split into components..: yes
c only preprocessing.....: no
c Tseitin detection......: yes
c UPLA...................: yes
c self-subsumption.......: yes
c variable elimination...: yes
c simplfication rounds...: 4
c add dependencies.......: yes
c ==================Start Preprocessing========================
c deduce added 				8 new implications
c UPLA removed 12 equivalent variables
c Tseitin detection found 4 AND gates, 6 OR gates, 0 XOR gates, 0 EQUIV gates, 
c subsumption removed 			30 clauses 
c selfSubsumption removed 		2 literals
c
c simplify: round 0
c deduce added 				0 new implications
c variableElimination eliminated 	102 variables!
c selfSubsumption removed 		0 literals
c deduce added				0 new implications
c subsumption removed 			5 clauses 
c
c simplify: round 1
c deduce added 				0 new implications
c variableElimination eliminated 	0 variables!
c selfSubsumption removed 		0 literals
c deduce added				0 new implications
c subsumption removed 			0 clauses 
c
c simplify: round 2
c deduce added 				0 new implications
c variableElimination eliminated 	0 variables!
c selfSubsumption removed 		0 literals
c deduce added				0 new implications
c subsumption removed 			0 clauses 
c
c simplify: round 3
c deduce added 				0 new implications
c variableElimination eliminated 	0 variables!
c selfSubsumption removed 		0 literals
c deduce added				0 new implications
c subsumption removed 			0 clauses 
c subsumption removed 			3 clauses 
c ================Preprocessing Finished=======================
c clauses: 585, variables: 552


c =================Computation Finished========================
c =======================Thread 0==============================
c decisions         : 111
c bcps              : 767
c conflicts         : 0
c aborted components: 0
c blocks            : 1
c backtracks        : 222
c backtrack dist    : 1.9775
c recomputations    : 0
c splits            : 80
c split ratio       : 5.8375
c =======================Thread 1==============================
c decisions         : 74
c bcps              : 575
c conflicts         : 0
c aborted components: 0
c blocks            : 4
c backtracks        : 148
c backtrack dist    : 2.0676
c recomputations    : 0
c splits            : 70
c split ratio       : 3.5286
c =======================Thread 2==============================
c decisions         : 71
c bcps              : 610
c conflicts         : 0
c aborted components: 0
c blocks            : 8
c backtracks        : 142
c backtrack dist    : 2.2465
c recomputations    : 0
c splits            : 58
c split ratio       : 3.4828
c =======================Thread 3==============================
c decisions         : 70
c bcps              : 528
c conflicts         : 0
c aborted components: 0
c blocks            : 2
c backtracks        : 140
c backtrack dist    : 1.9571
c recomputations    : 0
c splits            : 93
c split ratio       : 2.7527
c ===================Cache Statistics==========================
c tries..................: 822
c hits...................: 496
c hit rate...............: 60.3406 % 
c removed items..........: 0
c ===================Overall Statistics========================
c TOTAL backtracks.......: 652
c TOTAL backtrack dist...: 2.0521
c TOTAL recomputations...: 0
c #decisions.............: 326
c #bcp operations........: 2480
c split ratio............: 0.0000
c cpu time...............: 0.0180 s
c wall clock time........: 0.0130 s
c =========================================================
c model count............: 16958605489152911249165953847266713887849784535281751306059209576714618647812798316184744021091487953259353130589404155723496406010161742338474269712507120212991016960000000000000000000
s SATISFIABLE
