c ======================================================
c countAntom, Jan Burchard, University of Freiburg, 2015
c   based on the antom SAT-solver, by Tobias Schubert   
c ======================================================
c cnf file...............: ../../501_Git_Repos/busybox-data/data//busybox//2009/2009-07-07_14-59-30/clean.dimacs
c #variables.............: 760
c #clauses...............: 641
c ======================= Settings ============================
c number of threads......: 4
c memory size............: 4000
c vsads factor...........: 0.5000
c enable IBCP............: no
c split into components..: yes
c only preprocessing.....: no
c Tseitin detection......: yes
c UPLA...................: yes
c self-subsumption.......: yes
c variable elimination...: yes
c simplfication rounds...: 4
c add dependencies.......: yes
c ==================Start Preprocessing========================
c deduce added 				8 new implications
c UPLA removed 12 equivalent variables
c Tseitin detection found 4 AND gates, 6 OR gates, 0 XOR gates, 0 EQUIV gates, 
c subsumption removed 			36 clauses 
c selfSubsumption removed 		2 literals
c
c simplify: round 0
c deduce added 				0 new implications
c variableElimination eliminated 	107 variables!
c selfSubsumption removed 		0 literals
c deduce added				0 new implications
c subsumption removed 			5 clauses 
c
c simplify: round 1
c deduce added 				0 new implications
c variableElimination eliminated 	0 variables!
c selfSubsumption removed 		0 literals
c deduce added				0 new implications
c subsumption removed 			0 clauses 
c
c simplify: round 2
c deduce added 				0 new implications
c variableElimination eliminated 	0 variables!
c selfSubsumption removed 		0 literals
c deduce added				0 new implications
c subsumption removed 			0 clauses 
c
c simplify: round 3
c deduce added 				0 new implications
c variableElimination eliminated 	0 variables!
c selfSubsumption removed 		0 literals
c deduce added				0 new implications
c subsumption removed 			0 clauses 
c subsumption removed 			4 clauses 
c ================Preprocessing Finished=======================
c clauses: 588, variables: 555


c =================Computation Finished========================
c =======================Thread 0==============================
c decisions         : 103
c bcps              : 751
c conflicts         : 0
c aborted components: 0
c blocks            : 1
c backtracks        : 206
c backtrack dist    : 1.9709
c recomputations    : 0
c splits            : 77
c split ratio       : 6.0000
c =======================Thread 1==============================
c decisions         : 84
c bcps              : 623
c conflicts         : 0
c aborted components: 0
c blocks            : 2
c backtracks        : 168
c backtrack dist    : 1.9464
c recomputations    : 0
c splits            : 115
c split ratio       : 2.4174
c =======================Thread 2==============================
c decisions         : 71
c bcps              : 617
c conflicts         : 0
c aborted components: 0
c blocks            : 4
c backtracks        : 142
c backtrack dist    : 2.4296
c recomputations    : 0
c splits            : 58
c split ratio       : 3.2931
c =======================Thread 3==============================
c decisions         : 94
c bcps              : 682
c conflicts         : 0
c aborted components: 0
c blocks            : 2
c backtracks        : 188
c backtrack dist    : 2.0372
c recomputations    : 0
c splits            : 86
c split ratio       : 3.5581
c ===================Cache Statistics==========================
c tries..................: 870
c hits...................: 518
c hit rate...............: 59.5402 % 
c removed items..........: 0
c ===================Overall Statistics========================
c TOTAL backtracks.......: 704
c TOTAL backtrack dist...: 2.0753
c TOTAL recomputations...: 0
c #decisions.............: 352
c #bcp operations........: 2673
c split ratio............: 0.0000
c cpu time...............: 0.0171 s
c wall clock time........: 0.0125 s
c =========================================================
c model count............: 93472312575871997658097702511114517494246335776157727220904154324709601691304163526040261042779586781996449736795644747655911061107536548769106609740634357800349204480000000000000000000
s SATISFIABLE
