c ======================================================
c countAntom, Jan Burchard, University of Freiburg, 2015
c   based on the antom SAT-solver, by Tobias Schubert   
c ======================================================
c cnf file...............: ../../501_Git_Repos/busybox-data/data//busybox//2009/2009-02-26_12-38-01/clean.dimacs
c #variables.............: 739
c #clauses...............: 615
c ======================= Settings ============================
c number of threads......: 4
c memory size............: 4000
c vsads factor...........: 0.5000
c enable IBCP............: no
c split into components..: yes
c only preprocessing.....: no
c Tseitin detection......: yes
c UPLA...................: yes
c self-subsumption.......: yes
c variable elimination...: yes
c simplfication rounds...: 4
c add dependencies.......: yes
c ==================Start Preprocessing========================
c deduce added 				8 new implications
c UPLA removed 12 equivalent variables
c Tseitin detection found 4 AND gates, 4 OR gates, 0 XOR gates, 0 EQUIV gates, 
c subsumption removed 			33 clauses 
c selfSubsumption removed 		2 literals
c
c simplify: round 0
c deduce added 				0 new implications
c variableElimination eliminated 	102 variables!
c selfSubsumption removed 		0 literals
c deduce added				0 new implications
c subsumption removed 			5 clauses 
c
c simplify: round 1
c deduce added 				0 new implications
c variableElimination eliminated 	0 variables!
c selfSubsumption removed 		0 literals
c deduce added				0 new implications
c subsumption removed 			0 clauses 
c
c simplify: round 2
c deduce added 				0 new implications
c variableElimination eliminated 	0 variables!
c selfSubsumption removed 		0 literals
c deduce added				0 new implications
c subsumption removed 			0 clauses 
c
c simplify: round 3
c deduce added 				0 new implications
c variableElimination eliminated 	0 variables!
c selfSubsumption removed 		0 literals
c deduce added				0 new implications
c subsumption removed 			0 clauses 
c subsumption removed 			3 clauses 
c ================Preprocessing Finished=======================
c clauses: 572, variables: 543


c =================Computation Finished========================
c =======================Thread 0==============================
c decisions         : 105
c bcps              : 803
c conflicts         : 0
c aborted components: 0
c blocks            : 2
c backtracks        : 210
c backtrack dist    : 1.9905
c recomputations    : 0
c splits            : 98
c split ratio       : 5.1429
c =======================Thread 1==============================
c decisions         : 75
c bcps              : 590
c conflicts         : 0
c aborted components: 0
c blocks            : 6
c backtracks        : 150
c backtrack dist    : 2.2267
c recomputations    : 0
c splits            : 67
c split ratio       : 3.8060
c =======================Thread 2==============================
c decisions         : 89
c bcps              : 644
c conflicts         : 0
c aborted components: 0
c blocks            : 3
c backtracks        : 178
c backtrack dist    : 2.0056
c recomputations    : 0
c splits            : 108
c split ratio       : 2.8241
c =======================Thread 3==============================
c decisions         : 78
c bcps              : 644
c conflicts         : 0
c aborted components: 0
c blocks            : 11
c backtracks        : 156
c backtrack dist    : 2.3654
c recomputations    : 0
c splits            : 68
c split ratio       : 2.6324
c ===================Cache Statistics==========================
c tries..................: 891
c hits...................: 544
c hit rate...............: 61.0550 % 
c removed items..........: 0
c ===================Overall Statistics========================
c TOTAL backtracks.......: 694
c TOTAL backtrack dist...: 2.1297
c TOTAL recomputations...: 0
c #decisions.............: 347
c #bcp operations........: 2681
c split ratio............: 0.0000
c cpu time...............: 0.0173 s
c wall clock time........: 0.0127 s
c =========================================================
c model count............: 966457949295762383042964195314186952542700129788486005452953306059301482953402677096038320917258269369199335573948969697280941067912951461689686798327812802478080000000000000000000
s SATISFIABLE
