c ======================================================
c countAntom, Jan Burchard, University of Freiburg, 2015
c   based on the antom SAT-solver, by Tobias Schubert   
c ======================================================
c cnf file...............: ../../501_Git_Repos/busybox-data/data//busybox//2009/2009-10-04_03-14-41/clean.dimacs
c #variables.............: 770
c #clauses...............: 653
c ======================= Settings ============================
c number of threads......: 4
c memory size............: 4000
c vsads factor...........: 0.5000
c enable IBCP............: no
c split into components..: yes
c only preprocessing.....: no
c Tseitin detection......: yes
c UPLA...................: yes
c self-subsumption.......: yes
c variable elimination...: yes
c simplfication rounds...: 4
c add dependencies.......: yes
c ==================Start Preprocessing========================
c deduce added 				8 new implications
c UPLA removed 15 equivalent variables
c Tseitin detection found 4 AND gates, 6 OR gates, 0 XOR gates, 0 EQUIV gates, 
c subsumption removed 			37 clauses 
c selfSubsumption removed 		2 literals
c
c simplify: round 0
c deduce added 				0 new implications
c variableElimination eliminated 	106 variables!
c selfSubsumption removed 		0 literals
c deduce added				0 new implications
c subsumption removed 			5 clauses 
c
c simplify: round 1
c deduce added 				0 new implications
c variableElimination eliminated 	1 variables!
c selfSubsumption removed 		0 literals
c deduce added				0 new implications
c subsumption removed 			0 clauses 
c
c simplify: round 2
c deduce added 				0 new implications
c variableElimination eliminated 	0 variables!
c selfSubsumption removed 		0 literals
c deduce added				0 new implications
c subsumption removed 			0 clauses 
c
c simplify: round 3
c deduce added 				0 new implications
c variableElimination eliminated 	0 variables!
c selfSubsumption removed 		0 literals
c deduce added				0 new implications
c subsumption removed 			0 clauses 
c subsumption removed 			4 clauses 
c ================Preprocessing Finished=======================
c clauses: 599, variables: 562


c =================Computation Finished========================
c =======================Thread 0==============================
c decisions         : 111
c bcps              : 812
c conflicts         : 0
c aborted components: 0
c blocks            : 1
c backtracks        : 222
c backtrack dist    : 1.9820
c recomputations    : 0
c splits            : 95
c split ratio       : 4.9579
c =======================Thread 1==============================
c decisions         : 77
c bcps              : 650
c conflicts         : 0
c aborted components: 0
c blocks            : 5
c backtracks        : 154
c backtrack dist    : 2.2597
c recomputations    : 0
c splits            : 87
c split ratio       : 2.5862
c =======================Thread 2==============================
c decisions         : 92
c bcps              : 699
c conflicts         : 0
c aborted components: 0
c blocks            : 3
c backtracks        : 184
c backtrack dist    : 2.2065
c recomputations    : 0
c splits            : 91
c split ratio       : 3.2857
c =======================Thread 3==============================
c decisions         : 90
c bcps              : 650
c conflicts         : 0
c aborted components: 0
c blocks            : 3
c backtracks        : 180
c backtrack dist    : 1.9611
c recomputations    : 0
c splits            : 99
c split ratio       : 2.9192
c ===================Cache Statistics==========================
c tries..................: 917
c hits...................: 547
c hit rate...............: 59.6510 % 
c removed items..........: 0
c ===================Overall Statistics========================
c TOTAL backtracks.......: 740
c TOTAL backtrack dist...: 2.0905
c TOTAL recomputations...: 0
c #decisions.............: 370
c #bcp operations........: 2811
c split ratio............: 0.0000
c cpu time...............: 0.0181 s
c wall clock time........: 0.0128 s
c =========================================================
c model count............: 3313012132663615347908543827775235032263311641780426958197700389542244082514223310867658695843615037981019672426257049131167680811378205877857205341000820299036360704000000000000000000000
s SATISFIABLE
