c ======================================================
c countAntom, Jan Burchard, University of Freiburg, 2015
c   based on the antom SAT-solver, by Tobias Schubert   
c ======================================================
c cnf file...............: ../../501_Git_Repos/busybox-data/data//busybox//2009/2009-04-26_23-25-36/clean.dimacs
c #variables.............: 746
c #clauses...............: 619
c ======================= Settings ============================
c number of threads......: 4
c memory size............: 4000
c vsads factor...........: 0.5000
c enable IBCP............: no
c split into components..: yes
c only preprocessing.....: no
c Tseitin detection......: yes
c UPLA...................: yes
c self-subsumption.......: yes
c variable elimination...: yes
c simplfication rounds...: 4
c add dependencies.......: yes
c ==================Start Preprocessing========================
c deduce added 				8 new implications
c UPLA removed 12 equivalent variables
c Tseitin detection found 4 AND gates, 4 OR gates, 0 XOR gates, 0 EQUIV gates, 
c subsumption removed 			31 clauses 
c selfSubsumption removed 		3 literals
c
c simplify: round 0
c deduce added 				0 new implications
c variableElimination eliminated 	101 variables!
c selfSubsumption removed 		0 literals
c deduce added				0 new implications
c subsumption removed 			5 clauses 
c
c simplify: round 1
c deduce added 				0 new implications
c variableElimination eliminated 	0 variables!
c selfSubsumption removed 		0 literals
c deduce added				0 new implications
c subsumption removed 			0 clauses 
c
c simplify: round 2
c deduce added 				0 new implications
c variableElimination eliminated 	0 variables!
c selfSubsumption removed 		0 literals
c deduce added				0 new implications
c subsumption removed 			0 clauses 
c
c simplify: round 3
c deduce added 				0 new implications
c variableElimination eliminated 	0 variables!
c selfSubsumption removed 		0 literals
c deduce added				0 new implications
c subsumption removed 			0 clauses 
c subsumption removed 			4 clauses 
c ================Preprocessing Finished=======================
c clauses: 580, variables: 547


c =================Computation Finished========================
c =======================Thread 0==============================
c decisions         : 111
c bcps              : 836
c conflicts         : 0
c aborted components: 0
c blocks            : 1
c backtracks        : 222
c backtrack dist    : 1.9820
c recomputations    : 0
c splits            : 101
c split ratio       : 5.1287
c =======================Thread 1==============================
c decisions         : 92
c bcps              : 656
c conflicts         : 0
c aborted components: 0
c blocks            : 2
c backtracks        : 184
c backtrack dist    : 1.9457
c recomputations    : 0
c splits            : 128
c split ratio       : 2.4766
c =======================Thread 2==============================
c decisions         : 68
c bcps              : 644
c conflicts         : 0
c aborted components: 0
c blocks            : 9
c backtracks        : 136
c backtrack dist    : 2.7279
c recomputations    : 0
c splits            : 59
c split ratio       : 2.6949
c =======================Thread 3==============================
c decisions         : 92
c bcps              : 692
c conflicts         : 0
c aborted components: 0
c blocks            : 5
c backtracks        : 184
c backtrack dist    : 2.1087
c recomputations    : 0
c splits            : 87
c split ratio       : 3.4253
c ===================Cache Statistics==========================
c tries..................: 942
c hits...................: 579
c hit rate...............: 61.4650 % 
c removed items..........: 0
c ===================Overall Statistics========================
c TOTAL backtracks.......: 726
c TOTAL backtrack dist...: 2.1446
c TOTAL recomputations...: 0
c #decisions.............: 363
c #bcp operations........: 2828
c split ratio............: 0.0000
c cpu time...............: 0.0180 s
c wall clock time........: 0.0129 s
c =========================================================
c model count............: 120236746666569961080287998988915575334712315932094084125590371263673335926858132002635307091011279991876117533555134368416895828504085726899881434072425438673633280000000000000000000
s SATISFIABLE
