c ======================================================
c countAntom, Jan Burchard, University of Freiburg, 2015
c   based on the antom SAT-solver, by Tobias Schubert   
c ======================================================
c cnf file...............: ../../501_Git_Repos/busybox-data/data//busybox//2009/2009-05-19_18-01-42/clean.dimacs
c #variables.............: 752
c #clauses...............: 629
c ======================= Settings ============================
c number of threads......: 4
c memory size............: 4000
c vsads factor...........: 0.5000
c enable IBCP............: no
c split into components..: yes
c only preprocessing.....: no
c Tseitin detection......: yes
c UPLA...................: yes
c self-subsumption.......: yes
c variable elimination...: yes
c simplfication rounds...: 4
c add dependencies.......: yes
c ==================Start Preprocessing========================
c deduce added 				8 new implications
c UPLA removed 12 equivalent variables
c Tseitin detection found 4 AND gates, 6 OR gates, 0 XOR gates, 0 EQUIV gates, 
c subsumption removed 			30 clauses 
c selfSubsumption removed 		2 literals
c
c simplify: round 0
c deduce added 				0 new implications
c variableElimination eliminated 	101 variables!
c selfSubsumption removed 		0 literals
c deduce added				0 new implications
c subsumption removed 			5 clauses 
c
c simplify: round 1
c deduce added 				0 new implications
c variableElimination eliminated 	0 variables!
c selfSubsumption removed 		0 literals
c deduce added				0 new implications
c subsumption removed 			0 clauses 
c
c simplify: round 2
c deduce added 				0 new implications
c variableElimination eliminated 	0 variables!
c selfSubsumption removed 		0 literals
c deduce added				0 new implications
c subsumption removed 			0 clauses 
c
c simplify: round 3
c deduce added 				0 new implications
c variableElimination eliminated 	0 variables!
c selfSubsumption removed 		0 literals
c deduce added				0 new implications
c subsumption removed 			0 clauses 
c subsumption removed 			3 clauses 
c ================Preprocessing Finished=======================
c clauses: 582, variables: 550


c =================Computation Finished========================
c =======================Thread 0==============================
c decisions         : 122
c bcps              : 886
c conflicts         : 0
c aborted components: 0
c blocks            : 1
c backtracks        : 244
c backtrack dist    : 1.9672
c recomputations    : 0
c splits            : 117
c split ratio       : 4.4615
c =======================Thread 1==============================
c decisions         : 98
c bcps              : 789
c conflicts         : 0
c aborted components: 0
c blocks            : 8
c backtracks        : 196
c backtrack dist    : 2.2041
c recomputations    : 0
c splits            : 106
c split ratio       : 3.1132
c =======================Thread 2==============================
c decisions         : 92
c bcps              : 792
c conflicts         : 0
c aborted components: 0
c blocks            : 12
c backtracks        : 184
c backtrack dist    : 2.2283
c recomputations    : 0
c splits            : 68
c split ratio       : 4.1324
c =======================Thread 3==============================
c decisions         : 80
c bcps              : 639
c conflicts         : 0
c aborted components: 0
c blocks            : 6
c backtracks        : 160
c backtrack dist    : 2.0187
c recomputations    : 0
c splits            : 120
c split ratio       : 2.8083
c ===================Cache Statistics==========================
c tries..................: 1098
c hits...................: 706
c hit rate...............: 64.2987 % 
c removed items..........: 0
c ===================Overall Statistics========================
c TOTAL backtracks.......: 784
c TOTAL backtrack dist...: 2.0982
c TOTAL recomputations...: 0
c #decisions.............: 392
c #bcp operations........: 3106
c split ratio............: 0.0000
c cpu time...............: 0.0213 s
c wall clock time........: 0.0137 s
c =========================================================
c model count............: 1413983623553049009648456262079605409915340388040254763723491549839126632204976082066516444643312483594992427151583765510937243836901334130905075577103327215201812480000000000000000000
s SATISFIABLE
