c ======================================================
c countAntom, Jan Burchard, University of Freiburg, 2015
c   based on the antom SAT-solver, by Tobias Schubert   
c ======================================================
c cnf file...............: ../../501_Git_Repos/busybox-data/data//busybox//2009/2009-03-31_23-41-53/clean.dimacs
c #variables.............: 741
c #clauses...............: 615
c ======================= Settings ============================
c number of threads......: 4
c memory size............: 4000
c vsads factor...........: 0.5000
c enable IBCP............: no
c split into components..: yes
c only preprocessing.....: no
c Tseitin detection......: yes
c UPLA...................: yes
c self-subsumption.......: yes
c variable elimination...: yes
c simplfication rounds...: 4
c add dependencies.......: yes
c ==================Start Preprocessing========================
c deduce added 				8 new implications
c UPLA removed 12 equivalent variables
c Tseitin detection found 4 AND gates, 4 OR gates, 0 XOR gates, 0 EQUIV gates, 
c subsumption removed 			29 clauses 
c selfSubsumption removed 		3 literals
c
c simplify: round 0
c deduce added 				0 new implications
c variableElimination eliminated 	101 variables!
c selfSubsumption removed 		0 literals
c deduce added				0 new implications
c subsumption removed 			5 clauses 
c
c simplify: round 1
c deduce added 				0 new implications
c variableElimination eliminated 	0 variables!
c selfSubsumption removed 		0 literals
c deduce added				0 new implications
c subsumption removed 			0 clauses 
c
c simplify: round 2
c deduce added 				0 new implications
c variableElimination eliminated 	0 variables!
c selfSubsumption removed 		0 literals
c deduce added				0 new implications
c subsumption removed 			0 clauses 
c
c simplify: round 3
c deduce added 				0 new implications
c variableElimination eliminated 	0 variables!
c selfSubsumption removed 		0 literals
c deduce added				0 new implications
c subsumption removed 			0 clauses 
c subsumption removed 			3 clauses 
c ================Preprocessing Finished=======================
c clauses: 579, variables: 544


c =================Computation Finished========================
c =======================Thread 0==============================
c decisions         : 118
c bcps              : 844
c conflicts         : 0
c aborted components: 0
c blocks            : 1
c backtracks        : 236
c backtrack dist    : 1.9788
c recomputations    : 0
c splits            : 98
c split ratio       : 4.9286
c =======================Thread 1==============================
c decisions         : 79
c bcps              : 606
c conflicts         : 0
c aborted components: 0
c blocks            : 4
c backtracks        : 158
c backtrack dist    : 2.0000
c recomputations    : 0
c splits            : 107
c split ratio       : 2.6916
c =======================Thread 2==============================
c decisions         : 73
c bcps              : 617
c conflicts         : 0
c aborted components: 0
c blocks            : 4
c backtracks        : 146
c backtrack dist    : 2.1575
c recomputations    : 0
c splits            : 71
c split ratio       : 3.0704
c =======================Thread 3==============================
c decisions         : 80
c bcps              : 613
c conflicts         : 0
c aborted components: 0
c blocks            : 4
c backtracks        : 160
c backtrack dist    : 2.0875
c recomputations    : 0
c splits            : 70
c split ratio       : 3.8571
c ===================Cache Statistics==========================
c tries..................: 906
c hits...................: 556
c hit rate...............: 61.3687 % 
c removed items..........: 0
c ===================Overall Statistics========================
c TOTAL backtracks.......: 700
c TOTAL backtrack dist...: 2.0457
c TOTAL recomputations...: 0
c #decisions.............: 350
c #bcp operations........: 2680
c split ratio............: 0.0000
c cpu time...............: 0.0172 s
c wall clock time........: 0.0124 s
c =========================================================
c model count............: 3865831797183049532171856781256747810170800519153944021811813224237205931813610708384153283669033077476797342295795878789123764271651805846758747193311251209912320000000000000000000
s SATISFIABLE
