c ======================================================
c countAntom, Jan Burchard, University of Freiburg, 2015
c   based on the antom SAT-solver, by Tobias Schubert   
c ======================================================
c cnf file...............: ../../501_Git_Repos/busybox-data/data//busybox//2009/2009-06-22_01-31-12/clean.dimacs
c #variables.............: 758
c #clauses...............: 637
c ======================= Settings ============================
c number of threads......: 4
c memory size............: 4000
c vsads factor...........: 0.5000
c enable IBCP............: no
c split into components..: yes
c only preprocessing.....: no
c Tseitin detection......: yes
c UPLA...................: yes
c self-subsumption.......: yes
c variable elimination...: yes
c simplfication rounds...: 4
c add dependencies.......: yes
c ==================Start Preprocessing========================
c deduce added 				8 new implications
c UPLA removed 12 equivalent variables
c Tseitin detection found 4 AND gates, 6 OR gates, 0 XOR gates, 0 EQUIV gates, 
c subsumption removed 			36 clauses 
c selfSubsumption removed 		2 literals
c
c simplify: round 0
c deduce added 				0 new implications
c variableElimination eliminated 	107 variables!
c selfSubsumption removed 		0 literals
c deduce added				0 new implications
c subsumption removed 			5 clauses 
c
c simplify: round 1
c deduce added 				0 new implications
c variableElimination eliminated 	0 variables!
c selfSubsumption removed 		0 literals
c deduce added				0 new implications
c subsumption removed 			0 clauses 
c
c simplify: round 2
c deduce added 				0 new implications
c variableElimination eliminated 	0 variables!
c selfSubsumption removed 		0 literals
c deduce added				0 new implications
c subsumption removed 			0 clauses 
c
c simplify: round 3
c deduce added 				0 new implications
c variableElimination eliminated 	0 variables!
c selfSubsumption removed 		0 literals
c deduce added				0 new implications
c subsumption removed 			0 clauses 
c subsumption removed 			3 clauses 
c ================Preprocessing Finished=======================
c clauses: 585, variables: 552


c =================Computation Finished========================
c =======================Thread 0==============================
c decisions         : 92
c bcps              : 697
c conflicts         : 0
c aborted components: 0
c blocks            : 2
c backtracks        : 184
c backtrack dist    : 2.0217
c recomputations    : 0
c splits            : 77
c split ratio       : 5.5844
c =======================Thread 1==============================
c decisions         : 87
c bcps              : 644
c conflicts         : 0
c aborted components: 0
c blocks            : 2
c backtracks        : 174
c backtrack dist    : 2.0172
c recomputations    : 0
c splits            : 118
c split ratio       : 2.6525
c =======================Thread 2==============================
c decisions         : 81
c bcps              : 611
c conflicts         : 0
c aborted components: 0
c blocks            : 10
c backtracks        : 162
c backtrack dist    : 2.1728
c recomputations    : 0
c splits            : 61
c split ratio       : 4.0164
c =======================Thread 3==============================
c decisions         : 83
c bcps              : 669
c conflicts         : 0
c aborted components: 0
c blocks            : 11
c backtracks        : 166
c backtrack dist    : 2.4940
c recomputations    : 0
c splits            : 69
c split ratio       : 3.0290
c ===================Cache Statistics==========================
c tries..................: 837
c hits...................: 494
c hit rate...............: 59.0203 % 
c removed items..........: 0
c ===================Overall Statistics========================
c TOTAL backtracks.......: 686
c TOTAL backtrack dist...: 2.1706
c TOTAL recomputations...: 0
c #decisions.............: 343
c #bcp operations........: 2621
c split ratio............: 0.0000
c cpu time...............: 0.0177 s
c wall clock time........: 0.0130 s
c =========================================================
c model count............: 34079494284422118299759333090201051832042629209657107887774488144593970488427632979892787028030741341478125908361482035425208088632860917617986570714129141097876684800000000000000000000
s SATISFIABLE
