c ======================================================
c countAntom, Jan Burchard, University of Freiburg, 2015
c   based on the antom SAT-solver, by Tobias Schubert   
c ======================================================
c cnf file...............: ../../501_Git_Repos/busybox-data/data//busybox//2009/2009-11-28_22-14-02/clean.dimacs
c #variables.............: 782
c #clauses...............: 667
c ======================= Settings ============================
c number of threads......: 4
c memory size............: 4000
c vsads factor...........: 0.5000
c enable IBCP............: no
c split into components..: yes
c only preprocessing.....: no
c Tseitin detection......: yes
c UPLA...................: yes
c self-subsumption.......: yes
c variable elimination...: yes
c simplfication rounds...: 4
c add dependencies.......: yes
c ==================Start Preprocessing========================
c deduce added 				8 new implications
c UPLA removed 15 equivalent variables
c Tseitin detection found 4 AND gates, 6 OR gates, 0 XOR gates, 0 EQUIV gates, 
c subsumption removed 			37 clauses 
c selfSubsumption removed 		3 literals
c
c simplify: round 0
c deduce added 				0 new implications
c variableElimination eliminated 	111 variables!
c selfSubsumption removed 		0 literals
c deduce added				0 new implications
c subsumption removed 			7 clauses 
c
c simplify: round 1
c deduce added 				0 new implications
c variableElimination eliminated 	1 variables!
c selfSubsumption removed 		0 literals
c deduce added				0 new implications
c subsumption removed 			0 clauses 
c
c simplify: round 2
c deduce added 				0 new implications
c variableElimination eliminated 	0 variables!
c selfSubsumption removed 		0 literals
c deduce added				0 new implications
c subsumption removed 			0 clauses 
c
c simplify: round 3
c deduce added 				0 new implications
c variableElimination eliminated 	0 variables!
c selfSubsumption removed 		0 literals
c deduce added				0 new implications
c subsumption removed 			0 clauses 
c subsumption removed 			4 clauses 
c ================Preprocessing Finished=======================
c clauses: 608, variables: 571


c =================Computation Finished========================
c =======================Thread 0==============================
c decisions         : 121
c bcps              : 894
c conflicts         : 0
c aborted components: 0
c blocks            : 1
c backtracks        : 242
c backtrack dist    : 1.9835
c recomputations    : 0
c splits            : 106
c split ratio       : 4.9340
c =======================Thread 1==============================
c decisions         : 72
c bcps              : 659
c conflicts         : 0
c aborted components: 0
c blocks            : 12
c backtracks        : 144
c backtrack dist    : 2.5278
c recomputations    : 0
c splits            : 76
c split ratio       : 2.4605
c =======================Thread 2==============================
c decisions         : 93
c bcps              : 651
c conflicts         : 0
c aborted components: 0
c blocks            : 3
c backtracks        : 186
c backtrack dist    : 1.9624
c recomputations    : 0
c splits            : 108
c split ratio       : 3.0926
c =======================Thread 3==============================
c decisions         : 84
c bcps              : 665
c conflicts         : 0
c aborted components: 0
c blocks            : 6
c backtracks        : 168
c backtrack dist    : 2.0595
c recomputations    : 0
c splits            : 82
c split ratio       : 3.5976
c ===================Cache Statistics==========================
c tries..................: 972
c hits...................: 602
c hit rate...............: 61.9342 % 
c removed items..........: 0
c ===================Overall Statistics========================
c TOTAL backtracks.......: 740
c TOTAL backtrack dist...: 2.1014
c TOTAL recomputations...: 0
c #decisions.............: 370
c #bcp operations........: 2869
c split ratio............: 0.0000
c cpu time...............: 0.0192 s
c wall clock time........: 0.0130 s
c =========================================================
c model count............: 1885151548496885149261450996088503457854223658725084276549774482535635952822543801764798608885659011397597476880704804964214629536284725338456161716577522814888747991040000000000000000000000
s SATISFIABLE
