c ======================================================
c countAntom, Jan Burchard, University of Freiburg, 2015
c   based on the antom SAT-solver, by Tobias Schubert   
c ======================================================
c cnf file...............: ../../501_Git_Repos/busybox-data/data//busybox//2009/2009-10-18_20-57-52/clean.dimacs
c #variables.............: 773
c #clauses...............: 656
c ======================= Settings ============================
c number of threads......: 4
c memory size............: 4000
c vsads factor...........: 0.5000
c enable IBCP............: no
c split into components..: yes
c only preprocessing.....: no
c Tseitin detection......: yes
c UPLA...................: yes
c self-subsumption.......: yes
c variable elimination...: yes
c simplfication rounds...: 4
c add dependencies.......: yes
c ==================Start Preprocessing========================
c deduce added 				8 new implications
c UPLA removed 15 equivalent variables
c Tseitin detection found 4 AND gates, 6 OR gates, 0 XOR gates, 0 EQUIV gates, 
c subsumption removed 			36 clauses 
c selfSubsumption removed 		3 literals
c
c simplify: round 0
c deduce added 				0 new implications
c variableElimination eliminated 	107 variables!
c selfSubsumption removed 		0 literals
c deduce added				0 new implications
c subsumption removed 			6 clauses 
c
c simplify: round 1
c deduce added 				0 new implications
c variableElimination eliminated 	1 variables!
c selfSubsumption removed 		0 literals
c deduce added				0 new implications
c subsumption removed 			0 clauses 
c
c simplify: round 2
c deduce added 				0 new implications
c variableElimination eliminated 	0 variables!
c selfSubsumption removed 		0 literals
c deduce added				0 new implications
c subsumption removed 			0 clauses 
c
c simplify: round 3
c deduce added 				0 new implications
c variableElimination eliminated 	0 variables!
c selfSubsumption removed 		0 literals
c deduce added				0 new implications
c subsumption removed 			0 clauses 
c subsumption removed 			4 clauses 
c ================Preprocessing Finished=======================
c clauses: 605, variables: 564


c =================Computation Finished========================
c =======================Thread 0==============================
c decisions         : 92
c bcps              : 707
c conflicts         : 0
c aborted components: 0
c blocks            : 1
c backtracks        : 184
c backtrack dist    : 1.9783
c recomputations    : 0
c splits            : 104
c split ratio       : 4.2308
c =======================Thread 1==============================
c decisions         : 83
c bcps              : 694
c conflicts         : 0
c aborted components: 0
c blocks            : 11
c backtracks        : 166
c backtrack dist    : 2.2289
c recomputations    : 0
c splits            : 68
c split ratio       : 3.1029
c =======================Thread 2==============================
c decisions         : 62
c bcps              : 470
c conflicts         : 0
c aborted components: 0
c blocks            : 4
c backtracks        : 124
c backtrack dist    : 1.9839
c recomputations    : 0
c splits            : 72
c split ratio       : 3.0972
c =======================Thread 3==============================
c decisions         : 112
c bcps              : 772
c conflicts         : 0
c aborted components: 0
c blocks            : 6
c backtracks        : 224
c backtrack dist    : 2.0089
c recomputations    : 0
c splits            : 98
c split ratio       : 3.6122
c ===================Cache Statistics==========================
c tries..................: 873
c hits...................: 524
c hit rate...............: 60.0229 % 
c removed items..........: 0
c ===================Overall Statistics========================
c TOTAL backtracks.......: 698
c TOTAL backtrack dist...: 2.0487
c TOTAL recomputations...: 0
c #decisions.............: 349
c #bcp operations........: 2643
c split ratio............: 0.0000
c cpu time...............: 0.0176 s
c wall clock time........: 0.0130 s
c =========================================================
c model count............: 18551840549591806573491212382266177008539916081442239369363278502434475699914699223821079475524262505729809410079687361246372567268232093519124181050607172333963575296000000000000000000000
s SATISFIABLE
