c ======================================================
c countAntom, Jan Burchard, University of Freiburg, 2015
c   based on the antom SAT-solver, by Tobias Schubert   
c ======================================================
c cnf file...............: ../../501_Git_Repos/busybox-data/data//busybox//2009/2009-08-23_22-10-04/clean.dimacs
c #variables.............: 766
c #clauses...............: 649
c ======================= Settings ============================
c number of threads......: 4
c memory size............: 4000
c vsads factor...........: 0.5000
c enable IBCP............: no
c split into components..: yes
c only preprocessing.....: no
c Tseitin detection......: yes
c UPLA...................: yes
c self-subsumption.......: yes
c variable elimination...: yes
c simplfication rounds...: 4
c add dependencies.......: yes
c ==================Start Preprocessing========================
c deduce added 				8 new implications
c UPLA removed 15 equivalent variables
c Tseitin detection found 4 AND gates, 6 OR gates, 0 XOR gates, 0 EQUIV gates, 
c subsumption removed 			35 clauses 
c selfSubsumption removed 		2 literals
c
c simplify: round 0
c deduce added 				0 new implications
c variableElimination eliminated 	105 variables!
c selfSubsumption removed 		0 literals
c deduce added				0 new implications
c subsumption removed 			5 clauses 
c
c simplify: round 1
c deduce added 				0 new implications
c variableElimination eliminated 	1 variables!
c selfSubsumption removed 		0 literals
c deduce added				0 new implications
c subsumption removed 			0 clauses 
c
c simplify: round 2
c deduce added 				0 new implications
c variableElimination eliminated 	0 variables!
c selfSubsumption removed 		0 literals
c deduce added				0 new implications
c subsumption removed 			0 clauses 
c
c simplify: round 3
c deduce added 				0 new implications
c variableElimination eliminated 	0 variables!
c selfSubsumption removed 		0 literals
c deduce added				0 new implications
c subsumption removed 			0 clauses 
c subsumption removed 			3 clauses 
c ================Preprocessing Finished=======================
c clauses: 598, variables: 559


c =================Computation Finished========================
c =======================Thread 0==============================
c decisions         : 115
c bcps              : 813
c conflicts         : 0
c aborted components: 0
c blocks            : 1
c backtracks        : 230
c backtrack dist    : 1.9826
c recomputations    : 0
c splits            : 91
c split ratio       : 5.5275
c =======================Thread 1==============================
c decisions         : 80
c bcps              : 697
c conflicts         : 0
c aborted components: 0
c blocks            : 13
c backtracks        : 160
c backtrack dist    : 2.2437
c recomputations    : 0
c splits            : 78
c split ratio       : 3.0641
c =======================Thread 2==============================
c decisions         : 68
c bcps              : 520
c conflicts         : 0
c aborted components: 0
c blocks            : 2
c backtracks        : 136
c backtrack dist    : 1.9559
c recomputations    : 0
c splits            : 98
c split ratio       : 2.8469
c =======================Thread 3==============================
c decisions         : 82
c bcps              : 667
c conflicts         : 0
c aborted components: 0
c blocks            : 13
c backtracks        : 164
c backtrack dist    : 2.2561
c recomputations    : 0
c splits            : 65
c split ratio       : 4.0462
c ===================Cache Statistics==========================
c tries..................: 927
c hits...................: 582
c hit rate...............: 62.7832 % 
c removed items..........: 0
c ===================Overall Statistics========================
c TOTAL backtracks.......: 690
c TOTAL backtrack dist...: 2.1029
c TOTAL recomputations...: 0
c #decisions.............: 345
c #bcp operations........: 2697
c split ratio............: 0.0000
c cpu time...............: 0.0211 s
c wall clock time........: 0.0137 s
c =========================================================
c model count............: 402608993855462387600550219759428443728892136080461893960977023741267798978764766809423152332811448469646859002736395110757193976855827335274685453528145975578722304000000000000000000000
s SATISFIABLE
