c ======================================================
c countAntom, Jan Burchard, University of Freiburg, 2015
c   based on the antom SAT-solver, by Tobias Schubert   
c ======================================================
c cnf file...............: ../../501_Git_Repos/busybox-data/data//busybox//2009/2009-09-18_20-49-36/clean.dimacs
c #variables.............: 768
c #clauses...............: 650
c ======================= Settings ============================
c number of threads......: 4
c memory size............: 4000
c vsads factor...........: 0.5000
c enable IBCP............: no
c split into components..: yes
c only preprocessing.....: no
c Tseitin detection......: yes
c UPLA...................: yes
c self-subsumption.......: yes
c variable elimination...: yes
c simplfication rounds...: 4
c add dependencies.......: yes
c ==================Start Preprocessing========================
c deduce added 				8 new implications
c UPLA removed 15 equivalent variables
c Tseitin detection found 4 AND gates, 6 OR gates, 0 XOR gates, 0 EQUIV gates, 
c subsumption removed 			35 clauses 
c selfSubsumption removed 		2 literals
c
c simplify: round 0
c deduce added 				0 new implications
c variableElimination eliminated 	106 variables!
c selfSubsumption removed 		0 literals
c deduce added				0 new implications
c subsumption removed 			5 clauses 
c
c simplify: round 1
c deduce added 				0 new implications
c variableElimination eliminated 	1 variables!
c selfSubsumption removed 		0 literals
c deduce added				0 new implications
c subsumption removed 			0 clauses 
c
c simplify: round 2
c deduce added 				0 new implications
c variableElimination eliminated 	0 variables!
c selfSubsumption removed 		0 literals
c deduce added				0 new implications
c subsumption removed 			0 clauses 
c
c simplify: round 3
c deduce added 				0 new implications
c variableElimination eliminated 	0 variables!
c selfSubsumption removed 		0 literals
c deduce added				0 new implications
c subsumption removed 			0 clauses 
c subsumption removed 			3 clauses 
c ================Preprocessing Finished=======================
c clauses: 599, variables: 560


c =================Computation Finished========================
c =======================Thread 0==============================
c decisions         : 88
c bcps              : 646
c conflicts         : 0
c aborted components: 0
c blocks            : 6
c backtracks        : 176
c backtrack dist    : 2.1080
c recomputations    : 0
c splits            : 97
c split ratio       : 3.0825
c =======================Thread 1==============================
c decisions         : 74
c bcps              : 680
c conflicts         : 0
c aborted components: 0
c blocks            : 16
c backtracks        : 148
c backtrack dist    : 2.5946
c recomputations    : 0
c splits            : 66
c split ratio       : 3.0909
c =======================Thread 2==============================
c decisions         : 113
c bcps              : 884
c conflicts         : 0
c aborted components: 0
c blocks            : 1
c backtracks        : 226
c backtrack dist    : 1.9823
c recomputations    : 0
c splits            : 130
c split ratio       : 4.4615
c =======================Thread 3==============================
c decisions         : 90
c bcps              : 729
c conflicts         : 0
c aborted components: 0
c blocks            : 12
c backtracks        : 180
c backtrack dist    : 2.1778
c recomputations    : 0
c splits            : 83
c split ratio       : 3.7229
c ===================Cache Statistics==========================
c tries..................: 1039
c hits...................: 674
c hit rate...............: 64.8701 % 
c removed items..........: 0
c ===================Overall Statistics========================
c TOTAL backtracks.......: 730
c TOTAL backtrack dist...: 2.1849
c TOTAL recomputations...: 0
c #decisions.............: 365
c #bcp operations........: 2939
c split ratio............: 0.0000
c cpu time...............: 0.0204 s
c wall clock time........: 0.0139 s
c =========================================================
c model count............: 1073623983614566366934800586025142516610379029547898383895938729976714130610039378158461739554163862585724957340630386962019183938282206227399161209408389268209926144000000000000000000000
s SATISFIABLE
