c ======================================================
c countAntom, Jan Burchard, University of Freiburg, 2015
c   based on the antom SAT-solver, by Tobias Schubert   
c ======================================================
c cnf file...............: ../../501_Git_Repos/busybox-data/data//busybox//2009/2009-09-15_23-40-08/clean.dimacs
c #variables.............: 768
c #clauses...............: 650
c ======================= Settings ============================
c number of threads......: 4
c memory size............: 4000
c vsads factor...........: 0.5000
c enable IBCP............: no
c split into components..: yes
c only preprocessing.....: no
c Tseitin detection......: yes
c UPLA...................: yes
c self-subsumption.......: yes
c variable elimination...: yes
c simplfication rounds...: 4
c add dependencies.......: yes
c ==================Start Preprocessing========================
c deduce added 				8 new implications
c UPLA removed 15 equivalent variables
c Tseitin detection found 4 AND gates, 6 OR gates, 0 XOR gates, 0 EQUIV gates, 
c subsumption removed 			35 clauses 
c selfSubsumption removed 		2 literals
c
c simplify: round 0
c deduce added 				0 new implications
c variableElimination eliminated 	106 variables!
c selfSubsumption removed 		0 literals
c deduce added				0 new implications
c subsumption removed 			5 clauses 
c
c simplify: round 1
c deduce added 				0 new implications
c variableElimination eliminated 	1 variables!
c selfSubsumption removed 		0 literals
c deduce added				0 new implications
c subsumption removed 			0 clauses 
c
c simplify: round 2
c deduce added 				0 new implications
c variableElimination eliminated 	0 variables!
c selfSubsumption removed 		0 literals
c deduce added				0 new implications
c subsumption removed 			0 clauses 
c
c simplify: round 3
c deduce added 				0 new implications
c variableElimination eliminated 	0 variables!
c selfSubsumption removed 		0 literals
c deduce added				0 new implications
c subsumption removed 			0 clauses 
c subsumption removed 			3 clauses 
c ================Preprocessing Finished=======================
c clauses: 599, variables: 560


c =================Computation Finished========================
c =======================Thread 0==============================
c decisions         : 87
c bcps              : 635
c conflicts         : 0
c aborted components: 0
c blocks            : 1
c backtracks        : 174
c backtrack dist    : 1.9828
c recomputations    : 0
c splits            : 77
c split ratio       : 5.3377
c =======================Thread 1==============================
c decisions         : 85
c bcps              : 735
c conflicts         : 0
c aborted components: 0
c blocks            : 6
c backtracks        : 170
c backtrack dist    : 2.4941
c recomputations    : 0
c splits            : 95
c split ratio       : 2.7579
c =======================Thread 2==============================
c decisions         : 87
c bcps              : 670
c conflicts         : 0
c aborted components: 0
c blocks            : 4
c backtracks        : 174
c backtrack dist    : 2.1379
c recomputations    : 0
c splits            : 92
c split ratio       : 3.2500
c =======================Thread 3==============================
c decisions         : 86
c bcps              : 674
c conflicts         : 0
c aborted components: 0
c blocks            : 3
c backtracks        : 172
c backtrack dist    : 2.2791
c recomputations    : 0
c splits            : 69
c split ratio       : 4.1594
c ===================Cache Statistics==========================
c tries..................: 903
c hits...................: 558
c hit rate...............: 61.7940 % 
c removed items..........: 0
c ===================Overall Statistics========================
c TOTAL backtracks.......: 690
c TOTAL backtrack dist...: 2.2217
c TOTAL recomputations...: 0
c #decisions.............: 345
c #bcp operations........: 2714
c split ratio............: 0.0000
c cpu time...............: 0.0180 s
c wall clock time........: 0.0126 s
c =========================================================
c model count............: 1073623983614566366934800586025142516610379029547898383895938729976714130610039378158461739554163862585724957340630386962019183938282206227399161209408389268209926144000000000000000000000
s SATISFIABLE
