c ======================================================
c countAntom, Jan Burchard, University of Freiburg, 2015
c   based on the antom SAT-solver, by Tobias Schubert   
c ======================================================
c cnf file...............: ../../501_Git_Repos/busybox-data/data//busybox//2009/2009-04-25_13-26-10/clean.dimacs
c #variables.............: 745
c #clauses...............: 619
c ======================= Settings ============================
c number of threads......: 4
c memory size............: 4000
c vsads factor...........: 0.5000
c enable IBCP............: no
c split into components..: yes
c only preprocessing.....: no
c Tseitin detection......: yes
c UPLA...................: yes
c self-subsumption.......: yes
c variable elimination...: yes
c simplfication rounds...: 4
c add dependencies.......: yes
c ==================Start Preprocessing========================
c deduce added 				8 new implications
c UPLA removed 12 equivalent variables
c Tseitin detection found 4 AND gates, 4 OR gates, 0 XOR gates, 0 EQUIV gates, 
c subsumption removed 			31 clauses 
c selfSubsumption removed 		3 literals
c
c simplify: round 0
c deduce added 				0 new implications
c variableElimination eliminated 	101 variables!
c selfSubsumption removed 		0 literals
c deduce added				0 new implications
c subsumption removed 			5 clauses 
c
c simplify: round 1
c deduce added 				0 new implications
c variableElimination eliminated 	0 variables!
c selfSubsumption removed 		0 literals
c deduce added				0 new implications
c subsumption removed 			0 clauses 
c
c simplify: round 2
c deduce added 				0 new implications
c variableElimination eliminated 	0 variables!
c selfSubsumption removed 		0 literals
c deduce added				0 new implications
c subsumption removed 			0 clauses 
c
c simplify: round 3
c deduce added 				0 new implications
c variableElimination eliminated 	0 variables!
c selfSubsumption removed 		0 literals
c deduce added				0 new implications
c subsumption removed 			0 clauses 
c subsumption removed 			4 clauses 
c ================Preprocessing Finished=======================
c clauses: 580, variables: 547


c =================Computation Finished========================
c =======================Thread 0==============================
c decisions         : 96
c bcps              : 727
c conflicts         : 0
c aborted components: 0
c blocks            : 2
c backtracks        : 192
c backtrack dist    : 1.9896
c recomputations    : 0
c splits            : 81
c split ratio       : 5.4321
c =======================Thread 1==============================
c decisions         : 91
c bcps              : 673
c conflicts         : 0
c aborted components: 0
c blocks            : 5
c backtracks        : 182
c backtrack dist    : 2.0604
c recomputations    : 0
c splits            : 68
c split ratio       : 3.8235
c =======================Thread 2==============================
c decisions         : 60
c bcps              : 482
c conflicts         : 0
c aborted components: 0
c blocks            : 5
c backtracks        : 120
c backtrack dist    : 2.0667
c recomputations    : 0
c splits            : 65
c split ratio       : 2.9077
c =======================Thread 3==============================
c decisions         : 91
c bcps              : 661
c conflicts         : 0
c aborted components: 0
c blocks            : 2
c backtracks        : 182
c backtrack dist    : 1.9835
c recomputations    : 0
c splits            : 116
c split ratio       : 2.4741
c ===================Cache Statistics==========================
c tries..................: 831
c hits...................: 493
c hit rate...............: 59.3261 % 
c removed items..........: 0
c ===================Overall Statistics========================
c TOTAL backtracks.......: 676
c TOTAL backtrack dist...: 2.0207
c TOTAL recomputations...: 0
c #decisions.............: 338
c #bcp operations........: 2543
c split ratio............: 0.0000
c cpu time...............: 0.0171 s
c wall clock time........: 0.0125 s
c =========================================================
c model count............: 60118373333284980540143999494457787667356157966047042062795185631836667963429066001317653545505639995938058766777567184208447914252042863449940717036212719336816640000000000000000000
s SATISFIABLE
