c ======================================================
c countAntom, Jan Burchard, University of Freiburg, 2015
c   based on the antom SAT-solver, by Tobias Schubert   
c ======================================================
c cnf file...............: ../../501_Git_Repos/busybox-data/data//busybox//2009/2009-12-11_15-01-54/clean.dimacs
c #variables.............: 784
c #clauses...............: 667
c ======================= Settings ============================
c number of threads......: 4
c memory size............: 4000
c vsads factor...........: 0.5000
c enable IBCP............: no
c split into components..: yes
c only preprocessing.....: no
c Tseitin detection......: yes
c UPLA...................: yes
c self-subsumption.......: yes
c variable elimination...: yes
c simplfication rounds...: 4
c add dependencies.......: yes
c ==================Start Preprocessing========================
c deduce added 				8 new implications
c UPLA removed 15 equivalent variables
c Tseitin detection found 4 AND gates, 6 OR gates, 0 XOR gates, 0 EQUIV gates, 
c subsumption removed 			38 clauses 
c selfSubsumption removed 		3 literals
c
c simplify: round 0
c deduce added 				0 new implications
c variableElimination eliminated 	111 variables!
c selfSubsumption removed 		0 literals
c deduce added				0 new implications
c subsumption removed 			7 clauses 
c
c simplify: round 1
c deduce added 				0 new implications
c variableElimination eliminated 	1 variables!
c selfSubsumption removed 		0 literals
c deduce added				0 new implications
c subsumption removed 			0 clauses 
c
c simplify: round 2
c deduce added 				0 new implications
c variableElimination eliminated 	0 variables!
c selfSubsumption removed 		0 literals
c deduce added				0 new implications
c subsumption removed 			0 clauses 
c
c simplify: round 3
c deduce added 				0 new implications
c variableElimination eliminated 	0 variables!
c selfSubsumption removed 		0 literals
c deduce added				0 new implications
c subsumption removed 			0 clauses 
c subsumption removed 			3 clauses 
c ================Preprocessing Finished=======================
c clauses: 608, variables: 571


c =================Computation Finished========================
c =======================Thread 0==============================
c decisions         : 86
c bcps              : 705
c conflicts         : 0
c aborted components: 0
c blocks            : 9
c backtracks        : 172
c backtrack dist    : 2.2616
c recomputations    : 0
c splits            : 73
c split ratio       : 3.0548
c =======================Thread 1==============================
c decisions         : 92
c bcps              : 677
c conflicts         : 0
c aborted components: 0
c blocks            : 1
c backtracks        : 184
c backtrack dist    : 1.9728
c recomputations    : 0
c splits            : 68
c split ratio       : 6.4118
c =======================Thread 2==============================
c decisions         : 85
c bcps              : 649
c conflicts         : 0
c aborted components: 0
c blocks            : 2
c backtracks        : 170
c backtrack dist    : 1.9941
c recomputations    : 0
c splits            : 122
c split ratio       : 2.4426
c =======================Thread 3==============================
c decisions         : 101
c bcps              : 703
c conflicts         : 0
c aborted components: 0
c blocks            : 6
c backtracks        : 202
c backtrack dist    : 1.9554
c recomputations    : 0
c splits            : 88
c split ratio       : 3.4773
c ===================Cache Statistics==========================
c tries..................: 887
c hits...................: 523
c hit rate...............: 58.9628 % 
c removed items..........: 0
c ===================Overall Statistics========================
c TOTAL backtracks.......: 728
c TOTAL backtrack dist...: 2.0412
c TOTAL recomputations...: 0
c #decisions.............: 364
c #bcp operations........: 2734
c split ratio............: 0.0000
c cpu time...............: 0.0178 s
c wall clock time........: 0.0130 s
c =========================================================
c model count............: 7540606193987540597045803984354013831416894634900337106199097930142543811290175207059194435542636045590389907522819219856858518145138901353824646866310091259554991964160000000000000000000000
s SATISFIABLE
