c ======================================================
c countAntom, Jan Burchard, University of Freiburg, 2015
c   based on the antom SAT-solver, by Tobias Schubert   
c ======================================================
c cnf file...............: ../../501_Git_Repos/busybox-data/data//busybox//2009/2009-05-29_10-39-06/clean.dimacs
c #variables.............: 754
c #clauses...............: 629
c ======================= Settings ============================
c number of threads......: 4
c memory size............: 4000
c vsads factor...........: 0.5000
c enable IBCP............: no
c split into components..: yes
c only preprocessing.....: no
c Tseitin detection......: yes
c UPLA...................: yes
c self-subsumption.......: yes
c variable elimination...: yes
c simplfication rounds...: 4
c add dependencies.......: yes
c ==================Start Preprocessing========================
c deduce added 				8 new implications
c UPLA removed 12 equivalent variables
c Tseitin detection found 4 AND gates, 6 OR gates, 0 XOR gates, 0 EQUIV gates, 
c subsumption removed 			32 clauses 
c selfSubsumption removed 		2 literals
c
c simplify: round 0
c deduce added 				0 new implications
c variableElimination eliminated 	102 variables!
c selfSubsumption removed 		0 literals
c deduce added				0 new implications
c subsumption removed 			5 clauses 
c
c simplify: round 1
c deduce added 				0 new implications
c variableElimination eliminated 	0 variables!
c selfSubsumption removed 		0 literals
c deduce added				0 new implications
c subsumption removed 			0 clauses 
c
c simplify: round 2
c deduce added 				0 new implications
c variableElimination eliminated 	0 variables!
c selfSubsumption removed 		0 literals
c deduce added				0 new implications
c subsumption removed 			0 clauses 
c
c simplify: round 3
c deduce added 				0 new implications
c variableElimination eliminated 	0 variables!
c selfSubsumption removed 		0 literals
c deduce added				0 new implications
c subsumption removed 			0 clauses 
c subsumption removed 			4 clauses 
c ================Preprocessing Finished=======================
c clauses: 579, variables: 550


c =================Computation Finished========================
c =======================Thread 0==============================
c decisions         : 108
c bcps              : 797
c conflicts         : 0
c aborted components: 0
c blocks            : 3
c backtracks        : 216
c backtrack dist    : 1.9815
c recomputations    : 0
c splits            : 96
c split ratio       : 5.1979
c =======================Thread 1==============================
c decisions         : 91
c bcps              : 645
c conflicts         : 0
c aborted components: 0
c blocks            : 3
c backtracks        : 182
c backtrack dist    : 1.9945
c recomputations    : 0
c splits            : 106
c split ratio       : 2.7170
c =======================Thread 2==============================
c decisions         : 79
c bcps              : 599
c conflicts         : 0
c aborted components: 0
c blocks            : 5
c backtracks        : 158
c backtrack dist    : 2.2215
c recomputations    : 0
c splits            : 71
c split ratio       : 3.4085
c =======================Thread 3==============================
c decisions         : 68
c bcps              : 609
c conflicts         : 0
c aborted components: 0
c blocks            : 10
c backtracks        : 136
c backtrack dist    : 2.5515
c recomputations    : 0
c splits            : 67
c split ratio       : 2.6866
c ===================Cache Statistics==========================
c tries..................: 858
c hits...................: 512
c hit rate...............: 59.6737 % 
c removed items..........: 0
c ===================Overall Statistics========================
c TOTAL backtracks.......: 692
c TOTAL backtrack dist...: 2.1517
c TOTAL recomputations...: 0
c #decisions.............: 346
c #bcp operations........: 2650
c split ratio............: 0.0000
c cpu time...............: 0.0167 s
c wall clock time........: 0.0121 s
c =========================================================
c model count............: 5655934494212196038593825048318421639661361552161019054893966199356506528819904328266065778573249934379969708606335062043748975347605336523620302308413308860807249920000000000000000000
s SATISFIABLE
