c ======================================================
c countAntom, Jan Burchard, University of Freiburg, 2015
c   based on the antom SAT-solver, by Tobias Schubert   
c ======================================================
c cnf file...............: ../../501_Git_Repos/busybox-data/data//busybox//2009/2009-05-26_19-42-34/clean.dimacs
c #variables.............: 754
c #clauses...............: 629
c ======================= Settings ============================
c number of threads......: 4
c memory size............: 4000
c vsads factor...........: 0.5000
c enable IBCP............: no
c split into components..: yes
c only preprocessing.....: no
c Tseitin detection......: yes
c UPLA...................: yes
c self-subsumption.......: yes
c variable elimination...: yes
c simplfication rounds...: 4
c add dependencies.......: yes
c ==================Start Preprocessing========================
c deduce added 				8 new implications
c UPLA removed 12 equivalent variables
c Tseitin detection found 4 AND gates, 6 OR gates, 0 XOR gates, 0 EQUIV gates, 
c subsumption removed 			32 clauses 
c selfSubsumption removed 		2 literals
c
c simplify: round 0
c deduce added 				0 new implications
c variableElimination eliminated 	102 variables!
c selfSubsumption removed 		0 literals
c deduce added				0 new implications
c subsumption removed 			5 clauses 
c
c simplify: round 1
c deduce added 				0 new implications
c variableElimination eliminated 	0 variables!
c selfSubsumption removed 		0 literals
c deduce added				0 new implications
c subsumption removed 			0 clauses 
c
c simplify: round 2
c deduce added 				0 new implications
c variableElimination eliminated 	0 variables!
c selfSubsumption removed 		0 literals
c deduce added				0 new implications
c subsumption removed 			0 clauses 
c
c simplify: round 3
c deduce added 				0 new implications
c variableElimination eliminated 	0 variables!
c selfSubsumption removed 		0 literals
c deduce added				0 new implications
c subsumption removed 			0 clauses 
c subsumption removed 			4 clauses 
c ================Preprocessing Finished=======================
c clauses: 579, variables: 550


c =================Computation Finished========================
c =======================Thread 0==============================
c decisions         : 101
c bcps              : 784
c conflicts         : 0
c aborted components: 0
c blocks            : 3
c backtracks        : 202
c backtrack dist    : 2.0446
c recomputations    : 0
c splits            : 82
c split ratio       : 5.4390
c =======================Thread 1==============================
c decisions         : 99
c bcps              : 779
c conflicts         : 0
c aborted components: 0
c blocks            : 3
c backtracks        : 198
c backtrack dist    : 2.3636
c recomputations    : 0
c splits            : 75
c split ratio       : 3.9733
c =======================Thread 2==============================
c decisions         : 68
c bcps              : 535
c conflicts         : 0
c aborted components: 0
c blocks            : 4
c backtracks        : 136
c backtrack dist    : 2.0147
c recomputations    : 0
c splits            : 83
c split ratio       : 2.8313
c =======================Thread 3==============================
c decisions         : 79
c bcps              : 602
c conflicts         : 0
c aborted components: 0
c blocks            : 2
c backtracks        : 158
c backtrack dist    : 1.9367
c recomputations    : 0
c splits            : 103
c split ratio       : 2.6893
c ===================Cache Statistics==========================
c tries..................: 906
c hits...................: 559
c hit rate...............: 61.6998 % 
c removed items..........: 0
c ===================Overall Statistics========================
c TOTAL backtracks.......: 694
c TOTAL backtrack dist...: 2.1052
c TOTAL recomputations...: 0
c #decisions.............: 347
c #bcp operations........: 2700
c split ratio............: 0.0000
c cpu time...............: 0.0174 s
c wall clock time........: 0.0125 s
c =========================================================
c model count............: 5655934494212196038593825048318421639661361552161019054893966199356506528819904328266065778573249934379969708606335062043748975347605336523620302308413308860807249920000000000000000000
s SATISFIABLE
