c ======================================================
c countAntom, Jan Burchard, University of Freiburg, 2015
c   based on the antom SAT-solver, by Tobias Schubert   
c ======================================================
c cnf file...............: ../../501_Git_Repos/busybox-data/data//busybox//2009/2009-11-20_19-14-19/clean.dimacs
c #variables.............: 778
c #clauses...............: 660
c ======================= Settings ============================
c number of threads......: 4
c memory size............: 4000
c vsads factor...........: 0.5000
c enable IBCP............: no
c split into components..: yes
c only preprocessing.....: no
c Tseitin detection......: yes
c UPLA...................: yes
c self-subsumption.......: yes
c variable elimination...: yes
c simplfication rounds...: 4
c add dependencies.......: yes
c ==================Start Preprocessing========================
c deduce added 				8 new implications
c UPLA removed 15 equivalent variables
c Tseitin detection found 4 AND gates, 6 OR gates, 0 XOR gates, 0 EQUIV gates, 
c subsumption removed 			36 clauses 
c selfSubsumption removed 		2 literals
c
c simplify: round 0
c deduce added 				0 new implications
c variableElimination eliminated 	108 variables!
c selfSubsumption removed 		0 literals
c deduce added				0 new implications
c subsumption removed 			7 clauses 
c
c simplify: round 1
c deduce added 				0 new implications
c variableElimination eliminated 	1 variables!
c selfSubsumption removed 		0 literals
c deduce added				0 new implications
c subsumption removed 			0 clauses 
c
c simplify: round 2
c deduce added 				0 new implications
c variableElimination eliminated 	0 variables!
c selfSubsumption removed 		0 literals
c deduce added				0 new implications
c subsumption removed 			0 clauses 
c
c simplify: round 3
c deduce added 				0 new implications
c variableElimination eliminated 	0 variables!
c selfSubsumption removed 		0 literals
c deduce added				0 new implications
c subsumption removed 			0 clauses 
c subsumption removed 			5 clauses 
c ================Preprocessing Finished=======================
c clauses: 606, variables: 567


c =================Computation Finished========================
c =======================Thread 0==============================
c decisions         : 95
c bcps              : 700
c conflicts         : 0
c aborted components: 0
c blocks            : 1
c backtracks        : 190
c backtrack dist    : 1.9737
c recomputations    : 0
c splits            : 78
c split ratio       : 5.6154
c =======================Thread 1==============================
c decisions         : 113
c bcps              : 823
c conflicts         : 0
c aborted components: 0
c blocks            : 5
c backtracks        : 226
c backtrack dist    : 2.2345
c recomputations    : 0
c splits            : 89
c split ratio       : 3.4382
c =======================Thread 2==============================
c decisions         : 84
c bcps              : 596
c conflicts         : 0
c aborted components: 0
c blocks            : 4
c backtracks        : 168
c backtrack dist    : 1.9940
c recomputations    : 0
c splits            : 101
c split ratio       : 2.6535
c =======================Thread 3==============================
c decisions         : 86
c bcps              : 663
c conflicts         : 0
c aborted components: 0
c blocks            : 4
c backtracks        : 172
c backtrack dist    : 2.2384
c recomputations    : 0
c splits            : 80
c split ratio       : 2.9375
c ===================Cache Statistics==========================
c tries..................: 840
c hits...................: 462
c hit rate...............: 55.0000 % 
c removed items..........: 0
c ===================Overall Statistics========================
c TOTAL backtracks.......: 756
c TOTAL backtrack dist...: 2.1164
c TOTAL recomputations...: 0
c #decisions.............: 378
c #bcp operations........: 2782
c split ratio............: 0.0000
c cpu time...............: 0.0170 s
c wall clock time........: 0.0125 s
c =========================================================
c model count............: 354892403107247332743180244244737170062464454668126890242126814836035218123454292954655026584743086201800277300762131256162150515918557750573608225338440498757207326720000000000000000000000
s SATISFIABLE
