c ======================================================
c countAntom, Jan Burchard, University of Freiburg, 2015
c   based on the antom SAT-solver, by Tobias Schubert   
c ======================================================
c cnf file...............: ../../501_Git_Repos/busybox-data/data//busybox//2009/2009-07-18_17-26-25/clean.dimacs
c #variables.............: 761
c #clauses...............: 644
c ======================= Settings ============================
c number of threads......: 4
c memory size............: 4000
c vsads factor...........: 0.5000
c enable IBCP............: no
c split into components..: yes
c only preprocessing.....: no
c Tseitin detection......: yes
c UPLA...................: yes
c self-subsumption.......: yes
c variable elimination...: yes
c simplfication rounds...: 4
c add dependencies.......: yes
c ==================Start Preprocessing========================
c deduce added 				8 new implications
c UPLA removed 12 equivalent variables
c Tseitin detection found 4 AND gates, 6 OR gates, 0 XOR gates, 0 EQUIV gates, 
c subsumption removed 			34 clauses 
c selfSubsumption removed 		2 literals
c
c simplify: round 0
c deduce added 				0 new implications
c variableElimination eliminated 	106 variables!
c selfSubsumption removed 		0 literals
c deduce added				0 new implications
c subsumption removed 			5 clauses 
c
c simplify: round 1
c deduce added 				0 new implications
c variableElimination eliminated 	0 variables!
c selfSubsumption removed 		0 literals
c deduce added				0 new implications
c subsumption removed 			0 clauses 
c
c simplify: round 2
c deduce added 				0 new implications
c variableElimination eliminated 	0 variables!
c selfSubsumption removed 		0 literals
c deduce added				0 new implications
c subsumption removed 			0 clauses 
c
c simplify: round 3
c deduce added 				0 new implications
c variableElimination eliminated 	0 variables!
c selfSubsumption removed 		0 literals
c deduce added				0 new implications
c subsumption removed 			0 clauses 
c subsumption removed 			4 clauses 
c ================Preprocessing Finished=======================
c clauses: 593, variables: 558


c =================Computation Finished========================
c =======================Thread 0==============================
c decisions         : 108
c bcps              : 801
c conflicts         : 0
c aborted components: 0
c blocks            : 1
c backtracks        : 216
c backtrack dist    : 1.9815
c recomputations    : 0
c splits            : 94
c split ratio       : 4.9787
c =======================Thread 1==============================
c decisions         : 85
c bcps              : 693
c conflicts         : 0
c aborted components: 0
c blocks            : 7
c backtracks        : 170
c backtrack dist    : 2.3000
c recomputations    : 0
c splits            : 66
c split ratio       : 4.0606
c =======================Thread 2==============================
c decisions         : 72
c bcps              : 565
c conflicts         : 0
c aborted components: 0
c blocks            : 2
c backtracks        : 144
c backtrack dist    : 1.9792
c recomputations    : 0
c splits            : 101
c split ratio       : 2.7327
c =======================Thread 3==============================
c decisions         : 86
c bcps              : 654
c conflicts         : 0
c aborted components: 0
c blocks            : 4
c backtracks        : 172
c backtrack dist    : 2.0349
c recomputations    : 0
c splits            : 87
c split ratio       : 3.0460
c ===================Cache Statistics==========================
c tries..................: 924
c hits...................: 573
c hit rate...............: 62.0130 % 
c removed items..........: 0
c ===================Overall Statistics========================
c TOTAL backtracks.......: 702
c TOTAL backtrack dist...: 2.0712
c TOTAL recomputations...: 0
c #decisions.............: 351
c #bcp operations........: 2713
c split ratio............: 0.0000
c cpu time...............: 0.0175 s
c wall clock time........: 0.0126 s
c =========================================================
c model count............: 116840390719839997072622128138893146867807919720197159026130192905887002114130204407550326303474483477495562170994555934569888826384420685961383262175792947250436505600000000000000000000
s SATISFIABLE
