c ======================================================
c countAntom, Jan Burchard, University of Freiburg, 2015
c   based on the antom SAT-solver, by Tobias Schubert   
c ======================================================
c cnf file...............: ../../501_Git_Repos/busybox-data/data//busybox//2009/2009-09-30_02-48-59/clean.dimacs
c #variables.............: 770
c #clauses...............: 652
c ======================= Settings ============================
c number of threads......: 4
c memory size............: 4000
c vsads factor...........: 0.5000
c enable IBCP............: no
c split into components..: yes
c only preprocessing.....: no
c Tseitin detection......: yes
c UPLA...................: yes
c self-subsumption.......: yes
c variable elimination...: yes
c simplfication rounds...: 4
c add dependencies.......: yes
c ==================Start Preprocessing========================
c deduce added 				8 new implications
c UPLA removed 15 equivalent variables
c Tseitin detection found 4 AND gates, 6 OR gates, 0 XOR gates, 0 EQUIV gates, 
c subsumption removed 			37 clauses 
c selfSubsumption removed 		2 literals
c
c simplify: round 0
c deduce added 				0 new implications
c variableElimination eliminated 	106 variables!
c selfSubsumption removed 		0 literals
c deduce added				0 new implications
c subsumption removed 			5 clauses 
c
c simplify: round 1
c deduce added 				0 new implications
c variableElimination eliminated 	1 variables!
c selfSubsumption removed 		0 literals
c deduce added				0 new implications
c subsumption removed 			0 clauses 
c
c simplify: round 2
c deduce added 				0 new implications
c variableElimination eliminated 	0 variables!
c selfSubsumption removed 		0 literals
c deduce added				0 new implications
c subsumption removed 			0 clauses 
c
c simplify: round 3
c deduce added 				0 new implications
c variableElimination eliminated 	0 variables!
c selfSubsumption removed 		0 literals
c deduce added				0 new implications
c subsumption removed 			0 clauses 
c subsumption removed 			4 clauses 
c ================Preprocessing Finished=======================
c clauses: 598, variables: 562


c =================Computation Finished========================
c =======================Thread 0==============================
c decisions         : 94
c bcps              : 732
c conflicts         : 0
c aborted components: 0
c blocks            : 8
c backtracks        : 188
c backtrack dist    : 2.3936
c recomputations    : 0
c splits            : 76
c split ratio       : 3.6579
c =======================Thread 1==============================
c decisions         : 92
c bcps              : 679
c conflicts         : 0
c aborted components: 0
c blocks            : 1
c backtracks        : 184
c backtrack dist    : 1.9783
c recomputations    : 0
c splits            : 83
c split ratio       : 5.3133
c =======================Thread 2==============================
c decisions         : 78
c bcps              : 557
c conflicts         : 0
c aborted components: 0
c blocks            : 2
c backtracks        : 156
c backtrack dist    : 1.9679
c recomputations    : 0
c splits            : 84
c split ratio       : 3.1905
c =======================Thread 3==============================
c decisions         : 75
c bcps              : 632
c conflicts         : 0
c aborted components: 0
c blocks            : 6
c backtracks        : 150
c backtrack dist    : 2.7067
c recomputations    : 0
c splits            : 73
c split ratio       : 2.5205
c ===================Cache Statistics==========================
c tries..................: 810
c hits...................: 471
c hit rate...............: 58.1481 % 
c removed items..........: 0
c ===================Overall Statistics========================
c TOTAL backtracks.......: 678
c TOTAL backtrack dist...: 2.2522
c TOTAL recomputations...: 0
c #decisions.............: 339
c #bcp operations........: 2600
c split ratio............: 0.0000
c cpu time...............: 0.0174 s
c wall clock time........: 0.0127 s
c =========================================================
c model count............: 3313065574677136264567063920496956742334628612579744838896202225925973288244114452363608548370142237501824888469298134228767941807891952510225819057860808666190446592000000000000000000000
s SATISFIABLE
