c ======================================================
c countAntom, Jan Burchard, University of Freiburg, 2015
c   based on the antom SAT-solver, by Tobias Schubert   
c ======================================================
c cnf file...............: ../../501_Git_Repos/busybox-data/data//busybox//2009/2009-07-13_01-27-47/clean.dimacs
c #variables.............: 761
c #clauses...............: 644
c ======================= Settings ============================
c number of threads......: 4
c memory size............: 4000
c vsads factor...........: 0.5000
c enable IBCP............: no
c split into components..: yes
c only preprocessing.....: no
c Tseitin detection......: yes
c UPLA...................: yes
c self-subsumption.......: yes
c variable elimination...: yes
c simplfication rounds...: 4
c add dependencies.......: yes
c ==================Start Preprocessing========================
c deduce added 				8 new implications
c UPLA removed 12 equivalent variables
c Tseitin detection found 4 AND gates, 6 OR gates, 0 XOR gates, 0 EQUIV gates, 
c subsumption removed 			34 clauses 
c selfSubsumption removed 		2 literals
c
c simplify: round 0
c deduce added 				0 new implications
c variableElimination eliminated 	106 variables!
c selfSubsumption removed 		0 literals
c deduce added				0 new implications
c subsumption removed 			5 clauses 
c
c simplify: round 1
c deduce added 				0 new implications
c variableElimination eliminated 	0 variables!
c selfSubsumption removed 		0 literals
c deduce added				0 new implications
c subsumption removed 			0 clauses 
c
c simplify: round 2
c deduce added 				0 new implications
c variableElimination eliminated 	0 variables!
c selfSubsumption removed 		0 literals
c deduce added				0 new implications
c subsumption removed 			0 clauses 
c
c simplify: round 3
c deduce added 				0 new implications
c variableElimination eliminated 	0 variables!
c selfSubsumption removed 		0 literals
c deduce added				0 new implications
c subsumption removed 			0 clauses 
c subsumption removed 			4 clauses 
c ================Preprocessing Finished=======================
c clauses: 593, variables: 558


c =================Computation Finished========================
c =======================Thread 0==============================
c decisions         : 107
c bcps              : 803
c conflicts         : 0
c aborted components: 0
c blocks            : 1
c backtracks        : 214
c backtrack dist    : 2.0093
c recomputations    : 0
c splits            : 99
c split ratio       : 4.8889
c =======================Thread 1==============================
c decisions         : 93
c bcps              : 732
c conflicts         : 0
c aborted components: 0
c blocks            : 3
c backtracks        : 186
c backtrack dist    : 2.2097
c recomputations    : 0
c splits            : 78
c split ratio       : 4.0513
c =======================Thread 2==============================
c decisions         : 76
c bcps              : 633
c conflicts         : 0
c aborted components: 0
c blocks            : 4
c backtracks        : 152
c backtrack dist    : 2.3158
c recomputations    : 0
c splits            : 68
c split ratio       : 3.2941
c =======================Thread 3==============================
c decisions         : 74
c bcps              : 570
c conflicts         : 0
c aborted components: 0
c blocks            : 2
c backtracks        : 148
c backtrack dist    : 1.9662
c recomputations    : 0
c splits            : 100
c split ratio       : 2.6200
c ===================Cache Statistics==========================
c tries..................: 932
c hits...................: 582
c hit rate...............: 62.4464 % 
c removed items..........: 0
c ===================Overall Statistics========================
c TOTAL backtracks.......: 700
c TOTAL backtrack dist...: 2.1200
c TOTAL recomputations...: 0
c #decisions.............: 350
c #bcp operations........: 2738
c split ratio............: 0.0000
c cpu time...............: 0.0173 s
c wall clock time........: 0.0126 s
c =========================================================
c model count............: 116840390719839997072622128138893146867807919720197159026130192905887002114130204407550326303474483477495562170994555934569888826384420685961383262175792947250436505600000000000000000000
s SATISFIABLE
