c ======================================================
c countAntom, Jan Burchard, University of Freiburg, 2015
c   based on the antom SAT-solver, by Tobias Schubert   
c ======================================================
c cnf file...............: ../../501_Git_Repos/busybox-data/data//busybox//2009/2009-09-29_12-25-30/clean.dimacs
c #variables.............: 770
c #clauses...............: 652
c ======================= Settings ============================
c number of threads......: 4
c memory size............: 4000
c vsads factor...........: 0.5000
c enable IBCP............: no
c split into components..: yes
c only preprocessing.....: no
c Tseitin detection......: yes
c UPLA...................: yes
c self-subsumption.......: yes
c variable elimination...: yes
c simplfication rounds...: 4
c add dependencies.......: yes
c ==================Start Preprocessing========================
c deduce added 				8 new implications
c UPLA removed 15 equivalent variables
c Tseitin detection found 4 AND gates, 6 OR gates, 0 XOR gates, 0 EQUIV gates, 
c subsumption removed 			37 clauses 
c selfSubsumption removed 		2 literals
c
c simplify: round 0
c deduce added 				0 new implications
c variableElimination eliminated 	106 variables!
c selfSubsumption removed 		0 literals
c deduce added				0 new implications
c subsumption removed 			5 clauses 
c
c simplify: round 1
c deduce added 				0 new implications
c variableElimination eliminated 	1 variables!
c selfSubsumption removed 		0 literals
c deduce added				0 new implications
c subsumption removed 			0 clauses 
c
c simplify: round 2
c deduce added 				0 new implications
c variableElimination eliminated 	0 variables!
c selfSubsumption removed 		0 literals
c deduce added				0 new implications
c subsumption removed 			0 clauses 
c
c simplify: round 3
c deduce added 				0 new implications
c variableElimination eliminated 	0 variables!
c selfSubsumption removed 		0 literals
c deduce added				0 new implications
c subsumption removed 			0 clauses 
c subsumption removed 			4 clauses 
c ================Preprocessing Finished=======================
c clauses: 598, variables: 562


c =================Computation Finished========================
c =======================Thread 0==============================
c decisions         : 108
c bcps              : 737
c conflicts         : 0
c aborted components: 0
c blocks            : 1
c backtracks        : 216
c backtrack dist    : 1.9815
c recomputations    : 0
c splits            : 81
c split ratio       : 5.1235
c =======================Thread 1==============================
c decisions         : 86
c bcps              : 630
c conflicts         : 0
c aborted components: 0
c blocks            : 4
c backtracks        : 172
c backtrack dist    : 2.1744
c recomputations    : 0
c splits            : 78
c split ratio       : 3.8333
c =======================Thread 2==============================
c decisions         : 84
c bcps              : 610
c conflicts         : 0
c aborted components: 0
c blocks            : 2
c backtracks        : 168
c backtrack dist    : 1.9702
c recomputations    : 0
c splits            : 102
c split ratio       : 2.6667
c =======================Thread 3==============================
c decisions         : 70
c bcps              : 611
c conflicts         : 0
c aborted components: 0
c blocks            : 6
c backtracks        : 140
c backtrack dist    : 2.6643
c recomputations    : 0
c splits            : 64
c split ratio       : 2.5938
c ===================Cache Statistics==========================
c tries..................: 782
c hits...................: 434
c hit rate...............: 55.4987 % 
c removed items..........: 0
c ===================Overall Statistics========================
c TOTAL backtracks.......: 696
c TOTAL backtrack dist...: 2.1638
c TOTAL recomputations...: 0
c #decisions.............: 348
c #bcp operations........: 2588
c split ratio............: 0.0000
c cpu time...............: 0.0170 s
c wall clock time........: 0.0128 s
c =========================================================
c model count............: 3313065574677136264567063920496956742334628612579744838896202225925973288244114452363608548370142237501824888469298134228767941807891952510225819057860808666190446592000000000000000000000
s SATISFIABLE
