c ======================================================
c countAntom, Jan Burchard, University of Freiburg, 2015
c   based on the antom SAT-solver, by Tobias Schubert   
c ======================================================
c cnf file...............: ../../501_Git_Repos/busybox-data/data//busybox//2009/2009-09-10_21-27-39/clean.dimacs
c #variables.............: 767
c #clauses...............: 650
c ======================= Settings ============================
c number of threads......: 4
c memory size............: 4000
c vsads factor...........: 0.5000
c enable IBCP............: no
c split into components..: yes
c only preprocessing.....: no
c Tseitin detection......: yes
c UPLA...................: yes
c self-subsumption.......: yes
c variable elimination...: yes
c simplfication rounds...: 4
c add dependencies.......: yes
c ==================Start Preprocessing========================
c deduce added 				8 new implications
c UPLA removed 15 equivalent variables
c Tseitin detection found 4 AND gates, 6 OR gates, 0 XOR gates, 0 EQUIV gates, 
c subsumption removed 			37 clauses 
c selfSubsumption removed 		2 literals
c
c simplify: round 0
c deduce added 				0 new implications
c variableElimination eliminated 	107 variables!
c selfSubsumption removed 		0 literals
c deduce added				0 new implications
c subsumption removed 			5 clauses 
c
c simplify: round 1
c deduce added 				0 new implications
c variableElimination eliminated 	1 variables!
c selfSubsumption removed 		0 literals
c deduce added				0 new implications
c subsumption removed 			0 clauses 
c
c simplify: round 2
c deduce added 				0 new implications
c variableElimination eliminated 	0 variables!
c selfSubsumption removed 		0 literals
c deduce added				0 new implications
c subsumption removed 			0 clauses 
c
c simplify: round 3
c deduce added 				0 new implications
c variableElimination eliminated 	0 variables!
c selfSubsumption removed 		0 literals
c deduce added				0 new implications
c subsumption removed 			0 clauses 
c subsumption removed 			4 clauses 
c ================Preprocessing Finished=======================
c clauses: 596, variables: 560


c =================Computation Finished========================
c =======================Thread 0==============================
c decisions         : 121
c bcps              : 867
c conflicts         : 0
c aborted components: 0
c blocks            : 1
c backtracks        : 242
c backtrack dist    : 1.9793
c recomputations    : 0
c splits            : 113
c split ratio       : 4.6991
c =======================Thread 1==============================
c decisions         : 98
c bcps              : 763
c conflicts         : 0
c aborted components: 0
c blocks            : 7
c backtracks        : 196
c backtrack dist    : 2.2857
c recomputations    : 0
c splits            : 97
c split ratio       : 2.9485
c =======================Thread 2==============================
c decisions         : 98
c bcps              : 726
c conflicts         : 0
c aborted components: 0
c blocks            : 9
c backtracks        : 196
c backtrack dist    : 2.0153
c recomputations    : 0
c splits            : 112
c split ratio       : 2.6875
c =======================Thread 3==============================
c decisions         : 74
c bcps              : 597
c conflicts         : 0
c aborted components: 0
c blocks            : 11
c backtracks        : 148
c backtrack dist    : 2.1959
c recomputations    : 0
c splits            : 79
c split ratio       : 2.6709
c ===================Cache Statistics==========================
c tries..................: 949
c hits...................: 558
c hit rate...............: 58.7987 % 
c removed items..........: 0
c ===================Overall Statistics========================
c TOTAL backtracks.......: 782
c TOTAL backtrack dist...: 2.1061
c TOTAL recomputations...: 0
c #decisions.............: 391
c #bcp operations........: 2953
c split ratio............: 0.0000
c cpu time...............: 0.0216 s
c wall clock time........: 0.0140 s
c =========================================================
c model count............: 536811991807283183467400293012571258305189514773949191947969364988357065305019689079230869777081931292862478670315193481009591969141103113699580604704194634104963072000000000000000000000
s SATISFIABLE
