c ======================================================
c countAntom, Jan Burchard, University of Freiburg, 2015
c   based on the antom SAT-solver, by Tobias Schubert   
c ======================================================
c cnf file...............: ../../501_Git_Repos/busybox-data/data//busybox//2009/2009-07-10_18-40-49/clean.dimacs
c #variables.............: 760
c #clauses...............: 641
c ======================= Settings ============================
c number of threads......: 4
c memory size............: 4000
c vsads factor...........: 0.5000
c enable IBCP............: no
c split into components..: yes
c only preprocessing.....: no
c Tseitin detection......: yes
c UPLA...................: yes
c self-subsumption.......: yes
c variable elimination...: yes
c simplfication rounds...: 4
c add dependencies.......: yes
c ==================Start Preprocessing========================
c deduce added 				8 new implications
c UPLA removed 12 equivalent variables
c Tseitin detection found 4 AND gates, 6 OR gates, 0 XOR gates, 0 EQUIV gates, 
c subsumption removed 			36 clauses 
c selfSubsumption removed 		2 literals
c
c simplify: round 0
c deduce added 				0 new implications
c variableElimination eliminated 	107 variables!
c selfSubsumption removed 		0 literals
c deduce added				0 new implications
c subsumption removed 			5 clauses 
c
c simplify: round 1
c deduce added 				0 new implications
c variableElimination eliminated 	0 variables!
c selfSubsumption removed 		0 literals
c deduce added				0 new implications
c subsumption removed 			0 clauses 
c
c simplify: round 2
c deduce added 				0 new implications
c variableElimination eliminated 	0 variables!
c selfSubsumption removed 		0 literals
c deduce added				0 new implications
c subsumption removed 			0 clauses 
c
c simplify: round 3
c deduce added 				0 new implications
c variableElimination eliminated 	0 variables!
c selfSubsumption removed 		0 literals
c deduce added				0 new implications
c subsumption removed 			0 clauses 
c subsumption removed 			4 clauses 
c ================Preprocessing Finished=======================
c clauses: 588, variables: 555


c =================Computation Finished========================
c =======================Thread 0==============================
c decisions         : 102
c bcps              : 727
c conflicts         : 0
c aborted components: 0
c blocks            : 1
c backtracks        : 204
c backtrack dist    : 1.9706
c recomputations    : 0
c splits            : 78
c split ratio       : 6.0000
c =======================Thread 1==============================
c decisions         : 95
c bcps              : 820
c conflicts         : 0
c aborted components: 0
c blocks            : 11
c backtracks        : 190
c backtrack dist    : 2.5474
c recomputations    : 0
c splits            : 76
c split ratio       : 2.9342
c =======================Thread 2==============================
c decisions         : 67
c bcps              : 503
c conflicts         : 0
c aborted components: 0
c blocks            : 2
c backtracks        : 134
c backtrack dist    : 1.9254
c recomputations    : 0
c splits            : 94
c split ratio       : 2.7234
c =======================Thread 3==============================
c decisions         : 80
c bcps              : 599
c conflicts         : 0
c aborted components: 0
c blocks            : 6
c backtracks        : 160
c backtrack dist    : 2.3000
c recomputations    : 0
c splits            : 74
c split ratio       : 3.5946
c ===================Cache Statistics==========================
c tries..................: 848
c hits...................: 504
c hit rate...............: 59.4340 % 
c removed items..........: 0
c ===================Overall Statistics========================
c TOTAL backtracks.......: 688
c TOTAL backtrack dist...: 2.1977
c TOTAL recomputations...: 0
c #decisions.............: 344
c #bcp operations........: 2649
c split ratio............: 0.0000
c cpu time...............: 0.0177 s
c wall clock time........: 0.0128 s
c =========================================================
c model count............: 93472312575871997658097702511114517494246335776157727220904154324709601691304163526040261042779586781996449736795644747655911061107536548769106609740634357800349204480000000000000000000
s SATISFIABLE
