c ======================================================
c countAntom, Jan Burchard, University of Freiburg, 2015
c   based on the antom SAT-solver, by Tobias Schubert   
c ======================================================
c cnf file...............: ../../501_Git_Repos/busybox-data/data//busybox//2009/2009-11-03_14-12-04/clean.dimacs
c #variables.............: 777
c #clauses...............: 658
c ======================= Settings ============================
c number of threads......: 4
c memory size............: 4000
c vsads factor...........: 0.5000
c enable IBCP............: no
c split into components..: yes
c only preprocessing.....: no
c Tseitin detection......: yes
c UPLA...................: yes
c self-subsumption.......: yes
c variable elimination...: yes
c simplfication rounds...: 4
c add dependencies.......: yes
c ==================Start Preprocessing========================
c deduce added 				8 new implications
c UPLA removed 15 equivalent variables
c Tseitin detection found 4 AND gates, 6 OR gates, 0 XOR gates, 0 EQUIV gates, 
c subsumption removed 			37 clauses 
c selfSubsumption removed 		2 literals
c
c simplify: round 0
c deduce added 				0 new implications
c variableElimination eliminated 	107 variables!
c selfSubsumption removed 		0 literals
c deduce added				0 new implications
c subsumption removed 			6 clauses 
c
c simplify: round 1
c deduce added 				0 new implications
c variableElimination eliminated 	1 variables!
c selfSubsumption removed 		0 literals
c deduce added				0 new implications
c subsumption removed 			0 clauses 
c
c simplify: round 2
c deduce added 				0 new implications
c variableElimination eliminated 	0 variables!
c selfSubsumption removed 		0 literals
c deduce added				0 new implications
c subsumption removed 			0 clauses 
c
c simplify: round 3
c deduce added 				0 new implications
c variableElimination eliminated 	0 variables!
c selfSubsumption removed 		0 literals
c deduce added				0 new implications
c subsumption removed 			0 clauses 
c subsumption removed 			4 clauses 
c ================Preprocessing Finished=======================
c clauses: 604, variables: 566


c =================Computation Finished========================
c =======================Thread 0==============================
c decisions         : 105
c bcps              : 746
c conflicts         : 0
c aborted components: 0
c blocks            : 1
c backtracks        : 210
c backtrack dist    : 1.9810
c recomputations    : 0
c splits            : 76
c split ratio       : 6.0921
c =======================Thread 1==============================
c decisions         : 82
c bcps              : 596
c conflicts         : 0
c aborted components: 0
c blocks            : 4
c backtracks        : 164
c backtrack dist    : 2.0000
c recomputations    : 0
c splits            : 102
c split ratio       : 2.8039
c =======================Thread 2==============================
c decisions         : 75
c bcps              : 608
c conflicts         : 0
c aborted components: 0
c blocks            : 9
c backtracks        : 150
c backtrack dist    : 2.3667
c recomputations    : 0
c splits            : 76
c split ratio       : 2.8553
c =======================Thread 3==============================
c decisions         : 96
c bcps              : 725
c conflicts         : 0
c aborted components: 0
c blocks            : 7
c backtracks        : 192
c backtrack dist    : 2.2604
c recomputations    : 0
c splits            : 66
c split ratio       : 3.8182
c ===================Cache Statistics==========================
c tries..................: 823
c hits...................: 465
c hit rate...............: 56.5006 % 
c removed items..........: 0
c ===================Overall Statistics========================
c TOTAL backtracks.......: 716
c TOTAL backtrack dist...: 2.1411
c TOTAL recomputations...: 0
c #decisions.............: 358
c #bcp operations........: 2675
c split ratio............: 0.0000
c cpu time...............: 0.0352 s
c wall clock time........: 0.0245 s
c =========================================================
c model count............: 267534273111617220067935876430648020508627050442126424951757137337934241354604005458124558502344788059818670580574529716183775004307835842740104662178208991370817830912000000000000000000000
s SATISFIABLE
