c ======================================================
c countAntom, Jan Burchard, University of Freiburg, 2015
c   based on the antom SAT-solver, by Tobias Schubert   
c ======================================================
c cnf file...............: ../../501_Git_Repos/busybox-data/data//busybox//2009/2009-08-13_01-26-17/clean.dimacs
c #variables.............: 764
c #clauses...............: 648
c ======================= Settings ============================
c number of threads......: 4
c memory size............: 4000
c vsads factor...........: 0.5000
c enable IBCP............: no
c split into components..: yes
c only preprocessing.....: no
c Tseitin detection......: yes
c UPLA...................: yes
c self-subsumption.......: yes
c variable elimination...: yes
c simplfication rounds...: 4
c add dependencies.......: yes
c ==================Start Preprocessing========================
c deduce added 				8 new implications
c UPLA removed 13 equivalent variables
c Tseitin detection found 4 AND gates, 6 OR gates, 0 XOR gates, 0 EQUIV gates, 
c subsumption removed 			35 clauses 
c selfSubsumption removed 		2 literals
c
c simplify: round 0
c deduce added 				0 new implications
c variableElimination eliminated 	105 variables!
c selfSubsumption removed 		0 literals
c deduce added				0 new implications
c subsumption removed 			5 clauses 
c
c simplify: round 1
c deduce added 				0 new implications
c variableElimination eliminated 	1 variables!
c selfSubsumption removed 		0 literals
c deduce added				0 new implications
c subsumption removed 			0 clauses 
c
c simplify: round 2
c deduce added 				0 new implications
c variableElimination eliminated 	0 variables!
c selfSubsumption removed 		0 literals
c deduce added				0 new implications
c subsumption removed 			0 clauses 
c
c simplify: round 3
c deduce added 				0 new implications
c variableElimination eliminated 	0 variables!
c selfSubsumption removed 		0 literals
c deduce added				0 new implications
c subsumption removed 			0 clauses 
c subsumption removed 			3 clauses 
c ================Preprocessing Finished=======================
c clauses: 601, variables: 560


c =================Computation Finished========================
c =======================Thread 0==============================
c decisions         : 117
c bcps              : 887
c conflicts         : 0
c aborted components: 0
c blocks            : 1
c backtracks        : 234
c backtrack dist    : 1.9915
c recomputations    : 0
c splits            : 102
c split ratio       : 5.0000
c =======================Thread 1==============================
c decisions         : 94
c bcps              : 760
c conflicts         : 0
c aborted components: 0
c blocks            : 5
c backtracks        : 188
c backtrack dist    : 2.2926
c recomputations    : 0
c splits            : 87
c split ratio       : 3.7126
c =======================Thread 2==============================
c decisions         : 80
c bcps              : 624
c conflicts         : 0
c aborted components: 0
c blocks            : 7
c backtracks        : 160
c backtrack dist    : 2.0875
c recomputations    : 0
c splits            : 69
c split ratio       : 3.1449
c =======================Thread 3==============================
c decisions         : 74
c bcps              : 600
c conflicts         : 0
c aborted components: 0
c blocks            : 3
c backtracks        : 148
c backtrack dist    : 1.9392
c recomputations    : 0
c splits            : 115
c split ratio       : 2.7130
c ===================Cache Statistics==========================
c tries..................: 1006
c hits...................: 641
c hit rate...............: 63.7177 % 
c removed items..........: 0
c ===================Overall Statistics========================
c TOTAL backtracks.......: 730
c TOTAL backtrack dist...: 2.0795
c TOTAL recomputations...: 0
c #decisions.............: 365
c #bcp operations........: 2871
c split ratio............: 0.0000
c cpu time...............: 0.0185 s
c wall clock time........: 0.0130 s
c =========================================================
c model count............: 234885321550193808548054793681280037517758189128231402165931831099463560951086493396621789991520868846511697147875653682898230114896515811984224083755460048596238336000000000000000000000
s SATISFIABLE
