c ======================================================
c countAntom, Jan Burchard, University of Freiburg, 2015
c   based on the antom SAT-solver, by Tobias Schubert   
c ======================================================
c cnf file...............: ../../501_Git_Repos/busybox-data/data//busybox//2009/2009-05-23_17-00-13/clean.dimacs
c #variables.............: 752
c #clauses...............: 629
c ======================= Settings ============================
c number of threads......: 4
c memory size............: 4000
c vsads factor...........: 0.5000
c enable IBCP............: no
c split into components..: yes
c only preprocessing.....: no
c Tseitin detection......: yes
c UPLA...................: yes
c self-subsumption.......: yes
c variable elimination...: yes
c simplfication rounds...: 4
c add dependencies.......: yes
c ==================Start Preprocessing========================
c deduce added 				8 new implications
c UPLA removed 12 equivalent variables
c Tseitin detection found 4 AND gates, 6 OR gates, 0 XOR gates, 0 EQUIV gates, 
c subsumption removed 			30 clauses 
c selfSubsumption removed 		2 literals
c
c simplify: round 0
c deduce added 				0 new implications
c variableElimination eliminated 	101 variables!
c selfSubsumption removed 		0 literals
c deduce added				0 new implications
c subsumption removed 			5 clauses 
c
c simplify: round 1
c deduce added 				0 new implications
c variableElimination eliminated 	0 variables!
c selfSubsumption removed 		0 literals
c deduce added				0 new implications
c subsumption removed 			0 clauses 
c
c simplify: round 2
c deduce added 				0 new implications
c variableElimination eliminated 	0 variables!
c selfSubsumption removed 		0 literals
c deduce added				0 new implications
c subsumption removed 			0 clauses 
c
c simplify: round 3
c deduce added 				0 new implications
c variableElimination eliminated 	0 variables!
c selfSubsumption removed 		0 literals
c deduce added				0 new implications
c subsumption removed 			0 clauses 
c subsumption removed 			3 clauses 
c ================Preprocessing Finished=======================
c clauses: 582, variables: 550


c =================Computation Finished========================
c =======================Thread 0==============================
c decisions         : 125
c bcps              : 880
c conflicts         : 0
c aborted components: 0
c blocks            : 2
c backtracks        : 250
c backtrack dist    : 1.9960
c recomputations    : 0
c splits            : 131
c split ratio       : 4.4656
c =======================Thread 1==============================
c decisions         : 96
c bcps              : 805
c conflicts         : 0
c aborted components: 0
c blocks            : 20
c backtracks        : 192
c backtrack dist    : 2.2656
c recomputations    : 0
c splits            : 74
c split ratio       : 3.9189
c =======================Thread 2==============================
c decisions         : 82
c bcps              : 621
c conflicts         : 0
c aborted components: 0
c blocks            : 4
c backtracks        : 164
c backtrack dist    : 1.9878
c recomputations    : 0
c splits            : 124
c split ratio       : 2.8468
c =======================Thread 3==============================
c decisions         : 62
c bcps              : 623
c conflicts         : 0
c aborted components: 0
c blocks            : 23
c backtracks        : 124
c backtrack dist    : 2.6532
c recomputations    : 0
c splits            : 45
c split ratio       : 3.4667
c ===================Cache Statistics==========================
c tries..................: 1029
c hits...................: 664
c hit rate...............: 64.5287 % 
c removed items..........: 0
c ===================Overall Statistics========================
c TOTAL backtracks.......: 730
c TOTAL backtrack dist...: 2.1767
c TOTAL recomputations...: 0
c #decisions.............: 365
c #bcp operations........: 2929
c split ratio............: 0.0000
c cpu time...............: 0.0194 s
c wall clock time........: 0.0132 s
c =========================================================
c model count............: 1413983623553049009648456262079605409915340388040254763723491549839126632204976082066516444643312483594992427151583765510937243836901334130905075577103327215201812480000000000000000000
s SATISFIABLE
