c ======================================================
c countAntom, Jan Burchard, University of Freiburg, 2015
c   based on the antom SAT-solver, by Tobias Schubert   
c ======================================================
c cnf file...............: ../../501_Git_Repos/busybox-data/data//busybox//2009/2009-06-17_20-33-50/clean.dimacs
c #variables.............: 756
c #clauses...............: 637
c ======================= Settings ============================
c number of threads......: 4
c memory size............: 4000
c vsads factor...........: 0.5000
c enable IBCP............: no
c split into components..: yes
c only preprocessing.....: no
c Tseitin detection......: yes
c UPLA...................: yes
c self-subsumption.......: yes
c variable elimination...: yes
c simplfication rounds...: 4
c add dependencies.......: yes
c ==================Start Preprocessing========================
c deduce added 				8 new implications
c UPLA removed 12 equivalent variables
c Tseitin detection found 4 AND gates, 6 OR gates, 0 XOR gates, 0 EQUIV gates, 
c subsumption removed 			33 clauses 
c selfSubsumption removed 		2 literals
c
c simplify: round 0
c deduce added 				0 new implications
c variableElimination eliminated 	106 variables!
c selfSubsumption removed 		0 literals
c deduce added				0 new implications
c subsumption removed 			5 clauses 
c
c simplify: round 1
c deduce added 				0 new implications
c variableElimination eliminated 	0 variables!
c selfSubsumption removed 		0 literals
c deduce added				0 new implications
c subsumption removed 			0 clauses 
c
c simplify: round 2
c deduce added 				0 new implications
c variableElimination eliminated 	0 variables!
c selfSubsumption removed 		0 literals
c deduce added				0 new implications
c subsumption removed 			0 clauses 
c
c simplify: round 3
c deduce added 				0 new implications
c variableElimination eliminated 	0 variables!
c selfSubsumption removed 		0 literals
c deduce added				0 new implications
c subsumption removed 			0 clauses 
c subsumption removed 			3 clauses 
c ================Preprocessing Finished=======================
c clauses: 588, variables: 552


c =================Computation Finished========================
c =======================Thread 0==============================
c decisions         : 122
c bcps              : 912
c conflicts         : 0
c aborted components: 0
c blocks            : 1
c backtracks        : 244
c backtrack dist    : 1.9795
c recomputations    : 0
c splits            : 111
c split ratio       : 4.9550
c =======================Thread 1==============================
c decisions         : 79
c bcps              : 631
c conflicts         : 0
c aborted components: 0
c blocks            : 6
c backtracks        : 158
c backtrack dist    : 2.1709
c recomputations    : 0
c splits            : 68
c split ratio       : 3.5441
c =======================Thread 2==============================
c decisions         : 67
c bcps              : 526
c conflicts         : 0
c aborted components: 0
c blocks            : 2
c backtracks        : 134
c backtrack dist    : 1.9552
c recomputations    : 0
c splits            : 90
c split ratio       : 2.8778
c =======================Thread 3==============================
c decisions         : 79
c bcps              : 644
c conflicts         : 0
c aborted components: 0
c blocks            : 4
c backtracks        : 158
c backtrack dist    : 2.2785
c recomputations    : 0
c splits            : 69
c split ratio       : 3.5072
c ===================Cache Statistics==========================
c tries..................: 937
c hits...................: 590
c hit rate...............: 62.9669 % 
c removed items..........: 0
c ===================Overall Statistics========================
c TOTAL backtracks.......: 694
c TOTAL backtrack dist...: 2.0865
c TOTAL recomputations...: 0
c #decisions.............: 347
c #bcp operations........: 2713
c split ratio............: 0.0000
c cpu time...............: 0.0175 s
c wall clock time........: 0.0126 s
c =========================================================
c model count............: 8519873571105529574939833272550262958010657302414276971943622036148492622106908244973196757007685335369531477090370508856302022158215229404496642678532285274469171200000000000000000000
s SATISFIABLE
