c ======================================================
c countAntom, Jan Burchard, University of Freiburg, 2015
c   based on the antom SAT-solver, by Tobias Schubert   
c ======================================================
c cnf file...............: ../../501_Git_Repos/busybox-data/data//busybox//2009/2009-12-02_23-46-25/clean.dimacs
c #variables.............: 782
c #clauses...............: 667
c ======================= Settings ============================
c number of threads......: 4
c memory size............: 4000
c vsads factor...........: 0.5000
c enable IBCP............: no
c split into components..: yes
c only preprocessing.....: no
c Tseitin detection......: yes
c UPLA...................: yes
c self-subsumption.......: yes
c variable elimination...: yes
c simplfication rounds...: 4
c add dependencies.......: yes
c ==================Start Preprocessing========================
c deduce added 				8 new implications
c UPLA removed 15 equivalent variables
c Tseitin detection found 4 AND gates, 6 OR gates, 0 XOR gates, 0 EQUIV gates, 
c subsumption removed 			37 clauses 
c selfSubsumption removed 		3 literals
c
c simplify: round 0
c deduce added 				0 new implications
c variableElimination eliminated 	111 variables!
c selfSubsumption removed 		0 literals
c deduce added				0 new implications
c subsumption removed 			7 clauses 
c
c simplify: round 1
c deduce added 				0 new implications
c variableElimination eliminated 	1 variables!
c selfSubsumption removed 		0 literals
c deduce added				0 new implications
c subsumption removed 			0 clauses 
c
c simplify: round 2
c deduce added 				0 new implications
c variableElimination eliminated 	0 variables!
c selfSubsumption removed 		0 literals
c deduce added				0 new implications
c subsumption removed 			0 clauses 
c
c simplify: round 3
c deduce added 				0 new implications
c variableElimination eliminated 	0 variables!
c selfSubsumption removed 		0 literals
c deduce added				0 new implications
c subsumption removed 			0 clauses 
c subsumption removed 			4 clauses 
c ================Preprocessing Finished=======================
c clauses: 608, variables: 571


c =================Computation Finished========================
c =======================Thread 0==============================
c decisions         : 122
c bcps              : 887
c conflicts         : 0
c aborted components: 0
c blocks            : 1
c backtracks        : 244
c backtrack dist    : 1.9836
c recomputations    : 0
c splits            : 118
c split ratio       : 4.4153
c =======================Thread 1==============================
c decisions         : 73
c bcps              : 654
c conflicts         : 0
c aborted components: 0
c blocks            : 15
c backtracks        : 146
c backtrack dist    : 2.6644
c recomputations    : 0
c splits            : 54
c split ratio       : 3.6852
c =======================Thread 2==============================
c decisions         : 94
c bcps              : 681
c conflicts         : 0
c aborted components: 0
c blocks            : 3
c backtracks        : 188
c backtrack dist    : 1.9894
c recomputations    : 0
c splits            : 120
c split ratio       : 2.5583
c =======================Thread 3==============================
c decisions         : 83
c bcps              : 651
c conflicts         : 0
c aborted components: 0
c blocks            : 7
c backtracks        : 166
c backtrack dist    : 2.2169
c recomputations    : 0
c splits            : 90
c split ratio       : 3.0111
c ===================Cache Statistics==========================
c tries..................: 937
c hits...................: 565
c hit rate...............: 60.2988 % 
c removed items..........: 0
c ===================Overall Statistics========================
c TOTAL backtracks.......: 744
c TOTAL backtrack dist...: 2.1707
c TOTAL recomputations...: 0
c #decisions.............: 372
c #bcp operations........: 2873
c split ratio............: 0.0000
c cpu time...............: 0.0189 s
c wall clock time........: 0.0129 s
c =========================================================
c model count............: 1885151548496885149261450996088503457854223658725084276549774482535635952822543801764798608885659011397597476880704804964214629536284725338456161716577522814888747991040000000000000000000000
s SATISFIABLE
