c ======================================================
c countAntom, Jan Burchard, University of Freiburg, 2015
c   based on the antom SAT-solver, by Tobias Schubert   
c ======================================================
c cnf file...............: ../../501_Git_Repos/busybox-data/data//busybox//2009/2009-01-29_02-01-04/clean.dimacs
c #variables.............: 738
c #clauses...............: 599
c ======================= Settings ============================
c number of threads......: 4
c memory size............: 4000
c vsads factor...........: 0.5000
c enable IBCP............: no
c split into components..: yes
c only preprocessing.....: no
c Tseitin detection......: yes
c UPLA...................: yes
c self-subsumption.......: yes
c variable elimination...: yes
c simplfication rounds...: 4
c add dependencies.......: yes
c ==================Start Preprocessing========================
c deduce added 				10 new implications
c UPLA removed 12 equivalent variables
c Tseitin detection found 4 AND gates, 3 OR gates, 0 XOR gates, 0 EQUIV gates, 
c subsumption removed 			25 clauses 
c selfSubsumption removed 		2 literals
c
c simplify: round 0
c deduce added 				0 new implications
c variableElimination eliminated 	99 variables!
c selfSubsumption removed 		0 literals
c deduce added				0 new implications
c subsumption removed 			5 clauses 
c
c simplify: round 1
c deduce added 				0 new implications
c variableElimination eliminated 	0 variables!
c selfSubsumption removed 		0 literals
c deduce added				0 new implications
c subsumption removed 			0 clauses 
c
c simplify: round 2
c deduce added 				0 new implications
c variableElimination eliminated 	0 variables!
c selfSubsumption removed 		0 literals
c deduce added				0 new implications
c subsumption removed 			0 clauses 
c
c simplify: round 3
c deduce added 				0 new implications
c variableElimination eliminated 	0 variables!
c selfSubsumption removed 		0 literals
c deduce added				0 new implications
c subsumption removed 			0 clauses 
c subsumption removed 			4 clauses 
c ================Preprocessing Finished=======================
c clauses: 565, variables: 543


c =================Computation Finished========================
c =======================Thread 0==============================
c decisions         : 114
c bcps              : 827
c conflicts         : 0
c aborted components: 0
c blocks            : 1
c backtracks        : 228
c backtrack dist    : 1.9825
c recomputations    : 0
c splits            : 127
c split ratio       : 4.0394
c =======================Thread 1==============================
c decisions         : 98
c bcps              : 722
c conflicts         : 0
c aborted components: 0
c blocks            : 3
c backtracks        : 196
c backtrack dist    : 1.9694
c recomputations    : 0
c splits            : 117
c split ratio       : 2.8547
c =======================Thread 2==============================
c decisions         : 70
c bcps              : 522
c conflicts         : 0
c aborted components: 0
c blocks            : 13
c backtracks        : 140
c backtrack dist    : 2.2786
c recomputations    : 0
c splits            : 49
c split ratio       : 4.2041
c =======================Thread 3==============================
c decisions         : 68
c bcps              : 597
c conflicts         : 0
c aborted components: 0
c blocks            : 13
c backtracks        : 136
c backtrack dist    : 2.3235
c recomputations    : 0
c splits            : 61
c split ratio       : 2.7049
c ===================Cache Statistics==========================
c tries..................: 873
c hits...................: 523
c hit rate...............: 59.9084 % 
c removed items..........: 0
c ===================Overall Statistics========================
c TOTAL backtracks.......: 700
c TOTAL backtrack dist...: 2.1043
c TOTAL recomputations...: 0
c #decisions.............: 350
c #bcp operations........: 2668
c split ratio............: 0.0000
c cpu time...............: 0.0171 s
c wall clock time........: 0.0123 s
c =========================================================
c model count............: 976100909645298060145189728612081522230165619354438403237898214706173601483404533336135790357797626857030321798114034159336047747090978326699255654647039430492160000000000000000000
s SATISFIABLE
