c ======================================================
c countAntom, Jan Burchard, University of Freiburg, 2015
c   based on the antom SAT-solver, by Tobias Schubert   
c ======================================================
c cnf file...............: ../../501_Git_Repos/busybox-data/data//busybox//2009/2009-09-08_21-17-49/clean.dimacs
c #variables.............: 767
c #clauses...............: 650
c ======================= Settings ============================
c number of threads......: 4
c memory size............: 4000
c vsads factor...........: 0.5000
c enable IBCP............: no
c split into components..: yes
c only preprocessing.....: no
c Tseitin detection......: yes
c UPLA...................: yes
c self-subsumption.......: yes
c variable elimination...: yes
c simplfication rounds...: 4
c add dependencies.......: yes
c ==================Start Preprocessing========================
c deduce added 				8 new implications
c UPLA removed 15 equivalent variables
c Tseitin detection found 4 AND gates, 6 OR gates, 0 XOR gates, 0 EQUIV gates, 
c subsumption removed 			37 clauses 
c selfSubsumption removed 		2 literals
c
c simplify: round 0
c deduce added 				0 new implications
c variableElimination eliminated 	107 variables!
c selfSubsumption removed 		0 literals
c deduce added				0 new implications
c subsumption removed 			5 clauses 
c
c simplify: round 1
c deduce added 				0 new implications
c variableElimination eliminated 	1 variables!
c selfSubsumption removed 		0 literals
c deduce added				0 new implications
c subsumption removed 			0 clauses 
c
c simplify: round 2
c deduce added 				0 new implications
c variableElimination eliminated 	0 variables!
c selfSubsumption removed 		0 literals
c deduce added				0 new implications
c subsumption removed 			0 clauses 
c
c simplify: round 3
c deduce added 				0 new implications
c variableElimination eliminated 	0 variables!
c selfSubsumption removed 		0 literals
c deduce added				0 new implications
c subsumption removed 			0 clauses 
c subsumption removed 			4 clauses 
c ================Preprocessing Finished=======================
c clauses: 596, variables: 560


c =================Computation Finished========================
c =======================Thread 0==============================
c decisions         : 108
c bcps              : 801
c conflicts         : 0
c aborted components: 0
c blocks            : 1
c backtracks        : 216
c backtrack dist    : 1.9722
c recomputations    : 0
c splits            : 89
c split ratio       : 5.3371
c =======================Thread 1==============================
c decisions         : 103
c bcps              : 767
c conflicts         : 0
c aborted components: 0
c blocks            : 8
c backtracks        : 206
c backtrack dist    : 2.0146
c recomputations    : 0
c splits            : 129
c split ratio       : 2.7364
c =======================Thread 2==============================
c decisions         : 90
c bcps              : 737
c conflicts         : 0
c aborted components: 0
c blocks            : 10
c backtracks        : 180
c backtrack dist    : 2.2444
c recomputations    : 0
c splits            : 98
c split ratio       : 2.7449
c =======================Thread 3==============================
c decisions         : 88
c bcps              : 654
c conflicts         : 0
c aborted components: 0
c blocks            : 5
c backtracks        : 176
c backtrack dist    : 2.3352
c recomputations    : 0
c splits            : 72
c split ratio       : 3.4306
c ===================Cache Statistics==========================
c tries..................: 955
c hits...................: 566
c hit rate...............: 59.2670 % 
c removed items..........: 0
c ===================Overall Statistics========================
c TOTAL backtracks.......: 778
c TOTAL backtrack dist...: 2.1285
c TOTAL recomputations...: 0
c #decisions.............: 389
c #bcp operations........: 2959
c split ratio............: 0.0000
c cpu time...............: 0.0186 s
c wall clock time........: 0.0130 s
c =========================================================
c model count............: 536811991807283183467400293012571258305189514773949191947969364988357065305019689079230869777081931292862478670315193481009591969141103113699580604704194634104963072000000000000000000000
s SATISFIABLE
