c ======================================================
c countAntom, Jan Burchard, University of Freiburg, 2015
c   based on the antom SAT-solver, by Tobias Schubert   
c ======================================================
c cnf file...............: ../../501_Git_Repos/busybox-data/data//busybox//2009/2009-01-19_16-38-30/clean.dimacs
c #variables.............: 735
c #clauses...............: 597
c ======================= Settings ============================
c number of threads......: 4
c memory size............: 4000
c vsads factor...........: 0.5000
c enable IBCP............: no
c split into components..: yes
c only preprocessing.....: no
c Tseitin detection......: yes
c UPLA...................: yes
c self-subsumption.......: yes
c variable elimination...: yes
c simplfication rounds...: 4
c add dependencies.......: yes
c ==================Start Preprocessing========================
c deduce added 				9 new implications
c UPLA removed 12 equivalent variables
c Tseitin detection found 4 AND gates, 3 OR gates, 0 XOR gates, 0 EQUIV gates, 
c subsumption removed 			25 clauses 
c selfSubsumption removed 		2 literals
c
c simplify: round 0
c deduce added 				0 new implications
c variableElimination eliminated 	100 variables!
c selfSubsumption removed 		0 literals
c deduce added				0 new implications
c subsumption removed 			5 clauses 
c
c simplify: round 1
c deduce added 				0 new implications
c variableElimination eliminated 	0 variables!
c selfSubsumption removed 		0 literals
c deduce added				0 new implications
c subsumption removed 			0 clauses 
c
c simplify: round 2
c deduce added 				0 new implications
c variableElimination eliminated 	0 variables!
c selfSubsumption removed 		0 literals
c deduce added				0 new implications
c subsumption removed 			0 clauses 
c
c simplify: round 3
c deduce added 				0 new implications
c variableElimination eliminated 	0 variables!
c selfSubsumption removed 		0 literals
c deduce added				0 new implications
c subsumption removed 			0 clauses 
c subsumption removed 			4 clauses 
c ================Preprocessing Finished=======================
c clauses: 564, variables: 541


c =================Computation Finished========================
c =======================Thread 0==============================
c decisions         : 109
c bcps              : 734
c conflicts         : 0
c aborted components: 0
c blocks            : 1
c backtracks        : 218
c backtrack dist    : 1.9771
c recomputations    : 0
c splits            : 78
c split ratio       : 5.7179
c =======================Thread 1==============================
c decisions         : 88
c bcps              : 633
c conflicts         : 0
c aborted components: 0
c blocks            : 6
c backtracks        : 176
c backtrack dist    : 2.0341
c recomputations    : 0
c splits            : 68
c split ratio       : 3.7647
c =======================Thread 2==============================
c decisions         : 87
c bcps              : 654
c conflicts         : 0
c aborted components: 0
c blocks            : 3
c backtracks        : 174
c backtrack dist    : 1.9943
c recomputations    : 0
c splits            : 130
c split ratio       : 2.4385
c =======================Thread 3==============================
c decisions         : 66
c bcps              : 573
c conflicts         : 0
c aborted components: 0
c blocks            : 11
c backtracks        : 132
c backtrack dist    : 2.4545
c recomputations    : 0
c splits            : 51
c split ratio       : 3.0980
c ===================Cache Statistics==========================
c tries..................: 805
c hits...................: 455
c hit rate...............: 56.5217 % 
c removed items..........: 0
c ===================Overall Statistics========================
c TOTAL backtracks.......: 700
c TOTAL backtrack dist...: 2.0857
c TOTAL recomputations...: 0
c #decisions.............: 350
c #bcp operations........: 2594
c split ratio............: 0.0000
c cpu time...............: 0.0168 s
c wall clock time........: 0.0124 s
c =========================================================
c model count............: 325366969881766020048396576204027174076721873118146134412632738235391200494468177778711930119265875619010107266038011386445349249030326108899751884882346476830720000000000000000000
s SATISFIABLE
