c ======================================================
c countAntom, Jan Burchard, University of Freiburg, 2015
c   based on the antom SAT-solver, by Tobias Schubert   
c ======================================================
c cnf file...............: ../../501_Git_Repos/busybox-data/data//busybox//2009/2009-04-24_06-40-30/clean.dimacs
c #variables.............: 744
c #clauses...............: 619
c ======================= Settings ============================
c number of threads......: 4
c memory size............: 4000
c vsads factor...........: 0.5000
c enable IBCP............: no
c split into components..: yes
c only preprocessing.....: no
c Tseitin detection......: yes
c UPLA...................: yes
c self-subsumption.......: yes
c variable elimination...: yes
c simplfication rounds...: 4
c add dependencies.......: yes
c ==================Start Preprocessing========================
c deduce added 				8 new implications
c UPLA removed 12 equivalent variables
c Tseitin detection found 4 AND gates, 4 OR gates, 0 XOR gates, 0 EQUIV gates, 
c subsumption removed 			32 clauses 
c selfSubsumption removed 		3 literals
c
c simplify: round 0
c deduce added 				0 new implications
c variableElimination eliminated 	102 variables!
c selfSubsumption removed 		0 literals
c deduce added				0 new implications
c subsumption removed 			5 clauses 
c
c simplify: round 1
c deduce added 				0 new implications
c variableElimination eliminated 	0 variables!
c selfSubsumption removed 		0 literals
c deduce added				0 new implications
c subsumption removed 			0 clauses 
c
c simplify: round 2
c deduce added 				0 new implications
c variableElimination eliminated 	0 variables!
c selfSubsumption removed 		0 literals
c deduce added				0 new implications
c subsumption removed 			0 clauses 
c
c simplify: round 3
c deduce added 				0 new implications
c variableElimination eliminated 	0 variables!
c selfSubsumption removed 		0 literals
c deduce added				0 new implications
c subsumption removed 			0 clauses 
c subsumption removed 			3 clauses 
c ================Preprocessing Finished=======================
c clauses: 580, variables: 547


c =================Computation Finished========================
c =======================Thread 0==============================
c decisions         : 96
c bcps              : 722
c conflicts         : 0
c aborted components: 0
c blocks            : 1
c backtracks        : 192
c backtrack dist    : 1.9688
c recomputations    : 0
c splits            : 74
c split ratio       : 5.7568
c =======================Thread 1==============================
c decisions         : 76
c bcps              : 585
c conflicts         : 0
c aborted components: 0
c blocks            : 2
c backtracks        : 152
c backtrack dist    : 1.9276
c recomputations    : 0
c splits            : 106
c split ratio       : 2.6604
c =======================Thread 2==============================
c decisions         : 80
c bcps              : 604
c conflicts         : 0
c aborted components: 0
c blocks            : 6
c backtracks        : 160
c backtrack dist    : 2.1500
c recomputations    : 0
c splits            : 82
c split ratio       : 2.7317
c =======================Thread 3==============================
c decisions         : 76
c bcps              : 583
c conflicts         : 0
c aborted components: 0
c blocks            : 6
c backtracks        : 152
c backtrack dist    : 2.2763
c recomputations    : 0
c splits            : 49
c split ratio       : 4.6122
c ===================Cache Statistics==========================
c tries..................: 814
c hits...................: 486
c hit rate...............: 59.7052 % 
c removed items..........: 0
c ===================Overall Statistics========================
c TOTAL backtracks.......: 656
c TOTAL backtrack dist...: 2.0747
c TOTAL recomputations...: 0
c #decisions.............: 328
c #bcp operations........: 2494
c split ratio............: 0.0000
c cpu time...............: 0.0173 s
c wall clock time........: 0.0129 s
c =========================================================
c model count............: 30059186666642490270071999747228893833678078983023521031397592815918333981714533000658826772752819997969029383388783592104223957126021431724970358518106359668408320000000000000000000
s SATISFIABLE
