c ======================================================
c countAntom, Jan Burchard, University of Freiburg, 2015
c   based on the antom SAT-solver, by Tobias Schubert   
c ======================================================
c cnf file...............: ../../501_Git_Repos/busybox-data/data//busybox//2009/2009-09-13_17-38-15/clean.dimacs
c #variables.............: 768
c #clauses...............: 650
c ======================= Settings ============================
c number of threads......: 4
c memory size............: 4000
c vsads factor...........: 0.5000
c enable IBCP............: no
c split into components..: yes
c only preprocessing.....: no
c Tseitin detection......: yes
c UPLA...................: yes
c self-subsumption.......: yes
c variable elimination...: yes
c simplfication rounds...: 4
c add dependencies.......: yes
c ==================Start Preprocessing========================
c deduce added 				8 new implications
c UPLA removed 15 equivalent variables
c Tseitin detection found 4 AND gates, 6 OR gates, 0 XOR gates, 0 EQUIV gates, 
c subsumption removed 			35 clauses 
c selfSubsumption removed 		2 literals
c
c simplify: round 0
c deduce added 				0 new implications
c variableElimination eliminated 	106 variables!
c selfSubsumption removed 		0 literals
c deduce added				0 new implications
c subsumption removed 			5 clauses 
c
c simplify: round 1
c deduce added 				0 new implications
c variableElimination eliminated 	1 variables!
c selfSubsumption removed 		0 literals
c deduce added				0 new implications
c subsumption removed 			0 clauses 
c
c simplify: round 2
c deduce added 				0 new implications
c variableElimination eliminated 	0 variables!
c selfSubsumption removed 		0 literals
c deduce added				0 new implications
c subsumption removed 			0 clauses 
c
c simplify: round 3
c deduce added 				0 new implications
c variableElimination eliminated 	0 variables!
c selfSubsumption removed 		0 literals
c deduce added				0 new implications
c subsumption removed 			0 clauses 
c subsumption removed 			3 clauses 
c ================Preprocessing Finished=======================
c clauses: 599, variables: 560


c =================Computation Finished========================
c =======================Thread 0==============================
c decisions         : 94
c bcps              : 716
c conflicts         : 0
c aborted components: 0
c blocks            : 1
c backtracks        : 188
c backtrack dist    : 2.0213
c recomputations    : 0
c splits            : 94
c split ratio       : 4.7766
c =======================Thread 1==============================
c decisions         : 102
c bcps              : 730
c conflicts         : 0
c aborted components: 0
c blocks            : 3
c backtracks        : 204
c backtrack dist    : 1.9706
c recomputations    : 0
c splits            : 100
c split ratio       : 3.4700
c =======================Thread 2==============================
c decisions         : 70
c bcps              : 624
c conflicts         : 0
c aborted components: 0
c blocks            : 9
c backtracks        : 140
c backtrack dist    : 2.3500
c recomputations    : 0
c splits            : 81
c split ratio       : 2.9136
c =======================Thread 3==============================
c decisions         : 89
c bcps              : 743
c conflicts         : 0
c aborted components: 0
c blocks            : 8
c backtracks        : 178
c backtrack dist    : 2.3876
c recomputations    : 0
c splits            : 79
c split ratio       : 3.6582
c ===================Cache Statistics==========================
c tries..................: 966
c hits...................: 611
c hit rate...............: 63.2505 % 
c removed items..........: 0
c ===================Overall Statistics========================
c TOTAL backtracks.......: 710
c TOTAL backtrack dist...: 2.1634
c TOTAL recomputations...: 0
c #decisions.............: 355
c #bcp operations........: 2813
c split ratio............: 0.0000
c cpu time...............: 0.0176 s
c wall clock time........: 0.0127 s
c =========================================================
c model count............: 1073623983614566366934800586025142516610379029547898383895938729976714130610039378158461739554163862585724957340630386962019183938282206227399161209408389268209926144000000000000000000000
s SATISFIABLE
