c ======================================================
c countAntom, Jan Burchard, University of Freiburg, 2015
c   based on the antom SAT-solver, by Tobias Schubert   
c ======================================================
c cnf file...............: ../../501_Git_Repos/busybox-data/data//busybox//2010/2010-01-11_02-14-04/clean.dimacs
c #variables.............: 786
c #clauses...............: 670
c ======================= Settings ============================
c number of threads......: 4
c memory size............: 4000
c vsads factor...........: 0.5000
c enable IBCP............: no
c split into components..: yes
c only preprocessing.....: no
c Tseitin detection......: yes
c UPLA...................: yes
c self-subsumption.......: yes
c variable elimination...: yes
c simplfication rounds...: 4
c add dependencies.......: yes
c ==================Start Preprocessing========================
c deduce added 				8 new implications
c UPLA removed 15 equivalent variables
c Tseitin detection found 4 AND gates, 6 OR gates, 0 XOR gates, 0 EQUIV gates, 
c subsumption removed 			37 clauses 
c selfSubsumption removed 		4 literals
c
c simplify: round 0
c deduce added 				0 new implications
c variableElimination eliminated 	110 variables!
c selfSubsumption removed 		0 literals
c deduce added				0 new implications
c subsumption removed 			7 clauses 
c
c simplify: round 1
c deduce added 				0 new implications
c variableElimination eliminated 	1 variables!
c selfSubsumption removed 		0 literals
c deduce added				0 new implications
c subsumption removed 			0 clauses 
c
c simplify: round 2
c deduce added 				0 new implications
c variableElimination eliminated 	0 variables!
c selfSubsumption removed 		0 literals
c deduce added				0 new implications
c subsumption removed 			0 clauses 
c
c simplify: round 3
c deduce added 				0 new implications
c variableElimination eliminated 	0 variables!
c selfSubsumption removed 		0 literals
c deduce added				0 new implications
c subsumption removed 			0 clauses 
c subsumption removed 			3 clauses 
c ================Preprocessing Finished=======================
c clauses: 614, variables: 574


c =================Computation Finished========================
c =======================Thread 0==============================
c decisions         : 139
c bcps              : 965
c conflicts         : 0
c aborted components: 0
c blocks            : 1
c backtracks        : 278
c backtrack dist    : 1.9712
c recomputations    : 0
c splits            : 136
c split ratio       : 4.1985
c =======================Thread 1==============================
c decisions         : 92
c bcps              : 705
c conflicts         : 0
c aborted components: 0
c blocks            : 7
c backtracks        : 184
c backtrack dist    : 2.0978
c recomputations    : 0
c splits            : 77
c split ratio       : 3.1169
c =======================Thread 2==============================
c decisions         : 62
c bcps              : 532
c conflicts         : 0
c aborted components: 0
c blocks            : 7
c backtracks        : 124
c backtrack dist    : 2.6048
c recomputations    : 0
c splits            : 55
c split ratio       : 2.7091
c =======================Thread 3==============================
c decisions         : 76
c bcps              : 555
c conflicts         : 0
c aborted components: 0
c blocks            : 2
c backtracks        : 152
c backtrack dist    : 2.0461
c recomputations    : 0
c splits            : 104
c split ratio       : 2.4904
c ===================Cache Statistics==========================
c tries..................: 854
c hits...................: 485
c hit rate...............: 56.7916 % 
c removed items..........: 0
c ===================Overall Statistics========================
c TOTAL backtracks.......: 738
c TOTAL backtrack dist...: 2.1247
c TOTAL recomputations...: 0
c #decisions.............: 369
c #bcp operations........: 2757
c split ratio............: 0.0000
c cpu time...............: 0.0196 s
c wall clock time........: 0.0137 s
c =========================================================
c model count............: 22621598525572542232852792603319620811784434164160082427480398038361414763692782641686306026656503948807306143630386713573180334306175430964401604968063136985627146321920000000000000000000000
s SATISFIABLE
