c ======================================================
c countAntom, Jan Burchard, University of Freiburg, 2015
c   based on the antom SAT-solver, by Tobias Schubert   
c ======================================================
c cnf file...............: ../../501_Git_Repos/busybox-data/data//busybox//2010/2010-03-14_23-59-54/clean.dimacs
c #variables.............: 793
c #clauses...............: 681
c ======================= Settings ============================
c number of threads......: 4
c memory size............: 4000
c vsads factor...........: 0.5000
c enable IBCP............: no
c split into components..: yes
c only preprocessing.....: no
c Tseitin detection......: yes
c UPLA...................: yes
c self-subsumption.......: yes
c variable elimination...: yes
c simplfication rounds...: 4
c add dependencies.......: yes
c ==================Start Preprocessing========================
c deduce added 				8 new implications
c UPLA removed 17 equivalent variables
c Tseitin detection found 4 AND gates, 6 OR gates, 0 XOR gates, 0 EQUIV gates, 
c subsumption removed 			36 clauses 
c selfSubsumption removed 		3 literals
c
c simplify: round 0
c deduce added 				0 new implications
c variableElimination eliminated 	111 variables!
c selfSubsumption removed 		0 literals
c deduce added				0 new implications
c subsumption removed 			7 clauses 
c
c simplify: round 1
c deduce added 				0 new implications
c variableElimination eliminated 	1 variables!
c selfSubsumption removed 		0 literals
c deduce added				0 new implications
c subsumption removed 			0 clauses 
c
c simplify: round 2
c deduce added 				0 new implications
c variableElimination eliminated 	0 variables!
c selfSubsumption removed 		0 literals
c deduce added				0 new implications
c subsumption removed 			0 clauses 
c
c simplify: round 3
c deduce added 				0 new implications
c variableElimination eliminated 	0 variables!
c selfSubsumption removed 		0 literals
c deduce added				0 new implications
c subsumption removed 			0 clauses 
c subsumption removed 			5 clauses 
c ================Preprocessing Finished=======================
c clauses: 618, variables: 583


c =================Computation Finished========================
c =======================Thread 0==============================
c decisions         : 97
c bcps              : 731
c conflicts         : 0
c aborted components: 0
c blocks            : 1
c backtracks        : 194
c backtrack dist    : 1.9794
c recomputations    : 0
c splits            : 97
c split ratio       : 5.0309
c =======================Thread 1==============================
c decisions         : 108
c bcps              : 780
c conflicts         : 0
c aborted components: 0
c blocks            : 3
c backtracks        : 216
c backtrack dist    : 2.0046
c recomputations    : 0
c splits            : 97
c split ratio       : 3.4536
c =======================Thread 2==============================
c decisions         : 84
c bcps              : 614
c conflicts         : 0
c aborted components: 0
c blocks            : 3
c backtracks        : 168
c backtrack dist    : 1.9940
c recomputations    : 0
c splits            : 100
c split ratio       : 2.8000
c =======================Thread 3==============================
c decisions         : 83
c bcps              : 699
c conflicts         : 0
c aborted components: 0
c blocks            : 13
c backtracks        : 166
c backtrack dist    : 2.4157
c recomputations    : 0
c splits            : 72
c split ratio       : 2.7778
c ===================Cache Statistics==========================
c tries..................: 926
c hits...................: 554
c hit rate...............: 59.8272 % 
c removed items..........: 0
c ===================Overall Statistics========================
c TOTAL backtracks.......: 744
c TOTAL backtrack dist...: 2.0874
c TOTAL recomputations...: 0
c #decisions.............: 372
c #bcp operations........: 2824
c split ratio............: 0.0000
c cpu time...............: 0.0176 s
c wall clock time........: 0.0128 s
c =========================================================
c model count............: 283553565716102585733432850183444307184996795461032475064978000217107167878637090443509320803223910468957685780790032500930112011535600754368873914125157791400881647779840000000000000000000000
s SATISFIABLE
