c ======================================================
c countAntom, Jan Burchard, University of Freiburg, 2015
c   based on the antom SAT-solver, by Tobias Schubert   
c ======================================================
c cnf file...............: ../../501_Git_Repos/busybox-data/data//busybox//2010/2010-02-13_02-59-30/clean.dimacs
c #variables.............: 791
c #clauses...............: 679
c ======================= Settings ============================
c number of threads......: 4
c memory size............: 4000
c vsads factor...........: 0.5000
c enable IBCP............: no
c split into components..: yes
c only preprocessing.....: no
c Tseitin detection......: yes
c UPLA...................: yes
c self-subsumption.......: yes
c variable elimination...: yes
c simplfication rounds...: 4
c add dependencies.......: yes
c ==================Start Preprocessing========================
c deduce added 				8 new implications
c UPLA removed 17 equivalent variables
c Tseitin detection found 4 AND gates, 6 OR gates, 0 XOR gates, 0 EQUIV gates, 
c subsumption removed 			39 clauses 
c selfSubsumption removed 		3 literals
c
c simplify: round 0
c deduce added 				0 new implications
c variableElimination eliminated 	111 variables!
c selfSubsumption removed 		0 literals
c deduce added				0 new implications
c subsumption removed 			7 clauses 
c
c simplify: round 1
c deduce added 				0 new implications
c variableElimination eliminated 	1 variables!
c selfSubsumption removed 		0 literals
c deduce added				0 new implications
c subsumption removed 			0 clauses 
c
c simplify: round 2
c deduce added 				0 new implications
c variableElimination eliminated 	0 variables!
c selfSubsumption removed 		0 literals
c deduce added				0 new implications
c subsumption removed 			0 clauses 
c
c simplify: round 3
c deduce added 				0 new implications
c variableElimination eliminated 	0 variables!
c selfSubsumption removed 		0 literals
c deduce added				0 new implications
c subsumption removed 			0 clauses 
c subsumption removed 			2 clauses 
c ================Preprocessing Finished=======================
c clauses: 616, variables: 580


c =================Computation Finished========================
c =======================Thread 0==============================
c decisions         : 104
c bcps              : 766
c conflicts         : 0
c aborted components: 0
c blocks            : 1
c backtracks        : 208
c backtrack dist    : 1.9760
c recomputations    : 0
c splits            : 95
c split ratio       : 5.0947
c =======================Thread 1==============================
c decisions         : 93
c bcps              : 707
c conflicts         : 0
c aborted components: 0
c blocks            : 7
c backtracks        : 186
c backtrack dist    : 2.2097
c recomputations    : 0
c splits            : 61
c split ratio       : 3.3934
c =======================Thread 2==============================
c decisions         : 87
c bcps              : 655
c conflicts         : 0
c aborted components: 0
c blocks            : 4
c backtracks        : 174
c backtrack dist    : 2.0057
c recomputations    : 0
c splits            : 107
c split ratio       : 2.8318
c =======================Thread 3==============================
c decisions         : 82
c bcps              : 628
c conflicts         : 0
c aborted components: 0
c blocks            : 3
c backtracks        : 164
c backtrack dist    : 1.9329
c recomputations    : 0
c splits            : 100
c split ratio       : 2.7200
c ===================Cache Statistics==========================
c tries..................: 898
c hits...................: 532
c hit rate...............: 59.2428 % 
c removed items..........: 0
c ===================Overall Statistics========================
c TOTAL backtracks.......: 732
c TOTAL backtrack dist...: 2.0328
c TOTAL recomputations...: 0
c #decisions.............: 366
c #bcp operations........: 2756
c split ratio............: 0.0000
c cpu time...............: 0.0178 s
c wall clock time........: 0.0128 s
c =========================================================
c model count............: 81015304490315024495266528623841230624284798703152135732850857204887762251039168698145520229492545848273624508797152143122889146153028786962535404035759368971680470794240000000000000000000000
s SATISFIABLE
