c ======================================================
c countAntom, Jan Burchard, University of Freiburg, 2015
c   based on the antom SAT-solver, by Tobias Schubert   
c ======================================================
c cnf file...............: ../../501_Git_Repos/busybox-data/data//busybox//2010/2010-01-08_18-07-33/clean.dimacs
c #variables.............: 786
c #clauses...............: 670
c ======================= Settings ============================
c number of threads......: 4
c memory size............: 4000
c vsads factor...........: 0.5000
c enable IBCP............: no
c split into components..: yes
c only preprocessing.....: no
c Tseitin detection......: yes
c UPLA...................: yes
c self-subsumption.......: yes
c variable elimination...: yes
c simplfication rounds...: 4
c add dependencies.......: yes
c ==================Start Preprocessing========================
c deduce added 				8 new implications
c UPLA removed 15 equivalent variables
c Tseitin detection found 4 AND gates, 6 OR gates, 0 XOR gates, 0 EQUIV gates, 
c subsumption removed 			37 clauses 
c selfSubsumption removed 		4 literals
c
c simplify: round 0
c deduce added 				0 new implications
c variableElimination eliminated 	110 variables!
c selfSubsumption removed 		0 literals
c deduce added				0 new implications
c subsumption removed 			7 clauses 
c
c simplify: round 1
c deduce added 				0 new implications
c variableElimination eliminated 	1 variables!
c selfSubsumption removed 		0 literals
c deduce added				0 new implications
c subsumption removed 			0 clauses 
c
c simplify: round 2
c deduce added 				0 new implications
c variableElimination eliminated 	0 variables!
c selfSubsumption removed 		0 literals
c deduce added				0 new implications
c subsumption removed 			0 clauses 
c
c simplify: round 3
c deduce added 				0 new implications
c variableElimination eliminated 	0 variables!
c selfSubsumption removed 		0 literals
c deduce added				0 new implications
c subsumption removed 			0 clauses 
c subsumption removed 			3 clauses 
c ================Preprocessing Finished=======================
c clauses: 614, variables: 574


c =================Computation Finished========================
c =======================Thread 0==============================
c decisions         : 99
c bcps              : 700
c conflicts         : 0
c aborted components: 0
c blocks            : 2
c backtracks        : 198
c backtrack dist    : 1.9848
c recomputations    : 0
c splits            : 81
c split ratio       : 5.7778
c =======================Thread 1==============================
c decisions         : 71
c bcps              : 504
c conflicts         : 0
c aborted components: 0
c blocks            : 3
c backtracks        : 142
c backtrack dist    : 1.9930
c recomputations    : 0
c splits            : 95
c split ratio       : 2.8737
c =======================Thread 2==============================
c decisions         : 91
c bcps              : 746
c conflicts         : 0
c aborted components: 0
c blocks            : 18
c backtracks        : 182
c backtrack dist    : 2.3462
c recomputations    : 0
c splits            : 76
c split ratio       : 2.8158
c =======================Thread 3==============================
c decisions         : 76
c bcps              : 594
c conflicts         : 0
c aborted components: 0
c blocks            : 11
c backtracks        : 152
c backtrack dist    : 2.2566
c recomputations    : 0
c splits            : 60
c split ratio       : 3.4333
c ===================Cache Statistics==========================
c tries..................: 800
c hits...................: 463
c hit rate...............: 57.8750 % 
c removed items..........: 0
c ===================Overall Statistics========================
c TOTAL backtracks.......: 674
c TOTAL backtrack dist...: 2.1454
c TOTAL recomputations...: 0
c #decisions.............: 337
c #bcp operations........: 2544
c split ratio............: 0.0000
c cpu time...............: 0.0171 s
c wall clock time........: 0.0126 s
c =========================================================
c model count............: 22621598525572542232852792603319620811784434164160082427480398038361414763692782641686306026656503948807306143630386713573180334306175430964401604968063136985627146321920000000000000000000000
s SATISFIABLE
