c ======================================================
c countAntom, Jan Burchard, University of Freiburg, 2015
c   based on the antom SAT-solver, by Tobias Schubert   
c ======================================================
c cnf file...............: ../../501_Git_Repos/busybox-data/data//busybox//2010/2010-04-03_17-34-52/clean.dimacs
c #variables.............: 800
c #clauses...............: 691
c ======================= Settings ============================
c number of threads......: 4
c memory size............: 4000
c vsads factor...........: 0.5000
c enable IBCP............: no
c split into components..: yes
c only preprocessing.....: no
c Tseitin detection......: yes
c UPLA...................: yes
c self-subsumption.......: yes
c variable elimination...: yes
c simplfication rounds...: 4
c add dependencies.......: yes
c ==================Start Preprocessing========================
c deduce added 				8 new implications
c UPLA removed 18 equivalent variables
c Tseitin detection found 4 AND gates, 6 OR gates, 0 XOR gates, 0 EQUIV gates, 
c subsumption removed 			36 clauses 
c selfSubsumption removed 		4 literals
c
c simplify: round 0
c deduce added 				0 new implications
c variableElimination eliminated 	112 variables!
c selfSubsumption removed 		0 literals
c deduce added				0 new implications
c subsumption removed 			7 clauses 
c
c simplify: round 1
c deduce added 				0 new implications
c variableElimination eliminated 	1 variables!
c selfSubsumption removed 		0 literals
c deduce added				0 new implications
c subsumption removed 			0 clauses 
c
c simplify: round 2
c deduce added 				0 new implications
c variableElimination eliminated 	0 variables!
c selfSubsumption removed 		0 literals
c deduce added				0 new implications
c subsumption removed 			0 clauses 
c
c simplify: round 3
c deduce added 				0 new implications
c variableElimination eliminated 	0 variables!
c selfSubsumption removed 		0 literals
c deduce added				0 new implications
c subsumption removed 			0 clauses 
c subsumption removed 			4 clauses 
c ================Preprocessing Finished=======================
c clauses: 634, variables: 588


c =================Computation Finished========================
c =======================Thread 0==============================
c decisions         : 98
c bcps              : 715
c conflicts         : 0
c aborted components: 0
c blocks            : 4
c backtracks        : 196
c backtrack dist    : 2.0204
c recomputations    : 0
c splits            : 92
c split ratio       : 3.2283
c =======================Thread 1==============================
c decisions         : 109
c bcps              : 786
c conflicts         : 0
c aborted components: 0
c blocks            : 1
c backtracks        : 218
c backtrack dist    : 1.9587
c recomputations    : 0
c splits            : 98
c split ratio       : 4.9082
c =======================Thread 2==============================
c decisions         : 91
c bcps              : 719
c conflicts         : 0
c aborted components: 0
c blocks            : 7
c backtracks        : 182
c backtrack dist    : 2.0604
c recomputations    : 0
c splits            : 91
c split ratio       : 2.9780
c =======================Thread 3==============================
c decisions         : 79
c bcps              : 634
c conflicts         : 0
c aborted components: 0
c blocks            : 4
c backtracks        : 158
c backtrack dist    : 2.1203
c recomputations    : 0
c splits            : 105
c split ratio       : 2.4857
c ===================Cache Statistics==========================
c tries..................: 943
c hits...................: 566
c hit rate...............: 60.0212 % 
c removed items..........: 0
c ===================Overall Statistics========================
c TOTAL backtracks.......: 754
c TOTAL backtrack dist...: 2.0332
c TOTAL recomputations...: 0
c #decisions.............: 377
c #bcp operations........: 2854
c split ratio............: 0.0000
c cpu time...............: 0.0183 s
c wall clock time........: 0.0130 s
c =========================================================
c model count............: 7305586919856270638649521489194447471828818643165629259002996740966883907297788581653386835888139502643246003964421874581531285077763343585487134707632505070437525356544000000000000000000000000
s SATISFIABLE
