c ======================================================
c countAntom, Jan Burchard, University of Freiburg, 2015
c   based on the antom SAT-solver, by Tobias Schubert   
c ======================================================
c cnf file...............: ../../501_Git_Repos/busybox-data/data//busybox//2010/2010-03-15_23-55-26/clean.dimacs
c #variables.............: 794
c #clauses...............: 682
c ======================= Settings ============================
c number of threads......: 4
c memory size............: 4000
c vsads factor...........: 0.5000
c enable IBCP............: no
c split into components..: yes
c only preprocessing.....: no
c Tseitin detection......: yes
c UPLA...................: yes
c self-subsumption.......: yes
c variable elimination...: yes
c simplfication rounds...: 4
c add dependencies.......: yes
c ==================Start Preprocessing========================
c deduce added 				8 new implications
c UPLA removed 17 equivalent variables
c Tseitin detection found 4 AND gates, 6 OR gates, 0 XOR gates, 0 EQUIV gates, 
c subsumption removed 			36 clauses 
c selfSubsumption removed 		4 literals
c
c simplify: round 0
c deduce added 				0 new implications
c variableElimination eliminated 	111 variables!
c selfSubsumption removed 		0 literals
c deduce added				0 new implications
c subsumption removed 			7 clauses 
c
c simplify: round 1
c deduce added 				0 new implications
c variableElimination eliminated 	1 variables!
c selfSubsumption removed 		0 literals
c deduce added				0 new implications
c subsumption removed 			0 clauses 
c
c simplify: round 2
c deduce added 				0 new implications
c variableElimination eliminated 	0 variables!
c selfSubsumption removed 		0 literals
c deduce added				0 new implications
c subsumption removed 			0 clauses 
c
c simplify: round 3
c deduce added 				0 new implications
c variableElimination eliminated 	0 variables!
c selfSubsumption removed 		0 literals
c deduce added				0 new implications
c subsumption removed 			0 clauses 
c subsumption removed 			4 clauses 
c ================Preprocessing Finished=======================
c clauses: 625, variables: 584


c =================Computation Finished========================
c =======================Thread 0==============================
c decisions         : 113
c bcps              : 815
c conflicts         : 0
c aborted components: 0
c blocks            : 1
c backtracks        : 226
c backtrack dist    : 1.9823
c recomputations    : 0
c splits            : 101
c split ratio       : 4.7129
c =======================Thread 1==============================
c decisions         : 84
c bcps              : 620
c conflicts         : 0
c aborted components: 0
c blocks            : 3
c backtracks        : 168
c backtrack dist    : 1.9762
c recomputations    : 0
c splits            : 113
c split ratio       : 2.2566
c =======================Thread 2==============================
c decisions         : 91
c bcps              : 694
c conflicts         : 0
c aborted components: 0
c blocks            : 2
c backtracks        : 182
c backtrack dist    : 2.2802
c recomputations    : 0
c splits            : 75
c split ratio       : 3.2933
c =======================Thread 3==============================
c decisions         : 81
c bcps              : 583
c conflicts         : 0
c aborted components: 0
c blocks            : 5
c backtracks        : 162
c backtrack dist    : 2.0679
c recomputations    : 0
c splits            : 70
c split ratio       : 3.3286
c ===================Cache Statistics==========================
c tries..................: 833
c hits...................: 464
c hit rate...............: 55.7023 % 
c removed items..........: 0
c ===================Overall Statistics========================
c TOTAL backtracks.......: 738
c TOTAL backtrack dist...: 2.0732
c TOTAL recomputations...: 0
c #decisions.............: 369
c #bcp operations........: 2712
c split ratio............: 0.0000
c cpu time...............: 0.0191 s
c wall clock time........: 0.0133 s
c =========================================================
c model count............: 475377826087162837622657678493325501240667483122424629236850795836042355753716727569418040094370001257793442744048211282141431470102073557084928668308220458068107014963200000000000000000000000
s SATISFIABLE
