c ======================================================
c countAntom, Jan Burchard, University of Freiburg, 2015
c   based on the antom SAT-solver, by Tobias Schubert   
c ======================================================
c cnf file...............: ../../501_Git_Repos/busybox-data/data//busybox//2010/2010-01-15_22-30-30/clean.dimacs
c #variables.............: 784
c #clauses...............: 668
c ======================= Settings ============================
c number of threads......: 4
c memory size............: 4000
c vsads factor...........: 0.5000
c enable IBCP............: no
c split into components..: yes
c only preprocessing.....: no
c Tseitin detection......: yes
c UPLA...................: yes
c self-subsumption.......: yes
c variable elimination...: yes
c simplfication rounds...: 4
c add dependencies.......: yes
c ==================Start Preprocessing========================
c deduce added 				8 new implications
c UPLA removed 15 equivalent variables
c Tseitin detection found 4 AND gates, 6 OR gates, 0 XOR gates, 0 EQUIV gates, 
c subsumption removed 			36 clauses 
c selfSubsumption removed 		3 literals
c
c simplify: round 0
c deduce added 				0 new implications
c variableElimination eliminated 	110 variables!
c selfSubsumption removed 		0 literals
c deduce added				0 new implications
c subsumption removed 			7 clauses 
c
c simplify: round 1
c deduce added 				0 new implications
c variableElimination eliminated 	1 variables!
c selfSubsumption removed 		0 literals
c deduce added				0 new implications
c subsumption removed 			0 clauses 
c
c simplify: round 2
c deduce added 				0 new implications
c variableElimination eliminated 	0 variables!
c selfSubsumption removed 		0 literals
c deduce added				0 new implications
c subsumption removed 			0 clauses 
c
c simplify: round 3
c deduce added 				0 new implications
c variableElimination eliminated 	0 variables!
c selfSubsumption removed 		0 literals
c deduce added				0 new implications
c subsumption removed 			0 clauses 
c subsumption removed 			5 clauses 
c ================Preprocessing Finished=======================
c clauses: 609, variables: 574


c =================Computation Finished========================
c =======================Thread 0==============================
c decisions         : 137
c bcps              : 943
c conflicts         : 0
c aborted components: 0
c blocks            : 1
c backtracks        : 274
c backtrack dist    : 1.9854
c recomputations    : 0
c splits            : 124
c split ratio       : 4.5806
c =======================Thread 1==============================
c decisions         : 69
c bcps              : 630
c conflicts         : 0
c aborted components: 0
c blocks            : 14
c backtracks        : 138
c backtrack dist    : 2.7029
c recomputations    : 0
c splits            : 74
c split ratio       : 2.4730
c =======================Thread 2==============================
c decisions         : 82
c bcps              : 594
c conflicts         : 0
c aborted components: 0
c blocks            : 3
c backtracks        : 164
c backtrack dist    : 1.9573
c recomputations    : 0
c splits            : 108
c split ratio       : 2.8981
c =======================Thread 3==============================
c decisions         : 96
c bcps              : 777
c conflicts         : 0
c aborted components: 0
c blocks            : 15
c backtracks        : 192
c backtrack dist    : 2.4740
c recomputations    : 0
c splits            : 83
c split ratio       : 2.9157
c ===================Cache Statistics==========================
c tries..................: 928
c hits...................: 544
c hit rate...............: 58.6207 % 
c removed items..........: 0
c ===================Overall Statistics========================
c TOTAL backtracks.......: 768
c TOTAL backtrack dist...: 2.2305
c TOTAL recomputations...: 0
c #decisions.............: 384
c #bcp operations........: 2944
c split ratio............: 0.0000
c cpu time...............: 0.0182 s
c wall clock time........: 0.0130 s
c =========================================================
c model count............: 6262115154232165731509963709588365687072683826015710970558511493426804084616682058055595779683899474513830412325752181970933484062657694920284771153648724816477458268160000000000000000000000
s SATISFIABLE
