c ======================================================
c countAntom, Jan Burchard, University of Freiburg, 2015
c   based on the antom SAT-solver, by Tobias Schubert   
c ======================================================
c cnf file...............: ../../501_Git_Repos/busybox-data/data//busybox//2010/2010-01-26_11-03-16/clean.dimacs
c #variables.............: 787
c #clauses...............: 673
c ======================= Settings ============================
c number of threads......: 4
c memory size............: 4000
c vsads factor...........: 0.5000
c enable IBCP............: no
c split into components..: yes
c only preprocessing.....: no
c Tseitin detection......: yes
c UPLA...................: yes
c self-subsumption.......: yes
c variable elimination...: yes
c simplfication rounds...: 4
c add dependencies.......: yes
c ==================Start Preprocessing========================
c deduce added 				8 new implications
c UPLA removed 15 equivalent variables
c Tseitin detection found 4 AND gates, 6 OR gates, 0 XOR gates, 0 EQUIV gates, 
c subsumption removed 			35 clauses 
c selfSubsumption removed 		4 literals
c
c simplify: round 0
c deduce added 				0 new implications
c variableElimination eliminated 	110 variables!
c selfSubsumption removed 		0 literals
c deduce added				0 new implications
c subsumption removed 			7 clauses 
c
c simplify: round 1
c deduce added 				0 new implications
c variableElimination eliminated 	1 variables!
c selfSubsumption removed 		0 literals
c deduce added				0 new implications
c subsumption removed 			0 clauses 
c
c simplify: round 2
c deduce added 				0 new implications
c variableElimination eliminated 	0 variables!
c selfSubsumption removed 		0 literals
c deduce added				0 new implications
c subsumption removed 			0 clauses 
c
c simplify: round 3
c deduce added 				0 new implications
c variableElimination eliminated 	0 variables!
c selfSubsumption removed 		0 literals
c deduce added				0 new implications
c subsumption removed 			0 clauses 
c subsumption removed 			2 clauses 
c ================Preprocessing Finished=======================
c clauses: 620, variables: 578


c =================Computation Finished========================
c =======================Thread 0==============================
c decisions         : 100
c bcps              : 753
c conflicts         : 0
c aborted components: 0
c blocks            : 8
c backtracks        : 200
c backtrack dist    : 2.1950
c recomputations    : 0
c splits            : 86
c split ratio       : 3.2442
c =======================Thread 1==============================
c decisions         : 91
c bcps              : 684
c conflicts         : 0
c aborted components: 0
c blocks            : 3
c backtracks        : 182
c backtrack dist    : 2.0000
c recomputations    : 0
c splits            : 115
c split ratio       : 2.8783
c =======================Thread 2==============================
c decisions         : 89
c bcps              : 666
c conflicts         : 0
c aborted components: 0
c blocks            : 1
c backtracks        : 178
c backtrack dist    : 1.9663
c recomputations    : 0
c splits            : 78
c split ratio       : 5.6667
c =======================Thread 3==============================
c decisions         : 77
c bcps              : 624
c conflicts         : 0
c aborted components: 0
c blocks            : 9
c backtracks        : 154
c backtrack dist    : 2.1688
c recomputations    : 0
c splits            : 64
c split ratio       : 3.4844
c ===================Cache Statistics==========================
c tries..................: 905
c hits...................: 548
c hit rate...............: 60.5525 % 
c removed items..........: 0
c ===================Overall Statistics========================
c TOTAL backtracks.......: 714
c TOTAL backtrack dist...: 2.0826
c TOTAL recomputations...: 0
c #decisions.............: 357
c #bcp operations........: 2727
c split ratio............: 0.0000
c cpu time...............: 0.0183 s
c wall clock time........: 0.0131 s
c =========================================================
c model count............: 28934037317969651605452331651371868080101713822554334190303877573174200803942560249337685796247337802954865895998982908258174695054653138200905501441342631775600168140800000000000000000000000
s SATISFIABLE
