c ======================================================
c countAntom, Jan Burchard, University of Freiburg, 2015
c   based on the antom SAT-solver, by Tobias Schubert   
c ======================================================
c cnf file...............: ../../501_Git_Repos/busybox-data/data//busybox//2010/2010-01-10_04-52-45/clean.dimacs
c #variables.............: 786
c #clauses...............: 670
c ======================= Settings ============================
c number of threads......: 4
c memory size............: 4000
c vsads factor...........: 0.5000
c enable IBCP............: no
c split into components..: yes
c only preprocessing.....: no
c Tseitin detection......: yes
c UPLA...................: yes
c self-subsumption.......: yes
c variable elimination...: yes
c simplfication rounds...: 4
c add dependencies.......: yes
c ==================Start Preprocessing========================
c deduce added 				8 new implications
c UPLA removed 15 equivalent variables
c Tseitin detection found 4 AND gates, 6 OR gates, 0 XOR gates, 0 EQUIV gates, 
c subsumption removed 			37 clauses 
c selfSubsumption removed 		4 literals
c
c simplify: round 0
c deduce added 				0 new implications
c variableElimination eliminated 	110 variables!
c selfSubsumption removed 		0 literals
c deduce added				0 new implications
c subsumption removed 			7 clauses 
c
c simplify: round 1
c deduce added 				0 new implications
c variableElimination eliminated 	1 variables!
c selfSubsumption removed 		0 literals
c deduce added				0 new implications
c subsumption removed 			0 clauses 
c
c simplify: round 2
c deduce added 				0 new implications
c variableElimination eliminated 	0 variables!
c selfSubsumption removed 		0 literals
c deduce added				0 new implications
c subsumption removed 			0 clauses 
c
c simplify: round 3
c deduce added 				0 new implications
c variableElimination eliminated 	0 variables!
c selfSubsumption removed 		0 literals
c deduce added				0 new implications
c subsumption removed 			0 clauses 
c subsumption removed 			3 clauses 
c ================Preprocessing Finished=======================
c clauses: 614, variables: 574


c =================Computation Finished========================
c =======================Thread 0==============================
c decisions         : 109
c bcps              : 764
c conflicts         : 0
c aborted components: 0
c blocks            : 1
c backtracks        : 218
c backtrack dist    : 1.9771
c recomputations    : 0
c splits            : 78
c split ratio       : 6.0256
c =======================Thread 1==============================
c decisions         : 80
c bcps              : 595
c conflicts         : 0
c aborted components: 0
c blocks            : 7
c backtracks        : 160
c backtrack dist    : 2.0812
c recomputations    : 0
c splits            : 86
c split ratio       : 2.6047
c =======================Thread 2==============================
c decisions         : 62
c bcps              : 481
c conflicts         : 0
c aborted components: 0
c blocks            : 6
c backtracks        : 124
c backtrack dist    : 2.0403
c recomputations    : 0
c splits            : 79
c split ratio       : 2.5443
c =======================Thread 3==============================
c decisions         : 110
c bcps              : 830
c conflicts         : 0
c aborted components: 0
c blocks            : 5
c backtracks        : 220
c backtrack dist    : 2.0864
c recomputations    : 0
c splits            : 110
c split ratio       : 2.8364
c ===================Cache Statistics==========================
c tries..................: 839
c hits...................: 478
c hit rate...............: 56.9726 % 
c removed items..........: 0
c ===================Overall Statistics========================
c TOTAL backtracks.......: 722
c TOTAL backtrack dist...: 2.0443
c TOTAL recomputations...: 0
c #decisions.............: 361
c #bcp operations........: 2670
c split ratio............: 0.0000
c cpu time...............: 0.0179 s
c wall clock time........: 0.0133 s
c =========================================================
c model count............: 22621598525572542232852792603319620811784434164160082427480398038361414763692782641686306026656503948807306143630386713573180334306175430964401604968063136985627146321920000000000000000000000
s SATISFIABLE
