c ======================================================
c countAntom, Jan Burchard, University of Freiburg, 2015
c   based on the antom SAT-solver, by Tobias Schubert   
c ======================================================
c cnf file...............: ../../501_Git_Repos/busybox-data/data//busybox//2010/2010-03-20_18-06-23/clean.dimacs
c #variables.............: 797
c #clauses...............: 687
c ======================= Settings ============================
c number of threads......: 4
c memory size............: 4000
c vsads factor...........: 0.5000
c enable IBCP............: no
c split into components..: yes
c only preprocessing.....: no
c Tseitin detection......: yes
c UPLA...................: yes
c self-subsumption.......: yes
c variable elimination...: yes
c simplfication rounds...: 4
c add dependencies.......: yes
c ==================Start Preprocessing========================
c deduce added 				8 new implications
c UPLA removed 17 equivalent variables
c Tseitin detection found 4 AND gates, 6 OR gates, 0 XOR gates, 0 EQUIV gates, 
c subsumption removed 			36 clauses 
c selfSubsumption removed 		3 literals
c
c simplify: round 0
c deduce added 				0 new implications
c variableElimination eliminated 	111 variables!
c selfSubsumption removed 		0 literals
c deduce added				0 new implications
c subsumption removed 			7 clauses 
c
c simplify: round 1
c deduce added 				0 new implications
c variableElimination eliminated 	1 variables!
c selfSubsumption removed 		0 literals
c deduce added				0 new implications
c subsumption removed 			0 clauses 
c
c simplify: round 2
c deduce added 				0 new implications
c variableElimination eliminated 	0 variables!
c selfSubsumption removed 		0 literals
c deduce added				0 new implications
c subsumption removed 			0 clauses 
c
c simplify: round 3
c deduce added 				0 new implications
c variableElimination eliminated 	0 variables!
c selfSubsumption removed 		0 literals
c deduce added				0 new implications
c subsumption removed 			0 clauses 
c subsumption removed 			3 clauses 
c ================Preprocessing Finished=======================
c clauses: 629, variables: 586


c =================Computation Finished========================
c =======================Thread 0==============================
c decisions         : 110
c bcps              : 810
c conflicts         : 0
c aborted components: 0
c blocks            : 6
c backtracks        : 220
c backtrack dist    : 2.0091
c recomputations    : 0
c splits            : 97
c split ratio       : 3.3608
c =======================Thread 1==============================
c decisions         : 93
c bcps              : 769
c conflicts         : 0
c aborted components: 0
c blocks            : 1
c backtracks        : 186
c backtrack dist    : 1.9731
c recomputations    : 0
c splits            : 119
c split ratio       : 4.0672
c =======================Thread 2==============================
c decisions         : 77
c bcps              : 580
c conflicts         : 0
c aborted components: 0
c blocks            : 6
c backtracks        : 154
c backtrack dist    : 2.1234
c recomputations    : 0
c splits            : 70
c split ratio       : 3.4000
c =======================Thread 3==============================
c decisions         : 85
c bcps              : 637
c conflicts         : 0
c aborted components: 0
c blocks            : 5
c backtracks        : 170
c backtrack dist    : 2.1353
c recomputations    : 0
c splits            : 75
c split ratio       : 3.5333
c ===================Cache Statistics==========================
c tries..................: 945
c hits...................: 580
c hit rate...............: 61.3757 % 
c removed items..........: 0
c ===================Overall Statistics========================
c TOTAL backtracks.......: 730
c TOTAL backtrack dist...: 2.0534
c TOTAL recomputations...: 0
c #decisions.............: 365
c #bcp operations........: 2796
c split ratio............: 0.0000
c cpu time...............: 0.0220 s
c wall clock time........: 0.0144 s
c =========================================================
c model count............: 2976350226608110260190545791894034155189518706474885994408628301875397147417617570303231673880353130706507631244764467422105338365014695534828091917924353917585658478592000000000000000000000000
s SATISFIABLE
