c ======================================================
c countAntom, Jan Burchard, University of Freiburg, 2015
c   based on the antom SAT-solver, by Tobias Schubert   
c ======================================================
c cnf file...............: ../../501_Git_Repos/busybox-data/data//busybox//2010/2010-03-17_11-23-04/clean.dimacs
c #variables.............: 794
c #clauses...............: 682
c ======================= Settings ============================
c number of threads......: 4
c memory size............: 4000
c vsads factor...........: 0.5000
c enable IBCP............: no
c split into components..: yes
c only preprocessing.....: no
c Tseitin detection......: yes
c UPLA...................: yes
c self-subsumption.......: yes
c variable elimination...: yes
c simplfication rounds...: 4
c add dependencies.......: yes
c ==================Start Preprocessing========================
c deduce added 				8 new implications
c UPLA removed 17 equivalent variables
c Tseitin detection found 4 AND gates, 6 OR gates, 0 XOR gates, 0 EQUIV gates, 
c subsumption removed 			36 clauses 
c selfSubsumption removed 		4 literals
c
c simplify: round 0
c deduce added 				0 new implications
c variableElimination eliminated 	111 variables!
c selfSubsumption removed 		0 literals
c deduce added				0 new implications
c subsumption removed 			7 clauses 
c
c simplify: round 1
c deduce added 				0 new implications
c variableElimination eliminated 	1 variables!
c selfSubsumption removed 		0 literals
c deduce added				0 new implications
c subsumption removed 			0 clauses 
c
c simplify: round 2
c deduce added 				0 new implications
c variableElimination eliminated 	0 variables!
c selfSubsumption removed 		0 literals
c deduce added				0 new implications
c subsumption removed 			0 clauses 
c
c simplify: round 3
c deduce added 				0 new implications
c variableElimination eliminated 	0 variables!
c selfSubsumption removed 		0 literals
c deduce added				0 new implications
c subsumption removed 			0 clauses 
c subsumption removed 			4 clauses 
c ================Preprocessing Finished=======================
c clauses: 625, variables: 584


c =================Computation Finished========================
c =======================Thread 0==============================
c decisions         : 128
c bcps              : 915
c conflicts         : 0
c aborted components: 0
c blocks            : 1
c backtracks        : 256
c backtrack dist    : 1.9844
c recomputations    : 0
c splits            : 111
c split ratio       : 4.6847
c =======================Thread 1==============================
c decisions         : 76
c bcps              : 591
c conflicts         : 0
c aborted components: 0
c blocks            : 4
c backtracks        : 152
c backtrack dist    : 2.2566
c recomputations    : 0
c splits            : 80
c split ratio       : 2.8500
c =======================Thread 2==============================
c decisions         : 112
c bcps              : 777
c conflicts         : 0
c aborted components: 0
c blocks            : 3
c backtracks        : 224
c backtrack dist    : 1.9732
c recomputations    : 0
c splits            : 118
c split ratio       : 2.7712
c =======================Thread 3==============================
c decisions         : 59
c bcps              : 514
c conflicts         : 0
c aborted components: 0
c blocks            : 6
c backtracks        : 118
c backtrack dist    : 2.2797
c recomputations    : 0
c splits            : 66
c split ratio       : 2.7273
c ===================Cache Statistics==========================
c tries..................: 881
c hits...................: 506
c hit rate...............: 57.4347 % 
c removed items..........: 0
c ===================Overall Statistics========================
c TOTAL backtracks.......: 750
c TOTAL backtrack dist...: 2.0827
c TOTAL recomputations...: 0
c #decisions.............: 375
c #bcp operations........: 2797
c split ratio............: 0.0000
c cpu time...............: 0.0176 s
c wall clock time........: 0.0128 s
c =========================================================
c model count............: 475377826087162837622657678493325501240667483122424629236850795836042355753716727569418040094370001257793442744048211282141431470102073557084928668308220458068107014963200000000000000000000000
s SATISFIABLE
