c ======================================================
c countAntom, Jan Burchard, University of Freiburg, 2015
c   based on the antom SAT-solver, by Tobias Schubert   
c ======================================================
c cnf file...............: ../../501_Git_Repos/busybox-data/data//busybox//2010/2010-03-29_14-18-27/clean.dimacs
c #variables.............: 799
c #clauses...............: 689
c ======================= Settings ============================
c number of threads......: 4
c memory size............: 4000
c vsads factor...........: 0.5000
c enable IBCP............: no
c split into components..: yes
c only preprocessing.....: no
c Tseitin detection......: yes
c UPLA...................: yes
c self-subsumption.......: yes
c variable elimination...: yes
c simplfication rounds...: 4
c add dependencies.......: yes
c ==================Start Preprocessing========================
c deduce added 				8 new implications
c UPLA removed 17 equivalent variables
c Tseitin detection found 4 AND gates, 6 OR gates, 0 XOR gates, 0 EQUIV gates, 
c subsumption removed 			39 clauses 
c selfSubsumption removed 		3 literals
c
c simplify: round 0
c deduce added 				0 new implications
c variableElimination eliminated 	113 variables!
c selfSubsumption removed 		0 literals
c deduce added				0 new implications
c subsumption removed 			7 clauses 
c
c simplify: round 1
c deduce added 				0 new implications
c variableElimination eliminated 	1 variables!
c selfSubsumption removed 		0 literals
c deduce added				0 new implications
c subsumption removed 			0 clauses 
c
c simplify: round 2
c deduce added 				0 new implications
c variableElimination eliminated 	0 variables!
c selfSubsumption removed 		0 literals
c deduce added				0 new implications
c subsumption removed 			0 clauses 
c
c simplify: round 3
c deduce added 				0 new implications
c variableElimination eliminated 	0 variables!
c selfSubsumption removed 		0 literals
c deduce added				0 new implications
c subsumption removed 			0 clauses 
c subsumption removed 			2 clauses 
c ================Preprocessing Finished=======================
c clauses: 631, variables: 588


c =================Computation Finished========================
c =======================Thread 0==============================
c decisions         : 119
c bcps              : 872
c conflicts         : 0
c aborted components: 0
c blocks            : 1
c backtracks        : 238
c backtrack dist    : 1.9790
c recomputations    : 0
c splits            : 113
c split ratio       : 4.6283
c =======================Thread 1==============================
c decisions         : 89
c bcps              : 686
c conflicts         : 0
c aborted components: 0
c blocks            : 6
c backtracks        : 178
c backtrack dist    : 2.0843
c recomputations    : 0
c splits            : 80
c split ratio       : 3.2875
c =======================Thread 2==============================
c decisions         : 102
c bcps              : 704
c conflicts         : 0
c aborted components: 0
c blocks            : 4
c backtracks        : 204
c backtrack dist    : 1.9951
c recomputations    : 0
c splits            : 125
c split ratio       : 2.6640
c =======================Thread 3==============================
c decisions         : 70
c bcps              : 615
c conflicts         : 0
c aborted components: 0
c blocks            : 10
c backtracks        : 140
c backtrack dist    : 2.4071
c recomputations    : 0
c splits            : 66
c split ratio       : 2.8636
c ===================Cache Statistics==========================
c tries..................: 933
c hits...................: 553
c hit rate...............: 59.2712 % 
c removed items..........: 0
c ===================Overall Statistics========================
c TOTAL backtracks.......: 760
c TOTAL backtrack dist...: 2.0868
c TOTAL recomputations...: 0
c #decisions.............: 380
c #bcp operations........: 2877
c split ratio............: 0.0000
c cpu time...............: 0.0198 s
c wall clock time........: 0.0135 s
c =========================================================
c model count............: 7305586919856270638649521489194447471828818643165629259002996740966883907297788581653386835888139502643246003964421874581531285077763343585487134707632505070437525356544000000000000000000000000
s SATISFIABLE
