c ======================================================
c countAntom, Jan Burchard, University of Freiburg, 2015
c   based on the antom SAT-solver, by Tobias Schubert   
c ======================================================
c cnf file...............: ../../501_Git_Repos/busybox-data/data//busybox//2010/2010-03-26_19-08-53/clean.dimacs
c #variables.............: 799
c #clauses...............: 689
c ======================= Settings ============================
c number of threads......: 4
c memory size............: 4000
c vsads factor...........: 0.5000
c enable IBCP............: no
c split into components..: yes
c only preprocessing.....: no
c Tseitin detection......: yes
c UPLA...................: yes
c self-subsumption.......: yes
c variable elimination...: yes
c simplfication rounds...: 4
c add dependencies.......: yes
c ==================Start Preprocessing========================
c deduce added 				8 new implications
c UPLA removed 17 equivalent variables
c Tseitin detection found 4 AND gates, 6 OR gates, 0 XOR gates, 0 EQUIV gates, 
c subsumption removed 			39 clauses 
c selfSubsumption removed 		3 literals
c
c simplify: round 0
c deduce added 				0 new implications
c variableElimination eliminated 	113 variables!
c selfSubsumption removed 		0 literals
c deduce added				0 new implications
c subsumption removed 			7 clauses 
c
c simplify: round 1
c deduce added 				0 new implications
c variableElimination eliminated 	1 variables!
c selfSubsumption removed 		0 literals
c deduce added				0 new implications
c subsumption removed 			0 clauses 
c
c simplify: round 2
c deduce added 				0 new implications
c variableElimination eliminated 	0 variables!
c selfSubsumption removed 		0 literals
c deduce added				0 new implications
c subsumption removed 			0 clauses 
c
c simplify: round 3
c deduce added 				0 new implications
c variableElimination eliminated 	0 variables!
c selfSubsumption removed 		0 literals
c deduce added				0 new implications
c subsumption removed 			0 clauses 
c subsumption removed 			2 clauses 
c ================Preprocessing Finished=======================
c clauses: 631, variables: 588


c =================Computation Finished========================
c =======================Thread 0==============================
c decisions         : 137
c bcps              : 968
c conflicts         : 0
c aborted components: 0
c blocks            : 1
c backtracks        : 274
c backtrack dist    : 1.9818
c recomputations    : 0
c splits            : 126
c split ratio       : 4.3968
c =======================Thread 1==============================
c decisions         : 68
c bcps              : 563
c conflicts         : 0
c aborted components: 0
c blocks            : 7
c backtracks        : 136
c backtrack dist    : 2.1324
c recomputations    : 0
c splits            : 65
c split ratio       : 3.1692
c =======================Thread 2==============================
c decisions         : 64
c bcps              : 542
c conflicts         : 0
c aborted components: 0
c blocks            : 5
c backtracks        : 128
c backtrack dist    : 2.0703
c recomputations    : 0
c splits            : 59
c split ratio       : 3.3220
c =======================Thread 3==============================
c decisions         : 101
c bcps              : 708
c conflicts         : 0
c aborted components: 0
c blocks            : 3
c backtracks        : 202
c backtrack dist    : 1.9950
c recomputations    : 0
c splits            : 116
c split ratio       : 2.8190
c ===================Cache Statistics==========================
c tries..................: 910
c hits...................: 540
c hit rate...............: 59.3407 % 
c removed items..........: 0
c ===================Overall Statistics========================
c TOTAL backtracks.......: 740
c TOTAL backtrack dist...: 2.0284
c TOTAL recomputations...: 0
c #decisions.............: 370
c #bcp operations........: 2781
c split ratio............: 0.0000
c cpu time...............: 0.0182 s
c wall clock time........: 0.0130 s
c =========================================================
c model count............: 7305586919856270638649521489194447471828818643165629259002996740966883907297788581653386835888139502643246003964421874581531285077763343585487134707632505070437525356544000000000000000000000000
s SATISFIABLE
