c ======================================================
c countAntom, Jan Burchard, University of Freiburg, 2015
c   based on the antom SAT-solver, by Tobias Schubert   
c ======================================================
c cnf file...............: ../../501_Git_Repos/busybox-data/data//busybox//2010/2010-01-19_02-26-38/clean.dimacs
c #variables.............: 783
c #clauses...............: 667
c ======================= Settings ============================
c number of threads......: 4
c memory size............: 4000
c vsads factor...........: 0.5000
c enable IBCP............: no
c split into components..: yes
c only preprocessing.....: no
c Tseitin detection......: yes
c UPLA...................: yes
c self-subsumption.......: yes
c variable elimination...: yes
c simplfication rounds...: 4
c add dependencies.......: yes
c ==================Start Preprocessing========================
c deduce added 				8 new implications
c UPLA removed 15 equivalent variables
c Tseitin detection found 4 AND gates, 6 OR gates, 0 XOR gates, 0 EQUIV gates, 
c subsumption removed 			37 clauses 
c selfSubsumption removed 		3 literals
c
c simplify: round 0
c deduce added 				0 new implications
c variableElimination eliminated 	110 variables!
c selfSubsumption removed 		0 literals
c deduce added				0 new implications
c subsumption removed 			7 clauses 
c
c simplify: round 1
c deduce added 				0 new implications
c variableElimination eliminated 	1 variables!
c selfSubsumption removed 		0 literals
c deduce added				0 new implications
c subsumption removed 			0 clauses 
c
c simplify: round 2
c deduce added 				0 new implications
c variableElimination eliminated 	0 variables!
c selfSubsumption removed 		0 literals
c deduce added				0 new implications
c subsumption removed 			0 clauses 
c
c simplify: round 3
c deduce added 				0 new implications
c variableElimination eliminated 	0 variables!
c selfSubsumption removed 		0 literals
c deduce added				0 new implications
c subsumption removed 			0 clauses 
c subsumption removed 			4 clauses 
c ================Preprocessing Finished=======================
c clauses: 608, variables: 573


c =================Computation Finished========================
c =======================Thread 0==============================
c decisions         : 112
c bcps              : 827
c conflicts         : 0
c aborted components: 0
c blocks            : 1
c backtracks        : 224
c backtrack dist    : 1.9911
c recomputations    : 0
c splits            : 115
c split ratio       : 4.7304
c =======================Thread 1==============================
c decisions         : 64
c bcps              : 576
c conflicts         : 0
c aborted components: 0
c blocks            : 12
c backtracks        : 128
c backtrack dist    : 2.5781
c recomputations    : 0
c splits            : 59
c split ratio       : 3.1864
c =======================Thread 2==============================
c decisions         : 104
c bcps              : 732
c conflicts         : 0
c aborted components: 0
c blocks            : 4
c backtracks        : 208
c backtrack dist    : 2.0913
c recomputations    : 0
c splits            : 103
c split ratio       : 3.1068
c =======================Thread 3==============================
c decisions         : 71
c bcps              : 576
c conflicts         : 0
c aborted components: 0
c blocks            : 10
c backtracks        : 142
c backtrack dist    : 2.4014
c recomputations    : 0
c splits            : 58
c split ratio       : 3.2241
c ===================Cache Statistics==========================
c tries..................: 873
c hits...................: 522
c hit rate...............: 59.7938 % 
c removed items..........: 0
c ===================Overall Statistics========================
c TOTAL backtracks.......: 702
c TOTAL backtrack dist...: 2.2108
c TOTAL recomputations...: 0
c #decisions.............: 351
c #bcp operations........: 2711
c split ratio............: 0.0000
c cpu time...............: 0.0177 s
c wall clock time........: 0.0128 s
c =========================================================
c model count............: 3478952863462314295283313171993536492818157681119839428088061940792668935898156698919775433157721930285461340180973434428296380034809830511269317307582624898043032371200000000000000000000000
s SATISFIABLE
