c ======================================================
c countAntom, Jan Burchard, University of Freiburg, 2015
c   based on the antom SAT-solver, by Tobias Schubert   
c ======================================================
c cnf file...............: ../../501_Git_Repos/busybox-data/data//busybox//2010/2010-01-01_22-23-27/clean.dimacs
c #variables.............: 784
c #clauses...............: 667
c ======================= Settings ============================
c number of threads......: 4
c memory size............: 4000
c vsads factor...........: 0.5000
c enable IBCP............: no
c split into components..: yes
c only preprocessing.....: no
c Tseitin detection......: yes
c UPLA...................: yes
c self-subsumption.......: yes
c variable elimination...: yes
c simplfication rounds...: 4
c add dependencies.......: yes
c ==================Start Preprocessing========================
c deduce added 				8 new implications
c UPLA removed 15 equivalent variables
c Tseitin detection found 4 AND gates, 6 OR gates, 0 XOR gates, 0 EQUIV gates, 
c subsumption removed 			38 clauses 
c selfSubsumption removed 		3 literals
c
c simplify: round 0
c deduce added 				0 new implications
c variableElimination eliminated 	111 variables!
c selfSubsumption removed 		0 literals
c deduce added				0 new implications
c subsumption removed 			7 clauses 
c
c simplify: round 1
c deduce added 				0 new implications
c variableElimination eliminated 	1 variables!
c selfSubsumption removed 		0 literals
c deduce added				0 new implications
c subsumption removed 			0 clauses 
c
c simplify: round 2
c deduce added 				0 new implications
c variableElimination eliminated 	0 variables!
c selfSubsumption removed 		0 literals
c deduce added				0 new implications
c subsumption removed 			0 clauses 
c
c simplify: round 3
c deduce added 				0 new implications
c variableElimination eliminated 	0 variables!
c selfSubsumption removed 		0 literals
c deduce added				0 new implications
c subsumption removed 			0 clauses 
c subsumption removed 			3 clauses 
c ================Preprocessing Finished=======================
c clauses: 608, variables: 571


c =================Computation Finished========================
c =======================Thread 0==============================
c decisions         : 109
c bcps              : 773
c conflicts         : 0
c aborted components: 0
c blocks            : 1
c backtracks        : 218
c backtrack dist    : 1.9771
c recomputations    : 0
c splits            : 79
c split ratio       : 5.8481
c =======================Thread 1==============================
c decisions         : 85
c bcps              : 651
c conflicts         : 0
c aborted components: 0
c blocks            : 2
c backtracks        : 170
c backtrack dist    : 1.9706
c recomputations    : 0
c splits            : 126
c split ratio       : 2.5079
c =======================Thread 2==============================
c decisions         : 103
c bcps              : 710
c conflicts         : 0
c aborted components: 0
c blocks            : 4
c backtracks        : 206
c backtrack dist    : 2.0680
c recomputations    : 0
c splits            : 87
c split ratio       : 3.5977
c =======================Thread 3==============================
c decisions         : 56
c bcps              : 536
c conflicts         : 0
c aborted components: 0
c blocks            : 11
c backtracks        : 112
c backtrack dist    : 2.7054
c recomputations    : 0
c splits            : 39
c split ratio       : 3.5385
c ===================Cache Statistics==========================
c tries..................: 855
c hits...................: 502
c hit rate...............: 58.7135 % 
c removed items..........: 0
c ===================Overall Statistics========================
c TOTAL backtracks.......: 706
c TOTAL backtrack dist...: 2.1176
c TOTAL recomputations...: 0
c #decisions.............: 353
c #bcp operations........: 2670
c split ratio............: 0.0000
c cpu time...............: 0.0176 s
c wall clock time........: 0.0128 s
c =========================================================
c model count............: 7540606193987540597045803984354013831416894634900337106199097930142543811290175207059194435542636045590389907522819219856858518145138901353824646866310091259554991964160000000000000000000000
s SATISFIABLE
