c ======================================================
c countAntom, Jan Burchard, University of Freiburg, 2015
c   based on the antom SAT-solver, by Tobias Schubert   
c ======================================================
c cnf file...............: ../../501_Git_Repos/busybox-data/data//busybox//2010/2010-02-09_00-26-10/clean.dimacs
c #variables.............: 791
c #clauses...............: 679
c ======================= Settings ============================
c number of threads......: 4
c memory size............: 4000
c vsads factor...........: 0.5000
c enable IBCP............: no
c split into components..: yes
c only preprocessing.....: no
c Tseitin detection......: yes
c UPLA...................: yes
c self-subsumption.......: yes
c variable elimination...: yes
c simplfication rounds...: 4
c add dependencies.......: yes
c ==================Start Preprocessing========================
c deduce added 				8 new implications
c UPLA removed 17 equivalent variables
c Tseitin detection found 4 AND gates, 6 OR gates, 0 XOR gates, 0 EQUIV gates, 
c subsumption removed 			39 clauses 
c selfSubsumption removed 		3 literals
c
c simplify: round 0
c deduce added 				0 new implications
c variableElimination eliminated 	111 variables!
c selfSubsumption removed 		0 literals
c deduce added				0 new implications
c subsumption removed 			7 clauses 
c
c simplify: round 1
c deduce added 				0 new implications
c variableElimination eliminated 	1 variables!
c selfSubsumption removed 		0 literals
c deduce added				0 new implications
c subsumption removed 			0 clauses 
c
c simplify: round 2
c deduce added 				0 new implications
c variableElimination eliminated 	0 variables!
c selfSubsumption removed 		0 literals
c deduce added				0 new implications
c subsumption removed 			0 clauses 
c
c simplify: round 3
c deduce added 				0 new implications
c variableElimination eliminated 	0 variables!
c selfSubsumption removed 		0 literals
c deduce added				0 new implications
c subsumption removed 			0 clauses 
c subsumption removed 			2 clauses 
c ================Preprocessing Finished=======================
c clauses: 616, variables: 580


c =================Computation Finished========================
c =======================Thread 0==============================
c decisions         : 90
c bcps              : 651
c conflicts         : 0
c aborted components: 0
c blocks            : 3
c backtracks        : 180
c backtrack dist    : 1.9944
c recomputations    : 0
c splits            : 117
c split ratio       : 2.6239
c =======================Thread 1==============================
c decisions         : 113
c bcps              : 816
c conflicts         : 0
c aborted components: 0
c blocks            : 1
c backtracks        : 226
c backtrack dist    : 1.9779
c recomputations    : 0
c splits            : 108
c split ratio       : 4.7315
c =======================Thread 2==============================
c decisions         : 82
c bcps              : 603
c conflicts         : 0
c aborted components: 0
c blocks            : 4
c backtracks        : 164
c backtrack dist    : 2.1037
c recomputations    : 0
c splits            : 76
c split ratio       : 3.3158
c =======================Thread 3==============================
c decisions         : 77
c bcps              : 672
c conflicts         : 0
c aborted components: 0
c blocks            : 14
c backtracks        : 154
c backtrack dist    : 2.4740
c recomputations    : 0
c splits            : 50
c split ratio       : 3.6400
c ===================Cache Statistics==========================
c tries..................: 880
c hits...................: 518
c hit rate...............: 58.8636 % 
c removed items..........: 0
c ===================Overall Statistics========================
c TOTAL backtracks.......: 724
c TOTAL backtrack dist...: 2.1160
c TOTAL recomputations...: 0
c #decisions.............: 362
c #bcp operations........: 2742
c split ratio............: 0.0000
c cpu time...............: 0.0170 s
c wall clock time........: 0.0125 s
c =========================================================
c model count............: 81015304490315024495266528623841230624284798703152135732850857204887762251039168698145520229492545848273624508797152143122889146153028786962535404035759368971680470794240000000000000000000000
s SATISFIABLE
