c ======================================================
c countAntom, Jan Burchard, University of Freiburg, 2015
c   based on the antom SAT-solver, by Tobias Schubert   
c ======================================================
c cnf file...............: ../../501_Git_Repos/busybox-data/data//busybox//2010/2010-01-04_23-58-13/clean.dimacs
c #variables.............: 784
c #clauses...............: 667
c ======================= Settings ============================
c number of threads......: 4
c memory size............: 4000
c vsads factor...........: 0.5000
c enable IBCP............: no
c split into components..: yes
c only preprocessing.....: no
c Tseitin detection......: yes
c UPLA...................: yes
c self-subsumption.......: yes
c variable elimination...: yes
c simplfication rounds...: 4
c add dependencies.......: yes
c ==================Start Preprocessing========================
c deduce added 				8 new implications
c UPLA removed 15 equivalent variables
c Tseitin detection found 4 AND gates, 6 OR gates, 0 XOR gates, 0 EQUIV gates, 
c subsumption removed 			38 clauses 
c selfSubsumption removed 		3 literals
c
c simplify: round 0
c deduce added 				0 new implications
c variableElimination eliminated 	111 variables!
c selfSubsumption removed 		0 literals
c deduce added				0 new implications
c subsumption removed 			7 clauses 
c
c simplify: round 1
c deduce added 				0 new implications
c variableElimination eliminated 	1 variables!
c selfSubsumption removed 		0 literals
c deduce added				0 new implications
c subsumption removed 			0 clauses 
c
c simplify: round 2
c deduce added 				0 new implications
c variableElimination eliminated 	0 variables!
c selfSubsumption removed 		0 literals
c deduce added				0 new implications
c subsumption removed 			0 clauses 
c
c simplify: round 3
c deduce added 				0 new implications
c variableElimination eliminated 	0 variables!
c selfSubsumption removed 		0 literals
c deduce added				0 new implications
c subsumption removed 			0 clauses 
c subsumption removed 			3 clauses 
c ================Preprocessing Finished=======================
c clauses: 608, variables: 571


c =================Computation Finished========================
c =======================Thread 0==============================
c decisions         : 105
c bcps              : 742
c conflicts         : 0
c aborted components: 0
c blocks            : 1
c backtracks        : 210
c backtrack dist    : 1.9762
c recomputations    : 0
c splits            : 80
c split ratio       : 5.7750
c =======================Thread 1==============================
c decisions         : 95
c bcps              : 727
c conflicts         : 0
c aborted components: 0
c blocks            : 2
c backtracks        : 190
c backtrack dist    : 1.9684
c recomputations    : 0
c splits            : 140
c split ratio       : 2.4500
c =======================Thread 2==============================
c decisions         : 84
c bcps              : 631
c conflicts         : 0
c aborted components: 0
c blocks            : 3
c backtracks        : 168
c backtrack dist    : 2.0655
c recomputations    : 0
c splits            : 66
c split ratio       : 3.5455
c =======================Thread 3==============================
c decisions         : 86
c bcps              : 662
c conflicts         : 0
c aborted components: 0
c blocks            : 9
c backtracks        : 172
c backtrack dist    : 2.0756
c recomputations    : 0
c splits            : 67
c split ratio       : 3.5821
c ===================Cache Statistics==========================
c tries..................: 893
c hits...................: 523
c hit rate...............: 58.5666 % 
c removed items..........: 0
c ===================Overall Statistics========================
c TOTAL backtracks.......: 740
c TOTAL backtrack dist...: 2.0176
c TOTAL recomputations...: 0
c #decisions.............: 370
c #bcp operations........: 2762
c split ratio............: 0.0000
c cpu time...............: 0.0177 s
c wall clock time........: 0.0129 s
c =========================================================
c model count............: 7540606193987540597045803984354013831416894634900337106199097930142543811290175207059194435542636045590389907522819219856858518145138901353824646866310091259554991964160000000000000000000000
s SATISFIABLE
