c ======================================================
c countAntom, Jan Burchard, University of Freiburg, 2015
c   based on the antom SAT-solver, by Tobias Schubert   
c ======================================================
c cnf file...............: ../../501_Git_Repos/busybox-data/data//busybox//2010/2010-04-05_22-10-38/clean.dimacs
c #variables.............: 800
c #clauses...............: 691
c ======================= Settings ============================
c number of threads......: 4
c memory size............: 4000
c vsads factor...........: 0.5000
c enable IBCP............: no
c split into components..: yes
c only preprocessing.....: no
c Tseitin detection......: yes
c UPLA...................: yes
c self-subsumption.......: yes
c variable elimination...: yes
c simplfication rounds...: 4
c add dependencies.......: yes
c ==================Start Preprocessing========================
c deduce added 				8 new implications
c UPLA removed 18 equivalent variables
c Tseitin detection found 4 AND gates, 6 OR gates, 0 XOR gates, 0 EQUIV gates, 
c subsumption removed 			36 clauses 
c selfSubsumption removed 		4 literals
c
c simplify: round 0
c deduce added 				0 new implications
c variableElimination eliminated 	112 variables!
c selfSubsumption removed 		0 literals
c deduce added				0 new implications
c subsumption removed 			7 clauses 
c
c simplify: round 1
c deduce added 				0 new implications
c variableElimination eliminated 	1 variables!
c selfSubsumption removed 		0 literals
c deduce added				0 new implications
c subsumption removed 			0 clauses 
c
c simplify: round 2
c deduce added 				0 new implications
c variableElimination eliminated 	0 variables!
c selfSubsumption removed 		0 literals
c deduce added				0 new implications
c subsumption removed 			0 clauses 
c
c simplify: round 3
c deduce added 				0 new implications
c variableElimination eliminated 	0 variables!
c selfSubsumption removed 		0 literals
c deduce added				0 new implications
c subsumption removed 			0 clauses 
c subsumption removed 			4 clauses 
c ================Preprocessing Finished=======================
c clauses: 634, variables: 588


c =================Computation Finished========================
c =======================Thread 0==============================
c decisions         : 98
c bcps              : 709
c conflicts         : 0
c aborted components: 0
c blocks            : 1
c backtracks        : 196
c backtrack dist    : 1.9796
c recomputations    : 0
c splits            : 86
c split ratio       : 5.0930
c =======================Thread 1==============================
c decisions         : 99
c bcps              : 691
c conflicts         : 0
c aborted components: 0
c blocks            : 5
c backtracks        : 198
c backtrack dist    : 1.9697
c recomputations    : 0
c splits            : 91
c split ratio       : 2.8681
c =======================Thread 2==============================
c decisions         : 81
c bcps              : 586
c conflicts         : 0
c aborted components: 0
c blocks            : 5
c backtracks        : 162
c backtrack dist    : 2.0309
c recomputations    : 0
c splits            : 87
c split ratio       : 2.6437
c =======================Thread 3==============================
c decisions         : 82
c bcps              : 597
c conflicts         : 0
c aborted components: 0
c blocks            : 6
c backtracks        : 164
c backtrack dist    : 2.1037
c recomputations    : 0
c splits            : 69
c split ratio       : 3.2174
c ===================Cache Statistics==========================
c tries..................: 765
c hits...................: 405
c hit rate...............: 52.9412 % 
c removed items..........: 0
c ===================Overall Statistics========================
c TOTAL backtracks.......: 720
c TOTAL backtrack dist...: 2.0167
c TOTAL recomputations...: 0
c #decisions.............: 360
c #bcp operations........: 2583
c split ratio............: 0.0000
c cpu time...............: 0.0176 s
c wall clock time........: 0.0128 s
c =========================================================
c model count............: 7305586919856270638649521489194447471828818643165629259002996740966883907297788581653386835888139502643246003964421874581531285077763343585487134707632505070437525356544000000000000000000000000
s SATISFIABLE
