c ======================================================
c countAntom, Jan Burchard, University of Freiburg, 2015
c   based on the antom SAT-solver, by Tobias Schubert   
c ======================================================
c cnf file...............: ../../501_Git_Repos/busybox-data/data//busybox//2010/2010-03-27_23-24-57/clean.dimacs
c #variables.............: 799
c #clauses...............: 689
c ======================= Settings ============================
c number of threads......: 4
c memory size............: 4000
c vsads factor...........: 0.5000
c enable IBCP............: no
c split into components..: yes
c only preprocessing.....: no
c Tseitin detection......: yes
c UPLA...................: yes
c self-subsumption.......: yes
c variable elimination...: yes
c simplfication rounds...: 4
c add dependencies.......: yes
c ==================Start Preprocessing========================
c deduce added 				8 new implications
c UPLA removed 17 equivalent variables
c Tseitin detection found 4 AND gates, 6 OR gates, 0 XOR gates, 0 EQUIV gates, 
c subsumption removed 			39 clauses 
c selfSubsumption removed 		3 literals
c
c simplify: round 0
c deduce added 				0 new implications
c variableElimination eliminated 	113 variables!
c selfSubsumption removed 		0 literals
c deduce added				0 new implications
c subsumption removed 			7 clauses 
c
c simplify: round 1
c deduce added 				0 new implications
c variableElimination eliminated 	1 variables!
c selfSubsumption removed 		0 literals
c deduce added				0 new implications
c subsumption removed 			0 clauses 
c
c simplify: round 2
c deduce added 				0 new implications
c variableElimination eliminated 	0 variables!
c selfSubsumption removed 		0 literals
c deduce added				0 new implications
c subsumption removed 			0 clauses 
c
c simplify: round 3
c deduce added 				0 new implications
c variableElimination eliminated 	0 variables!
c selfSubsumption removed 		0 literals
c deduce added				0 new implications
c subsumption removed 			0 clauses 
c subsumption removed 			2 clauses 
c ================Preprocessing Finished=======================
c clauses: 631, variables: 588


c =================Computation Finished========================
c =======================Thread 0==============================
c decisions         : 133
c bcps              : 931
c conflicts         : 0
c aborted components: 0
c blocks            : 1
c backtracks        : 266
c backtrack dist    : 1.9812
c recomputations    : 0
c splits            : 131
c split ratio       : 4.3969
c =======================Thread 1==============================
c decisions         : 108
c bcps              : 765
c conflicts         : 0
c aborted components: 0
c blocks            : 4
c backtracks        : 216
c backtrack dist    : 1.9954
c recomputations    : 0
c splits            : 134
c split ratio       : 2.7313
c =======================Thread 2==============================
c decisions         : 66
c bcps              : 518
c conflicts         : 0
c aborted components: 0
c blocks            : 11
c backtracks        : 132
c backtrack dist    : 2.1515
c recomputations    : 0
c splits            : 52
c split ratio       : 3.1538
c =======================Thread 3==============================
c decisions         : 77
c bcps              : 696
c conflicts         : 0
c aborted components: 0
c blocks            : 16
c backtracks        : 154
c backtrack dist    : 2.4870
c recomputations    : 0
c splits            : 75
c split ratio       : 2.7600
c ===================Cache Statistics==========================
c tries..................: 938
c hits...................: 554
c hit rate...............: 59.0618 % 
c removed items..........: 0
c ===================Overall Statistics========================
c TOTAL backtracks.......: 768
c TOTAL backtrack dist...: 2.1159
c TOTAL recomputations...: 0
c #decisions.............: 384
c #bcp operations........: 2910
c split ratio............: 0.0000
c cpu time...............: 0.0197 s
c wall clock time........: 0.0159 s
c =========================================================
c model count............: 7305586919856270638649521489194447471828818643165629259002996740966883907297788581653386835888139502643246003964421874581531285077763343585487134707632505070437525356544000000000000000000000000
s SATISFIABLE
