c ======================================================
c countAntom, Jan Burchard, University of Freiburg, 2015
c   based on the antom SAT-solver, by Tobias Schubert   
c ======================================================
c cnf file...............: ../../501_Git_Repos/busybox-data/data//busybox//2010/2010-01-17_22-32-22/clean.dimacs
c #variables.............: 784
c #clauses...............: 668
c ======================= Settings ============================
c number of threads......: 4
c memory size............: 4000
c vsads factor...........: 0.5000
c enable IBCP............: no
c split into components..: yes
c only preprocessing.....: no
c Tseitin detection......: yes
c UPLA...................: yes
c self-subsumption.......: yes
c variable elimination...: yes
c simplfication rounds...: 4
c add dependencies.......: yes
c ==================Start Preprocessing========================
c deduce added 				8 new implications
c UPLA removed 15 equivalent variables
c Tseitin detection found 4 AND gates, 6 OR gates, 0 XOR gates, 0 EQUIV gates, 
c subsumption removed 			36 clauses 
c selfSubsumption removed 		3 literals
c
c simplify: round 0
c deduce added 				0 new implications
c variableElimination eliminated 	110 variables!
c selfSubsumption removed 		0 literals
c deduce added				0 new implications
c subsumption removed 			7 clauses 
c
c simplify: round 1
c deduce added 				0 new implications
c variableElimination eliminated 	1 variables!
c selfSubsumption removed 		0 literals
c deduce added				0 new implications
c subsumption removed 			0 clauses 
c
c simplify: round 2
c deduce added 				0 new implications
c variableElimination eliminated 	0 variables!
c selfSubsumption removed 		0 literals
c deduce added				0 new implications
c subsumption removed 			0 clauses 
c
c simplify: round 3
c deduce added 				0 new implications
c variableElimination eliminated 	0 variables!
c selfSubsumption removed 		0 literals
c deduce added				0 new implications
c subsumption removed 			0 clauses 
c subsumption removed 			5 clauses 
c ================Preprocessing Finished=======================
c clauses: 609, variables: 574


c =================Computation Finished========================
c =======================Thread 0==============================
c decisions         : 119
c bcps              : 857
c conflicts         : 0
c aborted components: 0
c blocks            : 1
c backtracks        : 238
c backtrack dist    : 1.9832
c recomputations    : 0
c splits            : 102
c split ratio       : 5.1471
c =======================Thread 1==============================
c decisions         : 73
c bcps              : 552
c conflicts         : 0
c aborted components: 0
c blocks            : 3
c backtracks        : 146
c backtrack dist    : 2.1027
c recomputations    : 0
c splits            : 79
c split ratio       : 3.1392
c =======================Thread 2==============================
c decisions         : 83
c bcps              : 611
c conflicts         : 0
c aborted components: 0
c blocks            : 2
c backtracks        : 166
c backtrack dist    : 1.9217
c recomputations    : 0
c splits            : 105
c split ratio       : 2.7333
c =======================Thread 3==============================
c decisions         : 79
c bcps              : 664
c conflicts         : 0
c aborted components: 0
c blocks            : 11
c backtracks        : 158
c backtrack dist    : 2.3608
c recomputations    : 0
c splits            : 53
c split ratio       : 3.3962
c ===================Cache Statistics==========================
c tries..................: 872
c hits...................: 518
c hit rate...............: 59.4037 % 
c removed items..........: 0
c ===================Overall Statistics========================
c TOTAL backtracks.......: 708
c TOTAL backtrack dist...: 2.0777
c TOTAL recomputations...: 0
c #decisions.............: 354
c #bcp operations........: 2684
c split ratio............: 0.0000
c cpu time...............: 0.0178 s
c wall clock time........: 0.0129 s
c =========================================================
c model count............: 6262115154232165731509963709588365687072683826015710970558511493426804084616682058055595779683899474513830412325752181970933484062657694920284771153648724816477458268160000000000000000000000
s SATISFIABLE
