c ======================================================
c countAntom, Jan Burchard, University of Freiburg, 2015
c   based on the antom SAT-solver, by Tobias Schubert   
c ======================================================
c cnf file...............: ../../501_Git_Repos/busybox-data/data//busybox//2010/2010-01-18_13-02-27/clean.dimacs
c #variables.............: 783
c #clauses...............: 667
c ======================= Settings ============================
c number of threads......: 4
c memory size............: 4000
c vsads factor...........: 0.5000
c enable IBCP............: no
c split into components..: yes
c only preprocessing.....: no
c Tseitin detection......: yes
c UPLA...................: yes
c self-subsumption.......: yes
c variable elimination...: yes
c simplfication rounds...: 4
c add dependencies.......: yes
c ==================Start Preprocessing========================
c deduce added 				8 new implications
c UPLA removed 15 equivalent variables
c Tseitin detection found 4 AND gates, 6 OR gates, 0 XOR gates, 0 EQUIV gates, 
c subsumption removed 			37 clauses 
c selfSubsumption removed 		3 literals
c
c simplify: round 0
c deduce added 				0 new implications
c variableElimination eliminated 	110 variables!
c selfSubsumption removed 		0 literals
c deduce added				0 new implications
c subsumption removed 			7 clauses 
c
c simplify: round 1
c deduce added 				0 new implications
c variableElimination eliminated 	1 variables!
c selfSubsumption removed 		0 literals
c deduce added				0 new implications
c subsumption removed 			0 clauses 
c
c simplify: round 2
c deduce added 				0 new implications
c variableElimination eliminated 	0 variables!
c selfSubsumption removed 		0 literals
c deduce added				0 new implications
c subsumption removed 			0 clauses 
c
c simplify: round 3
c deduce added 				0 new implications
c variableElimination eliminated 	0 variables!
c selfSubsumption removed 		0 literals
c deduce added				0 new implications
c subsumption removed 			0 clauses 
c subsumption removed 			4 clauses 
c ================Preprocessing Finished=======================
c clauses: 608, variables: 573


c =================Computation Finished========================
c =======================Thread 0==============================
c decisions         : 108
c bcps              : 781
c conflicts         : 0
c aborted components: 0
c blocks            : 1
c backtracks        : 216
c backtrack dist    : 1.9769
c recomputations    : 0
c splits            : 106
c split ratio       : 4.6698
c =======================Thread 1==============================
c decisions         : 88
c bcps              : 676
c conflicts         : 0
c aborted components: 0
c blocks            : 8
c backtracks        : 176
c backtrack dist    : 2.2386
c recomputations    : 0
c splits            : 74
c split ratio       : 3.4189
c =======================Thread 2==============================
c decisions         : 102
c bcps              : 720
c conflicts         : 0
c aborted components: 0
c blocks            : 5
c backtracks        : 204
c backtrack dist    : 2.0441
c recomputations    : 0
c splits            : 106
c split ratio       : 2.8491
c =======================Thread 3==============================
c decisions         : 59
c bcps              : 508
c conflicts         : 0
c aborted components: 0
c blocks            : 11
c backtracks        : 118
c backtrack dist    : 2.7966
c recomputations    : 0
c splits            : 54
c split ratio       : 2.6852
c ===================Cache Statistics==========================
c tries..................: 822
c hits...................: 465
c hit rate...............: 56.5693 % 
c removed items..........: 0
c ===================Overall Statistics========================
c TOTAL backtracks.......: 714
c TOTAL backtrack dist...: 2.1961
c TOTAL recomputations...: 0
c #decisions.............: 357
c #bcp operations........: 2685
c split ratio............: 0.0000
c cpu time...............: 0.0172 s
c wall clock time........: 0.0127 s
c =========================================================
c model count............: 3478952863462314295283313171993536492818157681119839428088061940792668935898156698919775433157721930285461340180973434428296380034809830511269317307582624898043032371200000000000000000000000
s SATISFIABLE
